checking build system type... x86_64-pc-linux-gnu
checking host system type... x86_64-lfs-linux-gnu

Beginning configuration for bash-5.2-release for x86_64-lfs-linux-gnu

checking for x86_64-lfs-linux-gnu-gcc... x86_64-lfs-linux-gnu-gcc
checking whether the C compiler works... yes
checking for C compiler default output file name... a.out
checking for suffix of executables... 
checking whether we are cross compiling... yes
checking for suffix of object files... o
checking whether the compiler supports GNU C... yes
checking whether x86_64-lfs-linux-gnu-gcc accepts -g... yes
checking for x86_64-lfs-linux-gnu-gcc option to enable C11 features... none needed
checking for stdio.h... yes
checking for stdlib.h... yes
checking for string.h... yes
checking for inttypes.h... yes
checking for stdint.h... yes
checking for strings.h... yes
checking for sys/stat.h... yes
checking for sys/types.h... yes
checking for unistd.h... yes
checking for wchar.h... yes
checking for minix/config.h... no
checking for sys/param.h... yes
checking for xlocale.h... no
checking for sys/time.h... yes
checking whether it is safe to define __EXTENSIONS__... yes
checking whether _XOPEN_SOURCE should be defined... no
checking for special C compiler options needed for large files... no
checking for _FILE_OFFSET_BITS value needed for large files... no
checking how to run the C preprocessor... x86_64-lfs-linux-gnu-gcc -E
checking for grep that handles long lines and -e... /usr/bin/grep
checking for egrep... /usr/bin/grep -E
checking whether x86_64-lfs-linux-gnu-gcc needs -traditional... no
checking for a BSD-compatible install... /usr/bin/install -c
checking for x86_64-lfs-linux-gnu-ar... x86_64-lfs-linux-gnu-ar
checking for x86_64-lfs-linux-gnu-ranlib... x86_64-lfs-linux-gnu-ranlib
checking for bison... bison -y
checking whether make sets $(MAKE)... yes
checking for an ANSI C-conforming const... yes
checking for inline... inline
checking whether byte ordering is bigendian... no
checking for preprocessor stringizing operator... yes
checking for long double... yes
checking whether char is unsigned... no
checking for working volatile... yes
checking for C/C++ restrict keyword... __restrict__
checking for a race-free mkdir -p... /usr/bin/mkdir -p
checking for a sed that does not truncate output... /usr/bin/sed
checking whether NLS is requested... yes
checking for msgfmt... no
checking for gmsgfmt... :
checking for xgettext... no
checking for msgmerge... no
checking whether we are using the GNU C Library 2 or newer... yes
checking whether the -Werror option is usable... yes
checking for simple visibility declarations... yes
checking for size_t... yes
checking for stdint.h... yes
checking for working alloca.h... yes
checking for alloca... yes
checking for getpagesize... yes
checking for symlink... yes
checking for uselocale... yes
checking for vprintf... yes
checking for alarm... yes
checking for fpurge... no
checking for __fpurge... yes
checking for snprintf... yes
checking for vsnprintf... yes
checking for working mmap... yes
checking whether integer division by zero raises SIGFPE... guessing yes
checking for inttypes.h... yes
checking for unsigned long long int... yes
checking for inttypes.h... (cached) yes
checking whether the inttypes.h PRIxNN macros are broken... no
checking for ld used by x86_64-lfs-linux-gnu-gcc... /mnt/lfs/tools/x86_64-lfs-linux-gnu/bin/ld
checking if the linker (/mnt/lfs/tools/x86_64-lfs-linux-gnu/bin/ld) is GNU ld... yes
checking for shared library run path origin... done
checking 32-bit host C ABI... no
checking for the common suffixes of directories in the library search path... lib,lib
checking whether imported symbols can be declared weak... guessing yes
checking for pthread.h... yes
checking for pthread_kill in -lpthread... yes
checking for multithread API to use... posix
checking for pthread_rwlock_t... yes
checking whether pthread_rwlock_rdlock prefers a writer to a reader... guessing yes
checking for x86_64-lfs-linux-gnu-gcc options needed to detect all undeclared functions... none needed
checking for iconv... yes
checking for working iconv... guessing yes
checking for iconv declaration... 
         extern size_t iconv (iconv_t cd, char * *inbuf, size_t *inbytesleft, char * *outbuf, size_t *outbytesleft);
checking for argz.h... yes
checking for inttypes.h... (cached) yes
checking for limits.h... yes
checking for unistd.h... (cached) yes
checking for sys/param.h... (cached) yes
checking for getcwd... yes
checking for getegid... yes
checking for geteuid... yes
checking for getgid... yes
checking for getuid... yes
checking for mempcpy... yes
checking for munmap... yes
checking for stpcpy... yes
checking for strcasecmp... yes
checking for strdup... yes
checking for strtoul... yes
checking for tsearch... yes
checking for argz_count... yes
checking for argz_stringify... yes
checking for argz_next... yes
checking for __fsetlocking... yes
checking for localeconv... yes
checking whether feof_unlocked is declared... yes
checking whether fgets_unlocked is declared... yes
checking for bison... bison
checking version of bison... 3.8.2, ok
checking for long long int... yes
checking for wchar_t... yes
checking for wint_t... yes
checking whether wint_t is too small... no
checking for intmax_t... yes
checking whether printf() supports POSIX/XSI format strings... guessing yes
checking whether we are using the GNU C Library >= 2.1 or uClibc... yes
checking for stdint.h... (cached) yes
checking for SIZE_MAX... yes
checking for stdint.h... (cached) yes
checking for working fcntl.h... cross-compiling
checking whether uselocale works... guessing yes
checking for fake locale system (OpenBSD)... guessing no
checking for Solaris 11.4 locale system... no
checking for getlocalename_l... no
checking for CFPreferencesCopyAppValue... no
checking for CFLocaleCopyCurrent... no
checking for CFLocaleCopyPreferredLanguages... no
checking for flexible array members... yes
checking for x86_64-lfs-linux-gnu-ar... (cached) x86_64-lfs-linux-gnu-ar
checking for ptrdiff_t... yes
checking for features.h... yes
checking for stddef.h... yes
checking for stdlib.h... (cached) yes
checking for string.h... (cached) yes
checking for asprintf... yes
checking for fwprintf... yes
checking for newlocale... yes
checking for putenv... yes
checking for setenv... yes
checking for setlocale... yes
checking for snprintf... (cached) yes
checking for strnlen... yes
checking for uselocale... (cached) yes
checking for wcslen... yes
checking for wcsnlen... yes
checking for mbrtowc... yes
checking for wcrtomb... yes
checking whether _snprintf is declared... no
checking whether _snwprintf is declared... no
checking whether getc_unlocked is declared... yes
checking for nl_langinfo and CODESET... yes
checking for LC_MESSAGES... yes
checking for CFPreferencesCopyAppValue... (cached) no
checking for CFLocaleCopyCurrent... (cached) no
checking for CFLocaleCopyPreferredLanguages... (cached) no
checking whether included gettext is requested... no
checking for GNU gettext in libc... yes
checking whether to use NLS... yes
checking where the gettext function comes from... libc
checking for dirent.h that defines DIR... yes
checking for library containing opendir... none required
checking for sys/mkdev.h... no
checking for sys/sysmacros.h... yes
checking for inttypes.h... (cached) yes
checking for unistd.h... (cached) yes
checking for stdlib.h... (cached) yes
checking for stdarg.h... yes
checking for varargs.h... no
checking for limits.h... (cached) yes
checking for string.h... (cached) yes
checking for memory.h... yes
checking for locale.h... yes
checking for termcap.h... yes
checking for termio.h... yes
checking for termios.h... yes
checking for dlfcn.h... yes
checking for stdbool.h... yes
checking for stddef.h... (cached) yes
checking for stdint.h... (cached) yes
checking for netdb.h... yes
checking for pwd.h... yes
checking for grp.h... yes
checking for strings.h... (cached) yes
checking for regex.h... yes
checking for syslog.h... yes
checking for ulimit.h... yes
checking for sys/pte.h... no
checking for sys/stream.h... no
checking for sys/select.h... yes
checking for sys/file.h... yes
checking for sys/ioctl.h... yes
checking for sys/mman.h... yes
checking for sys/param.h... (cached) yes
checking for sys/random.h... yes
checking for sys/socket.h... yes
checking for sys/stat.h... (cached) yes
checking for sys/time.h... (cached) yes
checking for sys/times.h... yes
checking for sys/types.h... (cached) yes
checking for sys/wait.h... yes
checking for netinet/in.h... yes
checking for arpa/inet.h... yes
checking for sys/ptem.h... no
checking for sys/resource.h... yes
checking for working alloca.h... (cached) yes
checking for alloca... (cached) checking for uid_t in sys/types.h... yes
checking for working chown... yes
checking whether getpgrp requires zero arguments... yes
checking for working strcoll... yes
checking for __setostype... no
checking for wait3... yes
checking for mkfifo... yes
checking for dup2... yes
checking for eaccess... yes
checking for fcntl... yes
checking for getdtablesize... yes
checking for getentropy... yes
checking for getgroups... yes
checking for gethostname... yes
checking for getpagesize... (cached) yes
checking for getpeername... yes
checking for getrandom... yes
checking for getrlimit... yes
checking for getrusage... yes
checking for gettimeofday... yes
checking for kill... yes
checking for killpg... yes
checking for lstat... yes
checking for pselect... yes
checking for readlink... yes
checking for select... yes
checking for setdtablesize... no
checking for setitimer... yes
checking for tcgetpgrp... yes
checking for uname... yes
checking for ulimit... yes
checking for waitpid... yes
checking for rename... yes
checking for bcopy... yes
checking for bzero... yes
checking for confstr... yes
checking for faccessat... yes
checking for fnmatch... yes
checking for getaddrinfo... yes
checking for gethostbyname... yes
checking for getservbyname... yes
checking for getservent... yes
checking for inet_aton... yes
checking for imaxdiv... yes
checking for memmove... yes
checking for pathconf... yes
checking for putenv... (cached) yes
checking for raise... yes
checking for random... yes
checking for regcomp... yes
checking for regexec... yes
checking for setenv... (cached) yes
checking for setlinebuf... yes
checking for setlocale... (cached) yes
checking for setvbuf... yes
checking for siginterrupt... yes
checking for strchr... yes
checking for sysconf... yes
checking for syslog... yes
checking for tcgetattr... yes
checking for times... yes
checking for ttyname... yes
checking for tzset... yes
checking for unsetenv... yes
checking for vasprintf... yes
checking for asprintf... (cached) yes
checking for isascii... yes
checking for isblank... yes
checking for isgraph... yes
checking for isprint... yes
checking for isspace... yes
checking for isxdigit... yes
checking for getpwent... yes
checking for getpwnam... yes
checking for getpwuid... yes
checking for mkstemp... yes
checking for mkdtemp... yes
checking for arc4random... yes
checking for getcwd... (cached) yes
checking for memset... yes
checking for strcasecmp... (cached) yes
checking for strcasestr... yes
checking for strerror... yes
checking for strftime... yes
checking for strnlen... (cached) yes
checking for strpbrk... yes
checking for strstr... yes
checking for strtod... yes
checking for strtol... yes
checking for strtoul... (cached) yes
checking for strtoll... yes
checking for strtoull... yes
checking for strtoumax... yes
checking for dprintf... yes
checking for strchrnul... yes
checking for strdup... (cached) yes
checking for libaudit.h... no
checking whether AUDIT_USER_TTY is declared... yes
checking whether confstr is declared... yes
checking whether printf is declared... yes
checking whether sbrk is declared... yes
checking whether setregid is declared... yes
checking whether strcpy is declared... yes
checking whether strsignal is declared... yes
checking for setresuid... yes
checking for setresgid... yes
checking whether strtold is declared... yes
checking for broken strtold... no
checking whether strtol is declared... yes
checking whether strtoll is declared... yes
checking whether strtoul is declared... yes
checking whether strtoull is declared... yes
checking whether strtoumax is declared... yes
checking for working mktime... no
checking for argz.h... (cached) yes
checking for errno.h... yes
checking for fcntl.h... yes
checking for malloc.h... yes
checking for stdio_ext.h... yes
checking for working mmap... (cached) yes
checking for __argz_count... yes
checking for __argz_next... yes
checking for __argz_stringify... yes
checking for dcgettext... yes
checking for mempcpy... (cached) yes
checking for munmap... (cached) yes
checking for mremap... yes
checking for stpcpy... (cached) yes
checking for strcspn... yes
checking for wctype.h... yes
checking for wchar.h... (cached) yes
checking for langinfo.h... yes
checking for mbstr.h... no
checking for mbrlen... yes
checking for mbscasecmp... no
checking for mbscmp... no
checking for mbsnrtowcs... yes
checking for mbsrtowcs... yes
checking for mbschr... no
checking for wcrtomb... (cached) yes
checking for wcscoll... yes
checking for wcsdup... yes
checking for wcwidth... yes
checking for wctype... yes
checking for wcswidth... yes
checking whether mbrtowc and mbstate_t are properly declared... (cached) yes
checking for iswlower... yes
checking for iswupper... yes
checking for towlower... yes
checking for towupper... yes
checking for iswctype... yes
checking for wchar_t in wchar.h... yes
checking for wctype_t in wctype.h... yes
checking for wint_t in wctype.h... yes
checking for wcwidth broken with unicode combining characters... no
checking for locale_charset... no
checking size of wchar_t... 4
checking for dlopen in -ldl... yes
checking for dlopen... yes
checking for dlclose... yes
checking for dlsym... yes
checking type of array argument to getgroups... gid_t
checking for off_t... yes
checking for mode_t... yes
checking for uid_t in sys/types.h... (cached) yes
checking for pid_t... yes
checking for size_t... (cached) yes
checking for uintptr_t... yes
checking for ssize_t... yes
checking for time_t... yes
checking for long long int... (cached) yes
checking for unsigned long long int... (cached) yes
checking for sig_atomic_t in signal.h... yes
checking size of char... 1
checking size of short... 2
checking size of int... 4
checking size of long... 8
checking size of char *... 8
checking size of size_t... 8
checking size of double... 8
checking size of long long... 8
checking for u_int... yes
checking for u_long... yes
checking for bits16_t... no
checking for u_bits16_t... no
checking for bits32_t... no
checking for u_bits32_t... no
checking for bits64_t... no
checking for ptrdiff_t... (cached) yes
checking whether stat file-mode macros are broken... no
checking whether #! works in shell scripts... yes
checking if dup2 fails to clear the close-on-exec flag... no
checking whether pgrps need synchronization... no
checking for type of signal functions... posix
checking for sys_errlist and sys_nerr... yes
checking whether sys_siglist is declared... no
checking for sys_siglist in system C library... no
checking for _sys_siglist in signal.h or unistd.h... no
checking for _sys_siglist in system C library... no
checking for clock_t... yes
checking for sigset_t... yes
checking for socklen_t... yes
checking for quad_t... yes
checking for type of struct rlimit fields... rlim_t
checking for intmax_t... yes
checking for uintmax_t... yes
checking size of intmax_t... 8
checking for struct termios.c_line... yes
checking for struct termio.c_line... yes
checking for struct dirent.d_ino... checking for struct dirent.d_ino... yes
yes
checking for struct dirent.d_fileno... checking for struct dirent.d_fileno... yes
yes
checking for struct dirent.d_namlen... checking for struct dirent.d_namlen... no
no
checking for struct winsize in sys/ioctl.h and termios.h... sys/ioctl.h
checking for struct timeval in sys/time.h and time.h... yes
checking for struct stat.st_blocks... yes
checking whether struct tm is in sys/time.h or time.h... time.h
checking for struct tm.tm_zone... yes
checking for struct timezone in sys/time.h and time.h... yes
checking for offset of exit status in return status from wait... 0
checking for struct timespec in <time.h>... yes
checking for struct stat.st_atim.tv_nsec... yes
checking whether struct stat.st_atim is of type struct timespec... yes
checking for sbrk... yes
checking for working sbrk... yes
checking for the existence of strsignal... yes
checking if opendir() opens non-directories... no
checking whether ulimit can substitute for getdtablesize... no
checking whether fpurge is declared... no
checking to see if getenv can be redefined... yes
checking if getcwd() will dynamically allocate memory with 0 size... no
checking for presence of POSIX-style sigsetjmp/siglongjmp... present
checking whether or not strcoll and strcmp differ... no
checking for standard-conformant snprintf... yes
checking for standard-conformant vsnprintf... yes
checking for usable strtoimax... checking for strtoimax... yes
checking whether strtoimax is declared... yes
yes
checking for standard-conformant putenv declaration... yes
checking for standard-conformant unsetenv declaration... yes
checking for printf floating point output in hex notation... no
checking whether fnmatch can be used to check bracket equivalence classes... no
checking if signal handlers must be reinstalled when invoked... no
checking for presence of necessary job control definitions... present
checking for presence of named pipes... missing
checking whether termios.h defines TIOCGWINSZ... no
checking whether sys/ioctl.h defines TIOCGWINSZ... yes
checking for TIOCSTAT in sys/ioctl.h... no
checking for FIONREAD in sys/ioctl.h... yes
checking whether WCONTINUED flag to waitpid is unavailable or available but broken... no
checking for speed_t in sys/types.h... no
checking whether getpw functions are declared in pwd.h... yes
checking for unusable real-time signals due to large values... yes
checking for tgetent... no
checking for tgetent in -ltermcap... no
checking for tgetent in -ltinfo... no
checking for tgetent in -lcurses... no
checking for tgetent in -lncurses... yes
checking which library has the termcap functions... using libncurses
checking whether /dev/fd is available... standard
checking whether /dev/stdin stdout stderr are available... present
checking for default mail directory... /var/mail
checking shared object configuration for loadable builtins... supported
configure: creating ./config.status
config.status: creating Makefile
config.status: creating builtins/Makefile
config.status: creating lib/readline/Makefile
config.status: creating lib/glob/Makefile
config.status: creating lib/intl/Makefile
config.status: creating lib/malloc/Makefile
config.status: creating lib/sh/Makefile
config.status: creating lib/termcap/Makefile
config.status: creating lib/tilde/Makefile
config.status: creating doc/Makefile
config.status: creating support/Makefile
config.status: creating po/Makefile.in
config.status: creating examples/loadables/Makefile
config.status: creating examples/loadables/Makefile.inc
config.status: creating examples/loadables/Makefile.sample
config.status: creating examples/loadables/perl/Makefile
config.status: creating support/bash.pc
config.status: creating support/bashbug.sh
config.status: creating config.h
config.status: executing po-directories commands
config.status: creating po/POTFILES
config.status: creating po/Makefile
config.status: executing stamp-h commands
rm -f mksyntax
rm -f mksignames.o
gcc -DPROGRAM='"bash"' -DCONF_HOSTTYPE='"x86_64"' -DCONF_OSTYPE='"linux-gnu"' -DCONF_MACHTYPE='"x86_64-lfs-linux-gnu"' -DCONF_VENDOR='"lfs"' -DLOCALEDIR='"/usr/share/locale"' -DPACKAGE='"bash"' -DSHELL -DHAVE_CONFIG_H   -I.  -I. -I./include -I./lib  -Wno-parentheses -Wno-format-security  -g -DCROSS_COMPILING -rdynamic -g -DCROSS_COMPILING -o mksyntax ./mksyntax.c 
rm -f buildsignames.o
rm -f unwind_prot.o
gcc -DPROGRAM='"bash"' -DCONF_HOSTTYPE='"x86_64"' -DCONF_OSTYPE='"linux-gnu"' -DCONF_MACHTYPE='"x86_64-lfs-linux-gnu"' -DCONF_VENDOR='"lfs"' -DLOCALEDIR='"/usr/share/locale"' -DPACKAGE='"bash"' -DSHELL -DHAVE_CONFIG_H   -I.  -I. -I./include -I./lib  -Wno-parentheses -Wno-format-security  -g -DCROSS_COMPILING -DBUILDTOOL -c ./support/mksignames.c
gcc -DPROGRAM='"bash"' -DCONF_HOSTTYPE='"x86_64"' -DCONF_OSTYPE='"linux-gnu"' -DCONF_MACHTYPE='"x86_64-lfs-linux-gnu"' -DCONF_VENDOR='"lfs"' -DLOCALEDIR='"/usr/share/locale"' -DPACKAGE='"bash"' -DSHELL -DHAVE_CONFIG_H   -I.  -I. -I./include -I./lib  -Wno-parentheses -Wno-format-security  -g -DCROSS_COMPILING -DBUILDTOOL -o buildsignames.o -c ./support/signames.c
x86_64-lfs-linux-gnu-gcc  -DPROGRAM='"bash"' -DCONF_HOSTTYPE='"x86_64"' -DCONF_OSTYPE='"linux-gnu"' -DCONF_MACHTYPE='"x86_64-lfs-linux-gnu"' -DCONF_VENDOR='"lfs"' -DLOCALEDIR='"/usr/share/locale"' -DPACKAGE='"bash"' -DSHELL -DHAVE_CONFIG_H   -I.  -I. -I./include -I./lib  -Wno-parentheses -Wno-format-security   -g -O2 -c unwind_prot.c
rm -f alias.o
x86_64-lfs-linux-gnu-gcc  -DPROGRAM='"bash"' -DCONF_HOSTTYPE='"x86_64"' -DCONF_OSTYPE='"linux-gnu"' -DCONF_MACHTYPE='"x86_64-lfs-linux-gnu"' -DCONF_VENDOR='"lfs"' -DLOCALEDIR='"/usr/share/locale"' -DPACKAGE='"bash"' -DSHELL -DHAVE_CONFIG_H   -I.  -I. -I./include -I./lib  -Wno-parentheses -Wno-format-security   -g -O2 -c alias.c
rm -f xmalloc.o
make[1]: Entering directory '/mnt/lfs/sources/bash-5.2.21/builtins'
rm -f mkbuiltins.o
x86_64-lfs-linux-gnu-gcc  -DPROGRAM='"bash"' -DCONF_HOSTTYPE='"x86_64"' -DCONF_OSTYPE='"linux-gnu"' -DCONF_MACHTYPE='"x86_64-lfs-linux-gnu"' -DCONF_VENDOR='"lfs"' -DLOCALEDIR='"/usr/share/locale"' -DPACKAGE='"bash"' -DSHELL -DHAVE_CONFIG_H   -I.  -I. -I./include -I./lib  -Wno-parentheses -Wno-format-security   -g -O2 -c xmalloc.c
gcc -c  -DHAVE_CONFIG_H -DSHELL  -I. -I..  -I.. -I../include -I../lib -I.  -Wno-parentheses -Wno-format-security   -g -DCROSS_COMPILING mkbuiltins.c
rm -f signames.o
x86_64-lfs-linux-gnu-gcc  -DPROGRAM='"bash"' -DCONF_HOSTTYPE='"x86_64"' -DCONF_OSTYPE='"linux-gnu"' -DCONF_MACHTYPE='"x86_64-lfs-linux-gnu"' -DCONF_VENDOR='"lfs"' -DLOCALEDIR='"/usr/share/locale"' -DPACKAGE='"bash"' -DSHELL -DHAVE_CONFIG_H   -I.  -I. -I./include -I./lib  -Wno-parentheses -Wno-format-security   -g -O2 -c ./support/signames.c
make[1]: Entering directory '/mnt/lfs/sources/bash-5.2.21/support'
rm -f man2html.o
rm -f shell.o
gcc -c  -DHAVE_CONFIG_H -DSHELL  -I/mnt/lfs/sources/bash-5.2.21 -I.. -Wno-parentheses -Wno-format-security   -g man2html.c
x86_64-lfs-linux-gnu-gcc  -DPROGRAM='"bash"' -DCONF_HOSTTYPE='"x86_64"' -DCONF_OSTYPE='"linux-gnu"' -DCONF_MACHTYPE='"x86_64-lfs-linux-gnu"' -DCONF_VENDOR='"lfs"' -DLOCALEDIR='"/usr/share/locale"' -DPACKAGE='"bash"' -DSHELL -DHAVE_CONFIG_H   -I.  -I. -I./include -I./lib  -Wno-parentheses -Wno-format-security   -g -O2 -c shell.c
rm -f eval.o
x86_64-lfs-linux-gnu-gcc  -DPROGRAM='"bash"' -DCONF_HOSTTYPE='"x86_64"' -DCONF_OSTYPE='"linux-gnu"' -DCONF_MACHTYPE='"x86_64-lfs-linux-gnu"' -DCONF_VENDOR='"lfs"' -DLOCALEDIR='"/usr/share/locale"' -DPACKAGE='"bash"' -DSHELL -DHAVE_CONFIG_H   -I.  -I. -I./include -I./lib  -Wno-parentheses -Wno-format-security   -g -O2 -c eval.c
rm -f general.o
x86_64-lfs-linux-gnu-gcc  -DPROGRAM='"bash"' -DCONF_HOSTTYPE='"x86_64"' -DCONF_OSTYPE='"linux-gnu"' -DCONF_MACHTYPE='"x86_64-lfs-linux-gnu"' -DCONF_VENDOR='"lfs"' -DLOCALEDIR='"/usr/share/locale"' -DPACKAGE='"bash"' -DSHELL -DHAVE_CONFIG_H   -I.  -I. -I./include -I./lib  -Wno-parentheses -Wno-format-security   -g -O2 -c general.c
rm -f make_cmd.o
x86_64-lfs-linux-gnu-gcc  -DPROGRAM='"bash"' -DCONF_HOSTTYPE='"x86_64"' -DCONF_OSTYPE='"linux-gnu"' -DCONF_MACHTYPE='"x86_64-lfs-linux-gnu"' -DCONF_VENDOR='"lfs"' -DLOCALEDIR='"/usr/share/locale"' -DPACKAGE='"bash"' -DSHELL -DHAVE_CONFIG_H   -I.  -I. -I./include -I./lib  -Wno-parentheses -Wno-format-security   -g -O2 -c make_cmd.c
gcc -rdynamic -g -DCROSS_COMPILING -o mkbuiltins mkbuiltins.o 
rm -f print_cmd.o
x86_64-lfs-linux-gnu-gcc  -DPROGRAM='"bash"' -DCONF_HOSTTYPE='"x86_64"' -DCONF_OSTYPE='"linux-gnu"' -DCONF_MACHTYPE='"x86_64-lfs-linux-gnu"' -DCONF_VENDOR='"lfs"' -DLOCALEDIR='"/usr/share/locale"' -DPACKAGE='"bash"' -DSHELL -DHAVE_CONFIG_H   -I.  -I. -I./include -I./lib  -Wno-parentheses -Wno-format-security   -g -O2 -c print_cmd.c
make[1]: Leaving directory '/mnt/lfs/sources/bash-5.2.21/builtins'
rm -f dispose_cmd.o
x86_64-lfs-linux-gnu-gcc  -DPROGRAM='"bash"' -DCONF_HOSTTYPE='"x86_64"' -DCONF_OSTYPE='"linux-gnu"' -DCONF_MACHTYPE='"x86_64-lfs-linux-gnu"' -DCONF_VENDOR='"lfs"' -DLOCALEDIR='"/usr/share/locale"' -DPACKAGE='"bash"' -DSHELL -DHAVE_CONFIG_H   -I.  -I. -I./include -I./lib  -Wno-parentheses -Wno-format-security   -g -O2 -c dispose_cmd.c
rm -f syntax.c
./mksyntax -o syntax.c
rm -f copy_cmd.o
x86_64-lfs-linux-gnu-gcc  -DPROGRAM='"bash"' -DCONF_HOSTTYPE='"x86_64"' -DCONF_OSTYPE='"linux-gnu"' -DCONF_MACHTYPE='"x86_64-lfs-linux-gnu"' -DCONF_VENDOR='"lfs"' -DLOCALEDIR='"/usr/share/locale"' -DPACKAGE='"bash"' -DSHELL -DHAVE_CONFIG_H   -I.  -I. -I./include -I./lib  -Wno-parentheses -Wno-format-security   -g -O2 -c copy_cmd.c
rm -f error.o
x86_64-lfs-linux-gnu-gcc  -DPROGRAM='"bash"' -DCONF_HOSTTYPE='"x86_64"' -DCONF_OSTYPE='"linux-gnu"' -DCONF_MACHTYPE='"x86_64-lfs-linux-gnu"' -DCONF_VENDOR='"lfs"' -DLOCALEDIR='"/usr/share/locale"' -DPACKAGE='"bash"' -DSHELL -DHAVE_CONFIG_H   -I.  -I. -I./include -I./lib  -Wno-parentheses -Wno-format-security   -g -O2 -c error.c
rm -f expr.o
x86_64-lfs-linux-gnu-gcc  -DPROGRAM='"bash"' -DCONF_HOSTTYPE='"x86_64"' -DCONF_OSTYPE='"linux-gnu"' -DCONF_MACHTYPE='"x86_64-lfs-linux-gnu"' -DCONF_VENDOR='"lfs"' -DLOCALEDIR='"/usr/share/locale"' -DPACKAGE='"bash"' -DSHELL -DHAVE_CONFIG_H   -I.  -I. -I./include -I./lib  -Wno-parentheses -Wno-format-security   -g -O2 -c expr.c
gcc -rdynamic -g man2html.o -o man2html -ldl 		
rm -f flags.o
x86_64-lfs-linux-gnu-gcc  -DPROGRAM='"bash"' -DCONF_HOSTTYPE='"x86_64"' -DCONF_OSTYPE='"linux-gnu"' -DCONF_MACHTYPE='"x86_64-lfs-linux-gnu"' -DCONF_VENDOR='"lfs"' -DLOCALEDIR='"/usr/share/locale"' -DPACKAGE='"bash"' -DSHELL -DHAVE_CONFIG_H   -I.  -I. -I./include -I./lib  -Wno-parentheses -Wno-format-security   -g -O2 -c flags.c
make[1]: Leaving directory '/mnt/lfs/sources/bash-5.2.21/support'
rm -f jobs.o
x86_64-lfs-linux-gnu-gcc  -DPROGRAM='"bash"' -DCONF_HOSTTYPE='"x86_64"' -DCONF_OSTYPE='"linux-gnu"' -DCONF_MACHTYPE='"x86_64-lfs-linux-gnu"' -DCONF_VENDOR='"lfs"' -DLOCALEDIR='"/usr/share/locale"' -DPACKAGE='"bash"' -DSHELL -DHAVE_CONFIG_H   -I.  -I. -I./include -I./lib  -Wno-parentheses -Wno-format-security   -g -O2 -c jobs.c
rm -f subst.o
x86_64-lfs-linux-gnu-gcc  -DPROGRAM='"bash"' -DCONF_HOSTTYPE='"x86_64"' -DCONF_OSTYPE='"linux-gnu"' -DCONF_MACHTYPE='"x86_64-lfs-linux-gnu"' -DCONF_VENDOR='"lfs"' -DLOCALEDIR='"/usr/share/locale"' -DPACKAGE='"bash"' -DSHELL -DHAVE_CONFIG_H   -I.  -I. -I./include -I./lib  -Wno-parentheses -Wno-format-security   -g -O2 -c subst.c
rm -f hashcmd.o
x86_64-lfs-linux-gnu-gcc  -DPROGRAM='"bash"' -DCONF_HOSTTYPE='"x86_64"' -DCONF_OSTYPE='"linux-gnu"' -DCONF_MACHTYPE='"x86_64-lfs-linux-gnu"' -DCONF_VENDOR='"lfs"' -DLOCALEDIR='"/usr/share/locale"' -DPACKAGE='"bash"' -DSHELL -DHAVE_CONFIG_H   -I.  -I. -I./include -I./lib  -Wno-parentheses -Wno-format-security   -g -O2 -c hashcmd.c
rm -f hashlib.o
x86_64-lfs-linux-gnu-gcc  -DPROGRAM='"bash"' -DCONF_HOSTTYPE='"x86_64"' -DCONF_OSTYPE='"linux-gnu"' -DCONF_MACHTYPE='"x86_64-lfs-linux-gnu"' -DCONF_VENDOR='"lfs"' -DLOCALEDIR='"/usr/share/locale"' -DPACKAGE='"bash"' -DSHELL -DHAVE_CONFIG_H   -I.  -I. -I./include -I./lib  -Wno-parentheses -Wno-format-security   -g -O2 -c hashlib.c
rm -f mailcheck.o
x86_64-lfs-linux-gnu-gcc  -DPROGRAM='"bash"' -DCONF_HOSTTYPE='"x86_64"' -DCONF_OSTYPE='"linux-gnu"' -DCONF_MACHTYPE='"x86_64-lfs-linux-gnu"' -DCONF_VENDOR='"lfs"' -DLOCALEDIR='"/usr/share/locale"' -DPACKAGE='"bash"' -DSHELL -DHAVE_CONFIG_H   -I.  -I. -I./include -I./lib  -Wno-parentheses -Wno-format-security   -g -O2 -c mailcheck.c
rm -f mksignames
gcc -DPROGRAM='"bash"' -DCONF_HOSTTYPE='"x86_64"' -DCONF_OSTYPE='"linux-gnu"' -DCONF_MACHTYPE='"x86_64-lfs-linux-gnu"' -DCONF_VENDOR='"lfs"' -DLOCALEDIR='"/usr/share/locale"' -DPACKAGE='"bash"' -DSHELL -DHAVE_CONFIG_H   -I.  -I. -I./include -I./lib  -Wno-parentheses -Wno-format-security  -g -DCROSS_COMPILING -rdynamic -g -DCROSS_COMPILING -o mksignames mksignames.o buildsignames.o 
rm -f input.o
x86_64-lfs-linux-gnu-gcc  -DPROGRAM='"bash"' -DCONF_HOSTTYPE='"x86_64"' -DCONF_OSTYPE='"linux-gnu"' -DCONF_MACHTYPE='"x86_64-lfs-linux-gnu"' -DCONF_VENDOR='"lfs"' -DLOCALEDIR='"/usr/share/locale"' -DPACKAGE='"bash"' -DSHELL -DHAVE_CONFIG_H   -I.  -I. -I./include -I./lib  -Wno-parentheses -Wno-format-security   -g -O2 -c input.c
rm -f pathexp.o
x86_64-lfs-linux-gnu-gcc  -DPROGRAM='"bash"' -DCONF_HOSTTYPE='"x86_64"' -DCONF_OSTYPE='"linux-gnu"' -DCONF_MACHTYPE='"x86_64-lfs-linux-gnu"' -DCONF_VENDOR='"lfs"' -DLOCALEDIR='"/usr/share/locale"' -DPACKAGE='"bash"' -DSHELL -DHAVE_CONFIG_H   -I.  -I. -I./include -I./lib  -Wno-parentheses -Wno-format-security   -g -O2 -c pathexp.c
rm -f sig.o
x86_64-lfs-linux-gnu-gcc  -DPROGRAM='"bash"' -DCONF_HOSTTYPE='"x86_64"' -DCONF_OSTYPE='"linux-gnu"' -DCONF_MACHTYPE='"x86_64-lfs-linux-gnu"' -DCONF_VENDOR='"lfs"' -DLOCALEDIR='"/usr/share/locale"' -DPACKAGE='"bash"' -DSHELL -DHAVE_CONFIG_H   -I.  -I. -I./include -I./lib  -Wno-parentheses -Wno-format-security   -g -O2 -c sig.c
rm -f test.o
x86_64-lfs-linux-gnu-gcc  -DPROGRAM='"bash"' -DCONF_HOSTTYPE='"x86_64"' -DCONF_OSTYPE='"linux-gnu"' -DCONF_MACHTYPE='"x86_64-lfs-linux-gnu"' -DCONF_VENDOR='"lfs"' -DLOCALEDIR='"/usr/share/locale"' -DPACKAGE='"bash"' -DSHELL -DHAVE_CONFIG_H   -I.  -I. -I./include -I./lib  -Wno-parentheses -Wno-format-security   -g -O2 -c test.c
rm -f array.o
x86_64-lfs-linux-gnu-gcc  -DPROGRAM='"bash"' -DCONF_HOSTTYPE='"x86_64"' -DCONF_OSTYPE='"linux-gnu"' -DCONF_MACHTYPE='"x86_64-lfs-linux-gnu"' -DCONF_VENDOR='"lfs"' -DLOCALEDIR='"/usr/share/locale"' -DPACKAGE='"bash"' -DSHELL -DHAVE_CONFIG_H   -I.  -I. -I./include -I./lib  -Wno-parentheses -Wno-format-security   -g -O2 -c array.c
rm -f arrayfunc.o
x86_64-lfs-linux-gnu-gcc  -DPROGRAM='"bash"' -DCONF_HOSTTYPE='"x86_64"' -DCONF_OSTYPE='"linux-gnu"' -DCONF_MACHTYPE='"x86_64-lfs-linux-gnu"' -DCONF_VENDOR='"lfs"' -DLOCALEDIR='"/usr/share/locale"' -DPACKAGE='"bash"' -DSHELL -DHAVE_CONFIG_H   -I.  -I. -I./include -I./lib  -Wno-parentheses -Wno-format-security   -g -O2 -c arrayfunc.c
rm -f assoc.o
x86_64-lfs-linux-gnu-gcc  -DPROGRAM='"bash"' -DCONF_HOSTTYPE='"x86_64"' -DCONF_OSTYPE='"linux-gnu"' -DCONF_MACHTYPE='"x86_64-lfs-linux-gnu"' -DCONF_VENDOR='"lfs"' -DLOCALEDIR='"/usr/share/locale"' -DPACKAGE='"bash"' -DSHELL -DHAVE_CONFIG_H   -I.  -I. -I./include -I./lib  -Wno-parentheses -Wno-format-security   -g -O2 -c assoc.c
rm -f braces.o
x86_64-lfs-linux-gnu-gcc  -DPROGRAM='"bash"' -DCONF_HOSTTYPE='"x86_64"' -DCONF_OSTYPE='"linux-gnu"' -DCONF_MACHTYPE='"x86_64-lfs-linux-gnu"' -DCONF_VENDOR='"lfs"' -DLOCALEDIR='"/usr/share/locale"' -DPACKAGE='"bash"' -DSHELL -DHAVE_CONFIG_H   -I.  -I. -I./include -I./lib  -Wno-parentheses -Wno-format-security   -g -O2 -c braces.c
rm -f bracecomp.o
x86_64-lfs-linux-gnu-gcc  -DPROGRAM='"bash"' -DCONF_HOSTTYPE='"x86_64"' -DCONF_OSTYPE='"linux-gnu"' -DCONF_MACHTYPE='"x86_64-lfs-linux-gnu"' -DCONF_VENDOR='"lfs"' -DLOCALEDIR='"/usr/share/locale"' -DPACKAGE='"bash"' -DSHELL -DHAVE_CONFIG_H   -I.  -I. -I./include -I./lib  -Wno-parentheses -Wno-format-security   -g -O2 -c bracecomp.c
rm -f bashhist.o
x86_64-lfs-linux-gnu-gcc  -DPROGRAM='"bash"' -DCONF_HOSTTYPE='"x86_64"' -DCONF_OSTYPE='"linux-gnu"' -DCONF_MACHTYPE='"x86_64-lfs-linux-gnu"' -DCONF_VENDOR='"lfs"' -DLOCALEDIR='"/usr/share/locale"' -DPACKAGE='"bash"' -DSHELL -DHAVE_CONFIG_H   -I.  -I. -I./include -I./lib  -Wno-parentheses -Wno-format-security   -g -O2 -c bashhist.c
rm -f bashline.o
x86_64-lfs-linux-gnu-gcc  -DPROGRAM='"bash"' -DCONF_HOSTTYPE='"x86_64"' -DCONF_OSTYPE='"linux-gnu"' -DCONF_MACHTYPE='"x86_64-lfs-linux-gnu"' -DCONF_VENDOR='"lfs"' -DLOCALEDIR='"/usr/share/locale"' -DPACKAGE='"bash"' -DSHELL -DHAVE_CONFIG_H   -I.  -I. -I./include -I./lib  -Wno-parentheses -Wno-format-security   -g -O2 -c bashline.c
rm -f list.o
x86_64-lfs-linux-gnu-gcc  -DPROGRAM='"bash"' -DCONF_HOSTTYPE='"x86_64"' -DCONF_OSTYPE='"linux-gnu"' -DCONF_MACHTYPE='"x86_64-lfs-linux-gnu"' -DCONF_VENDOR='"lfs"' -DLOCALEDIR='"/usr/share/locale"' -DPACKAGE='"bash"' -DSHELL -DHAVE_CONFIG_H   -I.  -I. -I./include -I./lib  -Wno-parentheses -Wno-format-security   -g -O2 -c list.c
rm -f stringlib.o
x86_64-lfs-linux-gnu-gcc  -DPROGRAM='"bash"' -DCONF_HOSTTYPE='"x86_64"' -DCONF_OSTYPE='"linux-gnu"' -DCONF_MACHTYPE='"x86_64-lfs-linux-gnu"' -DCONF_VENDOR='"lfs"' -DLOCALEDIR='"/usr/share/locale"' -DPACKAGE='"bash"' -DSHELL -DHAVE_CONFIG_H   -I.  -I. -I./include -I./lib  -Wno-parentheses -Wno-format-security   -g -O2 -c stringlib.c
rm -f locale.o
x86_64-lfs-linux-gnu-gcc  -DPROGRAM='"bash"' -DCONF_HOSTTYPE='"x86_64"' -DCONF_OSTYPE='"linux-gnu"' -DCONF_MACHTYPE='"x86_64-lfs-linux-gnu"' -DCONF_VENDOR='"lfs"' -DLOCALEDIR='"/usr/share/locale"' -DPACKAGE='"bash"' -DSHELL -DHAVE_CONFIG_H   -I.  -I. -I./include -I./lib  -Wno-parentheses -Wno-format-security   -g -O2 -c locale.c
rm -f findcmd.o
rm -f pcomplete.o
x86_64-lfs-linux-gnu-gcc  -DPROGRAM='"bash"' -DCONF_HOSTTYPE='"x86_64"' -DCONF_OSTYPE='"linux-gnu"' -DCONF_MACHTYPE='"x86_64-lfs-linux-gnu"' -DCONF_VENDOR='"lfs"' -DLOCALEDIR='"/usr/share/locale"' -DPACKAGE='"bash"' -DSHELL -DHAVE_CONFIG_H   -I.  -I. -I./include -I./lib  -Wno-parentheses -Wno-format-security   -g -O2 -c findcmd.c
x86_64-lfs-linux-gnu-gcc  -DPROGRAM='"bash"' -DCONF_HOSTTYPE='"x86_64"' -DCONF_OSTYPE='"linux-gnu"' -DCONF_MACHTYPE='"x86_64-lfs-linux-gnu"' -DCONF_VENDOR='"lfs"' -DLOCALEDIR='"/usr/share/locale"' -DPACKAGE='"bash"' -DSHELL -DHAVE_CONFIG_H   -I.  -I. -I./include -I./lib  -Wno-parentheses -Wno-format-security   -g -O2 -c pcomplete.c
rm -f pcomplib.o
x86_64-lfs-linux-gnu-gcc  -DPROGRAM='"bash"' -DCONF_HOSTTYPE='"x86_64"' -DCONF_OSTYPE='"linux-gnu"' -DCONF_MACHTYPE='"x86_64-lfs-linux-gnu"' -DCONF_VENDOR='"lfs"' -DLOCALEDIR='"/usr/share/locale"' -DPACKAGE='"bash"' -DSHELL -DHAVE_CONFIG_H   -I.  -I. -I./include -I./lib  -Wno-parentheses -Wno-format-security   -g -O2 -c pcomplib.c
rm -f syntax.o
x86_64-lfs-linux-gnu-gcc  -DPROGRAM='"bash"' -DCONF_HOSTTYPE='"x86_64"' -DCONF_OSTYPE='"linux-gnu"' -DCONF_MACHTYPE='"x86_64-lfs-linux-gnu"' -DCONF_VENDOR='"lfs"' -DLOCALEDIR='"/usr/share/locale"' -DPACKAGE='"bash"' -DSHELL -DHAVE_CONFIG_H   -I.  -I. -I./include -I./lib  -Wno-parentheses -Wno-format-security   -g -O2 -c syntax.c
rm -f execute_cmd.o
x86_64-lfs-linux-gnu-gcc  -DPROGRAM='"bash"' -DCONF_HOSTTYPE='"x86_64"' -DCONF_OSTYPE='"linux-gnu"' -DCONF_MACHTYPE='"x86_64-lfs-linux-gnu"' -DCONF_VENDOR='"lfs"' -DLOCALEDIR='"/usr/share/locale"' -DPACKAGE='"bash"' -DSHELL -DHAVE_CONFIG_H   -I.  -I. -I./include -I./lib  -Wno-parentheses -Wno-format-security   -g -O2 -c execute_cmd.c
/bin/sh ./support/mkversion.sh -b -S . -s release -d 5.2 -o newversion.h \
	&& mv newversion.h version.h
rm -f lsignames.h
./mksignames lsignames.h
if cmp -s lsignames.h signames.h ; then :; else rm -f signames.h ; cp lsignames.h signames.h ; fi
rm -f trap.o
x86_64-lfs-linux-gnu-gcc  -DPROGRAM='"bash"' -DCONF_HOSTTYPE='"x86_64"' -DCONF_OSTYPE='"linux-gnu"' -DCONF_MACHTYPE='"x86_64-lfs-linux-gnu"' -DCONF_VENDOR='"lfs"' -DLOCALEDIR='"/usr/share/locale"' -DPACKAGE='"bash"' -DSHELL -DHAVE_CONFIG_H   -I.  -I. -I./include -I./lib  -Wno-parentheses -Wno-format-security   -g -O2 -c trap.c
rm -f variables.o
rm -f version.o
x86_64-lfs-linux-gnu-gcc  -DPROGRAM='"bash"' -DCONF_HOSTTYPE='"x86_64"' -DCONF_OSTYPE='"linux-gnu"' -DCONF_MACHTYPE='"x86_64-lfs-linux-gnu"' -DCONF_VENDOR='"lfs"' -DLOCALEDIR='"/usr/share/locale"' -DPACKAGE='"bash"' -DSHELL -DHAVE_CONFIG_H   -I.  -I. -I./include -I./lib  -Wno-parentheses -Wno-format-security   -g -O2 -c variables.c
x86_64-lfs-linux-gnu-gcc  -DPROGRAM='"bash"' -DCONF_HOSTTYPE='"x86_64"' -DCONF_OSTYPE='"linux-gnu"' -DCONF_MACHTYPE='"x86_64-lfs-linux-gnu"' -DCONF_VENDOR='"lfs"' -DLOCALEDIR='"/usr/share/locale"' -DPACKAGE='"bash"' -DSHELL -DHAVE_CONFIG_H   -I.  -I. -I./include -I./lib  -Wno-parentheses -Wno-format-security   -g -O2 -c version.c
make[1]: Entering directory '/mnt/lfs/sources/bash-5.2.21/builtins'
rm -f builtins.o
rm -f alias.o
x86_64-lfs-linux-gnu-gcc -c   -DHAVE_CONFIG_H -DSHELL  -I. -I..  -I.. -I../include -I../lib -I.  -Wno-parentheses -Wno-format-security   -g -O2 builtins.c
./mkbuiltins -D . alias.def
rm -f bind.o
x86_64-lfs-linux-gnu-gcc -c   -DHAVE_CONFIG_H -DSHELL  -I. -I..  -I.. -I../include -I../lib -I.  -Wno-parentheses -Wno-format-security   -g -O2 alias.c || ( rm -f alias.c ; exit 1 )
./mkbuiltins -D . bind.def
rm -f break.o
x86_64-lfs-linux-gnu-gcc -c   -DHAVE_CONFIG_H -DSHELL  -I. -I..  -I.. -I../include -I../lib -I.  -Wno-parentheses -Wno-format-security   -g -O2 bind.c || ( rm -f bind.c ; exit 1 )
./mkbuiltins -D . break.def
rm -f builtin.o
x86_64-lfs-linux-gnu-gcc -c   -DHAVE_CONFIG_H -DSHELL  -I. -I..  -I.. -I../include -I../lib -I.  -Wno-parentheses -Wno-format-security   -g -O2 break.c || ( rm -f break.c ; exit 1 )
./mkbuiltins -D . builtin.def
rm -f caller.o
x86_64-lfs-linux-gnu-gcc -c   -DHAVE_CONFIG_H -DSHELL  -I. -I..  -I.. -I../include -I../lib -I.  -Wno-parentheses -Wno-format-security   -g -O2 builtin.c || ( rm -f builtin.c ; exit 1 )
./mkbuiltins -D . caller.def
rm -f cd.o
x86_64-lfs-linux-gnu-gcc -c   -DHAVE_CONFIG_H -DSHELL  -I. -I..  -I.. -I../include -I../lib -I.  -Wno-parentheses -Wno-format-security   -g -O2 caller.c || ( rm -f caller.c ; exit 1 )
./mkbuiltins -D . cd.def
rm -f colon.o
x86_64-lfs-linux-gnu-gcc -c   -DHAVE_CONFIG_H -DSHELL  -I. -I..  -I.. -I../include -I../lib -I.  -Wno-parentheses -Wno-format-security   -g -O2 cd.c || ( rm -f cd.c ; exit 1 )
./mkbuiltins -D . colon.def
rm -f command.o
x86_64-lfs-linux-gnu-gcc -c   -DHAVE_CONFIG_H -DSHELL  -I. -I..  -I.. -I../include -I../lib -I.  -Wno-parentheses -Wno-format-security   -g -O2 colon.c || ( rm -f colon.c ; exit 1 )
./mkbuiltins -D . command.def
x86_64-lfs-linux-gnu-gcc -c   -DHAVE_CONFIG_H -DSHELL  -I. -I..  -I.. -I../include -I../lib -I.  -Wno-parentheses -Wno-format-security   -g -O2 command.c || ( rm -f command.c ; exit 1 )
rm -f break.c
rm -f common.o
x86_64-lfs-linux-gnu-gcc -c   -DHAVE_CONFIG_H -DSHELL  -I. -I..  -I.. -I../include -I../lib -I.  -Wno-parentheses -Wno-format-security   -g -O2 common.c
rm -f builtin.c
rm -f alias.c
rm -f declare.o
rm -f echo.o
rm -f caller.c
./mkbuiltins -D . declare.def
./mkbuiltins -D . echo.def
x86_64-lfs-linux-gnu-gcc -c   -DHAVE_CONFIG_H -DSHELL  -I. -I..  -I.. -I../include -I../lib -I.  -Wno-parentheses -Wno-format-security   -g -O2 declare.c || ( rm -f declare.c ; exit 1 )
x86_64-lfs-linux-gnu-gcc -c   -DHAVE_CONFIG_H -DSHELL  -I. -I..  -I.. -I../include -I../lib -I.  -Wno-parentheses -Wno-format-security   -g -O2 echo.c || ( rm -f echo.c ; exit 1 )
rm -f enable.o
rm -f colon.c
./mkbuiltins -D . enable.def
rm -f command.c
x86_64-lfs-linux-gnu-gcc -c   -DHAVE_CONFIG_H -DSHELL  -I. -I..  -I.. -I../include -I../lib -I.  -Wno-parentheses -Wno-format-security   -g -O2 enable.c || ( rm -f enable.c ; exit 1 )
rm -f eval.o
rm -f evalfile.o
./mkbuiltins -D . eval.def
x86_64-lfs-linux-gnu-gcc -c   -DHAVE_CONFIG_H -DSHELL  -I. -I..  -I.. -I../include -I../lib -I.  -Wno-parentheses -Wno-format-security   -g -O2 eval.c || ( rm -f eval.c ; exit 1 )
x86_64-lfs-linux-gnu-gcc -c   -DHAVE_CONFIG_H -DSHELL  -I. -I..  -I.. -I../include -I../lib -I.  -Wno-parentheses -Wno-format-security   -g -O2 evalfile.c
rm -f bind.c
rm -f evalstring.o
x86_64-lfs-linux-gnu-gcc -c   -DHAVE_CONFIG_H -DSHELL  -I. -I..  -I.. -I../include -I../lib -I.  -Wno-parentheses -Wno-format-security   -g -O2 evalstring.c
rm -f echo.c
gcc -DPROGRAM='"bash"' -DCONF_HOSTTYPE='"x86_64"' -DCONF_OSTYPE='"linux-gnu"' -DCONF_MACHTYPE='"x86_64-lfs-linux-gnu"' -DCONF_VENDOR='"lfs"' -DLOCALEDIR='"/usr/share/locale"' -DPACKAGE='"bash"' -DSHELL -DHAVE_CONFIG_H   -I.  -I. -I./include -I./lib  -Wno-parentheses -Wno-format-security  -g -DCROSS_COMPILING -DBUILDTOOL -c -o buildversion.o ./version.c
rm -f exec.o
./mkbuiltins -D . exec.def
x86_64-lfs-linux-gnu-gcc -c   -DHAVE_CONFIG_H -DSHELL  -I. -I..  -I.. -I../include -I../lib -I.  -Wno-parentheses -Wno-format-security   -g -O2 exec.c || ( rm -f exec.c ; exit 1 )
rm -f eval.c
rm -f exit.o
gcc -DPROGRAM='"bash"' -DCONF_HOSTTYPE='"x86_64"' -DCONF_OSTYPE='"linux-gnu"' -DCONF_MACHTYPE='"x86_64-lfs-linux-gnu"' -DCONF_VENDOR='"lfs"' -DLOCALEDIR='"/usr/share/locale"' -DPACKAGE='"bash"' -DSHELL -DHAVE_CONFIG_H   -I.  -I. -I./include -I./lib  -Wno-parentheses -Wno-format-security  -g -DCROSS_COMPILING -rdynamic -g -DCROSS_COMPILING -o bashversion ./support/bashversion.c buildversion.o 
./mkbuiltins -D . exit.def
x86_64-lfs-linux-gnu-gcc -c   -DHAVE_CONFIG_H -DSHELL  -I. -I..  -I.. -I../include -I../lib -I.  -Wno-parentheses -Wno-format-security   -g -O2 exit.c || ( rm -f exit.c ; exit 1 )
rm -f cd.c
rm -f fc.o
./mkbuiltins -D . fc.def
x86_64-lfs-linux-gnu-gcc -c   -DHAVE_CONFIG_H -DSHELL  -I. -I..  -I.. -I../include -I../lib -I.  -Wno-parentheses -Wno-format-security   -g -O2 fc.c || ( rm -f fc.c ; exit 1 )
rm -f enable.c
rm -f fg_bg.o
./mkbuiltins -D . fg_bg.def
x86_64-lfs-linux-gnu-gcc -c   -DHAVE_CONFIG_H -DSHELL  -I. -I..  -I.. -I../include -I../lib -I.  -Wno-parentheses -Wno-format-security   -g -O2 fg_bg.c || ( rm -f fg_bg.c ; exit 1 )

rm -f hash.o
./mkbuiltins -D . hash.def
rm -f exec.c
	  ***********************************************************
x86_64-lfs-linux-gnu-gcc -c   -DHAVE_CONFIG_H -DSHELL  -I. -I..  -I.. -I../include -I../lib -I.  -Wno-parentheses -Wno-format-security   -g -O2 hash.c || ( rm -f hash.c ; exit 1 )
	  *                                                         *
rm -f help.o
./mkbuiltins -D . help.def
x86_64-lfs-linux-gnu-gcc -c   -DHAVE_CONFIG_H -DSHELL  -I. -I..  -I.. -I../include -I../lib -I.  -Wno-parentheses -Wno-format-security   -g -O2 help.c || ( rm -f help.c ; exit 1 )
rm -f exit.c
	  * GNU bash, version 5.2.21(1)-release (x86_64-lfs-linux-gnu)
rm -f history.o
	  *                                                         *
./mkbuiltins -D . history.def
	  ***********************************************************
x86_64-lfs-linux-gnu-gcc -c   -DHAVE_CONFIG_H -DSHELL  -I. -I..  -I.. -I../include -I../lib -I.  -Wno-parentheses -Wno-format-security   -g -O2 history.c || ( rm -f history.c ; exit 1 )

rm -f jobs.o
making lib/glob/libglob.a in ./lib/glob
./mkbuiltins -D . jobs.def
making lib/sh/libsh.a in ./lib/sh
rm -f kill.o
x86_64-lfs-linux-gnu-gcc -c   -DHAVE_CONFIG_H -DSHELL  -I. -I..  -I.. -I../include -I../lib -I.  -Wno-parentheses -Wno-format-security   -g -O2 jobs.c || ( rm -f jobs.c ; exit 1 )
./mkbuiltins -D . kill.def
make[1]: Entering directory '/mnt/lfs/sources/bash-5.2.21/lib/glob'
rm -f glob.o
rm -f strmatch.o
make[1]: Entering directory '/mnt/lfs/sources/bash-5.2.21/lib/sh'
x86_64-lfs-linux-gnu-gcc -c   -I. -I../.. -I../.. -I../../lib -I../../include -I.  -DHAVE_CONFIG_H -DSHELL  -Wno-parentheses -Wno-format-security -g -O2   clktck.c
x86_64-lfs-linux-gnu-gcc -c   -DHAVE_CONFIG_H -DSHELL  -I. -I..  -I.. -I../include -I../lib -I.  -Wno-parentheses -Wno-format-security   -g -O2 kill.c || ( rm -f kill.c ; exit 1 )
x86_64-lfs-linux-gnu-gcc -c  -DHAVE_CONFIG_H -DSHELL -I. -I../.. -I../.. -I../../include -I../../lib  -Wno-parentheses -Wno-format-security  -g -O2  glob.c
making lib/readline/libreadline.a in ./lib/readline
x86_64-lfs-linux-gnu-gcc -c  -DHAVE_CONFIG_H -DSHELL -I. -I../.. -I../.. -I../../include -I../../lib  -Wno-parentheses -Wno-format-security  -g -O2  strmatch.c
x86_64-lfs-linux-gnu-gcc -c   -I. -I../.. -I../.. -I../../lib -I../../include -I.  -DHAVE_CONFIG_H -DSHELL  -Wno-parentheses -Wno-format-security -g -O2   clock.c
rm -f smatch.o
x86_64-lfs-linux-gnu-gcc -c   -I. -I../.. -I../.. -I../../lib -I../../include -I.  -DHAVE_CONFIG_H -DSHELL  -Wno-parentheses -Wno-format-security -g -O2   getenv.c
x86_64-lfs-linux-gnu-gcc -c   -I. -I../.. -I../.. -I../../lib -I../../include -I.  -DHAVE_CONFIG_H -DSHELL  -Wno-parentheses -Wno-format-security -g -O2   oslib.c
rm -f fg_bg.c
make[1]: Entering directory '/mnt/lfs/sources/bash-5.2.21/lib/readline'
x86_64-lfs-linux-gnu-gcc -c   -I. -I../.. -I../.. -I../../lib -I../../include -I.  -DHAVE_CONFIG_H -DSHELL  -Wno-parentheses -Wno-format-security -g -O2   setlinebuf.c
rm -f xmbsrtowcs.o
rm -f readline.o
rm -f let.o
x86_64-lfs-linux-gnu-gcc -c  -DHAVE_CONFIG_H -DSHELL -I. -I../.. -I../.. -I../../include -I../../lib  -Wno-parentheses -Wno-format-security  -g -O2  smatch.c
x86_64-lfs-linux-gnu-gcc -c   -I. -I../.. -I../.. -I../../lib -I../../include -I.  -DHAVE_CONFIG_H -DSHELL  -Wno-parentheses -Wno-format-security -g -O2   strnlen.c
./mkbuiltins -D . let.def
rm -f vi_mode.o
x86_64-lfs-linux-gnu-gcc -c  -DHAVE_CONFIG_H -DSHELL -I. -I../.. -I../.. -I../../include -I../../lib  -Wno-parentheses -Wno-format-security  -g -O2  xmbsrtowcs.c
x86_64-lfs-linux-gnu-gcc -c   -I. -I../.. -I../.. -I../../lib -I../../include -I.  -DHAVE_CONFIG_H -DSHELL  -Wno-parentheses -Wno-format-security -g -O2   itos.c
x86_64-lfs-linux-gnu-gcc -c -DHAVE_CONFIG_H -DSHELL   -I. -I/mnt/lfs/sources/bash-5.2.21 -I../.. -I../../lib -Wno-parentheses -Wno-format-security  -g -O2  readline.c
rm -f gmisc.o
x86_64-lfs-linux-gnu-gcc -c   -I. -I../.. -I../.. -I../../lib -I../../include -I.  -DHAVE_CONFIG_H -DSHELL  -Wno-parentheses -Wno-format-security -g -O2   zread.c
x86_64-lfs-linux-gnu-gcc -c   -DHAVE_CONFIG_H -DSHELL  -I. -I..  -I.. -I../include -I../lib -I.  -Wno-parentheses -Wno-format-security   -g -O2 let.c || ( rm -f let.c ; exit 1 )
x86_64-lfs-linux-gnu-gcc -c  -DHAVE_CONFIG_H -DSHELL -I. -I../.. -I../.. -I../../include -I../../lib  -Wno-parentheses -Wno-format-security  -g -O2  gmisc.c
x86_64-lfs-linux-gnu-gcc -c -DHAVE_CONFIG_H -DSHELL   -I. -I/mnt/lfs/sources/bash-5.2.21 -I../.. -I../../lib -Wno-parentheses -Wno-format-security  -g -O2  vi_mode.c
rm -f hash.c
rm -f funmap.o
rm -f keymaps.o
rm -f mapfile.o
x86_64-lfs-linux-gnu-gcc -c   -I. -I../.. -I../.. -I../../lib -I../../include -I.  -DHAVE_CONFIG_H -DSHELL  -Wno-parentheses -Wno-format-security -g -O2   zwrite.c
x86_64-lfs-linux-gnu-gcc -c -DHAVE_CONFIG_H -DSHELL   -I. -I/mnt/lfs/sources/bash-5.2.21 -I../.. -I../../lib -Wno-parentheses -Wno-format-security  -g -O2  funmap.c
x86_64-lfs-linux-gnu-gcc -c -DHAVE_CONFIG_H -DSHELL   -I. -I/mnt/lfs/sources/bash-5.2.21 -I../.. -I../../lib -Wno-parentheses -Wno-format-security  -g -O2  keymaps.c
./mkbuiltins -D . mapfile.def
rm -f parens.o
x86_64-lfs-linux-gnu-gcc -c   -DHAVE_CONFIG_H -DSHELL  -I. -I..  -I.. -I../include -I../lib -I.  -Wno-parentheses -Wno-format-security   -g -O2 mapfile.c || ( rm -f mapfile.c ; exit 1 )
rm -f search.o
x86_64-lfs-linux-gnu-gcc -c   -I. -I../.. -I../.. -I../../lib -I../../include -I.  -DHAVE_CONFIG_H -DSHELL  -Wno-parentheses -Wno-format-security -g -O2   shtty.c
x86_64-lfs-linux-gnu-gcc -c -DHAVE_CONFIG_H -DSHELL   -I. -I/mnt/lfs/sources/bash-5.2.21 -I../.. -I../../lib -Wno-parentheses -Wno-format-security  -g -O2  parens.c
x86_64-lfs-linux-gnu-gcc -c -DHAVE_CONFIG_H -DSHELL   -I. -I/mnt/lfs/sources/bash-5.2.21 -I../.. -I../../lib -Wno-parentheses -Wno-format-security  -g -O2  search.c
rm -f rltty.o
x86_64-lfs-linux-gnu-gcc -c   -I. -I../.. -I../.. -I../../lib -I../../include -I.  -DHAVE_CONFIG_H -DSHELL  -Wno-parentheses -Wno-format-security -g -O2   shmatch.c
rm -f complete.o
x86_64-lfs-linux-gnu-gcc -c -DHAVE_CONFIG_H -DSHELL   -I. -I/mnt/lfs/sources/bash-5.2.21 -I../.. -I../../lib -Wno-parentheses -Wno-format-security  -g -O2  rltty.c
x86_64-lfs-linux-gnu-gcc -c -DHAVE_CONFIG_H -DSHELL   -I. -I/mnt/lfs/sources/bash-5.2.21 -I../.. -I../../lib -Wno-parentheses -Wno-format-security  -g -O2  complete.c
rm -f kill.c
rm -f pushd.o
x86_64-lfs-linux-gnu-gcc -c   -I. -I../.. -I../.. -I../../lib -I../../include -I.  -DHAVE_CONFIG_H -DSHELL  -Wno-parentheses -Wno-format-security -g -O2   eaccess.c
./mkbuiltins -D . pushd.def
x86_64-lfs-linux-gnu-gcc -c   -DHAVE_CONFIG_H -DSHELL  -I. -I..  -I.. -I../include -I../lib -I.  -Wno-parentheses -Wno-format-security   -g -O2 pushd.c || ( rm -f pushd.c ; exit 1 )
x86_64-lfs-linux-gnu-gcc -c   -I. -I../.. -I../.. -I../../lib -I../../include -I.  -DHAVE_CONFIG_H -DSHELL  -Wno-parentheses -Wno-format-security -g -O2   netconn.c
rm -f bind.o
x86_64-lfs-linux-gnu-gcc -c   -I. -I../.. -I../.. -I../../lib -I../../include -I.  -DHAVE_CONFIG_H -DSHELL  -Wno-parentheses -Wno-format-security -g -O2   netopen.c
x86_64-lfs-linux-gnu-gcc -c -DHAVE_CONFIG_H -DSHELL   -I. -I/mnt/lfs/sources/bash-5.2.21 -I../.. -I../../lib -Wno-parentheses -Wno-format-security  -g -O2  bind.c
x86_64-lfs-linux-gnu-gcc -c   -I. -I../.. -I../.. -I../../lib -I../../include -I.  -DHAVE_CONFIG_H -DSHELL  -Wno-parentheses -Wno-format-security -g -O2   timeval.c
rm -f let.c
rm -f read.o
x86_64-lfs-linux-gnu-gcc -c   -I. -I../.. -I../.. -I../../lib -I../../include -I.  -DHAVE_CONFIG_H -DSHELL  -Wno-parentheses -Wno-format-security -g -O2   makepath.c
./mkbuiltins -D . read.def
x86_64-lfs-linux-gnu-gcc -c   -DHAVE_CONFIG_H -DSHELL  -I. -I..  -I.. -I../include -I../lib -I.  -Wno-parentheses -Wno-format-security   -g -O2 read.c || ( rm -f read.c ; exit 1 )
rm -f isearch.o
rm -f declare.c
x86_64-lfs-linux-gnu-gcc -c -DHAVE_CONFIG_H -DSHELL   -I. -I/mnt/lfs/sources/bash-5.2.21 -I../.. -I../../lib -Wno-parentheses -Wno-format-security  -g -O2  isearch.c
rm -f return.o
./mkbuiltins -D . return.def
x86_64-lfs-linux-gnu-gcc -c   -DHAVE_CONFIG_H -DSHELL  -I. -I..  -I.. -I../include -I../lib -I.  -Wno-parentheses -Wno-format-security   -g -O2 return.c || ( rm -f return.c ; exit 1 )
x86_64-lfs-linux-gnu-gcc -c   -I. -I../.. -I../.. -I../../lib -I../../include -I.  -DHAVE_CONFIG_H -DSHELL  -Wno-parentheses -Wno-format-security -g -O2   pathcanon.c
x86_64-lfs-linux-gnu-gcc -c   -I. -I../.. -I../.. -I../../lib -I../../include -I.  -DHAVE_CONFIG_H -DSHELL  -Wno-parentheses -Wno-format-security -g -O2   pathphys.c
x86_64-lfs-linux-gnu-gcc -c   -I. -I../.. -I../.. -I../../lib -I../../include -I.  -DHAVE_CONFIG_H -DSHELL  -Wno-parentheses -Wno-format-security -g -O2   tmpfile.c
rm -f fc.c
rm -f display.o
rm -f set.o
x86_64-lfs-linux-gnu-gcc -c -DHAVE_CONFIG_H -DSHELL   -I. -I/mnt/lfs/sources/bash-5.2.21 -I../.. -I../../lib -Wno-parentheses -Wno-format-security  -g -O2  display.c
./mkbuiltins -D . set.def
x86_64-lfs-linux-gnu-gcc -c   -I. -I../.. -I../.. -I../../lib -I../../include -I.  -DHAVE_CONFIG_H -DSHELL  -Wno-parentheses -Wno-format-security -g -O2   stringlist.c
rm -f jobs.c
x86_64-lfs-linux-gnu-gcc -c   -DHAVE_CONFIG_H -DSHELL  -I. -I..  -I.. -I../include -I../lib -I.  -Wno-parentheses -Wno-format-security   -g -O2 set.c || ( rm -f set.c ; exit 1 )
rm -f setattr.o
./mkbuiltins -D . setattr.def
x86_64-lfs-linux-gnu-gcc -c   -DHAVE_CONFIG_H -DSHELL  -I. -I..  -I.. -I../include -I../lib -I.  -Wno-parentheses -Wno-format-security   -g -O2 setattr.c || ( rm -f setattr.c ; exit 1 )
rm -f mapfile.c
x86_64-lfs-linux-gnu-gcc -c   -I. -I../.. -I../.. -I../../lib -I../../include -I.  -DHAVE_CONFIG_H -DSHELL  -Wno-parentheses -Wno-format-security -g -O2   stringvec.c
rm -f shift.o
./mkbuiltins -D . shift.def
x86_64-lfs-linux-gnu-gcc -c   -DHAVE_CONFIG_H -DSHELL  -I. -I..  -I.. -I../include -I../lib -I.  -Wno-parentheses -Wno-format-security   -g -O2 shift.c || ( rm -f shift.c ; exit 1 )
x86_64-lfs-linux-gnu-gcc -c   -I. -I../.. -I../.. -I../../lib -I../../include -I.  -DHAVE_CONFIG_H -DSHELL  -Wno-parentheses -Wno-format-security -g -O2   spell.c
x86_64-lfs-linux-gnu-gcc -c   -I. -I../.. -I../.. -I../../lib -I../../include -I.  -DHAVE_CONFIG_H -DSHELL  -Wno-parentheses -Wno-format-security -g -O2   shquote.c
rm -f return.c
rm -f pushd.c
x86_64-lfs-linux-gnu-gcc -c   -I. -I../.. -I../.. -I../../lib -I../../include -I.  -DHAVE_CONFIG_H -DSHELL  -Wno-parentheses -Wno-format-security -g -O2   strtrans.c
rm -f source.o
x86_64-lfs-linux-gnu-gcc -c   -I. -I../.. -I../.. -I../../lib -I../../include -I.  -DHAVE_CONFIG_H -DSHELL  -Wno-parentheses -Wno-format-security -g -O2   snprintf.c
rm -f history.c
./mkbuiltins -D . source.def
rm -f suspend.o
x86_64-lfs-linux-gnu-gcc -c   -DHAVE_CONFIG_H -DSHELL  -I. -I..  -I.. -I../include -I../lib -I.  -Wno-parentheses -Wno-format-security   -g -O2 source.c || ( rm -f source.c ; exit 1 )
./mkbuiltins -D . suspend.def
rm -f test.o
rm -f help.c
x86_64-lfs-linux-gnu-gcc -c   -DHAVE_CONFIG_H -DSHELL  -I. -I..  -I.. -I../include -I../lib -I.  -Wno-parentheses -Wno-format-security   -g -O2 suspend.c || ( rm -f suspend.c ; exit 1 )
./mkbuiltins -D . test.def
x86_64-lfs-linux-gnu-gcc -c   -I. -I../.. -I../.. -I../../lib -I../../include -I.  -DHAVE_CONFIG_H -DSHELL  -Wno-parentheses -Wno-format-security -g -O2   mailstat.c
rm -f times.o
x86_64-lfs-linux-gnu-gcc -c   -DHAVE_CONFIG_H -DSHELL  -I. -I..  -I.. -I../include -I../lib -I.  -Wno-parentheses -Wno-format-security   -g -O2 test.c || ( rm -f test.c ; exit 1 )
./mkbuiltins -D . times.def
x86_64-lfs-linux-gnu-gcc -c   -DHAVE_CONFIG_H -DSHELL  -I. -I..  -I.. -I../include -I../lib -I.  -Wno-parentheses -Wno-format-security   -g -O2 times.c || ( rm -f times.c ; exit 1 )
rm -f shift.c
rm -f trap.o
rm -f signals.o
./mkbuiltins -D . trap.def
x86_64-lfs-linux-gnu-gcc -c   -DHAVE_CONFIG_H -DSHELL  -I. -I..  -I.. -I../include -I../lib -I.  -Wno-parentheses -Wno-format-security   -g -O2 trap.c || ( rm -f trap.c ; exit 1 )
x86_64-lfs-linux-gnu-gcc -c -DHAVE_CONFIG_H -DSHELL   -I. -I/mnt/lfs/sources/bash-5.2.21 -I../.. -I../../lib -Wno-parentheses -Wno-format-security  -g -O2  signals.c
x86_64-lfs-linux-gnu-gcc -c   -I. -I../.. -I../.. -I../../lib -I../../include -I.  -DHAVE_CONFIG_H -DSHELL  -Wno-parentheses -Wno-format-security -g -O2   fmtulong.c
rm -f test.c
rm -f type.o
./mkbuiltins -D . type.def
x86_64-lfs-linux-gnu-gcc -c   -DHAVE_CONFIG_H -DSHELL  -I. -I..  -I.. -I../include -I../lib -I.  -Wno-parentheses -Wno-format-security   -g -O2 type.c || ( rm -f type.c ; exit 1 )
making lib/tilde/libtilde.a in ./lib/tilde
rm -f util.o
x86_64-lfs-linux-gnu-gcc -c   -I. -I../.. -I../.. -I../../lib -I../../include -I.  -DHAVE_CONFIG_H -DSHELL  -Wno-parentheses -Wno-format-security -g -O2   fmtullong.c
make[1]: Entering directory '/mnt/lfs/sources/bash-5.2.21/lib/tilde'
x86_64-lfs-linux-gnu-gcc -c   -DHAVE_CONFIG_H -DSHELL  -I. -I../.. -I../.. -I../../include -I../../lib -Wno-parentheses -Wno-format-security  -g -O2 tilde.c
x86_64-lfs-linux-gnu-gcc -c -DHAVE_CONFIG_H -DSHELL   -I. -I/mnt/lfs/sources/bash-5.2.21 -I../.. -I../../lib -Wno-parentheses -Wno-format-security  -g -O2  util.c
x86_64-lfs-linux-gnu-gcc -c   -I. -I../.. -I../.. -I../../lib -I../../include -I.  -DHAVE_CONFIG_H -DSHELL  -Wno-parentheses -Wno-format-security -g -O2   fmtumax.c
x86_64-lfs-linux-gnu-gcc -c   -I. -I../.. -I../.. -I../../lib -I../../include -I.  -DHAVE_CONFIG_H -DSHELL  -Wno-parentheses -Wno-format-security -g -O2   zcatfd.c
rm -f suspend.c
gcc  -DHAVE_CONFIG_H -DSHELL  -I. -I..  -I.. -I../include -I../lib -I.  -Wno-parentheses -Wno-format-security   -g -DCROSS_COMPILING -rdynamic -g -DCROSS_COMPILING -o psize.aux ./psize.c
rm -f source.c
rm -f umask.o
./mkbuiltins -D . umask.def
x86_64-lfs-linux-gnu-gcc -c   -DHAVE_CONFIG_H -DSHELL  -I. -I..  -I.. -I../include -I../lib -I.  -Wno-parentheses -Wno-format-security   -g -O2 umask.c || ( rm -f umask.c ; exit 1 )
rm -f kill.o
rm -f times.c
x86_64-lfs-linux-gnu-gcc -c -DHAVE_CONFIG_H -DSHELL   -I. -I/mnt/lfs/sources/bash-5.2.21 -I../.. -I../../lib -Wno-parentheses -Wno-format-security  -g -O2  kill.c
rm -f wait.o
x86_64-lfs-linux-gnu-gcc -c   -I. -I../.. -I../.. -I../../lib -I../../include -I.  -DHAVE_CONFIG_H -DSHELL  -Wno-parentheses -Wno-format-security -g -O2   zmapfd.c
./mkbuiltins -D . wait.def
x86_64-lfs-linux-gnu-gcc -c   -I. -I../.. -I../.. -I../../lib -I../../include -I.  -DHAVE_CONFIG_H -DSHELL  -Wno-parentheses -Wno-format-security -g -O2   winsize.c
x86_64-lfs-linux-gnu-gcc -c   -DHAVE_CONFIG_H -DSHELL  -I. -I..  -I.. -I../include -I../lib -I.  -Wno-parentheses -Wno-format-security   -g -O2 wait.c || ( rm -f wait.c ; exit 1 )
x86_64-lfs-linux-gnu-gcc -c   -I. -I../.. -I../.. -I../../lib -I../../include -I.  -DHAVE_CONFIG_H -DSHELL  -Wno-parentheses -Wno-format-security -g -O2   wcsdup.c
x86_64-lfs-linux-gnu-gcc -c   -I. -I../.. -I../.. -I../../lib -I../../include -I.  -DHAVE_CONFIG_H -DSHELL  -Wno-parentheses -Wno-format-security -g -O2   fpurge.c
rm -f undo.o
x86_64-lfs-linux-gnu-gcc -c -DHAVE_CONFIG_H -DSHELL   -I. -I/mnt/lfs/sources/bash-5.2.21 -I../.. -I../../lib -Wno-parentheses -Wno-format-security  -g -O2  undo.c
x86_64-lfs-linux-gnu-gcc -c   -I. -I../.. -I../.. -I../../lib -I../../include -I.  -DHAVE_CONFIG_H -DSHELL  -Wno-parentheses -Wno-format-security -g -O2   zgetline.c
x86_64-lfs-linux-gnu-gcc -c   -I. -I../.. -I../.. -I../../lib -I../../include -I.  -DHAVE_CONFIG_H -DSHELL  -Wno-parentheses -Wno-format-security -g -O2   mbscmp.c
rm -f getopts.o
x86_64-lfs-linux-gnu-gcc -c   -I. -I../.. -I../.. -I../../lib -I../../include -I.  -DHAVE_CONFIG_H -DSHELL  -Wno-parentheses -Wno-format-security -g -O2   uconvert.c
./mkbuiltins -D . getopts.def
x86_64-lfs-linux-gnu-gcc -c   -DHAVE_CONFIG_H -DSHELL  -I. -I..  -I.. -I../include -I../lib -I.  -Wno-parentheses -Wno-format-security   -g -O2 getopts.c || ( rm -f getopts.c ; exit 1 )
x86_64-lfs-linux-gnu-gcc -c   -I. -I../.. -I../.. -I../../lib -I../../include -I.  -DHAVE_CONFIG_H -DSHELL  -Wno-parentheses -Wno-format-security -g -O2   ufuncs.c
rm -f trap.c
x86_64-lfs-linux-gnu-gcc -c   -I. -I../.. -I../.. -I../../lib -I../../include -I.  -DHAVE_CONFIG_H -DSHELL  -Wno-parentheses -Wno-format-security -g -O2   casemod.c
rm -f shopt.o
x86_64-lfs-linux-gnu-gcc -c   -I. -I../.. -I../.. -I../../lib -I../../include -I.  -DHAVE_CONFIG_H -DSHELL  -Wno-parentheses -Wno-format-security -g -O2   input_avail.c
x86_64-lfs-linux-gnu-gcc -c   -I. -I../.. -I../.. -I../../lib -I../../include -I.  -DHAVE_CONFIG_H -DSHELL  -Wno-parentheses -Wno-format-security -g -O2   mbscasecmp.c
./mkbuiltins -D . shopt.def
x86_64-lfs-linux-gnu-gcc -c   -I. -I../.. -I../.. -I../../lib -I../../include -I.  -DHAVE_CONFIG_H -DSHELL  -Wno-parentheses -Wno-format-security -g -O2   fnxform.c
rm -f setattr.c
x86_64-lfs-linux-gnu-gcc -c   -DHAVE_CONFIG_H -DSHELL  -I. -I..  -I.. -I../include -I../lib -I.  -Wno-parentheses -Wno-format-security   -g -O2 shopt.c || ( rm -f shopt.c ; exit 1 )
rm -f printf.o
./mkbuiltins -D . printf.def
rm -f wait.c
rm -f libtilde.a
x86_64-lfs-linux-gnu-gcc -c   -DHAVE_CONFIG_H -DSHELL  -I. -I..  -I.. -I../include -I../lib -I.  -Wno-parentheses -Wno-format-security   -g -O2 printf.c || ( rm -f printf.c ; exit 1 )
x86_64-lfs-linux-gnu-ar cr libtilde.a tilde.o
rm -f getopt.o
x86_64-lfs-linux-gnu-gcc -c   -DHAVE_CONFIG_H -DSHELL  -I. -I..  -I.. -I../include -I../lib -I.  -Wno-parentheses -Wno-format-security   -g -O2 getopt.c
test -n "x86_64-lfs-linux-gnu-ranlib" && x86_64-lfs-linux-gnu-ranlib libtilde.a
x86_64-lfs-linux-gnu-gcc -c   -I. -I../.. -I../.. -I../../lib -I../../include -I.  -DHAVE_CONFIG_H -DSHELL  -Wno-parentheses -Wno-format-security -g -O2   unicode.c
make[1]: Leaving directory '/mnt/lfs/sources/bash-5.2.21/lib/tilde'
x86_64-lfs-linux-gnu-gcc -c   -I. -I../.. -I../.. -I../../lib -I../../include -I.  -DHAVE_CONFIG_H -DSHELL  -Wno-parentheses -Wno-format-security -g -O2   shmbchar.c
rm -f macro.o
rm -f input.o
x86_64-lfs-linux-gnu-gcc -c -DHAVE_CONFIG_H -DSHELL   -I. -I/mnt/lfs/sources/bash-5.2.21 -I../.. -I../../lib -Wno-parentheses -Wno-format-security  -g -O2  macro.c
x86_64-lfs-linux-gnu-gcc -c -DHAVE_CONFIG_H -DSHELL   -I. -I/mnt/lfs/sources/bash-5.2.21 -I../.. -I../../lib -Wno-parentheses -Wno-format-security  -g -O2  input.c
x86_64-lfs-linux-gnu-gcc -c   -I. -I../.. -I../.. -I../../lib -I../../include -I.  -DHAVE_CONFIG_H -DSHELL  -Wno-parentheses -Wno-format-security -g -O2   strvis.c
rm -f type.c
rm -f bashgetopt.o
x86_64-lfs-linux-gnu-gcc -c   -I. -I../.. -I../.. -I../../lib -I../../include -I.  -DHAVE_CONFIG_H -DSHELL  -Wno-parentheses -Wno-format-security -g -O2   utf8.c
x86_64-lfs-linux-gnu-gcc -c   -DHAVE_CONFIG_H -DSHELL  -I. -I..  -I.. -I../include -I../lib -I.  -Wno-parentheses -Wno-format-security   -g -O2 bashgetopt.c
rm -f callback.o
rm -f umask.c
rm -f complete.o
x86_64-lfs-linux-gnu-gcc -c -DHAVE_CONFIG_H -DSHELL   -I. -I/mnt/lfs/sources/bash-5.2.21 -I../.. -I../../lib -Wno-parentheses -Wno-format-security  -g -O2  callback.c
./mkbuiltins -D . complete.def
x86_64-lfs-linux-gnu-gcc -c   -I. -I../.. -I../.. -I../../lib -I../../include -I.  -DHAVE_CONFIG_H -DSHELL  -Wno-parentheses -Wno-format-security -g -O2   random.c
x86_64-lfs-linux-gnu-gcc -c   -DHAVE_CONFIG_H -DSHELL  -I. -I..  -I.. -I../include -I../lib -I.  -Wno-parentheses -Wno-format-security   -g -O2 complete.c || ( rm -f complete.c ; exit 1 )
x86_64-lfs-linux-gnu-gcc -c   -I. -I../.. -I../.. -I../../lib -I../../include -I.  -DHAVE_CONFIG_H -DSHELL  -Wno-parentheses -Wno-format-security -g -O2   gettimeofday.c
rm -f set.c
/bin/sh ./psize.sh > pipesize.h
x86_64-lfs-linux-gnu-gcc -c   -I. -I../.. -I../.. -I../../lib -I../../include -I.  -DHAVE_CONFIG_H -DSHELL  -Wno-parentheses -Wno-format-security -g -O2   timers.c
rm -f terminal.o
x86_64-lfs-linux-gnu-gcc -c -DHAVE_CONFIG_H -DSHELL   -I. -I/mnt/lfs/sources/bash-5.2.21 -I../.. -I../../lib -Wno-parentheses -Wno-format-security  -g -O2  terminal.c
x86_64-lfs-linux-gnu-gcc -c   -I. -I../.. -I../.. -I../../lib -I../../include -I.  -DHAVE_CONFIG_H -DSHELL  -Wno-parentheses -Wno-format-security -g -O2   wcsnwidth.c
rm -f getopts.c
x86_64-lfs-linux-gnu-gcc -c   -I. -I../.. -I../.. -I../../lib -I../../include -I.  -DHAVE_CONFIG_H -DSHELL  -Wno-parentheses -Wno-format-security -g -O2   mktime.c
x86_64-lfs-linux-gnu-gcc -c   -I. -I../.. -I../.. -I../../lib -I../../include -I.  -DHAVE_CONFIG_H -DSHELL  -Wno-parentheses -Wno-format-security -g -O2   mbschr.c
x86_64-lfs-linux-gnu-gcc -c   -I. -I../.. -I../.. -I../../lib -I../../include -I.  -DHAVE_CONFIG_H -DSHELL  -Wno-parentheses -Wno-format-security -g -O2   getcwd.c
rm -f read.c
x86_64-lfs-linux-gnu-gcc -c   -I. -I../.. -I../.. -I../../lib -I../../include -I.  -DHAVE_CONFIG_H -DSHELL  -Wno-parentheses -Wno-format-security -g -O2   strtoimax.c
rm -f text.o
rm -f nls.o
x86_64-lfs-linux-gnu-gcc -c -DHAVE_CONFIG_H -DSHELL   -I. -I/mnt/lfs/sources/bash-5.2.21 -I../.. -I../../lib -Wno-parentheses -Wno-format-security  -g -O2  text.c
x86_64-lfs-linux-gnu-gcc -c -DHAVE_CONFIG_H -DSHELL   -I. -I/mnt/lfs/sources/bash-5.2.21 -I../.. -I../../lib -Wno-parentheses -Wno-format-security  -g -O2  nls.c
rm -f misc.o
rm -f history.o
x86_64-lfs-linux-gnu-gcc -c -DHAVE_CONFIG_H -DSHELL   -I. -I/mnt/lfs/sources/bash-5.2.21 -I../.. -I../../lib -Wno-parentheses -Wno-format-security  -g -O2  misc.c
x86_64-lfs-linux-gnu-gcc -c -DHAVE_CONFIG_H -DSHELL   -I. -I/mnt/lfs/sources/bash-5.2.21 -I../.. -I../../lib -Wno-parentheses -Wno-format-security  -g -O2  history.c
rm -f histexpand.o
x86_64-lfs-linux-gnu-gcc -c -DHAVE_CONFIG_H -DSHELL   -I. -I/mnt/lfs/sources/bash-5.2.21 -I../.. -I../../lib -Wno-parentheses -Wno-format-security  -g -O2  histexpand.c
rm -f libsh.a
rm -f histfile.o
x86_64-lfs-linux-gnu-ar cr libsh.a clktck.o clock.o getenv.o oslib.o setlinebuf.o strnlen.o itos.o zread.o zwrite.o shtty.o shmatch.o eaccess.o netconn.o netopen.o timeval.o makepath.o pathcanon.o pathphys.o tmpfile.o stringlist.o stringvec.o spell.o shquote.o strtrans.o snprintf.o mailstat.o fmtulong.o fmtullong.o fmtumax.o zcatfd.o zmapfd.o winsize.o wcsdup.o fpurge.o zgetline.o mbscmp.o uconvert.o ufuncs.o casemod.o input_avail.o mbscasecmp.o fnxform.o unicode.o shmbchar.o strvis.o utf8.o random.o gettimeofday.o timers.o wcsnwidth.o mktime.o mbschr.o getcwd.o strtoimax.o
x86_64-lfs-linux-gnu-gcc -c -DHAVE_CONFIG_H -DSHELL   -I. -I/mnt/lfs/sources/bash-5.2.21 -I../.. -I../../lib -Wno-parentheses -Wno-format-security  -g -O2  histfile.c
rm -f shopt.c
rm -f complete.c
test -n "x86_64-lfs-linux-gnu-ranlib" && x86_64-lfs-linux-gnu-ranlib libsh.a
make[1]: Leaving directory '/mnt/lfs/sources/bash-5.2.21/lib/sh'
rm -f histsearch.o
rm -f shell.o
x86_64-lfs-linux-gnu-gcc -c -DHAVE_CONFIG_H -DSHELL   -I. -I/mnt/lfs/sources/bash-5.2.21 -I../.. -I../../lib -Wno-parentheses -Wno-format-security  -g -O2  histsearch.c
rm -f printf.c
x86_64-lfs-linux-gnu-gcc -c -DHAVE_CONFIG_H -DSHELL   -I. -I/mnt/lfs/sources/bash-5.2.21 -I../.. -I../../lib -Wno-parentheses -Wno-format-security  -g -O2  shell.c
rm -f savestring.o
x86_64-lfs-linux-gnu-gcc -c -DHAVE_CONFIG_H -DSHELL   -I. -I/mnt/lfs/sources/bash-5.2.21 -I../.. -I../../lib -Wno-parentheses -Wno-format-security  -g -O2  savestring.c
rm -f mbutil.o
x86_64-lfs-linux-gnu-gcc -c -DHAVE_CONFIG_H -DSHELL   -I. -I/mnt/lfs/sources/bash-5.2.21 -I../.. -I../../lib -Wno-parentheses -Wno-format-security  -g -O2  mbutil.c
rm -f tilde.o
rm -f colors.o
x86_64-lfs-linux-gnu-gcc -DHAVE_CONFIG_H -DSHELL   -I. -I/mnt/lfs/sources/bash-5.2.21 -I../.. -I../../lib -Wno-parentheses -Wno-format-security  -g -O2  -DREADLINE_LIBRARY -c ./tilde.c
x86_64-lfs-linux-gnu-gcc -c -DHAVE_CONFIG_H -DSHELL   -I. -I/mnt/lfs/sources/bash-5.2.21 -I../.. -I../../lib -Wno-parentheses -Wno-format-security  -g -O2  colors.c
rm -f parse-colors.o
x86_64-lfs-linux-gnu-gcc -c -DHAVE_CONFIG_H -DSHELL   -I. -I/mnt/lfs/sources/bash-5.2.21 -I../.. -I../../lib -Wno-parentheses -Wno-format-security  -g -O2  parse-colors.c
rm -f xmalloc.o
x86_64-lfs-linux-gnu-gcc -c -DHAVE_CONFIG_H -DSHELL   -I. -I/mnt/lfs/sources/bash-5.2.21 -I../.. -I../../lib -Wno-parentheses -Wno-format-security  -g -O2  xmalloc.c
rm -f xfree.o
x86_64-lfs-linux-gnu-gcc -c -DHAVE_CONFIG_H -DSHELL   -I. -I/mnt/lfs/sources/bash-5.2.21 -I../.. -I../../lib -Wno-parentheses -Wno-format-security  -g -O2  xfree.c
rm -f -f libglob.a
x86_64-lfs-linux-gnu-ar cr libglob.a glob.o strmatch.o smatch.o xmbsrtowcs.o gmisc.o
rm -f compat.o
x86_64-lfs-linux-gnu-gcc -c -DHAVE_CONFIG_H -DSHELL   -I. -I/mnt/lfs/sources/bash-5.2.21 -I../.. -I../../lib -Wno-parentheses -Wno-format-security  -g -O2  compat.c
test -n "x86_64-lfs-linux-gnu-ranlib" && x86_64-lfs-linux-gnu-ranlib libglob.a
make[1]: Leaving directory '/mnt/lfs/sources/bash-5.2.21/lib/glob'
rm -f y.tab.o
x86_64-lfs-linux-gnu-gcc  -DPROGRAM='"bash"' -DCONF_HOSTTYPE='"x86_64"' -DCONF_OSTYPE='"linux-gnu"' -DCONF_MACHTYPE='"x86_64-lfs-linux-gnu"' -DCONF_VENDOR='"lfs"' -DLOCALEDIR='"/usr/share/locale"' -DPACKAGE='"bash"' -DSHELL -DHAVE_CONFIG_H   -I.  -I. -I./include -I./lib  -Wno-parentheses -Wno-format-security   -g -O2 -c y.tab.c
rm -f libreadline.a
x86_64-lfs-linux-gnu-ar cr libreadline.a readline.o vi_mode.o funmap.o keymaps.o parens.o search.o rltty.o complete.o bind.o isearch.o display.o signals.o util.o kill.o undo.o macro.o input.o callback.o terminal.o text.o nls.o misc.o history.o histexpand.o histfile.o histsearch.o shell.o savestring.o mbutil.o tilde.o colors.o parse-colors.o xmalloc.o xfree.o compat.o 
test -n "x86_64-lfs-linux-gnu-ranlib" && x86_64-lfs-linux-gnu-ranlib libreadline.a
make[1]: Leaving directory '/mnt/lfs/sources/bash-5.2.21/lib/readline'
making lib/readline/libhistory.a in ./lib/readline
make[1]: Entering directory '/mnt/lfs/sources/bash-5.2.21/lib/readline'
rm -f libhistory.a
x86_64-lfs-linux-gnu-ar cr libhistory.a history.o histexpand.o histfile.o histsearch.o shell.o savestring.o mbutil.o xmalloc.o xfree.o
test -n "x86_64-lfs-linux-gnu-ranlib" && x86_64-lfs-linux-gnu-ranlib libhistory.a
make[1]: Leaving directory '/mnt/lfs/sources/bash-5.2.21/lib/readline'
rm -f ulimit.o
./mkbuiltins -D . ulimit.def
x86_64-lfs-linux-gnu-gcc -c   -DHAVE_CONFIG_H -DSHELL  -I. -I..  -I.. -I../include -I../lib -I.  -Wno-parentheses -Wno-format-security   -g -O2 ulimit.c || ( rm -f ulimit.c ; exit 1 )
rm -f ulimit.c
rm -f libbuiltins.a
x86_64-lfs-linux-gnu-ar cr libbuiltins.a builtins.o alias.o bind.o break.o builtin.o caller.o cd.o colon.o command.o common.o declare.o echo.o enable.o eval.o evalfile.o evalstring.o exec.o exit.o fc.o fg_bg.o hash.o help.o history.o jobs.o kill.o let.o mapfile.o pushd.o read.o return.o set.o setattr.o shift.o source.o suspend.o test.o times.o trap.o type.o ulimit.o umask.o wait.o getopts.o shopt.o printf.o getopt.o bashgetopt.o complete.o
x86_64-lfs-linux-gnu-ranlib libbuiltins.a
make[1]: Leaving directory '/mnt/lfs/sources/bash-5.2.21/builtins'
make[1]: Entering directory '/mnt/lfs/sources/bash-5.2.21/builtins'
make[1]: 'pipesize.h' is up to date.
make[1]: Leaving directory '/mnt/lfs/sources/bash-5.2.21/builtins'
rm -f redir.o
x86_64-lfs-linux-gnu-gcc  -DPROGRAM='"bash"' -DCONF_HOSTTYPE='"x86_64"' -DCONF_OSTYPE='"linux-gnu"' -DCONF_MACHTYPE='"x86_64-lfs-linux-gnu"' -DCONF_VENDOR='"lfs"' -DLOCALEDIR='"/usr/share/locale"' -DPACKAGE='"bash"' -DSHELL -DHAVE_CONFIG_H   -I.  -I. -I./include -I./lib  -Wno-parentheses -Wno-format-security   -g -O2 -c redir.c
rm -f bash
x86_64-lfs-linux-gnu-gcc -L./builtins -L./lib/readline -L./lib/readline -L./lib/glob -L./lib/tilde  -L./lib/sh  -rdynamic -g -O2   -o bash shell.o eval.o y.tab.o general.o make_cmd.o print_cmd.o  dispose_cmd.o execute_cmd.o variables.o copy_cmd.o error.o expr.o flags.o jobs.o subst.o hashcmd.o hashlib.o mailcheck.o trap.o input.o unwind_prot.o pathexp.o sig.o test.o version.o alias.o array.o arrayfunc.o assoc.o braces.o bracecomp.o bashhist.o bashline.o  list.o stringlib.o locale.o findcmd.o redir.o pcomplete.o pcomplib.o syntax.o xmalloc.o signames.o -lbuiltins -lglob -lsh -lreadline -lhistory -lncurses -ltilde     -ldl 
ls -l bash
-rwxr-xr-x 1 lfs lfs 4296304 Aug 24 16:34 bash
x86_64-lfs-linux-gnu-size bash
   text	   data	    bss	    dec	    hex	filename
1209768	  47604	  46272	1303644	 13e45c	bash

make[1]: Entering directory '/mnt/lfs/sources/bash-5.2.21/builtins'
make[1]: 'pipesize.h' is up to date.
make[1]: Leaving directory '/mnt/lfs/sources/bash-5.2.21/builtins'
	  ***********************************************************
	  *                                                         *
	  * GNU bash, version 5.2.21(1)-release (x86_64-lfs-linux-gnu)
mkdir -p -- /mnt/lfs/usr/share/doc/bash
( cd ./po/ ; make -j8 --jobserver-auth=3,4 DESTDIR=/mnt/lfs installdirs )
	  *                                                         *
	  ***********************************************************

make[1]: Entering directory '/mnt/lfs/sources/bash-5.2.21/po'
/bin/sh ../support/mkinstalldirs /mnt/lfs/usr/share
mkdir -p -- /mnt/lfs/usr/share/locale/en@quot/LC_MESSAGES
mkdir -p -- /mnt/lfs/usr/share/locale/en@boldquot/LC_MESSAGES
mkdir -p -- /mnt/lfs/usr/share/locale/af/LC_MESSAGES
mkdir -p -- /mnt/lfs/usr/share/locale/et/LC_MESSAGES
if test "bash" = "gettext-tools"; then \
  /bin/sh ../support/mkinstalldirs /mnt/lfs/usr/share/gettext/po; \
else \
  : ; \
fi
make[1]: Leaving directory '/mnt/lfs/sources/bash-5.2.21/po'
/usr/bin/install -c -m 0755 bash /mnt/lfs/usr/bin/bash
/usr/bin/install -c -m 0555 bashbug /mnt/lfs/usr/bin/bashbug
/usr/bin/install -c -m 644 ./CHANGES ./COMPAT ./NEWS ./POSIX ./RBASH ./README /mnt/lfs/usr/share/doc/bash
( cd ./doc ; make -j8 --jobserver-auth=3,4 \
	man1dir=/usr/share/man/man1 man1ext=.1 \
	man3dir=/usr/share/man/man3 man3ext=.3 \
	infodir=/usr/share/info htmldir=/usr/share/doc/bash DESTDIR=/mnt/lfs install )
make[1]: Entering directory '/mnt/lfs/sources/bash-5.2.21/doc'
/bin/sh ../support/mkinstalldirs /mnt/lfs/usr/share/man/man1
/bin/sh ../support/mkinstalldirs /mnt/lfs/usr/share/info
/bin/sh ../support/mkinstalldirs /mnt/lfs/usr/share/doc/bash
if test -n "/usr/share/doc/bash" ; then \
	/bin/sh ../support/mkinstalldirs /mnt/lfs/usr/share/doc/bash ; \
fi
/usr/bin/install -c -m 644 ./bash.1 /mnt/lfs/usr/share/man/man1/bash.1
/usr/bin/install -c -m 644 ./bashbug.1 /mnt/lfs/usr/share/man/man1/bashbug.1
/usr/bin/install -c -m 644 ./FAQ ./INTRO /mnt/lfs/usr/share/doc/bash
if test -f bash.info; then d=.; else d=.; fi; \
  /usr/bin/install -c -m 644 $d/bash.info /mnt/lfs/usr/share/info/bash.info
if /bin/sh -c 'install-info --version' >/dev/null 2>&1; then \
	install-info --dir-file=/mnt/lfs/usr/share/info/dir /mnt/lfs/usr/share/info/bash.info; \
else true; fi
if test -n "/usr/share/doc/bash" ; then \
	/usr/bin/install -c -m 644 ./bash.html /mnt/lfs/usr/share/doc/bash ; \
	/usr/bin/install -c -m 644 ./bashref.html /mnt/lfs/usr/share/doc/bash ; \
fi
make[1]: Leaving directory '/mnt/lfs/sources/bash-5.2.21/doc'
( cd ./builtins ; make -j8 --jobserver-auth=3,4 DESTDIR=/mnt/lfs install )
make[1]: Entering directory '/mnt/lfs/sources/bash-5.2.21/builtins'
make[1]: Nothing to be done for 'install'.
make[1]: Leaving directory '/mnt/lfs/sources/bash-5.2.21/builtins'
( cd ./po/ ; make -j8 --jobserver-auth=3,4 DESTDIR=/mnt/lfs install )
make[1]: Entering directory '/mnt/lfs/sources/bash-5.2.21/po'
test -z "en@quot.gmo en@boldquot.gmo af.gmo bg.gmo ca.gmo cs.gmo da.gmo de.gmo el.gmo eo.gmo es.gmo et.gmo fi.gmo fr.gmo ga.gmo gl.gmo hr.gmo hu.gmo id.gmo it.gmo ja.gmo ko.gmo lt.gmo nb.gmo nl.gmo pl.gmo pt.gmo pt_BR.gmo ro.gmo ru.gmo sk.gmo sl.gmo sr.gmo sv.gmo tr.gmo uk.gmo vi.gmo zh_CN.gmo zh_TW.gmo" || make en@quot.gmo en@boldquot.gmo af.gmo bg.gmo ca.gmo cs.gmo da.gmo de.gmo el.gmo eo.gmo es.gmo et.gmo fi.gmo fr.gmo ga.gmo gl.gmo hr.gmo hu.gmo id.gmo it.gmo ja.gmo ko.gmo lt.gmo nb.gmo nl.gmo pl.gmo pt.gmo pt_BR.gmo ro.gmo ru.gmo sk.gmo sl.gmo sr.gmo sv.gmo tr.gmo uk.gmo vi.gmo zh_CN.gmo zh_TW.gmo
make[2]: Entering directory '/mnt/lfs/sources/bash-5.2.21/po'
make[2]: 'en@quot.gmo' is up to date.
make[2]: 'en@boldquot.gmo' is up to date.
make[2]: 'af.gmo' is up to date.
make[2]: 'bg.gmo' is up to date.
make[2]: 'ca.gmo' is up to date.
make[2]: 'cs.gmo' is up to date.
make[2]: 'da.gmo' is up to date.
make[2]: 'de.gmo' is up to date.
make[2]: 'el.gmo' is up to date.
make[2]: 'eo.gmo' is up to date.
make[2]: 'es.gmo' is up to date.
make[2]: 'et.gmo' is up to date.
make[2]: 'fi.gmo' is up to date.
make[2]: 'fr.gmo' is up to date.
make[2]: 'ga.gmo' is up to date.
make[2]: 'gl.gmo' is up to date.
make[2]: 'hr.gmo' is up to date.
make[2]: 'hu.gmo' is up to date.
make[2]: 'id.gmo' is up to date.
make[2]: 'it.gmo' is up to date.
make[2]: 'ja.gmo' is up to date.
make[2]: 'ko.gmo' is up to date.
make[2]: 'lt.gmo' is up to date.
make[2]: 'nb.gmo' is up to date.
make[2]: 'nl.gmo' is up to date.
make[2]: 'pl.gmo' is up to date.
make[2]: 'pt.gmo' is up to date.
make[2]: 'pt_BR.gmo' is up to date.
make[2]: 'ro.gmo' is up to date.
make[2]: 'ru.gmo' is up to date.
make[2]: 'sk.gmo' is up to date.
make[2]: 'sl.gmo' is up to date.
make[2]: 'sr.gmo' is up to date.
make[2]: 'sv.gmo' is up to date.
make[2]: 'tr.gmo' is up to date.
make[2]: 'uk.gmo' is up to date.
make[2]: 'vi.gmo' is up to date.
make[2]: 'zh_CN.gmo' is up to date.
make[2]: 'zh_TW.gmo' is up to date.
make[2]: Leaving directory '/mnt/lfs/sources/bash-5.2.21/po'
touch stamp-po
/bin/sh ../support/mkinstalldirs /mnt/lfs/usr/share
installing en@quot.gmo as /mnt/lfs/usr/share/locale/en@quot/LC_MESSAGES/bash.mo
installing en@boldquot.gmo as /mnt/lfs/usr/share/locale/en@boldquot/LC_MESSAGES/bash.mo
installing af.gmo as /mnt/lfs/usr/share/locale/af/LC_MESSAGES/bash.mo
installing bg.gmo as /mnt/lfs/usr/share/locale/bg/LC_MESSAGES/bash.mo
installing ca.gmo as /mnt/lfs/usr/share/locale/ca/LC_MESSAGES/bash.mo
installing cs.gmo as /mnt/lfs/usr/share/locale/cs/LC_MESSAGES/bash.mo
installing da.gmo as /mnt/lfs/usr/share/locale/da/LC_MESSAGES/bash.mo
installing de.gmo as /mnt/lfs/usr/share/locale/de/LC_MESSAGES/bash.mo
installing el.gmo as /mnt/lfs/usr/share/locale/el/LC_MESSAGES/bash.mo
installing eo.gmo as /mnt/lfs/usr/share/locale/eo/LC_MESSAGES/bash.mo
installing es.gmo as /mnt/lfs/usr/share/locale/es/LC_MESSAGES/bash.mo
installing et.gmo as /mnt/lfs/usr/share/locale/et/LC_MESSAGES/bash.mo
installing fi.gmo as /mnt/lfs/usr/share/locale/fi/LC_MESSAGES/bash.mo
installing fr.gmo as /mnt/lfs/usr/share/locale/fr/LC_MESSAGES/bash.mo
installing ga.gmo as /mnt/lfs/usr/share/locale/ga/LC_MESSAGES/bash.mo
installing gl.gmo as /mnt/lfs/usr/share/locale/gl/LC_MESSAGES/bash.mo
installing hr.gmo as /mnt/lfs/usr/share/locale/hr/LC_MESSAGES/bash.mo
installing hu.gmo as /mnt/lfs/usr/share/locale/hu/LC_MESSAGES/bash.mo
installing id.gmo as /mnt/lfs/usr/share/locale/id/LC_MESSAGES/bash.mo
installing it.gmo as /mnt/lfs/usr/share/locale/it/LC_MESSAGES/bash.mo
installing ja.gmo as /mnt/lfs/usr/share/locale/ja/LC_MESSAGES/bash.mo
installing ko.gmo as /mnt/lfs/usr/share/locale/ko/LC_MESSAGES/bash.mo
installing lt.gmo as /mnt/lfs/usr/share/locale/lt/LC_MESSAGES/bash.mo
installing nb.gmo as /mnt/lfs/usr/share/locale/nb/LC_MESSAGES/bash.mo
installing nl.gmo as /mnt/lfs/usr/share/locale/nl/LC_MESSAGES/bash.mo
installing pl.gmo as /mnt/lfs/usr/share/locale/pl/LC_MESSAGES/bash.mo
installing pt.gmo as /mnt/lfs/usr/share/locale/pt/LC_MESSAGES/bash.mo
installing pt_BR.gmo as /mnt/lfs/usr/share/locale/pt_BR/LC_MESSAGES/bash.mo
installing ro.gmo as /mnt/lfs/usr/share/locale/ro/LC_MESSAGES/bash.mo
installing ru.gmo as /mnt/lfs/usr/share/locale/ru/LC_MESSAGES/bash.mo
installing sk.gmo as /mnt/lfs/usr/share/locale/sk/LC_MESSAGES/bash.mo
installing sl.gmo as /mnt/lfs/usr/share/locale/sl/LC_MESSAGES/bash.mo
installing sr.gmo as /mnt/lfs/usr/share/locale/sr/LC_MESSAGES/bash.mo
installing sv.gmo as /mnt/lfs/usr/share/locale/sv/LC_MESSAGES/bash.mo
installing tr.gmo as /mnt/lfs/usr/share/locale/tr/LC_MESSAGES/bash.mo
installing uk.gmo as /mnt/lfs/usr/share/locale/uk/LC_MESSAGES/bash.mo
installing vi.gmo as /mnt/lfs/usr/share/locale/vi/LC_MESSAGES/bash.mo
installing zh_CN.gmo as /mnt/lfs/usr/share/locale/zh_CN/LC_MESSAGES/bash.mo
installing zh_TW.gmo as /mnt/lfs/usr/share/locale/zh_TW/LC_MESSAGES/bash.mo
if test "bash" = "gettext-tools"; then \
  /bin/sh ../support/mkinstalldirs /mnt/lfs/usr/share/gettext/po; \
  for file in Makefile.in.in remove-potcdate.sin quot.sed boldquot.sed en@quot.header en@boldquot.header insert-header.sin Rules-quot   Makevars.template; do \
    /usr/bin/install -c -m 644 ./$file \
		    /mnt/lfs/usr/share/gettext/po/$file; \
  done; \
  for file in Makevars; do \
    rm -f /mnt/lfs/usr/share/gettext/po/$file; \
  done; \
else \
  : ; \
fi
make[1]: Leaving directory '/mnt/lfs/sources/bash-5.2.21/po'
( cd /mnt/lfs/sources/bash-5.2.21/examples/loadables && make -j8 --jobserver-auth=3,4 DESTDIR=/mnt/lfs install )
make[1]: Entering directory '/mnt/lfs/sources/bash-5.2.21/examples/loadables'
x86_64-lfs-linux-gnu-gcc -fPIC -DHAVE_CONFIG_H -DSHELL   -g -O2 -Wno-parentheses -Wno-format-security -I. -I.. -I../.. -I../../lib -I../../builtins -I. -I../../include -I/mnt/lfs/sources/bash-5.2.21 -I/mnt/lfs/sources/bash-5.2.21/lib -I/mnt/lfs/sources/bash-5.2.21/builtins  -c -o print.o print.c
x86_64-lfs-linux-gnu-gcc -fPIC -DHAVE_CONFIG_H -DSHELL   -g -O2 -Wno-parentheses -Wno-format-security -I. -I.. -I../.. -I../../lib -I../../builtins -I. -I../../include -I/mnt/lfs/sources/bash-5.2.21 -I/mnt/lfs/sources/bash-5.2.21/lib -I/mnt/lfs/sources/bash-5.2.21/builtins  -c -o truefalse.o truefalse.c
x86_64-lfs-linux-gnu-gcc -fPIC -DHAVE_CONFIG_H -DSHELL   -g -O2 -Wno-parentheses -Wno-format-security -I. -I.. -I../.. -I../../lib -I../../builtins -I. -I../../include -I/mnt/lfs/sources/bash-5.2.21 -I/mnt/lfs/sources/bash-5.2.21/lib -I/mnt/lfs/sources/bash-5.2.21/builtins  -c -o sleep.o sleep.c
x86_64-lfs-linux-gnu-gcc -fPIC -DHAVE_CONFIG_H -DSHELL   -g -O2 -Wno-parentheses -Wno-format-security -I. -I.. -I../.. -I../../lib -I../../builtins -I. -I../../include -I/mnt/lfs/sources/bash-5.2.21 -I/mnt/lfs/sources/bash-5.2.21/lib -I/mnt/lfs/sources/bash-5.2.21/builtins  -c -o finfo.o finfo.c
x86_64-lfs-linux-gnu-gcc -fPIC -DHAVE_CONFIG_H -DSHELL   -g -O2 -Wno-parentheses -Wno-format-security -I. -I.. -I../.. -I../../lib -I../../builtins -I. -I../../include -I/mnt/lfs/sources/bash-5.2.21 -I/mnt/lfs/sources/bash-5.2.21/lib -I/mnt/lfs/sources/bash-5.2.21/builtins  -c -o logname.o logname.c
x86_64-lfs-linux-gnu-gcc -fPIC -DHAVE_CONFIG_H -DSHELL   -g -O2 -Wno-parentheses -Wno-format-security -I. -I.. -I../.. -I../../lib -I../../builtins -I. -I../../include -I/mnt/lfs/sources/bash-5.2.21 -I/mnt/lfs/sources/bash-5.2.21/lib -I/mnt/lfs/sources/bash-5.2.21/builtins  -c -o basename.o basename.c
x86_64-lfs-linux-gnu-gcc -fPIC -DHAVE_CONFIG_H -DSHELL   -g -O2 -Wno-parentheses -Wno-format-security -I. -I.. -I../.. -I../../lib -I../../builtins -I. -I../../include -I/mnt/lfs/sources/bash-5.2.21 -I/mnt/lfs/sources/bash-5.2.21/lib -I/mnt/lfs/sources/bash-5.2.21/builtins  -c -o dirname.o dirname.c
x86_64-lfs-linux-gnu-gcc -fPIC -DHAVE_CONFIG_H -DSHELL   -g -O2 -Wno-parentheses -Wno-format-security -I. -I.. -I../.. -I../../lib -I../../builtins -I. -I../../include -I/mnt/lfs/sources/bash-5.2.21 -I/mnt/lfs/sources/bash-5.2.21/lib -I/mnt/lfs/sources/bash-5.2.21/builtins  -c -o fdflags.o fdflags.c
x86_64-lfs-linux-gnu-gcc -fPIC -DHAVE_CONFIG_H -DSHELL   -g -O2 -Wno-parentheses -Wno-format-security -I. -I.. -I../.. -I../../lib -I../../builtins -I. -I../../include -I/mnt/lfs/sources/bash-5.2.21 -I/mnt/lfs/sources/bash-5.2.21/lib -I/mnt/lfs/sources/bash-5.2.21/builtins  -c -o tty.o tty.c
x86_64-lfs-linux-gnu-gcc -fPIC -DHAVE_CONFIG_H -DSHELL   -g -O2 -Wno-parentheses -Wno-format-security -I. -I.. -I../.. -I../../lib -I../../builtins -I. -I../../include -I/mnt/lfs/sources/bash-5.2.21 -I/mnt/lfs/sources/bash-5.2.21/lib -I/mnt/lfs/sources/bash-5.2.21/builtins  -c -o pathchk.o pathchk.c
x86_64-lfs-linux-gnu-gcc -fPIC -DHAVE_CONFIG_H -DSHELL   -g -O2 -Wno-parentheses -Wno-format-security -I. -I.. -I../.. -I../../lib -I../../builtins -I. -I../../include -I/mnt/lfs/sources/bash-5.2.21 -I/mnt/lfs/sources/bash-5.2.21/lib -I/mnt/lfs/sources/bash-5.2.21/builtins  -c -o tee.o tee.c
x86_64-lfs-linux-gnu-gcc -fPIC -DHAVE_CONFIG_H -DSHELL   -g -O2 -Wno-parentheses -Wno-format-security -I. -I.. -I../.. -I../../lib -I../../builtins -I. -I../../include -I/mnt/lfs/sources/bash-5.2.21 -I/mnt/lfs/sources/bash-5.2.21/lib -I/mnt/lfs/sources/bash-5.2.21/builtins  -c -o head.o head.c
x86_64-lfs-linux-gnu-gcc -fPIC -DHAVE_CONFIG_H -DSHELL   -g -O2 -Wno-parentheses -Wno-format-security -I. -I.. -I../.. -I../../lib -I../../builtins -I. -I../../include -I/mnt/lfs/sources/bash-5.2.21 -I/mnt/lfs/sources/bash-5.2.21/lib -I/mnt/lfs/sources/bash-5.2.21/builtins  -c -o mkdir.o mkdir.c
x86_64-lfs-linux-gnu-gcc -fPIC -DHAVE_CONFIG_H -DSHELL   -g -O2 -Wno-parentheses -Wno-format-security -I. -I.. -I../.. -I../../lib -I../../builtins -I. -I../../include -I/mnt/lfs/sources/bash-5.2.21 -I/mnt/lfs/sources/bash-5.2.21/lib -I/mnt/lfs/sources/bash-5.2.21/builtins  -c -o rmdir.o rmdir.c
x86_64-lfs-linux-gnu-gcc -fPIC -DHAVE_CONFIG_H -DSHELL   -g -O2 -Wno-parentheses -Wno-format-security -I. -I.. -I../.. -I../../lib -I../../builtins -I. -I../../include -I/mnt/lfs/sources/bash-5.2.21 -I/mnt/lfs/sources/bash-5.2.21/lib -I/mnt/lfs/sources/bash-5.2.21/builtins  -c -o mkfifo.o mkfifo.c
x86_64-lfs-linux-gnu-gcc -fPIC -DHAVE_CONFIG_H -DSHELL   -g -O2 -Wno-parentheses -Wno-format-security -I. -I.. -I../.. -I../../lib -I../../builtins -I. -I../../include -I/mnt/lfs/sources/bash-5.2.21 -I/mnt/lfs/sources/bash-5.2.21/lib -I/mnt/lfs/sources/bash-5.2.21/builtins  -c -o mktemp.o mktemp.c
x86_64-lfs-linux-gnu-gcc -fPIC -DHAVE_CONFIG_H -DSHELL   -g -O2 -Wno-parentheses -Wno-format-security -I. -I.. -I../.. -I../../lib -I../../builtins -I. -I../../include -I/mnt/lfs/sources/bash-5.2.21 -I/mnt/lfs/sources/bash-5.2.21/lib -I/mnt/lfs/sources/bash-5.2.21/builtins  -c -o printenv.o printenv.c
x86_64-lfs-linux-gnu-gcc -fPIC -DHAVE_CONFIG_H -DSHELL   -g -O2 -Wno-parentheses -Wno-format-security -I. -I.. -I../.. -I../../lib -I../../builtins -I. -I../../include -I/mnt/lfs/sources/bash-5.2.21 -I/mnt/lfs/sources/bash-5.2.21/lib -I/mnt/lfs/sources/bash-5.2.21/builtins  -c -o id.o id.c
x86_64-lfs-linux-gnu-gcc -fPIC -DHAVE_CONFIG_H -DSHELL   -g -O2 -Wno-parentheses -Wno-format-security -I. -I.. -I../.. -I../../lib -I../../builtins -I. -I../../include -I/mnt/lfs/sources/bash-5.2.21 -I/mnt/lfs/sources/bash-5.2.21/lib -I/mnt/lfs/sources/bash-5.2.21/builtins  -c -o whoami.o whoami.c
x86_64-lfs-linux-gnu-gcc -fPIC -DHAVE_CONFIG_H -DSHELL   -g -O2 -Wno-parentheses -Wno-format-security -I. -I.. -I../.. -I../../lib -I../../builtins -I. -I../../include -I/mnt/lfs/sources/bash-5.2.21 -I/mnt/lfs/sources/bash-5.2.21/lib -I/mnt/lfs/sources/bash-5.2.21/builtins  -c -o uname.o uname.c
x86_64-lfs-linux-gnu-gcc -fPIC -DHAVE_CONFIG_H -DSHELL   -g -O2 -Wno-parentheses -Wno-format-security -I. -I.. -I../.. -I../../lib -I../../builtins -I. -I../../include -I/mnt/lfs/sources/bash-5.2.21 -I/mnt/lfs/sources/bash-5.2.21/lib -I/mnt/lfs/sources/bash-5.2.21/builtins  -c -o sync.o sync.c
x86_64-lfs-linux-gnu-gcc -fPIC -DHAVE_CONFIG_H -DSHELL   -g -O2 -Wno-parentheses -Wno-format-security -I. -I.. -I../.. -I../../lib -I../../builtins -I. -I../../include -I/mnt/lfs/sources/bash-5.2.21 -I/mnt/lfs/sources/bash-5.2.21/lib -I/mnt/lfs/sources/bash-5.2.21/builtins  -c -o push.o push.c
x86_64-lfs-linux-gnu-gcc -fPIC -DHAVE_CONFIG_H -DSHELL   -g -O2 -Wno-parentheses -Wno-format-security -I. -I.. -I../.. -I../../lib -I../../builtins -I. -I../../include -I/mnt/lfs/sources/bash-5.2.21 -I/mnt/lfs/sources/bash-5.2.21/lib -I/mnt/lfs/sources/bash-5.2.21/builtins  -c -o ln.o ln.c
x86_64-lfs-linux-gnu-gcc -fPIC -DHAVE_CONFIG_H -DSHELL   -g -O2 -Wno-parentheses -Wno-format-security -I. -I.. -I../.. -I../../lib -I../../builtins -I. -I../../include -I/mnt/lfs/sources/bash-5.2.21 -I/mnt/lfs/sources/bash-5.2.21/lib -I/mnt/lfs/sources/bash-5.2.21/builtins  -c -o unlink.o unlink.c
x86_64-lfs-linux-gnu-gcc -fPIC -DHAVE_CONFIG_H -DSHELL   -g -O2 -Wno-parentheses -Wno-format-security -I. -I.. -I../.. -I../../lib -I../../builtins -I. -I../../include -I/mnt/lfs/sources/bash-5.2.21 -I/mnt/lfs/sources/bash-5.2.21/lib -I/mnt/lfs/sources/bash-5.2.21/builtins  -c -o realpath.o realpath.c
x86_64-lfs-linux-gnu-gcc -fPIC -DHAVE_CONFIG_H -DSHELL   -g -O2 -Wno-parentheses -Wno-format-security -I. -I.. -I../.. -I../../lib -I../../builtins -I. -I../../include -I/mnt/lfs/sources/bash-5.2.21 -I/mnt/lfs/sources/bash-5.2.21/lib -I/mnt/lfs/sources/bash-5.2.21/builtins  -c -o strftime.o strftime.c
x86_64-lfs-linux-gnu-gcc -fPIC -DHAVE_CONFIG_H -DSHELL   -g -O2 -Wno-parentheses -Wno-format-security -I. -I.. -I../.. -I../../lib -I../../builtins -I. -I../../include -I/mnt/lfs/sources/bash-5.2.21 -I/mnt/lfs/sources/bash-5.2.21/lib -I/mnt/lfs/sources/bash-5.2.21/builtins  -c -o mypid.o mypid.c
x86_64-lfs-linux-gnu-gcc -fPIC -DHAVE_CONFIG_H -DSHELL   -g -O2 -Wno-parentheses -Wno-format-security -I. -I.. -I../.. -I../../lib -I../../builtins -I. -I../../include -I/mnt/lfs/sources/bash-5.2.21 -I/mnt/lfs/sources/bash-5.2.21/lib -I/mnt/lfs/sources/bash-5.2.21/builtins  -c -o setpgid.o setpgid.c
x86_64-lfs-linux-gnu-gcc -fPIC -DHAVE_CONFIG_H -DSHELL   -g -O2 -Wno-parentheses -Wno-format-security -I. -I.. -I../.. -I../../lib -I../../builtins -I. -I../../include -I/mnt/lfs/sources/bash-5.2.21 -I/mnt/lfs/sources/bash-5.2.21/lib -I/mnt/lfs/sources/bash-5.2.21/builtins  -c -o seq.o seq.c
x86_64-lfs-linux-gnu-gcc -fPIC -DHAVE_CONFIG_H -DSHELL   -g -O2 -Wno-parentheses -Wno-format-security -I. -I.. -I../.. -I../../lib -I../../builtins -I. -I../../include -I/mnt/lfs/sources/bash-5.2.21 -I/mnt/lfs/sources/bash-5.2.21/lib -I/mnt/lfs/sources/bash-5.2.21/builtins  -c -o rm.o rm.c
x86_64-lfs-linux-gnu-gcc -fPIC -DHAVE_CONFIG_H -DSHELL   -g -O2 -Wno-parentheses -Wno-format-security -I. -I.. -I../.. -I../../lib -I../../builtins -I. -I../../include -I/mnt/lfs/sources/bash-5.2.21 -I/mnt/lfs/sources/bash-5.2.21/lib -I/mnt/lfs/sources/bash-5.2.21/builtins  -c -o accept.o accept.c
x86_64-lfs-linux-gnu-gcc -fPIC -DHAVE_CONFIG_H -DSHELL   -g -O2 -Wno-parentheses -Wno-format-security -I. -I.. -I../.. -I../../lib -I../../builtins -I. -I../../include -I/mnt/lfs/sources/bash-5.2.21 -I/mnt/lfs/sources/bash-5.2.21/lib -I/mnt/lfs/sources/bash-5.2.21/builtins  -c -o csv.o csv.c
x86_64-lfs-linux-gnu-gcc -fPIC -DHAVE_CONFIG_H -DSHELL   -g -O2 -Wno-parentheses -Wno-format-security -I. -I.. -I../.. -I../../lib -I../../builtins -I. -I../../include -I/mnt/lfs/sources/bash-5.2.21 -I/mnt/lfs/sources/bash-5.2.21/lib -I/mnt/lfs/sources/bash-5.2.21/builtins  -c -o dsv.o dsv.c
x86_64-lfs-linux-gnu-gcc -fPIC -DHAVE_CONFIG_H -DSHELL   -g -O2 -Wno-parentheses -Wno-format-security -I. -I.. -I../.. -I../../lib -I../../builtins -I. -I../../include -I/mnt/lfs/sources/bash-5.2.21 -I/mnt/lfs/sources/bash-5.2.21/lib -I/mnt/lfs/sources/bash-5.2.21/builtins  -c -o cut.o cut.c
x86_64-lfs-linux-gnu-gcc -fPIC -DHAVE_CONFIG_H -DSHELL   -g -O2 -Wno-parentheses -Wno-format-security -I. -I.. -I../.. -I../../lib -I../../builtins -I. -I../../include -I/mnt/lfs/sources/bash-5.2.21 -I/mnt/lfs/sources/bash-5.2.21/lib -I/mnt/lfs/sources/bash-5.2.21/builtins  -c -o stat.o stat.c
x86_64-lfs-linux-gnu-gcc -fPIC -DHAVE_CONFIG_H -DSHELL   -g -O2 -Wno-parentheses -Wno-format-security -I. -I.. -I../.. -I../../lib -I../../builtins -I. -I../../include -I/mnt/lfs/sources/bash-5.2.21 -I/mnt/lfs/sources/bash-5.2.21/lib -I/mnt/lfs/sources/bash-5.2.21/builtins  -c -o getconf.o getconf.c
mkdir -p -- /mnt/lfs/usr/lib/bash
x86_64-lfs-linux-gnu-gcc -shared -Wl,-soname,print   -o print print.o 
x86_64-lfs-linux-gnu-gcc -shared -Wl,-soname,truefalse   -o truefalse truefalse.o 
x86_64-lfs-linux-gnu-gcc -shared -Wl,-soname,sleep   -o sleep sleep.o 
x86_64-lfs-linux-gnu-gcc -shared -Wl,-soname,finfo   -o finfo finfo.o 
x86_64-lfs-linux-gnu-gcc -shared -Wl,-soname,logname   -o logname logname.o 
x86_64-lfs-linux-gnu-gcc -shared -Wl,-soname,basename   -o basename basename.o 
x86_64-lfs-linux-gnu-gcc -shared -Wl,-soname,dirname   -o dirname dirname.o 
x86_64-lfs-linux-gnu-gcc -shared -Wl,-soname,fdflags   -o fdflags fdflags.o 
x86_64-lfs-linux-gnu-gcc -shared -Wl,-soname,tty   -o tty tty.o 
x86_64-lfs-linux-gnu-gcc -shared -Wl,-soname,pathchk   -o pathchk pathchk.o 
x86_64-lfs-linux-gnu-gcc -shared -Wl,-soname,tee   -o tee tee.o 
x86_64-lfs-linux-gnu-gcc -shared -Wl,-soname,head   -o head head.o 
x86_64-lfs-linux-gnu-gcc -shared -Wl,-soname,mkdir   -o mkdir mkdir.o 
x86_64-lfs-linux-gnu-gcc -shared -Wl,-soname,rmdir   -o rmdir rmdir.o 
x86_64-lfs-linux-gnu-gcc -shared -Wl,-soname,mkfifo   -o mkfifo mkfifo.o 
x86_64-lfs-linux-gnu-gcc -shared -Wl,-soname,mktemp   -o mktemp mktemp.o 
x86_64-lfs-linux-gnu-gcc -shared -Wl,-soname,printenv   -o printenv printenv.o 
x86_64-lfs-linux-gnu-gcc -shared -Wl,-soname,id   -o id id.o 
x86_64-lfs-linux-gnu-gcc -shared -Wl,-soname,whoami   -o whoami whoami.o 
x86_64-lfs-linux-gnu-gcc -shared -Wl,-soname,uname   -o uname uname.o 
x86_64-lfs-linux-gnu-gcc -shared -Wl,-soname,sync   -o sync sync.o 
x86_64-lfs-linux-gnu-gcc -shared -Wl,-soname,push   -o push push.o 
x86_64-lfs-linux-gnu-gcc -shared -Wl,-soname,ln   -o ln ln.o 
x86_64-lfs-linux-gnu-gcc -shared -Wl,-soname,unlink   -o unlink unlink.o 
x86_64-lfs-linux-gnu-gcc -shared -Wl,-soname,realpath   -o realpath realpath.o 
x86_64-lfs-linux-gnu-gcc -shared -Wl,-soname,strftime   -o strftime strftime.o 
x86_64-lfs-linux-gnu-gcc -shared -Wl,-soname,mypid   -o mypid mypid.o 
x86_64-lfs-linux-gnu-gcc -shared -Wl,-soname,setpgid   -o setpgid setpgid.o 
x86_64-lfs-linux-gnu-gcc -shared -Wl,-soname,seq   -o seq seq.o 
x86_64-lfs-linux-gnu-gcc -shared -Wl,-soname,rm   -o rm rm.o 
x86_64-lfs-linux-gnu-gcc -shared -Wl,-soname,accept   -o accept accept.o 
x86_64-lfs-linux-gnu-gcc -shared -Wl,-soname,csv   -o csv csv.o 
x86_64-lfs-linux-gnu-gcc -shared -Wl,-soname,dsv   -o dsv dsv.o 
x86_64-lfs-linux-gnu-gcc -shared -Wl,-soname,cut   -o cut cut.o 
x86_64-lfs-linux-gnu-gcc -shared -Wl,-soname,stat   -o stat stat.o 
x86_64-lfs-linux-gnu-gcc -shared -Wl,-soname,getconf   -o getconf getconf.o 
make[2]: Entering directory '/mnt/lfs/sources/bash-5.2.21'
mkdir -p -- /mnt/lfs/usr/include/bash
mkdir -p -- /mnt/lfs/usr/include/bash/builtins
mkdir -p -- /mnt/lfs/usr/include/bash/include
mkdir -p -- /mnt/lfs/usr/lib/pkgconfig
/usr/bin/install -c -m 644 ./support/bash.pc /mnt/lfs/usr/lib/pkgconfig/bash.pc
make[2]: Leaving directory '/mnt/lfs/sources/bash-5.2.21'
installing example loadable builtins in /mnt/lfs/usr/lib/bash
print
truefalse
sleep
finfo
logname
basename
dirname
fdflags
tty
pathchk
tee
head
mkdir
rmdir
mkfifo
mktemp
printenv
id
whoami
uname
sync
push
ln
unlink
realpath
strftime
mypid
setpgid
seq
rm
accept
csv
dsv
cut
stat
getconf
make[1]: Leaving directory '/mnt/lfs/sources/bash-5.2.21/examples/loadables'
