make  all-recursive
make[1]: Entering directory '/mnt/lfs/sources/file-5.45'
Making all in src
make[2]: Entering directory '/mnt/lfs/sources/file-5.45/src'
sed -e "s/X.YY/$(echo 5.45 | tr -d .)/" < ../src/magic.h.in > magic.h
make  all-am
make[3]: Entering directory '/mnt/lfs/sources/file-5.45/src'
  CC       buffer.lo
  CC       seccomp.o
  CC       magic.lo
  CC       file.o
  CC       softmagic.lo
  CC       ascmagic.lo
  CC       apprentice.lo
  CC       encoding.lo
  CC       compress.lo
  CC       is_csv.lo
  CC       is_json.lo
  CC       is_simh.lo
  CC       is_tar.lo
  CC       readelf.lo
  CC       print.lo
  CC       fsmagic.lo
  CC       funcs.lo
  CC       apptype.lo
  CC       der.lo
  CC       cdf.lo
  CC       cdf_time.lo
  CC       readcdf.lo
  CC       fmtcheck.lo
  CCLD     libmagic.la
  CCLD     file
make[3]: Leaving directory '/mnt/lfs/sources/file-5.45/src'
make[2]: Leaving directory '/mnt/lfs/sources/file-5.45/src'
Making all in magic
make[2]: Entering directory '/mnt/lfs/sources/file-5.45/magic'
/mnt/lfs/sources/file-5.45/build/src/file -C -m magic
make[2]: Leaving directory '/mnt/lfs/sources/file-5.45/magic'
Making all in tests
make[2]: Entering directory '/mnt/lfs/sources/file-5.45/tests'
make[2]: Nothing to be done for 'all'.
make[2]: Leaving directory '/mnt/lfs/sources/file-5.45/tests'
Making all in doc
make[2]: Entering directory '/mnt/lfs/sources/file-5.45/doc'
sed -e s@__CSECTION__@1@g \
    -e s@__FSECTION__@4@g \
    -e s@__VERSION__@5.45@g \
    -e s@__MAGIC__@/usr/share/misc/magic@g ./file.man > file.1
sed -e s@__CSECTION__@1@g \
    -e s@__FSECTION__@4@g \
    -e s@__VERSION__@5.45@g \
    -e s@__MAGIC__@/usr/share/misc/magic@g ./magic.man > magic.4
sed -e s@__CSECTION__@1@g \
    -e s@__FSECTION__@4@g \
    -e s@__VERSION__@5.45@g \
    -e s@__MAGIC__@/usr/share/misc/magic@g ./libmagic.man > libmagic.3
make[2]: Leaving directory '/mnt/lfs/sources/file-5.45/doc'
Making all in python
make[2]: Entering directory '/mnt/lfs/sources/file-5.45/python'
make[2]: Nothing to be done for 'all'.
make[2]: Leaving directory '/mnt/lfs/sources/file-5.45/python'
make[2]: Entering directory '/mnt/lfs/sources/file-5.45'
make[2]: Leaving directory '/mnt/lfs/sources/file-5.45'
make[1]: Leaving directory '/mnt/lfs/sources/file-5.45'
