checking build system type... x86_64-pc-linux-gnu
checking host system type... x86_64-pc-linux-gnu

Beginning configuration for bash-5.2-release for x86_64-pc-linux-gnu

checking for gcc... gcc
checking whether the C compiler works... yes
checking for C compiler default output file name... a.out
checking for suffix of executables... 
checking whether we are cross compiling... no
checking for suffix of object files... o
checking whether the compiler supports GNU C... yes
checking whether gcc accepts -g... yes
checking for gcc option to enable C11 features... none needed
checking for stdio.h... yes
checking for stdlib.h... yes
checking for string.h... yes
checking for inttypes.h... yes
checking for stdint.h... yes
checking for strings.h... yes
checking for sys/stat.h... yes
checking for sys/types.h... yes
checking for unistd.h... yes
checking for wchar.h... yes
checking for minix/config.h... no
checking for sys/param.h... yes
checking for xlocale.h... no
checking for sys/time.h... yes
checking whether it is safe to define __EXTENSIONS__... yes
checking whether _XOPEN_SOURCE should be defined... no
checking for special C compiler options needed for large files... no
checking for _FILE_OFFSET_BITS value needed for large files... no
checking how to run the C preprocessor... gcc -E
checking for grep that handles long lines and -e... /usr/bin/grep
checking for egrep... /usr/bin/grep -E
checking whether gcc needs -traditional... no
checking for tgetent... no
checking for tgetent in -ltermcap... no
checking for tgetent in -ltinfo... no
checking for tgetent in -lcurses... yes
checking which library has the termcap functions... using libcurses
checking version of installed readline library... 8.2
checking for a BSD-compatible install... /usr/bin/install -c
checking for ar... ar
checking for ranlib... ranlib
checking for bison... bison -y
checking whether make sets $(MAKE)... yes
checking for an ANSI C-conforming const... yes
checking for inline... inline
checking whether byte ordering is bigendian... no
checking for preprocessor stringizing operator... yes
checking for long double... yes
checking whether char is unsigned... no
checking for working volatile... yes
checking for C/C++ restrict keyword... __restrict__
checking for a race-free mkdir -p... /usr/bin/mkdir -p
checking for a sed that does not truncate output... /usr/bin/sed
checking whether NLS is requested... yes
checking for msgfmt... /usr/bin/msgfmt
checking for gmsgfmt... /usr/bin/msgfmt
checking for xgettext... /usr/bin/xgettext
checking for msgmerge... /usr/bin/msgmerge
checking whether we are using the GNU C Library 2 or newer... yes
checking whether the -Werror option is usable... yes
checking for simple visibility declarations... yes
checking for size_t... yes
checking for stdint.h... yes
checking for working alloca.h... yes
checking for alloca... yes
checking for getpagesize... yes
checking for symlink... yes
checking for uselocale... yes
checking for vprintf... yes
checking for alarm... yes
checking for fpurge... no
checking for __fpurge... yes
checking for snprintf... yes
checking for vsnprintf... yes
checking for working mmap... yes
checking whether integer division by zero raises SIGFPE... yes
checking for inttypes.h... yes
checking for unsigned long long int... yes
checking for inttypes.h... (cached) yes
checking whether the inttypes.h PRIxNN macros are broken... no
checking for ld used by gcc... /usr/bin/ld
checking if the linker (/usr/bin/ld) is GNU ld... yes
checking for shared library run path origin... done
checking 32-bit host C ABI... no
checking for the common suffixes of directories in the library search path... lib,lib
checking whether imported symbols can be declared weak... yes
checking for pthread.h... yes
checking for pthread_kill in -lpthread... yes
checking for multithread API to use... posix
checking for pthread_rwlock_t... yes
checking whether pthread_rwlock_rdlock prefers a writer to a reader... no
checking for gcc options needed to detect all undeclared functions... none needed
checking for iconv... yes
checking for working iconv... yes
checking for iconv declaration... 
         extern size_t iconv (iconv_t cd, char * *inbuf, size_t *inbytesleft, char * *outbuf, size_t *outbytesleft);
checking for argz.h... yes
checking for inttypes.h... (cached) yes
checking for limits.h... yes
checking for unistd.h... (cached) yes
checking for sys/param.h... (cached) yes
checking for getcwd... yes
checking for getegid... yes
checking for geteuid... yes
checking for getgid... yes
checking for getuid... yes
checking for mempcpy... yes
checking for munmap... yes
checking for stpcpy... yes
checking for strcasecmp... yes
checking for strdup... yes
checking for strtoul... yes
checking for tsearch... yes
checking for argz_count... yes
checking for argz_stringify... yes
checking for argz_next... yes
checking for __fsetlocking... yes
checking for localeconv... yes
checking whether feof_unlocked is declared... yes
checking whether fgets_unlocked is declared... yes
checking for bison... bison
checking version of bison... 3.8.2, ok
checking for long long int... yes
checking for wchar_t... yes
checking for wint_t... yes
checking whether wint_t is too small... no
checking for intmax_t... yes
checking whether printf() supports POSIX/XSI format strings... yes
checking whether we are using the GNU C Library >= 2.1 or uClibc... yes
checking for stdint.h... (cached) yes
checking for SIZE_MAX... yes
checking for stdint.h... (cached) yes
checking for working fcntl.h... yes
checking whether uselocale works... yes
checking for fake locale system (OpenBSD)... no
checking for Solaris 11.4 locale system... no
checking for getlocalename_l... no
checking for CFPreferencesCopyAppValue... no
checking for CFLocaleCopyCurrent... no
checking for CFLocaleCopyPreferredLanguages... no
checking for flexible array members... yes
checking for ar... (cached) ar
checking for ptrdiff_t... yes
checking for features.h... yes
checking for stddef.h... yes
checking for stdlib.h... (cached) yes
checking for string.h... (cached) yes
checking for asprintf... yes
checking for fwprintf... yes
checking for newlocale... yes
checking for putenv... yes
checking for setenv... yes
checking for setlocale... yes
checking for snprintf... (cached) yes
checking for strnlen... yes
checking for uselocale... (cached) yes
checking for wcslen... yes
checking for wcsnlen... yes
checking for mbrtowc... yes
checking for wcrtomb... yes
checking whether _snprintf is declared... no
checking whether _snwprintf is declared... no
checking whether getc_unlocked is declared... yes
checking for nl_langinfo and CODESET... yes
checking for LC_MESSAGES... yes
checking for CFPreferencesCopyAppValue... (cached) no
checking for CFLocaleCopyCurrent... (cached) no
checking for CFLocaleCopyPreferredLanguages... (cached) no
checking whether included gettext is requested... no
checking for GNU gettext in libc... yes
checking whether to use NLS... yes
checking where the gettext function comes from... libc
checking for dirent.h that defines DIR... yes
checking for library containing opendir... none required
checking for sys/mkdev.h... no
checking for sys/sysmacros.h... yes
checking for inttypes.h... (cached) yes
checking for unistd.h... (cached) yes
checking for stdlib.h... (cached) yes
checking for stdarg.h... yes
checking for varargs.h... no
checking for limits.h... (cached) yes
checking for string.h... (cached) yes
checking for memory.h... yes
checking for locale.h... yes
checking for termcap.h... yes
checking for termio.h... yes
checking for termios.h... yes
checking for dlfcn.h... yes
checking for stdbool.h... yes
checking for stddef.h... (cached) yes
checking for stdint.h... (cached) yes
checking for netdb.h... yes
checking for pwd.h... yes
checking for grp.h... yes
checking for strings.h... (cached) yes
checking for regex.h... yes
checking for syslog.h... yes
checking for ulimit.h... yes
checking for sys/pte.h... no
checking for sys/stream.h... no
checking for sys/select.h... yes
checking for sys/file.h... yes
checking for sys/ioctl.h... yes
checking for sys/mman.h... yes
checking for sys/param.h... (cached) yes
checking for sys/random.h... yes
checking for sys/socket.h... yes
checking for sys/stat.h... (cached) yes
checking for sys/time.h... (cached) yes
checking for sys/times.h... yes
checking for sys/types.h... (cached) yes
checking for sys/wait.h... yes
checking for netinet/in.h... yes
checking for arpa/inet.h... yes
checking for sys/ptem.h... no
checking for sys/resource.h... yes
checking for working alloca.h... (cached) yes
checking for alloca... (cached) checking for uid_t in sys/types.h... yes
checking for working chown... yes
checking whether getpgrp requires zero arguments... yes
checking for working strcoll... yes
checking for __setostype... no
checking for wait3... yes
checking for mkfifo... yes
checking for dup2... yes
checking for eaccess... yes
checking for fcntl... yes
checking for getdtablesize... yes
checking for getentropy... yes
checking for getgroups... yes
checking for gethostname... yes
checking for getpagesize... (cached) yes
checking for getpeername... yes
checking for getrandom... yes
checking for getrlimit... yes
checking for getrusage... yes
checking for gettimeofday... yes
checking for kill... yes
checking for killpg... yes
checking for lstat... yes
checking for pselect... yes
checking for readlink... yes
checking for select... yes
checking for setdtablesize... no
checking for setitimer... yes
checking for tcgetpgrp... yes
checking for uname... yes
checking for ulimit... yes
checking for waitpid... yes
checking for rename... yes
checking for bcopy... yes
checking for bzero... yes
checking for confstr... yes
checking for faccessat... yes
checking for fnmatch... yes
checking for getaddrinfo... yes
checking for gethostbyname... yes
checking for getservbyname... yes
checking for getservent... yes
checking for inet_aton... yes
checking for imaxdiv... yes
checking for memmove... yes
checking for pathconf... yes
checking for putenv... (cached) yes
checking for raise... yes
checking for random... yes
checking for regcomp... yes
checking for regexec... yes
checking for setenv... (cached) yes
checking for setlinebuf... yes
checking for setlocale... (cached) yes
checking for setvbuf... yes
checking for siginterrupt... yes
checking for strchr... yes
checking for sysconf... yes
checking for syslog... yes
checking for tcgetattr... yes
checking for times... yes
checking for ttyname... yes
checking for tzset... yes
checking for unsetenv... yes
checking for vasprintf... yes
checking for asprintf... (cached) yes
checking for isascii... yes
checking for isblank... yes
checking for isgraph... yes
checking for isprint... yes
checking for isspace... yes
checking for isxdigit... yes
checking for getpwent... yes
checking for getpwnam... yes
checking for getpwuid... yes
checking for mkstemp... yes
checking for mkdtemp... yes
checking for arc4random... yes
checking for getcwd... (cached) yes
checking for memset... yes
checking for strcasecmp... (cached) yes
checking for strcasestr... yes
checking for strerror... yes
checking for strftime... yes
checking for strnlen... (cached) yes
checking for strpbrk... yes
checking for strstr... yes
checking for strtod... yes
checking for strtol... yes
checking for strtoul... (cached) yes
checking for strtoll... yes
checking for strtoull... yes
checking for strtoumax... yes
checking for dprintf... yes
checking for strchrnul... yes
checking for strdup... (cached) yes
checking for libaudit.h... no
checking whether AUDIT_USER_TTY is declared... yes
checking whether confstr is declared... yes
checking whether printf is declared... yes
checking whether sbrk is declared... yes
checking whether setregid is declared... yes
checking whether strcpy is declared... yes
checking whether strsignal is declared... yes
checking for setresuid... yes
checking for setresgid... yes
checking whether strtold is declared... yes
checking for broken strtold... no
checking whether strtol is declared... yes
checking whether strtoll is declared... yes
checking whether strtoul is declared... yes
checking whether strtoull is declared... yes
checking whether strtoumax is declared... yes
checking for working mktime... yes
checking for argz.h... (cached) yes
checking for errno.h... yes
checking for fcntl.h... yes
checking for malloc.h... yes
checking for stdio_ext.h... yes
checking for working mmap... (cached) yes
checking for __argz_count... yes
checking for __argz_next... yes
checking for __argz_stringify... yes
checking for dcgettext... yes
checking for mempcpy... (cached) yes
checking for munmap... (cached) yes
checking for mremap... yes
checking for stpcpy... (cached) yes
checking for strcspn... yes
checking for wctype.h... yes
checking for wchar.h... (cached) yes
checking for langinfo.h... yes
checking for mbstr.h... no
checking for mbrlen... yes
checking for mbscasecmp... no
checking for mbscmp... no
checking for mbsnrtowcs... yes
checking for mbsrtowcs... yes
checking for mbschr... no
checking for wcrtomb... (cached) yes
checking for wcscoll... yes
checking for wcsdup... yes
checking for wcwidth... yes
checking for wctype... yes
checking for wcswidth... yes
checking whether mbrtowc and mbstate_t are properly declared... (cached) yes
checking for iswlower... yes
checking for iswupper... yes
checking for towlower... yes
checking for towupper... yes
checking for iswctype... yes
checking for wchar_t in wchar.h... yes
checking for wctype_t in wctype.h... yes
checking for wint_t in wctype.h... yes
checking for wcwidth broken with unicode combining characters... no
checking for locale_charset... no
checking size of wchar_t... 4
checking for dlopen in -ldl... yes
checking for dlopen... yes
checking for dlclose... yes
checking for dlsym... yes
checking type of array argument to getgroups... gid_t
checking for off_t... yes
checking for mode_t... yes
checking for uid_t in sys/types.h... (cached) yes
checking for pid_t... yes
checking for size_t... (cached) yes
checking for uintptr_t... yes
checking for ssize_t... yes
checking for time_t... yes
checking for long long int... (cached) yes
checking for unsigned long long int... (cached) yes
checking for sig_atomic_t in signal.h... yes
checking size of char... 1
checking size of short... 2
checking size of int... 4
checking size of long... 8
checking size of char *... 8
checking size of size_t... 8
checking size of double... 8
checking size of long long... 8
checking for u_int... yes
checking for u_long... yes
checking for bits16_t... no
checking for u_bits16_t... no
checking for bits32_t... no
checking for u_bits32_t... no
checking for bits64_t... no
checking for ptrdiff_t... (cached) yes
checking whether stat file-mode macros are broken... no
checking whether #! works in shell scripts... yes
checking if dup2 fails to clear the close-on-exec flag... no
checking whether pgrps need synchronization... no
checking for type of signal functions... posix
checking for sys_errlist and sys_nerr... yes
checking whether sys_siglist is declared... no
checking for sys_siglist in system C library... no
checking for _sys_siglist in signal.h or unistd.h... no
checking for _sys_siglist in system C library... no
checking for clock_t... yes
checking for sigset_t... yes
checking for socklen_t... yes
checking for quad_t... yes
checking for type of struct rlimit fields... rlim_t
checking for intmax_t... yes
checking for uintmax_t... yes
checking size of intmax_t... 8
checking for struct termios.c_line... yes
checking for struct termio.c_line... yes
checking for struct dirent.d_ino... checking for struct dirent.d_ino... yes
yes
checking for struct dirent.d_fileno... checking for struct dirent.d_fileno... yes
yes
checking for struct dirent.d_namlen... checking for struct dirent.d_namlen... no
no
checking for struct winsize in sys/ioctl.h and termios.h... sys/ioctl.h
checking for struct timeval in sys/time.h and time.h... yes
checking for struct stat.st_blocks... yes
checking whether struct tm is in sys/time.h or time.h... time.h
checking for struct tm.tm_zone... yes
checking for struct timezone in sys/time.h and time.h... yes
checking for offset of exit status in return status from wait... 8
checking for struct timespec in <time.h>... yes
checking for struct stat.st_atim.tv_nsec... yes
checking whether struct stat.st_atim is of type struct timespec... yes
checking for sbrk... yes
checking for working sbrk... yes
checking for the existence of strsignal... yes
checking if opendir() opens non-directories... no
checking whether ulimit can substitute for getdtablesize... yes
checking whether fpurge is declared... no
checking to see if getenv can be redefined... yes
checking if getcwd() will dynamically allocate memory with 0 size... yes
checking for presence of POSIX-style sigsetjmp/siglongjmp... present
checking whether or not strcoll and strcmp differ... no
checking for standard-conformant snprintf... yes
checking for standard-conformant vsnprintf... yes
checking for usable strtoimax... checking for strtoimax... yes
checking whether strtoimax is declared... yes
yes
checking for standard-conformant putenv declaration... yes
checking for standard-conformant unsetenv declaration... yes
checking for printf floating point output in hex notation... yes
checking whether fnmatch can be used to check bracket equivalence classes... yes
checking if signal handlers must be reinstalled when invoked... no
checking for presence of necessary job control definitions... present
checking for presence of named pipes... present
checking whether termios.h defines TIOCGWINSZ... no
checking whether sys/ioctl.h defines TIOCGWINSZ... yes
checking for TIOCSTAT in sys/ioctl.h... no
checking for FIONREAD in sys/ioctl.h... yes
checking whether WCONTINUED flag to waitpid is unavailable or available but broken... no
checking for speed_t in sys/types.h... no
checking whether getpw functions are declared in pwd.h... yes
checking for unusable real-time signals due to large values... no
checking which library has the termcap functions... (cached) using libcurses
checking whether /dev/fd is available... standard
checking whether /dev/stdin stdout stderr are available... present
checking for default mail directory... /var/mail
checking shared object configuration for loadable builtins... supported
configure: creating ./config.status
config.status: creating Makefile
config.status: creating builtins/Makefile
config.status: creating lib/readline/Makefile
config.status: creating lib/glob/Makefile
config.status: creating lib/intl/Makefile
config.status: creating lib/malloc/Makefile
config.status: creating lib/sh/Makefile
config.status: creating lib/termcap/Makefile
config.status: creating lib/tilde/Makefile
config.status: creating doc/Makefile
config.status: creating support/Makefile
config.status: creating po/Makefile.in
config.status: creating examples/loadables/Makefile
config.status: creating examples/loadables/Makefile.inc
config.status: creating examples/loadables/Makefile.sample
config.status: creating examples/loadables/perl/Makefile
config.status: creating support/bash.pc
config.status: creating support/bashbug.sh
config.status: creating config.h
config.status: executing po-directories commands
config.status: creating po/POTFILES
config.status: creating po/Makefile
config.status: executing stamp-h commands
rm -f mksyntax
rm -f mksignames.o
gcc -DPROGRAM='"bash"' -DCONF_HOSTTYPE='"x86_64"' -DCONF_OSTYPE='"linux-gnu"' -DCONF_MACHTYPE='"x86_64-pc-linux-gnu"' -DCONF_VENDOR='"pc"' -DLOCALEDIR='"/usr/share/locale"' -DPACKAGE='"bash"' -DSHELL -DHAVE_CONFIG_H   -I.  -I. -I./include -I./lib  -Wno-parentheses -Wno-format-security  -g -O2   -rdynamic -g -O2   -rdynamic -g -O2  -o mksyntax ./mksyntax.c 
make[1]: Entering directory '/sources/bash-5.2.21/builtins'
gcc -DPROGRAM='"bash"' -DCONF_HOSTTYPE='"x86_64"' -DCONF_OSTYPE='"linux-gnu"' -DCONF_MACHTYPE='"x86_64-pc-linux-gnu"' -DCONF_VENDOR='"pc"' -DLOCALEDIR='"/usr/share/locale"' -DPACKAGE='"bash"' -DSHELL -DHAVE_CONFIG_H   -I.  -I. -I./include -I./lib  -Wno-parentheses -Wno-format-security  -g -O2  -DBUILDTOOL -c ./support/mksignames.c
rm -f buildsignames.o
rm -f unwind_prot.o
gcc -DPROGRAM='"bash"' -DCONF_HOSTTYPE='"x86_64"' -DCONF_OSTYPE='"linux-gnu"' -DCONF_MACHTYPE='"x86_64-pc-linux-gnu"' -DCONF_VENDOR='"pc"' -DLOCALEDIR='"/usr/share/locale"' -DPACKAGE='"bash"' -DSHELL -DHAVE_CONFIG_H   -I.  -I. -I./include -I./lib  -Wno-parentheses -Wno-format-security  -g -O2  -DBUILDTOOL -o buildsignames.o -c ./support/signames.c
rm -f alias.o
gcc  -DPROGRAM='"bash"' -DCONF_HOSTTYPE='"x86_64"' -DCONF_OSTYPE='"linux-gnu"' -DCONF_MACHTYPE='"x86_64-pc-linux-gnu"' -DCONF_VENDOR='"pc"' -DLOCALEDIR='"/usr/share/locale"' -DPACKAGE='"bash"' -DSHELL -DHAVE_CONFIG_H   -I.  -I. -I./include -I./lib  -Wno-parentheses -Wno-format-security   -g -O2 -c unwind_prot.c
gcc  -DPROGRAM='"bash"' -DCONF_HOSTTYPE='"x86_64"' -DCONF_OSTYPE='"linux-gnu"' -DCONF_MACHTYPE='"x86_64-pc-linux-gnu"' -DCONF_VENDOR='"pc"' -DLOCALEDIR='"/usr/share/locale"' -DPACKAGE='"bash"' -DSHELL -DHAVE_CONFIG_H   -I.  -I. -I./include -I./lib  -Wno-parentheses -Wno-format-security   -g -O2 -c alias.c
rm -f xmalloc.o
rm -f mkbuiltins.o
gcc -c  -DHAVE_CONFIG_H -DSHELL  -I. -I..  -I.. -I../include -I../lib -I.  -Wno-parentheses -Wno-format-security   -g -O2  mkbuiltins.c
gcc  -DPROGRAM='"bash"' -DCONF_HOSTTYPE='"x86_64"' -DCONF_OSTYPE='"linux-gnu"' -DCONF_MACHTYPE='"x86_64-pc-linux-gnu"' -DCONF_VENDOR='"pc"' -DLOCALEDIR='"/usr/share/locale"' -DPACKAGE='"bash"' -DSHELL -DHAVE_CONFIG_H   -I.  -I. -I./include -I./lib  -Wno-parentheses -Wno-format-security   -g -O2 -c xmalloc.c
make[1]: Entering directory '/sources/bash-5.2.21/support'
rm -f man2html.o
gcc -c  -DHAVE_CONFIG_H -DSHELL  -I/sources/bash-5.2.21 -I.. -Wno-parentheses -Wno-format-security   -g -O2 man2html.c
rm -f shell.o
gcc  -DPROGRAM='"bash"' -DCONF_HOSTTYPE='"x86_64"' -DCONF_OSTYPE='"linux-gnu"' -DCONF_MACHTYPE='"x86_64-pc-linux-gnu"' -DCONF_VENDOR='"pc"' -DLOCALEDIR='"/usr/share/locale"' -DPACKAGE='"bash"' -DSHELL -DHAVE_CONFIG_H   -I.  -I. -I./include -I./lib  -Wno-parentheses -Wno-format-security   -g -O2 -c shell.c
rm -f eval.o
gcc  -DPROGRAM='"bash"' -DCONF_HOSTTYPE='"x86_64"' -DCONF_OSTYPE='"linux-gnu"' -DCONF_MACHTYPE='"x86_64-pc-linux-gnu"' -DCONF_VENDOR='"pc"' -DLOCALEDIR='"/usr/share/locale"' -DPACKAGE='"bash"' -DSHELL -DHAVE_CONFIG_H   -I.  -I. -I./include -I./lib  -Wno-parentheses -Wno-format-security   -g -O2 -c eval.c
rm -f general.o
gcc  -DPROGRAM='"bash"' -DCONF_HOSTTYPE='"x86_64"' -DCONF_OSTYPE='"linux-gnu"' -DCONF_MACHTYPE='"x86_64-pc-linux-gnu"' -DCONF_VENDOR='"pc"' -DLOCALEDIR='"/usr/share/locale"' -DPACKAGE='"bash"' -DSHELL -DHAVE_CONFIG_H   -I.  -I. -I./include -I./lib  -Wno-parentheses -Wno-format-security   -g -O2 -c general.c
rm -f make_cmd.o
gcc  -DPROGRAM='"bash"' -DCONF_HOSTTYPE='"x86_64"' -DCONF_OSTYPE='"linux-gnu"' -DCONF_MACHTYPE='"x86_64-pc-linux-gnu"' -DCONF_VENDOR='"pc"' -DLOCALEDIR='"/usr/share/locale"' -DPACKAGE='"bash"' -DSHELL -DHAVE_CONFIG_H   -I.  -I. -I./include -I./lib  -Wno-parentheses -Wno-format-security   -g -O2 -c make_cmd.c
rm -f print_cmd.o
gcc  -DPROGRAM='"bash"' -DCONF_HOSTTYPE='"x86_64"' -DCONF_OSTYPE='"linux-gnu"' -DCONF_MACHTYPE='"x86_64-pc-linux-gnu"' -DCONF_VENDOR='"pc"' -DLOCALEDIR='"/usr/share/locale"' -DPACKAGE='"bash"' -DSHELL -DHAVE_CONFIG_H   -I.  -I. -I./include -I./lib  -Wno-parentheses -Wno-format-security   -g -O2 -c print_cmd.c
rm -f dispose_cmd.o
gcc  -DPROGRAM='"bash"' -DCONF_HOSTTYPE='"x86_64"' -DCONF_OSTYPE='"linux-gnu"' -DCONF_MACHTYPE='"x86_64-pc-linux-gnu"' -DCONF_VENDOR='"pc"' -DLOCALEDIR='"/usr/share/locale"' -DPACKAGE='"bash"' -DSHELL -DHAVE_CONFIG_H   -I.  -I. -I./include -I./lib  -Wno-parentheses -Wno-format-security   -g -O2 -c dispose_cmd.c
rm -f syntax.c
./mksyntax -o syntax.c
rm -f copy_cmd.o
gcc  -DPROGRAM='"bash"' -DCONF_HOSTTYPE='"x86_64"' -DCONF_OSTYPE='"linux-gnu"' -DCONF_MACHTYPE='"x86_64-pc-linux-gnu"' -DCONF_VENDOR='"pc"' -DLOCALEDIR='"/usr/share/locale"' -DPACKAGE='"bash"' -DSHELL -DHAVE_CONFIG_H   -I.  -I. -I./include -I./lib  -Wno-parentheses -Wno-format-security   -g -O2 -c copy_cmd.c
rm -f error.o
rm -f expr.o
gcc  -DPROGRAM='"bash"' -DCONF_HOSTTYPE='"x86_64"' -DCONF_OSTYPE='"linux-gnu"' -DCONF_MACHTYPE='"x86_64-pc-linux-gnu"' -DCONF_VENDOR='"pc"' -DLOCALEDIR='"/usr/share/locale"' -DPACKAGE='"bash"' -DSHELL -DHAVE_CONFIG_H   -I.  -I. -I./include -I./lib  -Wno-parentheses -Wno-format-security   -g -O2 -c error.c
gcc  -DPROGRAM='"bash"' -DCONF_HOSTTYPE='"x86_64"' -DCONF_OSTYPE='"linux-gnu"' -DCONF_MACHTYPE='"x86_64-pc-linux-gnu"' -DCONF_VENDOR='"pc"' -DLOCALEDIR='"/usr/share/locale"' -DPACKAGE='"bash"' -DSHELL -DHAVE_CONFIG_H   -I.  -I. -I./include -I./lib  -Wno-parentheses -Wno-format-security   -g -O2 -c expr.c
gcc -rdynamic -g -O2 -rdynamic -g -O2  -o mkbuiltins mkbuiltins.o -ldl 
rm -f flags.o
gcc  -DPROGRAM='"bash"' -DCONF_HOSTTYPE='"x86_64"' -DCONF_OSTYPE='"linux-gnu"' -DCONF_MACHTYPE='"x86_64-pc-linux-gnu"' -DCONF_VENDOR='"pc"' -DLOCALEDIR='"/usr/share/locale"' -DPACKAGE='"bash"' -DSHELL -DHAVE_CONFIG_H   -I.  -I. -I./include -I./lib  -Wno-parentheses -Wno-format-security   -g -O2 -c flags.c
make[1]: Leaving directory '/sources/bash-5.2.21/builtins'
rm -f hashcmd.o
gcc  -DPROGRAM='"bash"' -DCONF_HOSTTYPE='"x86_64"' -DCONF_OSTYPE='"linux-gnu"' -DCONF_MACHTYPE='"x86_64-pc-linux-gnu"' -DCONF_VENDOR='"pc"' -DLOCALEDIR='"/usr/share/locale"' -DPACKAGE='"bash"' -DSHELL -DHAVE_CONFIG_H   -I.  -I. -I./include -I./lib  -Wno-parentheses -Wno-format-security   -g -O2 -c hashcmd.c
rm -f hashlib.o
gcc  -DPROGRAM='"bash"' -DCONF_HOSTTYPE='"x86_64"' -DCONF_OSTYPE='"linux-gnu"' -DCONF_MACHTYPE='"x86_64-pc-linux-gnu"' -DCONF_VENDOR='"pc"' -DLOCALEDIR='"/usr/share/locale"' -DPACKAGE='"bash"' -DSHELL -DHAVE_CONFIG_H   -I.  -I. -I./include -I./lib  -Wno-parentheses -Wno-format-security   -g -O2 -c hashlib.c
rm -f mailcheck.o
gcc  -DPROGRAM='"bash"' -DCONF_HOSTTYPE='"x86_64"' -DCONF_OSTYPE='"linux-gnu"' -DCONF_MACHTYPE='"x86_64-pc-linux-gnu"' -DCONF_VENDOR='"pc"' -DLOCALEDIR='"/usr/share/locale"' -DPACKAGE='"bash"' -DSHELL -DHAVE_CONFIG_H   -I.  -I. -I./include -I./lib  -Wno-parentheses -Wno-format-security   -g -O2 -c mailcheck.c
rm -f mksignames
gcc -DPROGRAM='"bash"' -DCONF_HOSTTYPE='"x86_64"' -DCONF_OSTYPE='"linux-gnu"' -DCONF_MACHTYPE='"x86_64-pc-linux-gnu"' -DCONF_VENDOR='"pc"' -DLOCALEDIR='"/usr/share/locale"' -DPACKAGE='"bash"' -DSHELL -DHAVE_CONFIG_H   -I.  -I. -I./include -I./lib  -Wno-parentheses -Wno-format-security  -g -O2   -rdynamic -g -O2   -rdynamic -g -O2  -o mksignames mksignames.o buildsignames.o 
rm -f input.o
gcc  -DPROGRAM='"bash"' -DCONF_HOSTTYPE='"x86_64"' -DCONF_OSTYPE='"linux-gnu"' -DCONF_MACHTYPE='"x86_64-pc-linux-gnu"' -DCONF_VENDOR='"pc"' -DLOCALEDIR='"/usr/share/locale"' -DPACKAGE='"bash"' -DSHELL -DHAVE_CONFIG_H   -I.  -I. -I./include -I./lib  -Wno-parentheses -Wno-format-security   -g -O2 -c input.c
rm -f pathexp.o
gcc  -DPROGRAM='"bash"' -DCONF_HOSTTYPE='"x86_64"' -DCONF_OSTYPE='"linux-gnu"' -DCONF_MACHTYPE='"x86_64-pc-linux-gnu"' -DCONF_VENDOR='"pc"' -DLOCALEDIR='"/usr/share/locale"' -DPACKAGE='"bash"' -DSHELL -DHAVE_CONFIG_H   -I.  -I. -I./include -I./lib  -Wno-parentheses -Wno-format-security   -g -O2 -c pathexp.c
rm -f sig.o
gcc  -DPROGRAM='"bash"' -DCONF_HOSTTYPE='"x86_64"' -DCONF_OSTYPE='"linux-gnu"' -DCONF_MACHTYPE='"x86_64-pc-linux-gnu"' -DCONF_VENDOR='"pc"' -DLOCALEDIR='"/usr/share/locale"' -DPACKAGE='"bash"' -DSHELL -DHAVE_CONFIG_H   -I.  -I. -I./include -I./lib  -Wno-parentheses -Wno-format-security   -g -O2 -c sig.c
rm -f test.o
gcc  -DPROGRAM='"bash"' -DCONF_HOSTTYPE='"x86_64"' -DCONF_OSTYPE='"linux-gnu"' -DCONF_MACHTYPE='"x86_64-pc-linux-gnu"' -DCONF_VENDOR='"pc"' -DLOCALEDIR='"/usr/share/locale"' -DPACKAGE='"bash"' -DSHELL -DHAVE_CONFIG_H   -I.  -I. -I./include -I./lib  -Wno-parentheses -Wno-format-security   -g -O2 -c test.c
rm -f array.o
gcc  -DPROGRAM='"bash"' -DCONF_HOSTTYPE='"x86_64"' -DCONF_OSTYPE='"linux-gnu"' -DCONF_MACHTYPE='"x86_64-pc-linux-gnu"' -DCONF_VENDOR='"pc"' -DLOCALEDIR='"/usr/share/locale"' -DPACKAGE='"bash"' -DSHELL -DHAVE_CONFIG_H   -I.  -I. -I./include -I./lib  -Wno-parentheses -Wno-format-security   -g -O2 -c array.c
rm -f arrayfunc.o
gcc  -DPROGRAM='"bash"' -DCONF_HOSTTYPE='"x86_64"' -DCONF_OSTYPE='"linux-gnu"' -DCONF_MACHTYPE='"x86_64-pc-linux-gnu"' -DCONF_VENDOR='"pc"' -DLOCALEDIR='"/usr/share/locale"' -DPACKAGE='"bash"' -DSHELL -DHAVE_CONFIG_H   -I.  -I. -I./include -I./lib  -Wno-parentheses -Wno-format-security   -g -O2 -c arrayfunc.c
rm -f assoc.o
gcc  -DPROGRAM='"bash"' -DCONF_HOSTTYPE='"x86_64"' -DCONF_OSTYPE='"linux-gnu"' -DCONF_MACHTYPE='"x86_64-pc-linux-gnu"' -DCONF_VENDOR='"pc"' -DLOCALEDIR='"/usr/share/locale"' -DPACKAGE='"bash"' -DSHELL -DHAVE_CONFIG_H   -I.  -I. -I./include -I./lib  -Wno-parentheses -Wno-format-security   -g -O2 -c assoc.c
rm -f braces.o
gcc  -DPROGRAM='"bash"' -DCONF_HOSTTYPE='"x86_64"' -DCONF_OSTYPE='"linux-gnu"' -DCONF_MACHTYPE='"x86_64-pc-linux-gnu"' -DCONF_VENDOR='"pc"' -DLOCALEDIR='"/usr/share/locale"' -DPACKAGE='"bash"' -DSHELL -DHAVE_CONFIG_H   -I.  -I. -I./include -I./lib  -Wno-parentheses -Wno-format-security   -g -O2 -c braces.c
rm -f bracecomp.o
gcc  -DPROGRAM='"bash"' -DCONF_HOSTTYPE='"x86_64"' -DCONF_OSTYPE='"linux-gnu"' -DCONF_MACHTYPE='"x86_64-pc-linux-gnu"' -DCONF_VENDOR='"pc"' -DLOCALEDIR='"/usr/share/locale"' -DPACKAGE='"bash"' -DSHELL -DHAVE_CONFIG_H   -I.  -I. -I./include -I./lib  -Wno-parentheses -Wno-format-security   -g -O2 -c bracecomp.c
rm -f bashhist.o
gcc  -DPROGRAM='"bash"' -DCONF_HOSTTYPE='"x86_64"' -DCONF_OSTYPE='"linux-gnu"' -DCONF_MACHTYPE='"x86_64-pc-linux-gnu"' -DCONF_VENDOR='"pc"' -DLOCALEDIR='"/usr/share/locale"' -DPACKAGE='"bash"' -DSHELL -DHAVE_CONFIG_H   -I.  -I. -I./include -I./lib  -Wno-parentheses -Wno-format-security   -g -O2 -c bashhist.c
rm -f bashline.o
gcc  -DPROGRAM='"bash"' -DCONF_HOSTTYPE='"x86_64"' -DCONF_OSTYPE='"linux-gnu"' -DCONF_MACHTYPE='"x86_64-pc-linux-gnu"' -DCONF_VENDOR='"pc"' -DLOCALEDIR='"/usr/share/locale"' -DPACKAGE='"bash"' -DSHELL -DHAVE_CONFIG_H   -I.  -I. -I./include -I./lib  -Wno-parentheses -Wno-format-security   -g -O2 -c bashline.c
rm -f list.o
gcc  -DPROGRAM='"bash"' -DCONF_HOSTTYPE='"x86_64"' -DCONF_OSTYPE='"linux-gnu"' -DCONF_MACHTYPE='"x86_64-pc-linux-gnu"' -DCONF_VENDOR='"pc"' -DLOCALEDIR='"/usr/share/locale"' -DPACKAGE='"bash"' -DSHELL -DHAVE_CONFIG_H   -I.  -I. -I./include -I./lib  -Wno-parentheses -Wno-format-security   -g -O2 -c list.c
rm -f stringlib.o
gcc  -DPROGRAM='"bash"' -DCONF_HOSTTYPE='"x86_64"' -DCONF_OSTYPE='"linux-gnu"' -DCONF_MACHTYPE='"x86_64-pc-linux-gnu"' -DCONF_VENDOR='"pc"' -DLOCALEDIR='"/usr/share/locale"' -DPACKAGE='"bash"' -DSHELL -DHAVE_CONFIG_H   -I.  -I. -I./include -I./lib  -Wno-parentheses -Wno-format-security   -g -O2 -c stringlib.c
rm -f locale.o
gcc  -DPROGRAM='"bash"' -DCONF_HOSTTYPE='"x86_64"' -DCONF_OSTYPE='"linux-gnu"' -DCONF_MACHTYPE='"x86_64-pc-linux-gnu"' -DCONF_VENDOR='"pc"' -DLOCALEDIR='"/usr/share/locale"' -DPACKAGE='"bash"' -DSHELL -DHAVE_CONFIG_H   -I.  -I. -I./include -I./lib  -Wno-parentheses -Wno-format-security   -g -O2 -c locale.c
rm -f findcmd.o
gcc  -DPROGRAM='"bash"' -DCONF_HOSTTYPE='"x86_64"' -DCONF_OSTYPE='"linux-gnu"' -DCONF_MACHTYPE='"x86_64-pc-linux-gnu"' -DCONF_VENDOR='"pc"' -DLOCALEDIR='"/usr/share/locale"' -DPACKAGE='"bash"' -DSHELL -DHAVE_CONFIG_H   -I.  -I. -I./include -I./lib  -Wno-parentheses -Wno-format-security   -g -O2 -c findcmd.c
rm -f pcomplete.o
gcc  -DPROGRAM='"bash"' -DCONF_HOSTTYPE='"x86_64"' -DCONF_OSTYPE='"linux-gnu"' -DCONF_MACHTYPE='"x86_64-pc-linux-gnu"' -DCONF_VENDOR='"pc"' -DLOCALEDIR='"/usr/share/locale"' -DPACKAGE='"bash"' -DSHELL -DHAVE_CONFIG_H   -I.  -I. -I./include -I./lib  -Wno-parentheses -Wno-format-security   -g -O2 -c pcomplete.c
rm -f pcomplib.o
gcc  -DPROGRAM='"bash"' -DCONF_HOSTTYPE='"x86_64"' -DCONF_OSTYPE='"linux-gnu"' -DCONF_MACHTYPE='"x86_64-pc-linux-gnu"' -DCONF_VENDOR='"pc"' -DLOCALEDIR='"/usr/share/locale"' -DPACKAGE='"bash"' -DSHELL -DHAVE_CONFIG_H   -I.  -I. -I./include -I./lib  -Wno-parentheses -Wno-format-security   -g -O2 -c pcomplib.c
rm -f syntax.o
gcc  -DPROGRAM='"bash"' -DCONF_HOSTTYPE='"x86_64"' -DCONF_OSTYPE='"linux-gnu"' -DCONF_MACHTYPE='"x86_64-pc-linux-gnu"' -DCONF_VENDOR='"pc"' -DLOCALEDIR='"/usr/share/locale"' -DPACKAGE='"bash"' -DSHELL -DHAVE_CONFIG_H   -I.  -I. -I./include -I./lib  -Wno-parentheses -Wno-format-security   -g -O2 -c syntax.c
rm -f execute_cmd.o
gcc  -DPROGRAM='"bash"' -DCONF_HOSTTYPE='"x86_64"' -DCONF_OSTYPE='"linux-gnu"' -DCONF_MACHTYPE='"x86_64-pc-linux-gnu"' -DCONF_VENDOR='"pc"' -DLOCALEDIR='"/usr/share/locale"' -DPACKAGE='"bash"' -DSHELL -DHAVE_CONFIG_H   -I.  -I. -I./include -I./lib  -Wno-parentheses -Wno-format-security   -g -O2 -c execute_cmd.c
/bin/sh ./support/mkversion.sh -b -S . -s release -d 5.2 -o newversion.h \
	&& mv newversion.h version.h
rm -f jobs.o
gcc  -DPROGRAM='"bash"' -DCONF_HOSTTYPE='"x86_64"' -DCONF_OSTYPE='"linux-gnu"' -DCONF_MACHTYPE='"x86_64-pc-linux-gnu"' -DCONF_VENDOR='"pc"' -DLOCALEDIR='"/usr/share/locale"' -DPACKAGE='"bash"' -DSHELL -DHAVE_CONFIG_H   -I.  -I. -I./include -I./lib  -Wno-parentheses -Wno-format-security   -g -O2 -c jobs.c
rm -f subst.o
gcc  -DPROGRAM='"bash"' -DCONF_HOSTTYPE='"x86_64"' -DCONF_OSTYPE='"linux-gnu"' -DCONF_MACHTYPE='"x86_64-pc-linux-gnu"' -DCONF_VENDOR='"pc"' -DLOCALEDIR='"/usr/share/locale"' -DPACKAGE='"bash"' -DSHELL -DHAVE_CONFIG_H   -I.  -I. -I./include -I./lib  -Wno-parentheses -Wno-format-security   -g -O2 -c subst.c
rm -f lsignames.h
./mksignames lsignames.h
rm -f version.o
gcc  -DPROGRAM='"bash"' -DCONF_HOSTTYPE='"x86_64"' -DCONF_OSTYPE='"linux-gnu"' -DCONF_MACHTYPE='"x86_64-pc-linux-gnu"' -DCONF_VENDOR='"pc"' -DLOCALEDIR='"/usr/share/locale"' -DPACKAGE='"bash"' -DSHELL -DHAVE_CONFIG_H   -I.  -I. -I./include -I./lib  -Wno-parentheses -Wno-format-security   -g -O2 -c version.c
gcc -rdynamic -rdynamic -g -O2 man2html.o -o man2html -ldl 		
make[1]: Entering directory '/sources/bash-5.2.21/builtins'
rm -f builtins.o
rm -f alias.o
gcc -c   -DHAVE_CONFIG_H -DSHELL  -I. -I..  -I.. -I../include -I../lib -I.  -Wno-parentheses -Wno-format-security   -g -O2 builtins.c
./mkbuiltins -D . alias.def
make[1]: Leaving directory '/sources/bash-5.2.21/support'
gcc -DPROGRAM='"bash"' -DCONF_HOSTTYPE='"x86_64"' -DCONF_OSTYPE='"linux-gnu"' -DCONF_MACHTYPE='"x86_64-pc-linux-gnu"' -DCONF_VENDOR='"pc"' -DLOCALEDIR='"/usr/share/locale"' -DPACKAGE='"bash"' -DSHELL -DHAVE_CONFIG_H   -I.  -I. -I./include -I./lib  -Wno-parentheses -Wno-format-security  -g -O2  -DBUILDTOOL -c -o buildversion.o ./version.c
rm -f bind.o
rm -f variables.o
gcc -c   -DHAVE_CONFIG_H -DSHELL  -I. -I..  -I.. -I../include -I../lib -I.  -Wno-parentheses -Wno-format-security   -g -O2 alias.c || ( rm -f alias.c ; exit 1 )
./mkbuiltins -D . bind.def
gcc  -DPROGRAM='"bash"' -DCONF_HOSTTYPE='"x86_64"' -DCONF_OSTYPE='"linux-gnu"' -DCONF_MACHTYPE='"x86_64-pc-linux-gnu"' -DCONF_VENDOR='"pc"' -DLOCALEDIR='"/usr/share/locale"' -DPACKAGE='"bash"' -DSHELL -DHAVE_CONFIG_H   -I.  -I. -I./include -I./lib  -Wno-parentheses -Wno-format-security   -g -O2 -c variables.c
rm -f break.o
gcc -c   -DHAVE_CONFIG_H -DSHELL  -I. -I..  -I.. -I../include -I../lib -I.  -Wno-parentheses -Wno-format-security   -g -O2 bind.c || ( rm -f bind.c ; exit 1 )
./mkbuiltins -D . break.def
rm -f builtin.o
gcc -c   -DHAVE_CONFIG_H -DSHELL  -I. -I..  -I.. -I../include -I../lib -I.  -Wno-parentheses -Wno-format-security   -g -O2 break.c || ( rm -f break.c ; exit 1 )
./mkbuiltins -D . builtin.def
rm -f caller.o
gcc -c   -DHAVE_CONFIG_H -DSHELL  -I. -I..  -I.. -I../include -I../lib -I.  -Wno-parentheses -Wno-format-security   -g -O2 builtin.c || ( rm -f builtin.c ; exit 1 )
./mkbuiltins -D . caller.def
rm -f cd.o
if cmp -s lsignames.h signames.h ; then :; else rm -f signames.h ; cp lsignames.h signames.h ; fi
gcc -c   -DHAVE_CONFIG_H -DSHELL  -I. -I..  -I.. -I../include -I../lib -I.  -Wno-parentheses -Wno-format-security   -g -O2 caller.c || ( rm -f caller.c ; exit 1 )
./mkbuiltins -D . cd.def
rm -f colon.o
gcc -c   -DHAVE_CONFIG_H -DSHELL  -I. -I..  -I.. -I../include -I../lib -I.  -Wno-parentheses -Wno-format-security   -g -O2 cd.c || ( rm -f cd.c ; exit 1 )
./mkbuiltins -D . colon.def
rm -f command.o
gcc -DPROGRAM='"bash"' -DCONF_HOSTTYPE='"x86_64"' -DCONF_OSTYPE='"linux-gnu"' -DCONF_MACHTYPE='"x86_64-pc-linux-gnu"' -DCONF_VENDOR='"pc"' -DLOCALEDIR='"/usr/share/locale"' -DPACKAGE='"bash"' -DSHELL -DHAVE_CONFIG_H   -I.  -I. -I./include -I./lib  -Wno-parentheses -Wno-format-security  -g -O2   -rdynamic -g -O2   -rdynamic -g -O2  -o bashversion ./support/bashversion.c buildversion.o 
gcc -c   -DHAVE_CONFIG_H -DSHELL  -I. -I..  -I.. -I../include -I../lib -I.  -Wno-parentheses -Wno-format-security   -g -O2 colon.c || ( rm -f colon.c ; exit 1 )
./mkbuiltins -D . command.def
gcc -c   -DHAVE_CONFIG_H -DSHELL  -I. -I..  -I.. -I../include -I../lib -I.  -Wno-parentheses -Wno-format-security   -g -O2 command.c || ( rm -f command.c ; exit 1 )
rm -f break.c
rm -f alias.c
rm -f builtin.c
rm -f common.o
rm -f declare.o
gcc -c   -DHAVE_CONFIG_H -DSHELL  -I. -I..  -I.. -I../include -I../lib -I.  -Wno-parentheses -Wno-format-security   -g -O2 common.c
./mkbuiltins -D . declare.def
rm -f colon.c
gcc -c   -DHAVE_CONFIG_H -DSHELL  -I. -I..  -I.. -I../include -I../lib -I.  -Wno-parentheses -Wno-format-security   -g -O2 declare.c || ( rm -f declare.c ; exit 1 )
rm -f echo.o
rm -f enable.o
./mkbuiltins -D . echo.def
./mkbuiltins -D . enable.def
gcc -c   -DHAVE_CONFIG_H -DSHELL  -I. -I..  -I.. -I../include -I../lib -I.  -Wno-parentheses -Wno-format-security   -g -O2 echo.c || ( rm -f echo.c ; exit 1 )
rm -f bind.c
rm -f caller.c
gcc -c   -DHAVE_CONFIG_H -DSHELL  -I. -I..  -I.. -I../include -I../lib -I.  -Wno-parentheses -Wno-format-security   -g -O2 enable.c || ( rm -f enable.c ; exit 1 )
rm -f eval.o
rm -f evalfile.o
./mkbuiltins -D . eval.def
rm -f command.c
gcc -c   -DHAVE_CONFIG_H -DSHELL  -I. -I..  -I.. -I../include -I../lib -I.  -Wno-parentheses -Wno-format-security   -g -O2 evalfile.c
gcc -c   -DHAVE_CONFIG_H -DSHELL  -I. -I..  -I.. -I../include -I../lib -I.  -Wno-parentheses -Wno-format-security   -g -O2 eval.c || ( rm -f eval.c ; exit 1 )
rm -f evalstring.o
rm -f trap.o
gcc -c   -DHAVE_CONFIG_H -DSHELL  -I. -I..  -I.. -I../include -I../lib -I.  -Wno-parentheses -Wno-format-security   -g -O2 evalstring.c
gcc  -DPROGRAM='"bash"' -DCONF_HOSTTYPE='"x86_64"' -DCONF_OSTYPE='"linux-gnu"' -DCONF_MACHTYPE='"x86_64-pc-linux-gnu"' -DCONF_VENDOR='"pc"' -DLOCALEDIR='"/usr/share/locale"' -DPACKAGE='"bash"' -DSHELL -DHAVE_CONFIG_H   -I.  -I. -I./include -I./lib  -Wno-parentheses -Wno-format-security   -g -O2 -c trap.c
rm -f cd.c
rm -f exec.o
./mkbuiltins -D . exec.def
gcc -c   -DHAVE_CONFIG_H -DSHELL  -I. -I..  -I.. -I../include -I../lib -I.  -Wno-parentheses -Wno-format-security   -g -O2 exec.c || ( rm -f exec.c ; exit 1 )
rm -f echo.c
rm -f exit.o
./mkbuiltins -D . exit.def
rm -f eval.c
gcc -c   -DHAVE_CONFIG_H -DSHELL  -I. -I..  -I.. -I../include -I../lib -I.  -Wno-parentheses -Wno-format-security   -g -O2 exit.c || ( rm -f exit.c ; exit 1 )
rm -f fc.o
./mkbuiltins -D . fc.def
gcc -c   -DHAVE_CONFIG_H -DSHELL  -I. -I..  -I.. -I../include -I../lib -I.  -Wno-parentheses -Wno-format-security   -g -O2 fc.c || ( rm -f fc.c ; exit 1 )
rm -f exec.c
rm -f fg_bg.o
./mkbuiltins -D . fg_bg.def

gcc -c   -DHAVE_CONFIG_H -DSHELL  -I. -I..  -I.. -I../include -I../lib -I.  -Wno-parentheses -Wno-format-security   -g -O2 fg_bg.c || ( rm -f fg_bg.c ; exit 1 )
	  ***********************************************************
	  *                                                         *
	  * GNU bash, version 5.2.25(1)-release (x86_64-pc-linux-gnu)
	  *                                                         *
	  ***********************************************************

rm -f exit.c
rm -f hash.o
./mkbuiltins -D . hash.def
gcc -c   -DHAVE_CONFIG_H -DSHELL  -I. -I..  -I.. -I../include -I../lib -I.  -Wno-parentheses -Wno-format-security   -g -O2 hash.c || ( rm -f hash.c ; exit 1 )
rm -f help.o
./mkbuiltins -D . help.def
making lib/glob/libglob.a in ./lib/glob
gcc -c   -DHAVE_CONFIG_H -DSHELL  -I. -I..  -I.. -I../include -I../lib -I.  -Wno-parentheses -Wno-format-security   -g -O2 help.c || ( rm -f help.c ; exit 1 )
make[1]: Entering directory '/sources/bash-5.2.21/lib/glob'
rm -f glob.o
rm -f strmatch.o
gcc -c  -DHAVE_CONFIG_H -DSHELL -I. -I../.. -I../.. -I../../include -I../../lib  -Wno-parentheses -Wno-format-security  -g -O2  glob.c
gcc -c  -DHAVE_CONFIG_H -DSHELL -I. -I../.. -I../.. -I../../include -I../../lib  -Wno-parentheses -Wno-format-security  -g -O2  strmatch.c
rm -f smatch.o
rm -f enable.c
rm -f xmbsrtowcs.o
rm -f history.o
gcc -c  -DHAVE_CONFIG_H -DSHELL -I. -I../.. -I../.. -I../../include -I../../lib  -Wno-parentheses -Wno-format-security  -g -O2  smatch.c
gcc -c  -DHAVE_CONFIG_H -DSHELL -I. -I../.. -I../.. -I../../include -I../../lib  -Wno-parentheses -Wno-format-security  -g -O2  xmbsrtowcs.c
rm -f gmisc.o
./mkbuiltins -D . history.def
gcc -c  -DHAVE_CONFIG_H -DSHELL -I. -I../.. -I../.. -I../../include -I../../lib  -Wno-parentheses -Wno-format-security  -g -O2  gmisc.c
gcc -c   -DHAVE_CONFIG_H -DSHELL  -I. -I..  -I.. -I../include -I../lib -I.  -Wno-parentheses -Wno-format-security   -g -O2 history.c || ( rm -f history.c ; exit 1 )
rm -f hash.c
rm -f jobs.o
./mkbuiltins -D . jobs.def
gcc -c   -DHAVE_CONFIG_H -DSHELL  -I. -I..  -I.. -I../include -I../lib -I.  -Wno-parentheses -Wno-format-security   -g -O2 jobs.c || ( rm -f jobs.c ; exit 1 )
rm -f kill.o
rm -f fg_bg.c
./mkbuiltins -D . kill.def
rm -f let.o
gcc -c   -DHAVE_CONFIG_H -DSHELL  -I. -I..  -I.. -I../include -I../lib -I.  -Wno-parentheses -Wno-format-security   -g -O2 kill.c || ( rm -f kill.c ; exit 1 )
./mkbuiltins -D . let.def
gcc -c   -DHAVE_CONFIG_H -DSHELL  -I. -I..  -I.. -I../include -I../lib -I.  -Wno-parentheses -Wno-format-security   -g -O2 let.c || ( rm -f let.c ; exit 1 )
rm -f mapfile.o
./mkbuiltins -D . mapfile.def
gcc -c   -DHAVE_CONFIG_H -DSHELL  -I. -I..  -I.. -I../include -I../lib -I.  -Wno-parentheses -Wno-format-security   -g -O2 mapfile.c || ( rm -f mapfile.c ; exit 1 )
rm -f fc.c
rm -f pushd.o
./mkbuiltins -D . pushd.def
gcc -c   -DHAVE_CONFIG_H -DSHELL  -I. -I..  -I.. -I../include -I../lib -I.  -Wno-parentheses -Wno-format-security   -g -O2 pushd.c || ( rm -f pushd.c ; exit 1 )
rm -f let.c
rm -f read.o
rm -f declare.c
./mkbuiltins -D . read.def
rm -f return.o
gcc -c   -DHAVE_CONFIG_H -DSHELL  -I. -I..  -I.. -I../include -I../lib -I.  -Wno-parentheses -Wno-format-security   -g -O2 read.c || ( rm -f read.c ; exit 1 )
rm -f jobs.c
./mkbuiltins -D . return.def
rm -f set.o
gcc -c   -DHAVE_CONFIG_H -DSHELL  -I. -I..  -I.. -I../include -I../lib -I.  -Wno-parentheses -Wno-format-security   -g -O2 return.c || ( rm -f return.c ; exit 1 )
./mkbuiltins -D . set.def
rm -f mapfile.c
gcc -c   -DHAVE_CONFIG_H -DSHELL  -I. -I..  -I.. -I../include -I../lib -I.  -Wno-parentheses -Wno-format-security   -g -O2 set.c || ( rm -f set.c ; exit 1 )
rm -f setattr.o
./mkbuiltins -D . setattr.def
rm -f kill.c
gcc -c   -DHAVE_CONFIG_H -DSHELL  -I. -I..  -I.. -I../include -I../lib -I.  -Wno-parentheses -Wno-format-security   -g -O2 setattr.c || ( rm -f setattr.c ; exit 1 )
rm -f shift.o
./mkbuiltins -D . shift.def
gcc -c   -DHAVE_CONFIG_H -DSHELL  -I. -I..  -I.. -I../include -I../lib -I.  -Wno-parentheses -Wno-format-security   -g -O2 shift.c || ( rm -f shift.c ; exit 1 )
rm -f help.c
making lib/sh/libsh.a in ./lib/sh
rm -f source.o
./mkbuiltins -D . source.def
make[1]: Entering directory '/sources/bash-5.2.21/lib/sh'
gcc -c   -DHAVE_CONFIG_H -DSHELL  -I. -I..  -I.. -I../include -I../lib -I.  -Wno-parentheses -Wno-format-security   -g -O2 source.c || ( rm -f source.c ; exit 1 )
gcc -c   -I. -I../.. -I../.. -I../../lib -I../../include -I.  -DHAVE_CONFIG_H -DSHELL  -Wno-parentheses -Wno-format-security -g -O2   clktck.c
rm -f return.c
gcc -c   -I. -I../.. -I../.. -I../../lib -I../../include -I.  -DHAVE_CONFIG_H -DSHELL  -Wno-parentheses -Wno-format-security -g -O2   clock.c
rm -f history.c
gcc -c   -I. -I../.. -I../.. -I../../lib -I../../include -I.  -DHAVE_CONFIG_H -DSHELL  -Wno-parentheses -Wno-format-security -g -O2   getenv.c
rm -f suspend.o
gcc -c   -I. -I../.. -I../.. -I../../lib -I../../include -I.  -DHAVE_CONFIG_H -DSHELL  -Wno-parentheses -Wno-format-security -g -O2   oslib.c
gcc -c   -I. -I../.. -I../.. -I../../lib -I../../include -I.  -DHAVE_CONFIG_H -DSHELL  -Wno-parentheses -Wno-format-security -g -O2   setlinebuf.c
rm -f test.o
gcc -c   -I. -I../.. -I../.. -I../../lib -I../../include -I.  -DHAVE_CONFIG_H -DSHELL  -Wno-parentheses -Wno-format-security -g -O2   strnlen.c
./mkbuiltins -D . suspend.def
gcc -c   -I. -I../.. -I../.. -I../../lib -I../../include -I.  -DHAVE_CONFIG_H -DSHELL  -Wno-parentheses -Wno-format-security -g -O2   itos.c
gcc -c   -I. -I../.. -I../.. -I../../lib -I../../include -I.  -DHAVE_CONFIG_H -DSHELL  -Wno-parentheses -Wno-format-security -g -O2   zread.c
./mkbuiltins -D . test.def
gcc -c   -DHAVE_CONFIG_H -DSHELL  -I. -I..  -I.. -I../include -I../lib -I.  -Wno-parentheses -Wno-format-security   -g -O2 suspend.c || ( rm -f suspend.c ; exit 1 )
gcc -c   -DHAVE_CONFIG_H -DSHELL  -I. -I..  -I.. -I../include -I../lib -I.  -Wno-parentheses -Wno-format-security   -g -O2 test.c || ( rm -f test.c ; exit 1 )
rm -f shift.c
rm -f times.o
gcc -c   -I. -I../.. -I../.. -I../../lib -I../../include -I.  -DHAVE_CONFIG_H -DSHELL  -Wno-parentheses -Wno-format-security -g -O2   zwrite.c
./mkbuiltins -D . times.def
gcc -c   -DHAVE_CONFIG_H -DSHELL  -I. -I..  -I.. -I../include -I../lib -I.  -Wno-parentheses -Wno-format-security   -g -O2 times.c || ( rm -f times.c ; exit 1 )
gcc -c   -I. -I../.. -I../.. -I../../lib -I../../include -I.  -DHAVE_CONFIG_H -DSHELL  -Wno-parentheses -Wno-format-security -g -O2   shtty.c
gcc -c   -I. -I../.. -I../.. -I../../lib -I../../include -I.  -DHAVE_CONFIG_H -DSHELL  -Wno-parentheses -Wno-format-security -g -O2   shmatch.c
gcc -c   -I. -I../.. -I../.. -I../../lib -I../../include -I.  -DHAVE_CONFIG_H -DSHELL  -Wno-parentheses -Wno-format-security -g -O2   eaccess.c
gcc -c   -I. -I../.. -I../.. -I../../lib -I../../include -I.  -DHAVE_CONFIG_H -DSHELL  -Wno-parentheses -Wno-format-security -g -O2   netconn.c
gcc -c   -I. -I../.. -I../.. -I../../lib -I../../include -I.  -DHAVE_CONFIG_H -DSHELL  -Wno-parentheses -Wno-format-security -g -O2   netopen.c
gcc -c   -I. -I../.. -I../.. -I../../lib -I../../include -I.  -DHAVE_CONFIG_H -DSHELL  -Wno-parentheses -Wno-format-security -g -O2   timeval.c
gcc -c   -I. -I../.. -I../.. -I../../lib -I../../include -I.  -DHAVE_CONFIG_H -DSHELL  -Wno-parentheses -Wno-format-security -g -O2   makepath.c
rm -f suspend.c
rm -f trap.o
./mkbuiltins -D . trap.def
gcc -c   -DHAVE_CONFIG_H -DSHELL  -I. -I..  -I.. -I../include -I../lib -I.  -Wno-parentheses -Wno-format-security   -g -O2 trap.c || ( rm -f trap.c ; exit 1 )
rm -f test.c
rm -f type.o
./mkbuiltins -D . type.def
gcc -c   -DHAVE_CONFIG_H -DSHELL  -I. -I..  -I.. -I../include -I../lib -I.  -Wno-parentheses -Wno-format-security   -g -O2 type.c || ( rm -f type.c ; exit 1 )
gcc -c   -I. -I../.. -I../.. -I../../lib -I../../include -I.  -DHAVE_CONFIG_H -DSHELL  -Wno-parentheses -Wno-format-security -g -O2   pathcanon.c
rm -f times.c
gcc -c   -I. -I../.. -I../.. -I../../lib -I../../include -I.  -DHAVE_CONFIG_H -DSHELL  -Wno-parentheses -Wno-format-security -g -O2   pathphys.c
rm -f source.c
gcc -c   -I. -I../.. -I../.. -I../../lib -I../../include -I.  -DHAVE_CONFIG_H -DSHELL  -Wno-parentheses -Wno-format-security -g -O2   tmpfile.c
gcc  -DHAVE_CONFIG_H -DSHELL  -I. -I..  -I.. -I../include -I../lib -I.  -Wno-parentheses -Wno-format-security   -g -O2  -rdynamic -g -O2 -rdynamic -g -O2  -o psize.aux ./psize.c
rm -f umask.o
./mkbuiltins -D . umask.def
gcc -c   -I. -I../.. -I../.. -I../../lib -I../../include -I.  -DHAVE_CONFIG_H -DSHELL  -Wno-parentheses -Wno-format-security -g -O2   stringlist.c
gcc -c   -DHAVE_CONFIG_H -DSHELL  -I. -I..  -I.. -I../include -I../lib -I.  -Wno-parentheses -Wno-format-security   -g -O2 umask.c || ( rm -f umask.c ; exit 1 )
rm -f setattr.c
rm -f wait.o
./mkbuiltins -D . wait.def
gcc -c   -DHAVE_CONFIG_H -DSHELL  -I. -I..  -I.. -I../include -I../lib -I.  -Wno-parentheses -Wno-format-security   -g -O2 wait.c || ( rm -f wait.c ; exit 1 )
gcc -c   -I. -I../.. -I../.. -I../../lib -I../../include -I.  -DHAVE_CONFIG_H -DSHELL  -Wno-parentheses -Wno-format-security -g -O2   stringvec.c
rm -f pushd.c
rm -f getopts.o
gcc -c   -I. -I../.. -I../.. -I../../lib -I../../include -I.  -DHAVE_CONFIG_H -DSHELL  -Wno-parentheses -Wno-format-security -g -O2   spell.c
./mkbuiltins -D . getopts.def
gcc -c   -DHAVE_CONFIG_H -DSHELL  -I. -I..  -I.. -I../include -I../lib -I.  -Wno-parentheses -Wno-format-security   -g -O2 getopts.c || ( rm -f getopts.c ; exit 1 )
gcc -c   -I. -I../.. -I../.. -I../../lib -I../../include -I.  -DHAVE_CONFIG_H -DSHELL  -Wno-parentheses -Wno-format-security -g -O2   shquote.c
gcc -c   -I. -I../.. -I../.. -I../../lib -I../../include -I.  -DHAVE_CONFIG_H -DSHELL  -Wno-parentheses -Wno-format-security -g -O2   strtrans.c
rm -f trap.c
rm -f shopt.o
./mkbuiltins -D . shopt.def
gcc -c   -I. -I../.. -I../.. -I../../lib -I../../include -I.  -DHAVE_CONFIG_H -DSHELL  -Wno-parentheses -Wno-format-security -g -O2   snprintf.c
gcc -c   -DHAVE_CONFIG_H -DSHELL  -I. -I..  -I.. -I../include -I../lib -I.  -Wno-parentheses -Wno-format-security   -g -O2 shopt.c || ( rm -f shopt.c ; exit 1 )
gcc -c   -I. -I../.. -I../.. -I../../lib -I../../include -I.  -DHAVE_CONFIG_H -DSHELL  -Wno-parentheses -Wno-format-security -g -O2   mailstat.c
rm -f type.c
rm -f printf.o
./mkbuiltins -D . printf.def
gcc -c   -I. -I../.. -I../.. -I../../lib -I../../include -I.  -DHAVE_CONFIG_H -DSHELL  -Wno-parentheses -Wno-format-security -g -O2   fmtulong.c
gcc -c   -DHAVE_CONFIG_H -DSHELL  -I. -I..  -I.. -I../include -I../lib -I.  -Wno-parentheses -Wno-format-security   -g -O2 printf.c || ( rm -f printf.c ; exit 1 )
gcc -c   -I. -I../.. -I../.. -I../../lib -I../../include -I.  -DHAVE_CONFIG_H -DSHELL  -Wno-parentheses -Wno-format-security -g -O2   fmtullong.c
gcc -c   -I. -I../.. -I../.. -I../../lib -I../../include -I.  -DHAVE_CONFIG_H -DSHELL  -Wno-parentheses -Wno-format-security -g -O2   fmtumax.c
making lib/tilde/libtilde.a in ./lib/tilde
rm -f getopt.o
rm -f umask.c
gcc -c   -I. -I../.. -I../.. -I../../lib -I../../include -I.  -DHAVE_CONFIG_H -DSHELL  -Wno-parentheses -Wno-format-security -g -O2   zcatfd.c
rm -f getopts.c
gcc -c   -DHAVE_CONFIG_H -DSHELL  -I. -I..  -I.. -I../include -I../lib -I.  -Wno-parentheses -Wno-format-security   -g -O2 getopt.c
make[1]: Entering directory '/sources/bash-5.2.21/lib/tilde'
gcc -c   -DHAVE_CONFIG_H -DSHELL  -I. -I../.. -I../.. -I../../include -I../../lib -Wno-parentheses -Wno-format-security  -g -O2 tilde.c
gcc -c   -I. -I../.. -I../.. -I../../lib -I../../include -I.  -DHAVE_CONFIG_H -DSHELL  -Wno-parentheses -Wno-format-security -g -O2   zmapfd.c
rm -f bashgetopt.o
gcc -c   -DHAVE_CONFIG_H -DSHELL  -I. -I..  -I.. -I../include -I../lib -I.  -Wno-parentheses -Wno-format-security   -g -O2 bashgetopt.c
rm -f complete.o
./mkbuiltins -D . complete.def
gcc -c   -DHAVE_CONFIG_H -DSHELL  -I. -I..  -I.. -I../include -I../lib -I.  -Wno-parentheses -Wno-format-security   -g -O2 complete.c || ( rm -f complete.c ; exit 1 )
gcc -c   -I. -I../.. -I../.. -I../../lib -I../../include -I.  -DHAVE_CONFIG_H -DSHELL  -Wno-parentheses -Wno-format-security -g -O2   winsize.c
rm -f set.c
gcc -c   -I. -I../.. -I../.. -I../../lib -I../../include -I.  -DHAVE_CONFIG_H -DSHELL  -Wno-parentheses -Wno-format-security -g -O2   wcsdup.c
/bin/sh ./psize.sh > pipesize.h
gcc -c   -I. -I../.. -I../.. -I../../lib -I../../include -I.  -DHAVE_CONFIG_H -DSHELL  -Wno-parentheses -Wno-format-security -g -O2   fpurge.c
rm -f wait.c
gcc -c   -I. -I../.. -I../.. -I../../lib -I../../include -I.  -DHAVE_CONFIG_H -DSHELL  -Wno-parentheses -Wno-format-security -g -O2   zgetline.c
rm -f libtilde.a
ar cr libtilde.a tilde.o
test -n "ranlib" && ranlib libtilde.a
gcc -c   -I. -I../.. -I../.. -I../../lib -I../../include -I.  -DHAVE_CONFIG_H -DSHELL  -Wno-parentheses -Wno-format-security -g -O2   mbscmp.c
gcc -c   -I. -I../.. -I../.. -I../../lib -I../../include -I.  -DHAVE_CONFIG_H -DSHELL  -Wno-parentheses -Wno-format-security -g -O2   uconvert.c
make[1]: Leaving directory '/sources/bash-5.2.21/lib/tilde'
gcc -c   -I. -I../.. -I../.. -I../../lib -I../../include -I.  -DHAVE_CONFIG_H -DSHELL  -Wno-parentheses -Wno-format-security -g -O2   ufuncs.c
gcc -c   -I. -I../.. -I../.. -I../../lib -I../../include -I.  -DHAVE_CONFIG_H -DSHELL  -Wno-parentheses -Wno-format-security -g -O2   casemod.c
gcc -c   -I. -I../.. -I../.. -I../../lib -I../../include -I.  -DHAVE_CONFIG_H -DSHELL  -Wno-parentheses -Wno-format-security -g -O2   input_avail.c
gcc -c   -I. -I../.. -I../.. -I../../lib -I../../include -I.  -DHAVE_CONFIG_H -DSHELL  -Wno-parentheses -Wno-format-security -g -O2   mbscasecmp.c
gcc -c   -I. -I../.. -I../.. -I../../lib -I../../include -I.  -DHAVE_CONFIG_H -DSHELL  -Wno-parentheses -Wno-format-security -g -O2   fnxform.c
gcc -c   -I. -I../.. -I../.. -I../../lib -I../../include -I.  -DHAVE_CONFIG_H -DSHELL  -Wno-parentheses -Wno-format-security -g -O2   unicode.c
gcc -c   -I. -I../.. -I../.. -I../../lib -I../../include -I.  -DHAVE_CONFIG_H -DSHELL  -Wno-parentheses -Wno-format-security -g -O2   shmbchar.c
gcc -c   -I. -I../.. -I../.. -I../../lib -I../../include -I.  -DHAVE_CONFIG_H -DSHELL  -Wno-parentheses -Wno-format-security -g -O2   strvis.c
gcc -c   -I. -I../.. -I../.. -I../../lib -I../../include -I.  -DHAVE_CONFIG_H -DSHELL  -Wno-parentheses -Wno-format-security -g -O2   utf8.c
gcc -c   -I. -I../.. -I../.. -I../../lib -I../../include -I.  -DHAVE_CONFIG_H -DSHELL  -Wno-parentheses -Wno-format-security -g -O2   random.c
gcc -c   -I. -I../.. -I../.. -I../../lib -I../../include -I.  -DHAVE_CONFIG_H -DSHELL  -Wno-parentheses -Wno-format-security -g -O2   gettimeofday.c
gcc -c   -I. -I../.. -I../.. -I../../lib -I../../include -I.  -DHAVE_CONFIG_H -DSHELL  -Wno-parentheses -Wno-format-security -g -O2   timers.c
rm -f shopt.c
gcc -c   -I. -I../.. -I../.. -I../../lib -I../../include -I.  -DHAVE_CONFIG_H -DSHELL  -Wno-parentheses -Wno-format-security -g -O2   wcsnwidth.c
gcc -c   -I. -I../.. -I../.. -I../../lib -I../../include -I.  -DHAVE_CONFIG_H -DSHELL  -Wno-parentheses -Wno-format-security -g -O2   mbschr.c
rm -f complete.c
gcc -c   -I. -I../.. -I../.. -I../../lib -I../../include -I.  -DHAVE_CONFIG_H -DSHELL  -Wno-parentheses -Wno-format-security -g -O2   strtoimax.c
rm -f read.c
rm -f printf.c
rm -f libsh.a
ar cr libsh.a clktck.o clock.o getenv.o oslib.o setlinebuf.o strnlen.o itos.o zread.o zwrite.o shtty.o shmatch.o eaccess.o netconn.o netopen.o timeval.o makepath.o pathcanon.o pathphys.o tmpfile.o stringlist.o stringvec.o spell.o shquote.o strtrans.o snprintf.o mailstat.o fmtulong.o fmtullong.o fmtumax.o zcatfd.o zmapfd.o winsize.o wcsdup.o fpurge.o zgetline.o mbscmp.o uconvert.o ufuncs.o casemod.o input_avail.o mbscasecmp.o fnxform.o unicode.o shmbchar.o strvis.o utf8.o random.o gettimeofday.o timers.o wcsnwidth.o mbschr.o strtoimax.o
rm -f -f libglob.a
ar cr libglob.a glob.o strmatch.o smatch.o xmbsrtowcs.o gmisc.o
test -n "ranlib" && ranlib libglob.a
test -n "ranlib" && ranlib libsh.a
make[1]: Leaving directory '/sources/bash-5.2.21/lib/glob'
make[1]: Leaving directory '/sources/bash-5.2.21/lib/sh'
rm -f y.tab.o
gcc  -DPROGRAM='"bash"' -DCONF_HOSTTYPE='"x86_64"' -DCONF_OSTYPE='"linux-gnu"' -DCONF_MACHTYPE='"x86_64-pc-linux-gnu"' -DCONF_VENDOR='"pc"' -DLOCALEDIR='"/usr/share/locale"' -DPACKAGE='"bash"' -DSHELL -DHAVE_CONFIG_H   -I.  -I. -I./include -I./lib  -Wno-parentheses -Wno-format-security   -g -O2 -c y.tab.c
rm -f ulimit.o
./mkbuiltins -D . ulimit.def
gcc -c   -DHAVE_CONFIG_H -DSHELL  -I. -I..  -I.. -I../include -I../lib -I.  -Wno-parentheses -Wno-format-security   -g -O2 ulimit.c || ( rm -f ulimit.c ; exit 1 )
rm -f ulimit.c
rm -f libbuiltins.a
ar cr libbuiltins.a builtins.o alias.o bind.o break.o builtin.o caller.o cd.o colon.o command.o common.o declare.o echo.o enable.o eval.o evalfile.o evalstring.o exec.o exit.o fc.o fg_bg.o hash.o help.o history.o jobs.o kill.o let.o mapfile.o pushd.o read.o return.o set.o setattr.o shift.o source.o suspend.o test.o times.o trap.o type.o ulimit.o umask.o wait.o getopts.o shopt.o printf.o getopt.o bashgetopt.o complete.o
ranlib libbuiltins.a
make[1]: Leaving directory '/sources/bash-5.2.21/builtins'
make[1]: Entering directory '/sources/bash-5.2.21/builtins'
make[1]: 'pipesize.h' is up to date.
make[1]: Leaving directory '/sources/bash-5.2.21/builtins'
rm -f redir.o
gcc  -DPROGRAM='"bash"' -DCONF_HOSTTYPE='"x86_64"' -DCONF_OSTYPE='"linux-gnu"' -DCONF_MACHTYPE='"x86_64-pc-linux-gnu"' -DCONF_VENDOR='"pc"' -DLOCALEDIR='"/usr/share/locale"' -DPACKAGE='"bash"' -DSHELL -DHAVE_CONFIG_H   -I.  -I. -I./include -I./lib  -Wno-parentheses -Wno-format-security   -g -O2 -c redir.c
rm -f bash
gcc -L./builtins -L/usr/lib -L/usr/lib -L./lib/glob -L./lib/tilde  -L./lib/sh  -rdynamic -g -O2   -o bash shell.o eval.o y.tab.o general.o make_cmd.o print_cmd.o  dispose_cmd.o execute_cmd.o variables.o copy_cmd.o error.o expr.o flags.o jobs.o subst.o hashcmd.o hashlib.o mailcheck.o trap.o input.o unwind_prot.o pathexp.o sig.o test.o version.o alias.o array.o arrayfunc.o assoc.o braces.o bracecomp.o bashhist.o bashline.o  list.o stringlib.o locale.o findcmd.o redir.o pcomplete.o pcomplib.o syntax.o xmalloc.o  -lbuiltins -lglob -lsh -lreadline -lhistory -lncurses -ltilde     -ldl 
ls -l bash
-rwxr-xr-x 1 root root 3356680 Aug 27 07:20 bash
size bash
   text	   data	    bss	    dec	    hex	filename
 941443	  22520	  60792	1024755	  fa2f3	bash
