
make[1]: Entering directory '/sources/bash-5.2.21/builtins'
	  ***********************************************************
	  *                                                         *
make[1]: 'pipesize.h' is up to date.
make[1]: Leaving directory '/sources/bash-5.2.21/builtins'
	  * GNU bash, version 5.2.25(1)-release (x86_64-pc-linux-gnu)
	  *                                                         *
	  ***********************************************************

mkdir -p -- /usr/share/doc/bash-5.2.21
( cd ./po/ ; make -j8 --jobserver-auth=fifo:/tmp/GMfifo337710 DESTDIR= installdirs )
make[1]: Entering directory '/sources/bash-5.2.21/po'
/bin/sh ../support/mkinstalldirs /usr/share
if test "bash" = "gettext-tools"; then \
  /bin/sh ../support/mkinstalldirs /usr/share/gettext/po; \
else \
  : ; \
fi
make[1]: Leaving directory '/sources/bash-5.2.21/po'
/usr/bin/install -c -m 0755 bash /usr/bin/bash
/usr/bin/install -c -m 0555 bashbug /usr/bin/bashbug
/usr/bin/install -c -m 644 ./CHANGES ./COMPAT ./NEWS ./POSIX ./RBASH ./README /usr/share/doc/bash-5.2.21
( cd ./doc ; make -j8 --jobserver-auth=fifo:/tmp/GMfifo337710 \
	man1dir=/usr/share/man/man1 man1ext=.1 \
	man3dir=/usr/share/man/man3 man3ext=.3 \
	infodir=/usr/share/info htmldir=/usr/share/doc/bash-5.2.21 DESTDIR= install )
make[1]: Entering directory '/sources/bash-5.2.21/doc'
/bin/sh ../support/mkinstalldirs /usr/share/man/man1
/bin/sh ../support/mkinstalldirs /usr/share/info
/bin/sh ../support/mkinstalldirs /usr/share/doc/bash-5.2.21
if test -n "/usr/share/doc/bash-5.2.21" ; then \
	/bin/sh ../support/mkinstalldirs /usr/share/doc/bash-5.2.21 ; \
fi
/usr/bin/install -c -m 644 ./bash.1 /usr/share/man/man1/bash.1
/usr/bin/install -c -m 644 ./bashbug.1 /usr/share/man/man1/bashbug.1
/usr/bin/install -c -m 644 ./FAQ ./INTRO /usr/share/doc/bash-5.2.21
if test -f bash.info; then d=.; else d=.; fi; \
  /usr/bin/install -c -m 644 $d/bash.info /usr/share/info/bash.info
if /bin/sh -c 'install-info --version' >/dev/null 2>&1; then \
	install-info --dir-file=/usr/share/info/dir /usr/share/info/bash.info; \
else true; fi
if test -n "/usr/share/doc/bash-5.2.21" ; then \
	/usr/bin/install -c -m 644 ./bash.html /usr/share/doc/bash-5.2.21 ; \
	/usr/bin/install -c -m 644 ./bashref.html /usr/share/doc/bash-5.2.21 ; \
fi
make[1]: Leaving directory '/sources/bash-5.2.21/doc'
( cd ./builtins ; make -j8 --jobserver-auth=fifo:/tmp/GMfifo337710 DESTDIR= install )
make[1]: Entering directory '/sources/bash-5.2.21/builtins'
make[1]: Nothing to be done for 'install'.
make[1]: Leaving directory '/sources/bash-5.2.21/builtins'
( cd ./po/ ; make -j8 --jobserver-auth=fifo:/tmp/GMfifo337710 DESTDIR= install )
make[1]: Entering directory '/sources/bash-5.2.21/po'
test -z "en@quot.gmo en@boldquot.gmo af.gmo bg.gmo ca.gmo cs.gmo da.gmo de.gmo el.gmo eo.gmo es.gmo et.gmo fi.gmo fr.gmo ga.gmo gl.gmo hr.gmo hu.gmo id.gmo it.gmo ja.gmo ko.gmo lt.gmo nb.gmo nl.gmo pl.gmo pt.gmo pt_BR.gmo ro.gmo ru.gmo sk.gmo sl.gmo sr.gmo sv.gmo tr.gmo uk.gmo vi.gmo zh_CN.gmo zh_TW.gmo" || make en@quot.gmo en@boldquot.gmo af.gmo bg.gmo ca.gmo cs.gmo da.gmo de.gmo el.gmo eo.gmo es.gmo et.gmo fi.gmo fr.gmo ga.gmo gl.gmo hr.gmo hu.gmo id.gmo it.gmo ja.gmo ko.gmo lt.gmo nb.gmo nl.gmo pl.gmo pt.gmo pt_BR.gmo ro.gmo ru.gmo sk.gmo sl.gmo sr.gmo sv.gmo tr.gmo uk.gmo vi.gmo zh_CN.gmo zh_TW.gmo
make[2]: Entering directory '/sources/bash-5.2.21/po'
make[2]: 'en@quot.gmo' is up to date.
make[2]: 'en@boldquot.gmo' is up to date.
make[2]: 'af.gmo' is up to date.
make[2]: 'bg.gmo' is up to date.
make[2]: 'ca.gmo' is up to date.
make[2]: 'cs.gmo' is up to date.
make[2]: 'da.gmo' is up to date.
make[2]: 'de.gmo' is up to date.
make[2]: 'el.gmo' is up to date.
make[2]: 'eo.gmo' is up to date.
make[2]: 'es.gmo' is up to date.
make[2]: 'et.gmo' is up to date.
make[2]: 'fi.gmo' is up to date.
make[2]: 'fr.gmo' is up to date.
make[2]: 'ga.gmo' is up to date.
make[2]: 'gl.gmo' is up to date.
make[2]: 'hr.gmo' is up to date.
make[2]: 'hu.gmo' is up to date.
make[2]: 'id.gmo' is up to date.
make[2]: 'it.gmo' is up to date.
make[2]: 'ja.gmo' is up to date.
make[2]: 'ko.gmo' is up to date.
make[2]: 'lt.gmo' is up to date.
make[2]: 'nb.gmo' is up to date.
make[2]: 'nl.gmo' is up to date.
make[2]: 'pl.gmo' is up to date.
make[2]: 'pt.gmo' is up to date.
make[2]: 'pt_BR.gmo' is up to date.
make[2]: 'ro.gmo' is up to date.
make[2]: 'ru.gmo' is up to date.
make[2]: 'sk.gmo' is up to date.
make[2]: 'sl.gmo' is up to date.
make[2]: 'sr.gmo' is up to date.
make[2]: 'sv.gmo' is up to date.
make[2]: 'tr.gmo' is up to date.
make[2]: 'uk.gmo' is up to date.
make[2]: 'vi.gmo' is up to date.
make[2]: 'zh_CN.gmo' is up to date.
make[2]: 'zh_TW.gmo' is up to date.
make[2]: Leaving directory '/sources/bash-5.2.21/po'
touch stamp-po
/bin/sh ../support/mkinstalldirs /usr/share
installing en@quot.gmo as /usr/share/locale/en@quot/LC_MESSAGES/bash.mo
installing en@boldquot.gmo as /usr/share/locale/en@boldquot/LC_MESSAGES/bash.mo
installing af.gmo as /usr/share/locale/af/LC_MESSAGES/bash.mo
installing bg.gmo as /usr/share/locale/bg/LC_MESSAGES/bash.mo
installing ca.gmo as /usr/share/locale/ca/LC_MESSAGES/bash.mo
installing cs.gmo as /usr/share/locale/cs/LC_MESSAGES/bash.mo
installing da.gmo as /usr/share/locale/da/LC_MESSAGES/bash.mo
installing de.gmo as /usr/share/locale/de/LC_MESSAGES/bash.mo
installing el.gmo as /usr/share/locale/el/LC_MESSAGES/bash.mo
installing eo.gmo as /usr/share/locale/eo/LC_MESSAGES/bash.mo
installing es.gmo as /usr/share/locale/es/LC_MESSAGES/bash.mo
installing et.gmo as /usr/share/locale/et/LC_MESSAGES/bash.mo
installing fi.gmo as /usr/share/locale/fi/LC_MESSAGES/bash.mo
installing fr.gmo as /usr/share/locale/fr/LC_MESSAGES/bash.mo
installing ga.gmo as /usr/share/locale/ga/LC_MESSAGES/bash.mo
installing gl.gmo as /usr/share/locale/gl/LC_MESSAGES/bash.mo
installing hr.gmo as /usr/share/locale/hr/LC_MESSAGES/bash.mo
installing hu.gmo as /usr/share/locale/hu/LC_MESSAGES/bash.mo
installing id.gmo as /usr/share/locale/id/LC_MESSAGES/bash.mo
installing it.gmo as /usr/share/locale/it/LC_MESSAGES/bash.mo
installing ja.gmo as /usr/share/locale/ja/LC_MESSAGES/bash.mo
installing ko.gmo as /usr/share/locale/ko/LC_MESSAGES/bash.mo
installing lt.gmo as /usr/share/locale/lt/LC_MESSAGES/bash.mo
installing nb.gmo as /usr/share/locale/nb/LC_MESSAGES/bash.mo
installing nl.gmo as /usr/share/locale/nl/LC_MESSAGES/bash.mo
installing pl.gmo as /usr/share/locale/pl/LC_MESSAGES/bash.mo
installing pt.gmo as /usr/share/locale/pt/LC_MESSAGES/bash.mo
installing pt_BR.gmo as /usr/share/locale/pt_BR/LC_MESSAGES/bash.mo
installing ro.gmo as /usr/share/locale/ro/LC_MESSAGES/bash.mo
installing ru.gmo as /usr/share/locale/ru/LC_MESSAGES/bash.mo
installing sk.gmo as /usr/share/locale/sk/LC_MESSAGES/bash.mo
installing sl.gmo as /usr/share/locale/sl/LC_MESSAGES/bash.mo
installing sr.gmo as /usr/share/locale/sr/LC_MESSAGES/bash.mo
installing sv.gmo as /usr/share/locale/sv/LC_MESSAGES/bash.mo
installing tr.gmo as /usr/share/locale/tr/LC_MESSAGES/bash.mo
installing uk.gmo as /usr/share/locale/uk/LC_MESSAGES/bash.mo
installing vi.gmo as /usr/share/locale/vi/LC_MESSAGES/bash.mo
installing zh_CN.gmo as /usr/share/locale/zh_CN/LC_MESSAGES/bash.mo
installing zh_TW.gmo as /usr/share/locale/zh_TW/LC_MESSAGES/bash.mo
if test "bash" = "gettext-tools"; then \
  /bin/sh ../support/mkinstalldirs /usr/share/gettext/po; \
  for file in Makefile.in.in remove-potcdate.sin quot.sed boldquot.sed en@quot.header en@boldquot.header insert-header.sin Rules-quot   Makevars.template; do \
    /usr/bin/install -c -m 644 ./$file \
		    /usr/share/gettext/po/$file; \
  done; \
  for file in Makevars; do \
    rm -f /usr/share/gettext/po/$file; \
  done; \
else \
  : ; \
fi
make[1]: Leaving directory '/sources/bash-5.2.21/po'
( cd /sources/bash-5.2.21/examples/loadables && make -j8 --jobserver-auth=fifo:/tmp/GMfifo337710 DESTDIR= install )
make[1]: Entering directory '/sources/bash-5.2.21/examples/loadables'
gcc -fPIC -DHAVE_CONFIG_H -DSHELL   -g -O2 -Wno-parentheses -Wno-format-security -I. -I.. -I../.. -I../../lib -I../../builtins -I. -I../../include -I/sources/bash-5.2.21 -I/sources/bash-5.2.21/lib -I/sources/bash-5.2.21/builtins  -c -o print.o print.c
gcc -fPIC -DHAVE_CONFIG_H -DSHELL   -g -O2 -Wno-parentheses -Wno-format-security -I. -I.. -I../.. -I../../lib -I../../builtins -I. -I../../include -I/sources/bash-5.2.21 -I/sources/bash-5.2.21/lib -I/sources/bash-5.2.21/builtins  -c -o truefalse.o truefalse.c
gcc -fPIC -DHAVE_CONFIG_H -DSHELL   -g -O2 -Wno-parentheses -Wno-format-security -I. -I.. -I../.. -I../../lib -I../../builtins -I. -I../../include -I/sources/bash-5.2.21 -I/sources/bash-5.2.21/lib -I/sources/bash-5.2.21/builtins  -c -o sleep.o sleep.c
gcc -fPIC -DHAVE_CONFIG_H -DSHELL   -g -O2 -Wno-parentheses -Wno-format-security -I. -I.. -I../.. -I../../lib -I../../builtins -I. -I../../include -I/sources/bash-5.2.21 -I/sources/bash-5.2.21/lib -I/sources/bash-5.2.21/builtins  -c -o finfo.o finfo.c
gcc -fPIC -DHAVE_CONFIG_H -DSHELL   -g -O2 -Wno-parentheses -Wno-format-security -I. -I.. -I../.. -I../../lib -I../../builtins -I. -I../../include -I/sources/bash-5.2.21 -I/sources/bash-5.2.21/lib -I/sources/bash-5.2.21/builtins  -c -o logname.o logname.c
gcc -fPIC -DHAVE_CONFIG_H -DSHELL   -g -O2 -Wno-parentheses -Wno-format-security -I. -I.. -I../.. -I../../lib -I../../builtins -I. -I../../include -I/sources/bash-5.2.21 -I/sources/bash-5.2.21/lib -I/sources/bash-5.2.21/builtins  -c -o basename.o basename.c
gcc -fPIC -DHAVE_CONFIG_H -DSHELL   -g -O2 -Wno-parentheses -Wno-format-security -I. -I.. -I../.. -I../../lib -I../../builtins -I. -I../../include -I/sources/bash-5.2.21 -I/sources/bash-5.2.21/lib -I/sources/bash-5.2.21/builtins  -c -o dirname.o dirname.c
gcc -fPIC -DHAVE_CONFIG_H -DSHELL   -g -O2 -Wno-parentheses -Wno-format-security -I. -I.. -I../.. -I../../lib -I../../builtins -I. -I../../include -I/sources/bash-5.2.21 -I/sources/bash-5.2.21/lib -I/sources/bash-5.2.21/builtins  -c -o fdflags.o fdflags.c
gcc -fPIC -DHAVE_CONFIG_H -DSHELL   -g -O2 -Wno-parentheses -Wno-format-security -I. -I.. -I../.. -I../../lib -I../../builtins -I. -I../../include -I/sources/bash-5.2.21 -I/sources/bash-5.2.21/lib -I/sources/bash-5.2.21/builtins  -c -o tty.o tty.c
gcc -fPIC -DHAVE_CONFIG_H -DSHELL   -g -O2 -Wno-parentheses -Wno-format-security -I. -I.. -I../.. -I../../lib -I../../builtins -I. -I../../include -I/sources/bash-5.2.21 -I/sources/bash-5.2.21/lib -I/sources/bash-5.2.21/builtins  -c -o pathchk.o pathchk.c
gcc -fPIC -DHAVE_CONFIG_H -DSHELL   -g -O2 -Wno-parentheses -Wno-format-security -I. -I.. -I../.. -I../../lib -I../../builtins -I. -I../../include -I/sources/bash-5.2.21 -I/sources/bash-5.2.21/lib -I/sources/bash-5.2.21/builtins  -c -o tee.o tee.c
gcc -fPIC -DHAVE_CONFIG_H -DSHELL   -g -O2 -Wno-parentheses -Wno-format-security -I. -I.. -I../.. -I../../lib -I../../builtins -I. -I../../include -I/sources/bash-5.2.21 -I/sources/bash-5.2.21/lib -I/sources/bash-5.2.21/builtins  -c -o head.o head.c
gcc -fPIC -DHAVE_CONFIG_H -DSHELL   -g -O2 -Wno-parentheses -Wno-format-security -I. -I.. -I../.. -I../../lib -I../../builtins -I. -I../../include -I/sources/bash-5.2.21 -I/sources/bash-5.2.21/lib -I/sources/bash-5.2.21/builtins  -c -o mkdir.o mkdir.c
gcc -fPIC -DHAVE_CONFIG_H -DSHELL   -g -O2 -Wno-parentheses -Wno-format-security -I. -I.. -I../.. -I../../lib -I../../builtins -I. -I../../include -I/sources/bash-5.2.21 -I/sources/bash-5.2.21/lib -I/sources/bash-5.2.21/builtins  -c -o rmdir.o rmdir.c
gcc -fPIC -DHAVE_CONFIG_H -DSHELL   -g -O2 -Wno-parentheses -Wno-format-security -I. -I.. -I../.. -I../../lib -I../../builtins -I. -I../../include -I/sources/bash-5.2.21 -I/sources/bash-5.2.21/lib -I/sources/bash-5.2.21/builtins  -c -o mkfifo.o mkfifo.c
gcc -fPIC -DHAVE_CONFIG_H -DSHELL   -g -O2 -Wno-parentheses -Wno-format-security -I. -I.. -I../.. -I../../lib -I../../builtins -I. -I../../include -I/sources/bash-5.2.21 -I/sources/bash-5.2.21/lib -I/sources/bash-5.2.21/builtins  -c -o mktemp.o mktemp.c
gcc -fPIC -DHAVE_CONFIG_H -DSHELL   -g -O2 -Wno-parentheses -Wno-format-security -I. -I.. -I../.. -I../../lib -I../../builtins -I. -I../../include -I/sources/bash-5.2.21 -I/sources/bash-5.2.21/lib -I/sources/bash-5.2.21/builtins  -c -o printenv.o printenv.c
gcc -fPIC -DHAVE_CONFIG_H -DSHELL   -g -O2 -Wno-parentheses -Wno-format-security -I. -I.. -I../.. -I../../lib -I../../builtins -I. -I../../include -I/sources/bash-5.2.21 -I/sources/bash-5.2.21/lib -I/sources/bash-5.2.21/builtins  -c -o id.o id.c
gcc -fPIC -DHAVE_CONFIG_H -DSHELL   -g -O2 -Wno-parentheses -Wno-format-security -I. -I.. -I../.. -I../../lib -I../../builtins -I. -I../../include -I/sources/bash-5.2.21 -I/sources/bash-5.2.21/lib -I/sources/bash-5.2.21/builtins  -c -o whoami.o whoami.c
gcc -fPIC -DHAVE_CONFIG_H -DSHELL   -g -O2 -Wno-parentheses -Wno-format-security -I. -I.. -I../.. -I../../lib -I../../builtins -I. -I../../include -I/sources/bash-5.2.21 -I/sources/bash-5.2.21/lib -I/sources/bash-5.2.21/builtins  -c -o uname.o uname.c
gcc -fPIC -DHAVE_CONFIG_H -DSHELL   -g -O2 -Wno-parentheses -Wno-format-security -I. -I.. -I../.. -I../../lib -I../../builtins -I. -I../../include -I/sources/bash-5.2.21 -I/sources/bash-5.2.21/lib -I/sources/bash-5.2.21/builtins  -c -o sync.o sync.c
gcc -fPIC -DHAVE_CONFIG_H -DSHELL   -g -O2 -Wno-parentheses -Wno-format-security -I. -I.. -I../.. -I../../lib -I../../builtins -I. -I../../include -I/sources/bash-5.2.21 -I/sources/bash-5.2.21/lib -I/sources/bash-5.2.21/builtins  -c -o push.o push.c
gcc -fPIC -DHAVE_CONFIG_H -DSHELL   -g -O2 -Wno-parentheses -Wno-format-security -I. -I.. -I../.. -I../../lib -I../../builtins -I. -I../../include -I/sources/bash-5.2.21 -I/sources/bash-5.2.21/lib -I/sources/bash-5.2.21/builtins  -c -o ln.o ln.c
gcc -fPIC -DHAVE_CONFIG_H -DSHELL   -g -O2 -Wno-parentheses -Wno-format-security -I. -I.. -I../.. -I../../lib -I../../builtins -I. -I../../include -I/sources/bash-5.2.21 -I/sources/bash-5.2.21/lib -I/sources/bash-5.2.21/builtins  -c -o unlink.o unlink.c
gcc -fPIC -DHAVE_CONFIG_H -DSHELL   -g -O2 -Wno-parentheses -Wno-format-security -I. -I.. -I../.. -I../../lib -I../../builtins -I. -I../../include -I/sources/bash-5.2.21 -I/sources/bash-5.2.21/lib -I/sources/bash-5.2.21/builtins  -c -o realpath.o realpath.c
gcc -fPIC -DHAVE_CONFIG_H -DSHELL   -g -O2 -Wno-parentheses -Wno-format-security -I. -I.. -I../.. -I../../lib -I../../builtins -I. -I../../include -I/sources/bash-5.2.21 -I/sources/bash-5.2.21/lib -I/sources/bash-5.2.21/builtins  -c -o strftime.o strftime.c
gcc -fPIC -DHAVE_CONFIG_H -DSHELL   -g -O2 -Wno-parentheses -Wno-format-security -I. -I.. -I../.. -I../../lib -I../../builtins -I. -I../../include -I/sources/bash-5.2.21 -I/sources/bash-5.2.21/lib -I/sources/bash-5.2.21/builtins  -c -o mypid.o mypid.c
gcc -fPIC -DHAVE_CONFIG_H -DSHELL   -g -O2 -Wno-parentheses -Wno-format-security -I. -I.. -I../.. -I../../lib -I../../builtins -I. -I../../include -I/sources/bash-5.2.21 -I/sources/bash-5.2.21/lib -I/sources/bash-5.2.21/builtins  -c -o setpgid.o setpgid.c
gcc -fPIC -DHAVE_CONFIG_H -DSHELL   -g -O2 -Wno-parentheses -Wno-format-security -I. -I.. -I../.. -I../../lib -I../../builtins -I. -I../../include -I/sources/bash-5.2.21 -I/sources/bash-5.2.21/lib -I/sources/bash-5.2.21/builtins  -c -o seq.o seq.c
gcc -fPIC -DHAVE_CONFIG_H -DSHELL   -g -O2 -Wno-parentheses -Wno-format-security -I. -I.. -I../.. -I../../lib -I../../builtins -I. -I../../include -I/sources/bash-5.2.21 -I/sources/bash-5.2.21/lib -I/sources/bash-5.2.21/builtins  -c -o rm.o rm.c
gcc -fPIC -DHAVE_CONFIG_H -DSHELL   -g -O2 -Wno-parentheses -Wno-format-security -I. -I.. -I../.. -I../../lib -I../../builtins -I. -I../../include -I/sources/bash-5.2.21 -I/sources/bash-5.2.21/lib -I/sources/bash-5.2.21/builtins  -c -o accept.o accept.c
gcc -fPIC -DHAVE_CONFIG_H -DSHELL   -g -O2 -Wno-parentheses -Wno-format-security -I. -I.. -I../.. -I../../lib -I../../builtins -I. -I../../include -I/sources/bash-5.2.21 -I/sources/bash-5.2.21/lib -I/sources/bash-5.2.21/builtins  -c -o csv.o csv.c
gcc -fPIC -DHAVE_CONFIG_H -DSHELL   -g -O2 -Wno-parentheses -Wno-format-security -I. -I.. -I../.. -I../../lib -I../../builtins -I. -I../../include -I/sources/bash-5.2.21 -I/sources/bash-5.2.21/lib -I/sources/bash-5.2.21/builtins  -c -o dsv.o dsv.c
gcc -fPIC -DHAVE_CONFIG_H -DSHELL   -g -O2 -Wno-parentheses -Wno-format-security -I. -I.. -I../.. -I../../lib -I../../builtins -I. -I../../include -I/sources/bash-5.2.21 -I/sources/bash-5.2.21/lib -I/sources/bash-5.2.21/builtins  -c -o cut.o cut.c
gcc -fPIC -DHAVE_CONFIG_H -DSHELL   -g -O2 -Wno-parentheses -Wno-format-security -I. -I.. -I../.. -I../../lib -I../../builtins -I. -I../../include -I/sources/bash-5.2.21 -I/sources/bash-5.2.21/lib -I/sources/bash-5.2.21/builtins  -c -o stat.o stat.c
gcc -fPIC -DHAVE_CONFIG_H -DSHELL   -g -O2 -Wno-parentheses -Wno-format-security -I. -I.. -I../.. -I../../lib -I../../builtins -I. -I../../include -I/sources/bash-5.2.21 -I/sources/bash-5.2.21/lib -I/sources/bash-5.2.21/builtins  -c -o getconf.o getconf.c
gcc -shared -Wl,-soname,print   -o print print.o 
gcc -shared -Wl,-soname,truefalse   -o truefalse truefalse.o 
gcc -shared -Wl,-soname,sleep   -o sleep sleep.o 
gcc -shared -Wl,-soname,finfo   -o finfo finfo.o 
gcc -shared -Wl,-soname,logname   -o logname logname.o 
gcc -shared -Wl,-soname,basename   -o basename basename.o 
gcc -shared -Wl,-soname,dirname   -o dirname dirname.o 
gcc -shared -Wl,-soname,fdflags   -o fdflags fdflags.o 
gcc -shared -Wl,-soname,tty   -o tty tty.o 
gcc -shared -Wl,-soname,pathchk   -o pathchk pathchk.o 
gcc -shared -Wl,-soname,tee   -o tee tee.o 
gcc -shared -Wl,-soname,head   -o head head.o 
gcc -shared -Wl,-soname,mkdir   -o mkdir mkdir.o 
gcc -shared -Wl,-soname,rmdir   -o rmdir rmdir.o 
gcc -shared -Wl,-soname,mkfifo   -o mkfifo mkfifo.o 
gcc -shared -Wl,-soname,mktemp   -o mktemp mktemp.o 
gcc -shared -Wl,-soname,printenv   -o printenv printenv.o 
gcc -shared -Wl,-soname,id   -o id id.o 
gcc -shared -Wl,-soname,whoami   -o whoami whoami.o 
gcc -shared -Wl,-soname,uname   -o uname uname.o 
gcc -shared -Wl,-soname,sync   -o sync sync.o 
gcc -shared -Wl,-soname,push   -o push push.o 
gcc -shared -Wl,-soname,ln   -o ln ln.o 
gcc -shared -Wl,-soname,unlink   -o unlink unlink.o 
gcc -shared -Wl,-soname,realpath   -o realpath realpath.o 
gcc -shared -Wl,-soname,strftime   -o strftime strftime.o 
gcc -shared -Wl,-soname,mypid   -o mypid mypid.o 
gcc -shared -Wl,-soname,setpgid   -o setpgid setpgid.o 
gcc -shared -Wl,-soname,seq   -o seq seq.o 
gcc -shared -Wl,-soname,rm   -o rm rm.o 
gcc -shared -Wl,-soname,accept   -o accept accept.o 
gcc -shared -Wl,-soname,csv   -o csv csv.o 
gcc -shared -Wl,-soname,dsv   -o dsv dsv.o 
gcc -shared -Wl,-soname,cut   -o cut cut.o 
gcc -shared -Wl,-soname,stat   -o stat stat.o 
gcc -shared -Wl,-soname,getconf   -o getconf getconf.o 
make[2]: Entering directory '/sources/bash-5.2.21'
/usr/bin/install -c -m 644 ./support/bash.pc /usr/lib/pkgconfig/bash.pc
make[2]: Leaving directory '/sources/bash-5.2.21'
installing example loadable builtins in /usr/lib/bash
print
truefalse
sleep
finfo
logname
basename
dirname
fdflags
tty
pathchk
tee
head
mkdir
rmdir
mkfifo
mktemp
printenv
id
whoami
uname
sync
push
ln
unlink
realpath
strftime
mypid
setpgid
seq
rm
accept
csv
dsv
cut
stat
getconf
make[1]: Leaving directory '/sources/bash-5.2.21/examples/loadables'
