mkdir -p bin
gcc -DBC_ENABLE_AFL=0 -I./include/   -o ./gen/strgen ./gen/strgen.c
gcc -DBC_ENABLED=1 -DDC_ENABLED=1 -I./include/ -DBUILD_TYPE=A  -DEXECPREFIX= -DMAINEXEC=bc   -DBC_NUM_KARATSUBA_LEN=32 -DBC_ENABLE_NLS=1 -DBC_ENABLE_EXTRA_MATH=1 -DBC_ENABLE_HISTORY=1 -DBC_ENABLE_LIBRARY=0 -DBC_ENABLE_MEMCHECK=0 -DBC_ENABLE_AFL=0 -DBC_DEFAULT_BANNER=0 -DBC_DEFAULT_SIGINT_RESET=1 -DBC_DEFAULT_TTY_MODE=1 -DBC_DEFAULT_PROMPT=1 -DBC_DEFAULT_EXPR_EXIT=1 -DBC_DEFAULT_DIGIT_CLAMP=0 -DDC_DEFAULT_SIGINT_RESET=1 -DDC_DEFAULT_TTY_MODE=0 -DDC_DEFAULT_PROMPT=0 -DDC_DEFAULT_EXPR_EXIT=1 -DDC_DEFAULT_DIGIT_CLAMP=0 -DNDEBUG  -DBC_ENABLE_EDITLINE=0 -DBC_ENABLE_READLINE=1 -D_POSIX_C_SOURCE=200809L -D_XOPEN_SOURCE=700 -O3  -o src/args.o -c ./src/args.c
gcc -DBC_ENABLED=1 -DDC_ENABLED=1 -I./include/ -DBUILD_TYPE=A  -DEXECPREFIX= -DMAINEXEC=bc   -DBC_NUM_KARATSUBA_LEN=32 -DBC_ENABLE_NLS=1 -DBC_ENABLE_EXTRA_MATH=1 -DBC_ENABLE_HISTORY=1 -DBC_ENABLE_LIBRARY=0 -DBC_ENABLE_MEMCHECK=0 -DBC_ENABLE_AFL=0 -DBC_DEFAULT_BANNER=0 -DBC_DEFAULT_SIGINT_RESET=1 -DBC_DEFAULT_TTY_MODE=1 -DBC_DEFAULT_PROMPT=1 -DBC_DEFAULT_EXPR_EXIT=1 -DBC_DEFAULT_DIGIT_CLAMP=0 -DDC_DEFAULT_SIGINT_RESET=1 -DDC_DEFAULT_TTY_MODE=0 -DDC_DEFAULT_PROMPT=0 -DDC_DEFAULT_EXPR_EXIT=1 -DDC_DEFAULT_DIGIT_CLAMP=0 -DNDEBUG  -DBC_ENABLE_EDITLINE=0 -DBC_ENABLE_READLINE=1 -D_POSIX_C_SOURCE=200809L -D_XOPEN_SOURCE=700 -O3  -o src/bc.o -c ./src/bc.c
gcc -DBC_ENABLED=1 -DDC_ENABLED=1 -I./include/ -DBUILD_TYPE=A  -DEXECPREFIX= -DMAINEXEC=bc   -DBC_NUM_KARATSUBA_LEN=32 -DBC_ENABLE_NLS=1 -DBC_ENABLE_EXTRA_MATH=1 -DBC_ENABLE_HISTORY=1 -DBC_ENABLE_LIBRARY=0 -DBC_ENABLE_MEMCHECK=0 -DBC_ENABLE_AFL=0 -DBC_DEFAULT_BANNER=0 -DBC_DEFAULT_SIGINT_RESET=1 -DBC_DEFAULT_TTY_MODE=1 -DBC_DEFAULT_PROMPT=1 -DBC_DEFAULT_EXPR_EXIT=1 -DBC_DEFAULT_DIGIT_CLAMP=0 -DDC_DEFAULT_SIGINT_RESET=1 -DDC_DEFAULT_TTY_MODE=0 -DDC_DEFAULT_PROMPT=0 -DDC_DEFAULT_EXPR_EXIT=1 -DDC_DEFAULT_DIGIT_CLAMP=0 -DNDEBUG  -DBC_ENABLE_EDITLINE=0 -DBC_ENABLE_READLINE=1 -D_POSIX_C_SOURCE=200809L -D_XOPEN_SOURCE=700 -O3  -o src/bc_lex.o -c ./src/bc_lex.c
gcc -DBC_ENABLED=1 -DDC_ENABLED=1 -I./include/ -DBUILD_TYPE=A  -DEXECPREFIX= -DMAINEXEC=bc   -DBC_NUM_KARATSUBA_LEN=32 -DBC_ENABLE_NLS=1 -DBC_ENABLE_EXTRA_MATH=1 -DBC_ENABLE_HISTORY=1 -DBC_ENABLE_LIBRARY=0 -DBC_ENABLE_MEMCHECK=0 -DBC_ENABLE_AFL=0 -DBC_DEFAULT_BANNER=0 -DBC_DEFAULT_SIGINT_RESET=1 -DBC_DEFAULT_TTY_MODE=1 -DBC_DEFAULT_PROMPT=1 -DBC_DEFAULT_EXPR_EXIT=1 -DBC_DEFAULT_DIGIT_CLAMP=0 -DDC_DEFAULT_SIGINT_RESET=1 -DDC_DEFAULT_TTY_MODE=0 -DDC_DEFAULT_PROMPT=0 -DDC_DEFAULT_EXPR_EXIT=1 -DDC_DEFAULT_DIGIT_CLAMP=0 -DNDEBUG  -DBC_ENABLE_EDITLINE=0 -DBC_ENABLE_READLINE=1 -D_POSIX_C_SOURCE=200809L -D_XOPEN_SOURCE=700 -O3  -o src/bc_parse.o -c ./src/bc_parse.c
gcc -DBC_ENABLED=1 -DDC_ENABLED=1 -I./include/ -DBUILD_TYPE=A  -DEXECPREFIX= -DMAINEXEC=bc   -DBC_NUM_KARATSUBA_LEN=32 -DBC_ENABLE_NLS=1 -DBC_ENABLE_EXTRA_MATH=1 -DBC_ENABLE_HISTORY=1 -DBC_ENABLE_LIBRARY=0 -DBC_ENABLE_MEMCHECK=0 -DBC_ENABLE_AFL=0 -DBC_DEFAULT_BANNER=0 -DBC_DEFAULT_SIGINT_RESET=1 -DBC_DEFAULT_TTY_MODE=1 -DBC_DEFAULT_PROMPT=1 -DBC_DEFAULT_EXPR_EXIT=1 -DBC_DEFAULT_DIGIT_CLAMP=0 -DDC_DEFAULT_SIGINT_RESET=1 -DDC_DEFAULT_TTY_MODE=0 -DDC_DEFAULT_PROMPT=0 -DDC_DEFAULT_EXPR_EXIT=1 -DDC_DEFAULT_DIGIT_CLAMP=0 -DNDEBUG  -DBC_ENABLE_EDITLINE=0 -DBC_ENABLE_READLINE=1 -D_POSIX_C_SOURCE=200809L -D_XOPEN_SOURCE=700 -O3  -o src/data.o -c ./src/data.c
gcc -DBC_ENABLED=1 -DDC_ENABLED=1 -I./include/ -DBUILD_TYPE=A  -DEXECPREFIX= -DMAINEXEC=bc   -DBC_NUM_KARATSUBA_LEN=32 -DBC_ENABLE_NLS=1 -DBC_ENABLE_EXTRA_MATH=1 -DBC_ENABLE_HISTORY=1 -DBC_ENABLE_LIBRARY=0 -DBC_ENABLE_MEMCHECK=0 -DBC_ENABLE_AFL=0 -DBC_DEFAULT_BANNER=0 -DBC_DEFAULT_SIGINT_RESET=1 -DBC_DEFAULT_TTY_MODE=1 -DBC_DEFAULT_PROMPT=1 -DBC_DEFAULT_EXPR_EXIT=1 -DBC_DEFAULT_DIGIT_CLAMP=0 -DDC_DEFAULT_SIGINT_RESET=1 -DDC_DEFAULT_TTY_MODE=0 -DDC_DEFAULT_PROMPT=0 -DDC_DEFAULT_EXPR_EXIT=1 -DDC_DEFAULT_DIGIT_CLAMP=0 -DNDEBUG  -DBC_ENABLE_EDITLINE=0 -DBC_ENABLE_READLINE=1 -D_POSIX_C_SOURCE=200809L -D_XOPEN_SOURCE=700 -O3  -o src/dc.o -c ./src/dc.c
gcc -DBC_ENABLED=1 -DDC_ENABLED=1 -I./include/ -DBUILD_TYPE=A  -DEXECPREFIX= -DMAINEXEC=bc   -DBC_NUM_KARATSUBA_LEN=32 -DBC_ENABLE_NLS=1 -DBC_ENABLE_EXTRA_MATH=1 -DBC_ENABLE_HISTORY=1 -DBC_ENABLE_LIBRARY=0 -DBC_ENABLE_MEMCHECK=0 -DBC_ENABLE_AFL=0 -DBC_DEFAULT_BANNER=0 -DBC_DEFAULT_SIGINT_RESET=1 -DBC_DEFAULT_TTY_MODE=1 -DBC_DEFAULT_PROMPT=1 -DBC_DEFAULT_EXPR_EXIT=1 -DBC_DEFAULT_DIGIT_CLAMP=0 -DDC_DEFAULT_SIGINT_RESET=1 -DDC_DEFAULT_TTY_MODE=0 -DDC_DEFAULT_PROMPT=0 -DDC_DEFAULT_EXPR_EXIT=1 -DDC_DEFAULT_DIGIT_CLAMP=0 -DNDEBUG  -DBC_ENABLE_EDITLINE=0 -DBC_ENABLE_READLINE=1 -D_POSIX_C_SOURCE=200809L -D_XOPEN_SOURCE=700 -O3  -o src/dc_lex.o -c ./src/dc_lex.c
gcc -DBC_ENABLED=1 -DDC_ENABLED=1 -I./include/ -DBUILD_TYPE=A  -DEXECPREFIX= -DMAINEXEC=bc   -DBC_NUM_KARATSUBA_LEN=32 -DBC_ENABLE_NLS=1 -DBC_ENABLE_EXTRA_MATH=1 -DBC_ENABLE_HISTORY=1 -DBC_ENABLE_LIBRARY=0 -DBC_ENABLE_MEMCHECK=0 -DBC_ENABLE_AFL=0 -DBC_DEFAULT_BANNER=0 -DBC_DEFAULT_SIGINT_RESET=1 -DBC_DEFAULT_TTY_MODE=1 -DBC_DEFAULT_PROMPT=1 -DBC_DEFAULT_EXPR_EXIT=1 -DBC_DEFAULT_DIGIT_CLAMP=0 -DDC_DEFAULT_SIGINT_RESET=1 -DDC_DEFAULT_TTY_MODE=0 -DDC_DEFAULT_PROMPT=0 -DDC_DEFAULT_EXPR_EXIT=1 -DDC_DEFAULT_DIGIT_CLAMP=0 -DNDEBUG  -DBC_ENABLE_EDITLINE=0 -DBC_ENABLE_READLINE=1 -D_POSIX_C_SOURCE=200809L -D_XOPEN_SOURCE=700 -O3  -o src/dc_parse.o -c ./src/dc_parse.c
gcc -DBC_ENABLED=1 -DDC_ENABLED=1 -I./include/ -DBUILD_TYPE=A  -DEXECPREFIX= -DMAINEXEC=bc   -DBC_NUM_KARATSUBA_LEN=32 -DBC_ENABLE_NLS=1 -DBC_ENABLE_EXTRA_MATH=1 -DBC_ENABLE_HISTORY=1 -DBC_ENABLE_LIBRARY=0 -DBC_ENABLE_MEMCHECK=0 -DBC_ENABLE_AFL=0 -DBC_DEFAULT_BANNER=0 -DBC_DEFAULT_SIGINT_RESET=1 -DBC_DEFAULT_TTY_MODE=1 -DBC_DEFAULT_PROMPT=1 -DBC_DEFAULT_EXPR_EXIT=1 -DBC_DEFAULT_DIGIT_CLAMP=0 -DDC_DEFAULT_SIGINT_RESET=1 -DDC_DEFAULT_TTY_MODE=0 -DDC_DEFAULT_PROMPT=0 -DDC_DEFAULT_EXPR_EXIT=1 -DDC_DEFAULT_DIGIT_CLAMP=0 -DNDEBUG  -DBC_ENABLE_EDITLINE=0 -DBC_ENABLE_READLINE=1 -D_POSIX_C_SOURCE=200809L -D_XOPEN_SOURCE=700 -O3  -o src/file.o -c ./src/file.c
gcc -DBC_ENABLED=1 -DDC_ENABLED=1 -I./include/ -DBUILD_TYPE=A  -DEXECPREFIX= -DMAINEXEC=bc   -DBC_NUM_KARATSUBA_LEN=32 -DBC_ENABLE_NLS=1 -DBC_ENABLE_EXTRA_MATH=1 -DBC_ENABLE_HISTORY=1 -DBC_ENABLE_LIBRARY=0 -DBC_ENABLE_MEMCHECK=0 -DBC_ENABLE_AFL=0 -DBC_DEFAULT_BANNER=0 -DBC_DEFAULT_SIGINT_RESET=1 -DBC_DEFAULT_TTY_MODE=1 -DBC_DEFAULT_PROMPT=1 -DBC_DEFAULT_EXPR_EXIT=1 -DBC_DEFAULT_DIGIT_CLAMP=0 -DDC_DEFAULT_SIGINT_RESET=1 -DDC_DEFAULT_TTY_MODE=0 -DDC_DEFAULT_PROMPT=0 -DDC_DEFAULT_EXPR_EXIT=1 -DDC_DEFAULT_DIGIT_CLAMP=0 -DNDEBUG  -DBC_ENABLE_EDITLINE=0 -DBC_ENABLE_READLINE=1 -D_POSIX_C_SOURCE=200809L -D_XOPEN_SOURCE=700 -O3  -o src/history.o -c ./src/history.c
gcc -DBC_ENABLED=1 -DDC_ENABLED=1 -I./include/ -DBUILD_TYPE=A  -DEXECPREFIX= -DMAINEXEC=bc   -DBC_NUM_KARATSUBA_LEN=32 -DBC_ENABLE_NLS=1 -DBC_ENABLE_EXTRA_MATH=1 -DBC_ENABLE_HISTORY=1 -DBC_ENABLE_LIBRARY=0 -DBC_ENABLE_MEMCHECK=0 -DBC_ENABLE_AFL=0 -DBC_DEFAULT_BANNER=0 -DBC_DEFAULT_SIGINT_RESET=1 -DBC_DEFAULT_TTY_MODE=1 -DBC_DEFAULT_PROMPT=1 -DBC_DEFAULT_EXPR_EXIT=1 -DBC_DEFAULT_DIGIT_CLAMP=0 -DDC_DEFAULT_SIGINT_RESET=1 -DDC_DEFAULT_TTY_MODE=0 -DDC_DEFAULT_PROMPT=0 -DDC_DEFAULT_EXPR_EXIT=1 -DDC_DEFAULT_DIGIT_CLAMP=0 -DNDEBUG  -DBC_ENABLE_EDITLINE=0 -DBC_ENABLE_READLINE=1 -D_POSIX_C_SOURCE=200809L -D_XOPEN_SOURCE=700 -O3  -o src/lang.o -c ./src/lang.c
gcc -DBC_ENABLED=1 -DDC_ENABLED=1 -I./include/ -DBUILD_TYPE=A  -DEXECPREFIX= -DMAINEXEC=bc   -DBC_NUM_KARATSUBA_LEN=32 -DBC_ENABLE_NLS=1 -DBC_ENABLE_EXTRA_MATH=1 -DBC_ENABLE_HISTORY=1 -DBC_ENABLE_LIBRARY=0 -DBC_ENABLE_MEMCHECK=0 -DBC_ENABLE_AFL=0 -DBC_DEFAULT_BANNER=0 -DBC_DEFAULT_SIGINT_RESET=1 -DBC_DEFAULT_TTY_MODE=1 -DBC_DEFAULT_PROMPT=1 -DBC_DEFAULT_EXPR_EXIT=1 -DBC_DEFAULT_DIGIT_CLAMP=0 -DDC_DEFAULT_SIGINT_RESET=1 -DDC_DEFAULT_TTY_MODE=0 -DDC_DEFAULT_PROMPT=0 -DDC_DEFAULT_EXPR_EXIT=1 -DDC_DEFAULT_DIGIT_CLAMP=0 -DNDEBUG  -DBC_ENABLE_EDITLINE=0 -DBC_ENABLE_READLINE=1 -D_POSIX_C_SOURCE=200809L -D_XOPEN_SOURCE=700 -O3  -o src/lex.o -c ./src/lex.c
gcc -DBC_ENABLED=1 -DDC_ENABLED=1 -I./include/ -DBUILD_TYPE=A  -DEXECPREFIX= -DMAINEXEC=bc   -DBC_NUM_KARATSUBA_LEN=32 -DBC_ENABLE_NLS=1 -DBC_ENABLE_EXTRA_MATH=1 -DBC_ENABLE_HISTORY=1 -DBC_ENABLE_LIBRARY=0 -DBC_ENABLE_MEMCHECK=0 -DBC_ENABLE_AFL=0 -DBC_DEFAULT_BANNER=0 -DBC_DEFAULT_SIGINT_RESET=1 -DBC_DEFAULT_TTY_MODE=1 -DBC_DEFAULT_PROMPT=1 -DBC_DEFAULT_EXPR_EXIT=1 -DBC_DEFAULT_DIGIT_CLAMP=0 -DDC_DEFAULT_SIGINT_RESET=1 -DDC_DEFAULT_TTY_MODE=0 -DDC_DEFAULT_PROMPT=0 -DDC_DEFAULT_EXPR_EXIT=1 -DDC_DEFAULT_DIGIT_CLAMP=0 -DNDEBUG  -DBC_ENABLE_EDITLINE=0 -DBC_ENABLE_READLINE=1 -D_POSIX_C_SOURCE=200809L -D_XOPEN_SOURCE=700 -O3  -o src/main.o -c ./src/main.c
gcc -DBC_ENABLED=1 -DDC_ENABLED=1 -I./include/ -DBUILD_TYPE=A  -DEXECPREFIX= -DMAINEXEC=bc   -DBC_NUM_KARATSUBA_LEN=32 -DBC_ENABLE_NLS=1 -DBC_ENABLE_EXTRA_MATH=1 -DBC_ENABLE_HISTORY=1 -DBC_ENABLE_LIBRARY=0 -DBC_ENABLE_MEMCHECK=0 -DBC_ENABLE_AFL=0 -DBC_DEFAULT_BANNER=0 -DBC_DEFAULT_SIGINT_RESET=1 -DBC_DEFAULT_TTY_MODE=1 -DBC_DEFAULT_PROMPT=1 -DBC_DEFAULT_EXPR_EXIT=1 -DBC_DEFAULT_DIGIT_CLAMP=0 -DDC_DEFAULT_SIGINT_RESET=1 -DDC_DEFAULT_TTY_MODE=0 -DDC_DEFAULT_PROMPT=0 -DDC_DEFAULT_EXPR_EXIT=1 -DDC_DEFAULT_DIGIT_CLAMP=0 -DNDEBUG  -DBC_ENABLE_EDITLINE=0 -DBC_ENABLE_READLINE=1 -D_POSIX_C_SOURCE=200809L -D_XOPEN_SOURCE=700 -O3  -o src/num.o -c ./src/num.c
gcc -DBC_ENABLED=1 -DDC_ENABLED=1 -I./include/ -DBUILD_TYPE=A  -DEXECPREFIX= -DMAINEXEC=bc   -DBC_NUM_KARATSUBA_LEN=32 -DBC_ENABLE_NLS=1 -DBC_ENABLE_EXTRA_MATH=1 -DBC_ENABLE_HISTORY=1 -DBC_ENABLE_LIBRARY=0 -DBC_ENABLE_MEMCHECK=0 -DBC_ENABLE_AFL=0 -DBC_DEFAULT_BANNER=0 -DBC_DEFAULT_SIGINT_RESET=1 -DBC_DEFAULT_TTY_MODE=1 -DBC_DEFAULT_PROMPT=1 -DBC_DEFAULT_EXPR_EXIT=1 -DBC_DEFAULT_DIGIT_CLAMP=0 -DDC_DEFAULT_SIGINT_RESET=1 -DDC_DEFAULT_TTY_MODE=0 -DDC_DEFAULT_PROMPT=0 -DDC_DEFAULT_EXPR_EXIT=1 -DDC_DEFAULT_DIGIT_CLAMP=0 -DNDEBUG  -DBC_ENABLE_EDITLINE=0 -DBC_ENABLE_READLINE=1 -D_POSIX_C_SOURCE=200809L -D_XOPEN_SOURCE=700 -O3  -o src/opt.o -c ./src/opt.c
gcc -DBC_ENABLED=1 -DDC_ENABLED=1 -I./include/ -DBUILD_TYPE=A  -DEXECPREFIX= -DMAINEXEC=bc   -DBC_NUM_KARATSUBA_LEN=32 -DBC_ENABLE_NLS=1 -DBC_ENABLE_EXTRA_MATH=1 -DBC_ENABLE_HISTORY=1 -DBC_ENABLE_LIBRARY=0 -DBC_ENABLE_MEMCHECK=0 -DBC_ENABLE_AFL=0 -DBC_DEFAULT_BANNER=0 -DBC_DEFAULT_SIGINT_RESET=1 -DBC_DEFAULT_TTY_MODE=1 -DBC_DEFAULT_PROMPT=1 -DBC_DEFAULT_EXPR_EXIT=1 -DBC_DEFAULT_DIGIT_CLAMP=0 -DDC_DEFAULT_SIGINT_RESET=1 -DDC_DEFAULT_TTY_MODE=0 -DDC_DEFAULT_PROMPT=0 -DDC_DEFAULT_EXPR_EXIT=1 -DDC_DEFAULT_DIGIT_CLAMP=0 -DNDEBUG  -DBC_ENABLE_EDITLINE=0 -DBC_ENABLE_READLINE=1 -D_POSIX_C_SOURCE=200809L -D_XOPEN_SOURCE=700 -O3  -o src/parse.o -c ./src/parse.c
gcc -DBC_ENABLED=1 -DDC_ENABLED=1 -I./include/ -DBUILD_TYPE=A  -DEXECPREFIX= -DMAINEXEC=bc   -DBC_NUM_KARATSUBA_LEN=32 -DBC_ENABLE_NLS=1 -DBC_ENABLE_EXTRA_MATH=1 -DBC_ENABLE_HISTORY=1 -DBC_ENABLE_LIBRARY=0 -DBC_ENABLE_MEMCHECK=0 -DBC_ENABLE_AFL=0 -DBC_DEFAULT_BANNER=0 -DBC_DEFAULT_SIGINT_RESET=1 -DBC_DEFAULT_TTY_MODE=1 -DBC_DEFAULT_PROMPT=1 -DBC_DEFAULT_EXPR_EXIT=1 -DBC_DEFAULT_DIGIT_CLAMP=0 -DDC_DEFAULT_SIGINT_RESET=1 -DDC_DEFAULT_TTY_MODE=0 -DDC_DEFAULT_PROMPT=0 -DDC_DEFAULT_EXPR_EXIT=1 -DDC_DEFAULT_DIGIT_CLAMP=0 -DNDEBUG  -DBC_ENABLE_EDITLINE=0 -DBC_ENABLE_READLINE=1 -D_POSIX_C_SOURCE=200809L -D_XOPEN_SOURCE=700 -O3  -o src/program.o -c ./src/program.c
gcc -DBC_ENABLED=1 -DDC_ENABLED=1 -I./include/ -DBUILD_TYPE=A  -DEXECPREFIX= -DMAINEXEC=bc   -DBC_NUM_KARATSUBA_LEN=32 -DBC_ENABLE_NLS=1 -DBC_ENABLE_EXTRA_MATH=1 -DBC_ENABLE_HISTORY=1 -DBC_ENABLE_LIBRARY=0 -DBC_ENABLE_MEMCHECK=0 -DBC_ENABLE_AFL=0 -DBC_DEFAULT_BANNER=0 -DBC_DEFAULT_SIGINT_RESET=1 -DBC_DEFAULT_TTY_MODE=1 -DBC_DEFAULT_PROMPT=1 -DBC_DEFAULT_EXPR_EXIT=1 -DBC_DEFAULT_DIGIT_CLAMP=0 -DDC_DEFAULT_SIGINT_RESET=1 -DDC_DEFAULT_TTY_MODE=0 -DDC_DEFAULT_PROMPT=0 -DDC_DEFAULT_EXPR_EXIT=1 -DDC_DEFAULT_DIGIT_CLAMP=0 -DNDEBUG  -DBC_ENABLE_EDITLINE=0 -DBC_ENABLE_READLINE=1 -D_POSIX_C_SOURCE=200809L -D_XOPEN_SOURCE=700 -O3  -o src/rand.o -c ./src/rand.c
gcc -DBC_ENABLED=1 -DDC_ENABLED=1 -I./include/ -DBUILD_TYPE=A  -DEXECPREFIX= -DMAINEXEC=bc   -DBC_NUM_KARATSUBA_LEN=32 -DBC_ENABLE_NLS=1 -DBC_ENABLE_EXTRA_MATH=1 -DBC_ENABLE_HISTORY=1 -DBC_ENABLE_LIBRARY=0 -DBC_ENABLE_MEMCHECK=0 -DBC_ENABLE_AFL=0 -DBC_DEFAULT_BANNER=0 -DBC_DEFAULT_SIGINT_RESET=1 -DBC_DEFAULT_TTY_MODE=1 -DBC_DEFAULT_PROMPT=1 -DBC_DEFAULT_EXPR_EXIT=1 -DBC_DEFAULT_DIGIT_CLAMP=0 -DDC_DEFAULT_SIGINT_RESET=1 -DDC_DEFAULT_TTY_MODE=0 -DDC_DEFAULT_PROMPT=0 -DDC_DEFAULT_EXPR_EXIT=1 -DDC_DEFAULT_DIGIT_CLAMP=0 -DNDEBUG  -DBC_ENABLE_EDITLINE=0 -DBC_ENABLE_READLINE=1 -D_POSIX_C_SOURCE=200809L -D_XOPEN_SOURCE=700 -O3  -o src/read.o -c ./src/read.c
gcc -DBC_ENABLED=1 -DDC_ENABLED=1 -I./include/ -DBUILD_TYPE=A  -DEXECPREFIX= -DMAINEXEC=bc   -DBC_NUM_KARATSUBA_LEN=32 -DBC_ENABLE_NLS=1 -DBC_ENABLE_EXTRA_MATH=1 -DBC_ENABLE_HISTORY=1 -DBC_ENABLE_LIBRARY=0 -DBC_ENABLE_MEMCHECK=0 -DBC_ENABLE_AFL=0 -DBC_DEFAULT_BANNER=0 -DBC_DEFAULT_SIGINT_RESET=1 -DBC_DEFAULT_TTY_MODE=1 -DBC_DEFAULT_PROMPT=1 -DBC_DEFAULT_EXPR_EXIT=1 -DBC_DEFAULT_DIGIT_CLAMP=0 -DDC_DEFAULT_SIGINT_RESET=1 -DDC_DEFAULT_TTY_MODE=0 -DDC_DEFAULT_PROMPT=0 -DDC_DEFAULT_EXPR_EXIT=1 -DDC_DEFAULT_DIGIT_CLAMP=0 -DNDEBUG  -DBC_ENABLE_EDITLINE=0 -DBC_ENABLE_READLINE=1 -D_POSIX_C_SOURCE=200809L -D_XOPEN_SOURCE=700 -O3  -o src/vector.o -c ./src/vector.c
gcc -DBC_ENABLED=1 -DDC_ENABLED=1 -I./include/ -DBUILD_TYPE=A  -DEXECPREFIX= -DMAINEXEC=bc   -DBC_NUM_KARATSUBA_LEN=32 -DBC_ENABLE_NLS=1 -DBC_ENABLE_EXTRA_MATH=1 -DBC_ENABLE_HISTORY=1 -DBC_ENABLE_LIBRARY=0 -DBC_ENABLE_MEMCHECK=0 -DBC_ENABLE_AFL=0 -DBC_DEFAULT_BANNER=0 -DBC_DEFAULT_SIGINT_RESET=1 -DBC_DEFAULT_TTY_MODE=1 -DBC_DEFAULT_PROMPT=1 -DBC_DEFAULT_EXPR_EXIT=1 -DBC_DEFAULT_DIGIT_CLAMP=0 -DDC_DEFAULT_SIGINT_RESET=1 -DDC_DEFAULT_TTY_MODE=0 -DDC_DEFAULT_PROMPT=0 -DDC_DEFAULT_EXPR_EXIT=1 -DDC_DEFAULT_DIGIT_CLAMP=0 -DNDEBUG  -DBC_ENABLE_EDITLINE=0 -DBC_ENABLE_READLINE=1 -D_POSIX_C_SOURCE=200809L -D_XOPEN_SOURCE=700 -O3  -o src/vm.o -c ./src/vm.c
./gen/strgen ./gen/dc_help.txt ./gen/dc_help.c 0 dc_help "" DC_ENABLED 0
./gen/strgen ./gen/bc_help.txt ./gen/bc_help.c 0 bc_help "" BC_ENABLED 0
./gen/strgen ./gen/lib.bc ./gen/lib.c 0 bc_lib bc_lib_name BC_ENABLED 1 "" "" 1
./gen/strgen ./gen/lib2.bc ./gen/lib2.c 0 bc_lib2 bc_lib2_name "BC_ENABLED && BC_ENABLE_EXTRA_MATH" 1 "" "" 1
gcc -DBC_ENABLED=1 -DDC_ENABLED=1 -I./include/ -DBUILD_TYPE=A  -DEXECPREFIX= -DMAINEXEC=bc   -DBC_NUM_KARATSUBA_LEN=32 -DBC_ENABLE_NLS=1 -DBC_ENABLE_EXTRA_MATH=1 -DBC_ENABLE_HISTORY=1 -DBC_ENABLE_LIBRARY=0 -DBC_ENABLE_MEMCHECK=0 -DBC_ENABLE_AFL=0 -DBC_DEFAULT_BANNER=0 -DBC_DEFAULT_SIGINT_RESET=1 -DBC_DEFAULT_TTY_MODE=1 -DBC_DEFAULT_PROMPT=1 -DBC_DEFAULT_EXPR_EXIT=1 -DBC_DEFAULT_DIGIT_CLAMP=0 -DDC_DEFAULT_SIGINT_RESET=1 -DDC_DEFAULT_TTY_MODE=0 -DDC_DEFAULT_PROMPT=0 -DDC_DEFAULT_EXPR_EXIT=1 -DDC_DEFAULT_DIGIT_CLAMP=0 -DNDEBUG  -DBC_ENABLE_EDITLINE=0 -DBC_ENABLE_READLINE=1 -D_POSIX_C_SOURCE=200809L -D_XOPEN_SOURCE=700 -O3  -o gen/dc_help.o -c gen/dc_help.c
gcc -DBC_ENABLED=1 -DDC_ENABLED=1 -I./include/ -DBUILD_TYPE=A  -DEXECPREFIX= -DMAINEXEC=bc   -DBC_NUM_KARATSUBA_LEN=32 -DBC_ENABLE_NLS=1 -DBC_ENABLE_EXTRA_MATH=1 -DBC_ENABLE_HISTORY=1 -DBC_ENABLE_LIBRARY=0 -DBC_ENABLE_MEMCHECK=0 -DBC_ENABLE_AFL=0 -DBC_DEFAULT_BANNER=0 -DBC_DEFAULT_SIGINT_RESET=1 -DBC_DEFAULT_TTY_MODE=1 -DBC_DEFAULT_PROMPT=1 -DBC_DEFAULT_EXPR_EXIT=1 -DBC_DEFAULT_DIGIT_CLAMP=0 -DDC_DEFAULT_SIGINT_RESET=1 -DDC_DEFAULT_TTY_MODE=0 -DDC_DEFAULT_PROMPT=0 -DDC_DEFAULT_EXPR_EXIT=1 -DDC_DEFAULT_DIGIT_CLAMP=0 -DNDEBUG  -DBC_ENABLE_EDITLINE=0 -DBC_ENABLE_READLINE=1 -D_POSIX_C_SOURCE=200809L -D_XOPEN_SOURCE=700 -O3  -o gen/bc_help.o -c gen/bc_help.c
gcc -DBC_ENABLED=1 -DDC_ENABLED=1 -I./include/ -DBUILD_TYPE=A  -DEXECPREFIX= -DMAINEXEC=bc   -DBC_NUM_KARATSUBA_LEN=32 -DBC_ENABLE_NLS=1 -DBC_ENABLE_EXTRA_MATH=1 -DBC_ENABLE_HISTORY=1 -DBC_ENABLE_LIBRARY=0 -DBC_ENABLE_MEMCHECK=0 -DBC_ENABLE_AFL=0 -DBC_DEFAULT_BANNER=0 -DBC_DEFAULT_SIGINT_RESET=1 -DBC_DEFAULT_TTY_MODE=1 -DBC_DEFAULT_PROMPT=1 -DBC_DEFAULT_EXPR_EXIT=1 -DBC_DEFAULT_DIGIT_CLAMP=0 -DDC_DEFAULT_SIGINT_RESET=1 -DDC_DEFAULT_TTY_MODE=0 -DDC_DEFAULT_PROMPT=0 -DDC_DEFAULT_EXPR_EXIT=1 -DDC_DEFAULT_DIGIT_CLAMP=0 -DNDEBUG  -DBC_ENABLE_EDITLINE=0 -DBC_ENABLE_READLINE=1 -D_POSIX_C_SOURCE=200809L -D_XOPEN_SOURCE=700 -O3  -o gen/lib.o -c gen/lib.c
gcc -DBC_ENABLED=1 -DDC_ENABLED=1 -I./include/ -DBUILD_TYPE=A  -DEXECPREFIX= -DMAINEXEC=bc   -DBC_NUM_KARATSUBA_LEN=32 -DBC_ENABLE_NLS=1 -DBC_ENABLE_EXTRA_MATH=1 -DBC_ENABLE_HISTORY=1 -DBC_ENABLE_LIBRARY=0 -DBC_ENABLE_MEMCHECK=0 -DBC_ENABLE_AFL=0 -DBC_DEFAULT_BANNER=0 -DBC_DEFAULT_SIGINT_RESET=1 -DBC_DEFAULT_TTY_MODE=1 -DBC_DEFAULT_PROMPT=1 -DBC_DEFAULT_EXPR_EXIT=1 -DBC_DEFAULT_DIGIT_CLAMP=0 -DDC_DEFAULT_SIGINT_RESET=1 -DDC_DEFAULT_TTY_MODE=0 -DDC_DEFAULT_PROMPT=0 -DDC_DEFAULT_EXPR_EXIT=1 -DDC_DEFAULT_DIGIT_CLAMP=0 -DNDEBUG  -DBC_ENABLE_EDITLINE=0 -DBC_ENABLE_READLINE=1 -D_POSIX_C_SOURCE=200809L -D_XOPEN_SOURCE=700 -O3  -o gen/lib2.o -c gen/lib2.c
gcc -DBC_ENABLED=1 -DDC_ENABLED=1 -I./include/ -DBUILD_TYPE=A  -DEXECPREFIX= -DMAINEXEC=bc   -DBC_NUM_KARATSUBA_LEN=32 -DBC_ENABLE_NLS=1 -DBC_ENABLE_EXTRA_MATH=1 -DBC_ENABLE_HISTORY=1 -DBC_ENABLE_LIBRARY=0 -DBC_ENABLE_MEMCHECK=0 -DBC_ENABLE_AFL=0 -DBC_DEFAULT_BANNER=0 -DBC_DEFAULT_SIGINT_RESET=1 -DBC_DEFAULT_TTY_MODE=1 -DBC_DEFAULT_PROMPT=1 -DBC_DEFAULT_EXPR_EXIT=1 -DBC_DEFAULT_DIGIT_CLAMP=0 -DDC_DEFAULT_SIGINT_RESET=1 -DDC_DEFAULT_TTY_MODE=0 -DDC_DEFAULT_PROMPT=0 -DDC_DEFAULT_EXPR_EXIT=1 -DDC_DEFAULT_DIGIT_CLAMP=0 -DNDEBUG  -DBC_ENABLE_EDITLINE=0 -DBC_ENABLE_READLINE=1 -D_POSIX_C_SOURCE=200809L -D_XOPEN_SOURCE=700 -O3  ./gen/dc_help.o ./gen/bc_help.o ./gen/lib.o ./gen/lib2.o src/args.o src/bc.o src/bc_lex.o src/bc_parse.o src/data.o src/dc.o src/dc_lex.o src/dc_parse.o src/file.o src/history.o src/lang.o src/lex.o src/main.o src/num.o src/opt.o src/parse.o src/program.o src/rand.o src/read.o src/vector.o src/vm.o -s  -lreadline -o bin/bc
./scripts/link.sh bin dc
***********************************************************************

Running bc tests...

Running bc decimal...Skipping bc print test
Running bc lib2...Skipping bc parse test
Running bc length...Running bc print2...Running bc shift...Running bc scale...pass
Running bc subtract...Running bc add...pass
pass
pass
Running bc multiply...pass
pass
Running bc divide...Running bc power...Running bc modulus...pass
pass
Running bc sqrt...Running bc trunc...Running bc places...pass
Running bc vars...pass
Running bc boolean...pass
pass
Running bc comp...pass
pass
pass
pass
Running bc abs...pass
Running bc functions...Running bc scientific...Running bc assignments...Running bc engineering...Running bc strings...Running bc globals...pass
pass
pass
pass
Skipping bc strings2 test
pass
pass
pass
Running bc letters...Running bc exponent...Running bc log...Running bc arctangent...Running bc pi...Running bc cosine...pass
Running bc sine...pass
pass
pass
Skipping bc bessel test
pass
Running bc fib...Running bc arrays...Running bc misc...pass
Running bc misc1...Running bc misc2...pass
pass
pass
pass
Running bc misc3...pass
pass
Running bc misc4...Running bc misc6...Running bc misc5...Running bc misc7...Running bc misc8...pass
Running bc void...pass
pass
pass
pass
pass
pass
Running bc rand...Running bc rand_limits...Running bc divmod...Running bc recursive_arrays...Running bc bitfuncs...Running bc leadingzero...Running bc modexp...pass
pass
pass
pass
pass
Running bc is_string...pass
Running bc is_number...Running bc asciify_array...Running bc line_by_line1...Running bc line_by_line2...Running bc line_loop_quit1...pass
pass
pass
pass
pass
pass
Running bc line_loop_quit2...Skipping bc script multiply.bc
Skipping bc script subtract.bc
Skipping bc script divide.bc
Skipping bc script add.bc
pass
Skipping bc script print.bc
Running bc script print2.bc...Skipping bc script parse.bc
Running bc script root.bc...Running bc script array.bc...Running bc script array2.bc...Running bc script atan.bc...Skipping bc script bessel.bc
pass
pass
pass
pass
Running bc script functions.bc...Running bc script len.bc...Running bc script globals.bc...Running bc script rand.bc...Running bc script references.bc...pass
pass
pass
Running bc script screen.bc...pass
Skipping bc script strings2.bc
Running bc script ifs.bc...pass
pass
Running bc script afl1.bc...Running bc script ifs2.bc...pass
Running bc script i2rand.bc...Running bc command-line error tests...pass
pass
Running bc error file 01.txt with clamping...Running bc errors...pass
Running bc error file 02.txt with clamping...pass
Running bc error file 01.txt without clamping...Running bc error file 03.txt with clamping...pass
Running bc error file 02.txt without clamping...pass
Running bc error file 03.txt without clamping...pass
Running bc error file 01.txt through cat with clamping...pass
pass
Running bc error file 02.txt through cat with clamping...pass
Running bc error file 03.txt through cat with clamping...Running bc error file 04.txt with clamping...pass
Running bc error file 02.txt through cat without clamping...pass
Running bc error file 01.txt through cat without clamping...pass
Running bc error file 04.txt without clamping...pass
Running bc error file 03.txt through cat without clamping...pass
pass
Running bc error file 04.txt through cat with clamping...pass
Running bc error file 05.txt with clamping...pass
pass
Running bc error file 04.txt through cat without clamping...pass
Running bc error file 05.txt without clamping...Running bc error file 06.txt with clamping...Running bc error file 07.txt with clamping...pass
Running bc error file 05.txt through cat with clamping...pass
pass
Running bc error file 06.txt without clamping...pass
Running bc error file 07.txt without clamping...pass
Running bc error file 06.txt through cat with clamping...pass
Running bc error file 05.txt through cat without clamping...Running bc error file 08.txt with clamping...pass
Running bc error file 07.txt through cat with clamping...pass
Running bc error file 06.txt through cat without clamping...pass
Running bc error file 08.txt without clamping...pass
pass
Running bc error file 07.txt through cat without clamping...pass
Running bc error file 08.txt through cat with clamping...pass
Running bc error file 09.txt with clamping...pass
pass
pass
Running bc error file 09.txt without clamping...pass
Running bc error file 08.txt through cat without clamping...Running bc error file 10.txt with clamping...Running bc error file 11.txt with clamping...pass
Running bc error file 09.txt through cat with clamping...pass
Running bc error file 10.txt without clamping...pass
pass
Running bc error file 11.txt without clamping...Running bc error file 12.txt with clamping...pass
Running bc error file 10.txt through cat with clamping...pass
Running bc error file 12.txt without clamping...pass
Running bc error file 09.txt through cat without clamping...pass
Running bc error file 10.txt through cat without clamping...Running bc error file 13.txt with clamping...pass
Running bc error file 11.txt through cat with clamping...pass
Running bc error file 13.txt without clamping...pass
Running bc error file 12.txt through cat with clamping...pass
pass
pass
Running bc error file 13.txt through cat with clamping...Running bc error file 14.txt with clamping...Running bc error file 15.txt with clamping...pass
Running bc error file 12.txt through cat without clamping...pass
Running bc error file 14.txt without clamping...pass
Running bc error file 11.txt through cat without clamping...pass
Running bc error file 15.txt without clamping...pass
Running bc error file 13.txt through cat without clamping...pass
Running bc error file 14.txt through cat with clamping...pass
pass
Running bc error file 16.txt with clamping...pass
Running bc error file 15.txt through cat with clamping...pass
Running bc error file 17.txt with clamping...pass
Running bc error file 16.txt without clamping...pass
Running bc error file 14.txt through cat without clamping...pass
Running bc error file 15.txt through cat without clamping...Running bc error file 18.txt with clamping...pass
Running bc error file 17.txt without clamping...pass
Running bc error file 16.txt through cat with clamping...pass
pass
Running bc error file 18.txt without clamping...pass
Running bc error file 17.txt through cat with clamping...pass
Running bc error file 16.txt through cat without clamping...Running bc error file 19.txt with clamping...pass
pass
Running bc error file 19.txt without clamping...pass
Running bc error file 18.txt through cat with clamping...pass
Running bc error file 17.txt through cat without clamping...pass
Running bc error file 20.txt with clamping...pass
Running bc error file 18.txt through cat without clamping...pass
Running bc error file 20.txt without clamping...pass
Running bc error file 19.txt through cat with clamping...Running bc error file 21.txt with clamping...pass
pass
Running bc error file 21.txt without clamping...pass
Running bc error file 20.txt through cat with clamping...pass
Running bc error file 19.txt through cat without clamping...Running bc error file 22.txt with clamping...pass
pass
Running bc error file 22.txt without clamping...pass
Running bc error file 21.txt through cat with clamping...pass
Running bc error file 20.txt through cat without clamping...Running bc error file 23.txt with clamping...pass
pass
Running bc error file 23.txt without clamping...pass
Running bc error file 22.txt through cat with clamping...pass
Running bc error file 21.txt through cat without clamping...Running bc error file 24.txt with clamping...pass
pass
Running bc error file 24.txt without clamping...pass
Running bc error file 23.txt through cat with clamping...pass
Running bc error file 22.txt through cat without clamping...Running bc error file 25.txt with clamping...pass
pass
Running bc error file 25.txt without clamping...pass
Running bc error file 24.txt through cat with clamping...pass
Running bc error file 26.txt with clamping...pass
Running bc error file 23.txt through cat without clamping...pass
Running bc error file 26.txt without clamping...pass
Running bc error file 25.txt through cat with clamping...Running bc error file 27.txt with clamping...pass
pass
Running bc error file 24.txt through cat without clamping...pass
pass
Running bc error file 27.txt without clamping...Running bc error file 28.txt with clamping...pass
Running bc error file 26.txt through cat with clamping...pass
Running bc error file 28.txt without clamping...pass
Running bc error file 29.txt with clamping...pass
Running bc error file 25.txt through cat without clamping...pass
Running bc error file 29.txt without clamping...pass
Running bc error file 26.txt through cat without clamping...pass
Running bc error file 30.txt with clamping...pass
Running bc error file 27.txt through cat with clamping...pass
Running bc error file 29.txt through cat with clamping...pass
Running bc error file 30.txt without clamping...pass
Running bc error file 28.txt through cat with clamping...Running bc error file 31.txt with clamping...pass
pass
Running bc error file 31.txt without clamping...pass
pass
Running bc error file 30.txt through cat with clamping...Running bc error file 32.txt with clamping...pass
Running bc error file 27.txt through cat without clamping...Running bc error file 33.txt with clamping...pass
Running bc error file 32.txt without clamping...pass
Running bc error file 29.txt through cat without clamping...pass
Running bc error file 33.txt without clamping...pass
Running bc error file 28.txt through cat without clamping...pass
Running bc error file 31.txt through cat with clamping...pass
Running bc error file 30.txt through cat without clamping...pass
pass
Running bc error file 32.txt through cat with clamping...pass
Running bc error file 33.txt through cat with clamping...Running bc error file 34.txt with clamping...pass
pass
pass
Running bc error file 34.txt without clamping...pass
Running bc error file 31.txt through cat without clamping...Running bc error file 35.txt with clamping...pass
Running bc error file 32.txt through cat without clamping...pass
Running bc error file 35.txt without clamping...Running bc error file 36.txt with clamping...pass
pass
Running bc error file 33.txt through cat without clamping...pass
Running bc error file 36.txt without clamping...pass
Running bc stdin tests...pass
Running bc error file 34.txt through cat with clamping...pass
Running bc error file 35.txt through cat with clamping...Running bc read...pass
pass
Running bc error file 36.txt through cat with clamping...pass
Running bc read multiple...pass

Running bc quit test...pass
Running bc error file 35.txt through cat without clamping...pass
Running bc error file 34.txt through cat without clamping...pass
Running bc environment var tests...Warning: ./tests/bc/scripts/timeconst.bc does not exist
Skipping...
pass
Running bc read errors...***********************************************************************

Running dc tests...

pass
Running bc error file 36.txt through cat without clamping...pass
pass
Running keyword redefinition test...Running dc decimal...pass
pass
Running dc length...pass
pass
pass
Running bc empty read...pass
Running dc stack_len...Running dc exec_stack_len...Running dc add...pass
Running bc read EOF...Running dc subtract...pass
pass
pass
Running dc multiply...pass
pass
Running dc divide...pass
Running multiline comment expression file test...Running dc modulus...Running dc divmod...pass
Running dc sqrt...Running dc power...pass
Running multiline comment expression file error test...pass
pass
Running multiline string expression file test...pass
pass
pass
Running dc modexp...Running dc boolean...pass
Running dc negate...Running dc trunc...Running dc places...pass
Running multiline string expression file error test...pass
pass
pass
Running dc shift...pass
pass
pass
Running bc line length tests...Running dc scientific...pass
Running dc abs...Running dc engineering...Running dc vars...pass
pass
pass
Running dc misc1...Running dc misc...pass
Running dc strings...pass
Running bc arg tests...Running dc rand...Running dc is_number...pass
pass
pass
pass
pass
Skipping dc script prime.dc
Running dc is_string...Running dc script asciify.dc...Running dc script stream.dc...Running dc script array.dc...pass
Running dc script factorial.dc...Running dc script else.dc...pass
pass
Running dc script loop.dc...pass
Running dc script quit.dc...pass
Running dc script no_clamp.dc...Running dc script weird.dc...Running dc command-line error tests...pass
pass
pass
pass
Running dc errors...Running dc error file 02.txt with clamping...Running dc error file 01.txt with clamping...Running dc error file 03.txt with clamping...pass
Running dc error file 02.txt without clamping...pass
pass
Running dc error file 03.txt without clamping...Running dc error file 01.txt without clamping...pass
Running dc error file 02.txt through cat with clamping...pass
Running dc error file 03.txt through cat with clamping...pass
Running dc error file 01.txt through cat with clamping...pass
Running dc error file 02.txt through cat without clamping...pass
Running dc error file 01.txt through cat without clamping...pass
Running dc error file 03.txt through cat without clamping...pass
pass
pass
pass
Running dc error file 04.txt with clamping...Running dc error file 05.txt with clamping...pass
Running dc error file 04.txt without clamping...Running dc error file 06.txt with clamping...pass
Running dc error file 05.txt without clamping...pass
Running dc error file 04.txt through cat with clamping...Running dc error file 07.txt with clamping...pass
Running dc error file 06.txt without clamping...pass
Running dc error file 07.txt without clamping...pass
Running dc error file 05.txt through cat with clamping...pass
Running dc error file 06.txt through cat with clamping...pass
Running dc error file 04.txt through cat without clamping...pass
Running dc error file 07.txt through cat with clamping...pass
Running dc error file 05.txt through cat without clamping...pass
Running dc error file 06.txt through cat without clamping...pass
pass
Running dc error file 07.txt through cat without clamping...pass
Running dc error file 08.txt with clamping...pass
Running dc error file 08.txt without clamping...pass
Running dc error file 09.txt with clamping...pass
pass
Running dc error file 08.txt through cat with clamping...pass
Running dc error file 09.txt without clamping...Running dc error file 10.txt with clamping...pass
Running dc error file 09.txt through cat with clamping...pass
Running dc error file 10.txt without clamping...Running dc error file 11.txt with clamping...pass
Running dc error file 11.txt without clamping...pass
Running dc error file 08.txt through cat without clamping...pass
Running dc error file 10.txt through cat with clamping...pass
Running dc error file 09.txt through cat without clamping...pass
Running bc builtin variable arg tests...pass
Running dc error file 11.txt through cat with clamping...pass
Running dc error file 10.txt through cat without clamping...pass
pass
Running dc error file 12.txt with clamping...pass
Running dc error file 11.txt through cat without clamping...pass
Running dc error file 12.txt without clamping...pass
Running dc error file 13.txt with clamping...pass
Running dc error file 13.txt without clamping...pass
Running dc error file 12.txt through cat with clamping...pass
Running dc error file 13.txt through cat with clamping...Running dc error file 14.txt with clamping...pass
Running dc error file 14.txt without clamping...pass
pass
Running dc error file 12.txt through cat without clamping...pass
Running dc error file 15.txt with clamping...pass
Running dc error file 15.txt without clamping...pass
Running dc error file 14.txt through cat with clamping...pass
Running dc error file 13.txt through cat without clamping...Running dc error file 16.txt with clamping...pass
Running dc error file 16.txt without clamping...pass
pass
Running dc error file 15.txt through cat with clamping...pass
Running dc error file 14.txt through cat without clamping...Running dc error file 17.txt with clamping...pass
pass
Running dc error file 16.txt through cat with clamping...Running dc error file 17.txt without clamping...pass
pass
Running dc error file 15.txt through cat without clamping...Running dc error file 18.txt with clamping...pass
pass
Running dc error file 17.txt through cat with clamping...pass
Running dc error file 16.txt through cat without clamping...pass
Running dc error file 18.txt without clamping...pass
Running dc error file 17.txt through cat without clamping...Running dc error file 19.txt with clamping...pass
pass
Running dc error file 19.txt without clamping...pass
pass
Running dc error file 18.txt through cat with clamping...Running dc error file 20.txt with clamping...Running dc error file 21.txt with clamping...pass
Running dc error file 21.txt without clamping...pass
Running dc error file 20.txt without clamping...pass
pass
Running dc error file 19.txt through cat with clamping...pass
Running dc error file 18.txt through cat without clamping...Running dc error file 22.txt with clamping...pass
Running dc error file 21.txt through cat with clamping...pass
Running dc error file 22.txt without clamping...pass
Running dc error file 20.txt through cat with clamping...pass
Running dc error file 19.txt through cat without clamping...pass
Running dc error file 22.txt through cat with clamping...pass
pass
pass
Running dc error file 21.txt through cat without clamping...pass
Running dc error file 20.txt through cat without clamping...Running dc error file 23.txt with clamping...pass
Running dc error file 23.txt without clamping...Running dc error file 24.txt with clamping...pass
Running dc error file 24.txt without clamping...pass
pass
pass
Running dc error file 22.txt through cat without clamping...Running dc error file 25.txt with clamping...pass
Running dc error file 26.txt with clamping...pass
Running dc error file 25.txt without clamping...pass
Running dc error file 26.txt without clamping...pass
Running dc error file 23.txt through cat with clamping...Running dc error file 27.txt with clamping...pass
Running dc error file 27.txt without clamping...pass
Running dc error file 24.txt through cat with clamping...pass
pass
Running dc error file 25.txt through cat with clamping...pass
Running dc error file 23.txt through cat without clamping...Running dc error file 28.txt with clamping...pass
Running dc error file 28.txt without clamping...pass
Running dc error file 26.txt through cat with clamping...pass
Running dc error file 27.txt through cat with clamping...pass
Running dc error file 24.txt through cat without clamping...pass
pass
Running dc error file 25.txt through cat without clamping...pass
pass
Running dc error file 28.txt through cat with clamping...pass
Running dc error file 27.txt through cat without clamping...pass
Running dc error file 26.txt through cat without clamping...Running bc posix_errors...pass
Running bc directory test...pass
Running dc error file 29.txt with clamping...pass
Running dc error file 29.txt without clamping...pass
Running dc error file 30.txt with clamping...pass
Running bc binary file test...pass
Running dc error file 30.txt without clamping...Running dc error file 31.txt with clamping...pass
pass
Running dc error file 31.txt without clamping...pass
Running dc error file 28.txt through cat without clamping...Running dc error file 32.txt with clamping...pass
pass
Running dc error file 32.txt without clamping...Running dc error file 33.txt with clamping...pass
Running dc error file 33.txt without clamping...pass
Running dc error file 29.txt through cat with clamping...pass
Running dc error file 30.txt through cat with clamping...pass
Running dc error file 31.txt through cat with clamping...pass
pass
Running dc error file 32.txt through cat with clamping...pass
Running dc error file 33.txt through cat with clamping...Running dc stdin tests...pass
Running bc binary stdin test...pass
Running dc error file 29.txt through cat without clamping...pass
Running dc error file 30.txt through cat without clamping...pass
pass
pass
Running dc error file 31.txt through cat without clamping...pass
Running dc error file 32.txt through cat without clamping...pass
Running bc limits tests...
Running dc quit test...Running dc read...pass
pass
pass
Running dc environment var tests...pass
Running dc read multiple...pass
pass
pass
Running dc error file 33.txt through cat without clamping...pass
pass

All bc tests passed.

***********************************************************************
Running dc Easter script...pass
Running dc read errors...pass
pass
Running dc extended register command tests...pass
Running dc empty read...pass
Running dc line length tests...pass
Running dc read EOF...pass
pass
Running dc arg tests...pass
Running dc builtin variable arg tests...pass
Running dc directory test...pass
Running dc binary file test...pass
Running dc binary stdin test...pass

All dc tests passed.

***********************************************************************
./scripts/locale_install.sh /usr/share/locale/%L/%N bc 
./scripts/safe-install.sh -Dm644 manuals/bc.1 /usr/share/man/man1/bc.1
./scripts/safe-install.sh -Dm644 manuals/dc.1 /usr/share/man/man1/dc.1
./scripts/exec-install.sh /usr/bin "" "/sources/bc-6.7.5/bin"
Installing en_US...done
Linking de_AT.utf8...done
Linking de_CH.utf8...done
Linking de_DE.utf8...done
Linking en_AU.utf8...done
Linking en_CA.utf8...done
Linking en_GB.utf8...done
Linking en_IE.utf8...done
Linking en_NZ.utf8...done
Linking en_US.utf8...done
Linking es_ES.utf8...done
Linking fr_BE.utf8...done
Linking fr_CA.utf8...done
Linking fr_CH.utf8...done
Linking fr_FR.utf8...done
Linking ja_JP.utf8...done
Linking nl_NL.utf8...done
Linking pl_PL.utf8...done
Linking pt_BR.utf8...done
Linking pt_PT.utf8...done
Linking ru_RU.utf8...done
Linking zh_CN.utf8...done
