make[1]: Entering directory '/sources/binutils-2.42/build'
/bin/sh ../mkinstalldirs /usr /usr
make[1]: Nothing to be done for 'install-target'.
make[2]: Entering directory '/sources/binutils-2.42/build/etc'
make[2]: Entering directory '/sources/binutils-2.42/build/libsframe'
make[3]: Entering directory '/sources/binutils-2.42/build/etc'
make[3]: Nothing to be done for 'install-exec-am'.
make[3]: Nothing to be done for 'install-data-am'.
make[3]: Leaving directory '/sources/binutils-2.42/build/etc'
make[2]: Leaving directory '/sources/binutils-2.42/build/etc'
make[2]: Entering directory '/sources/binutils-2.42/build/libiberty'
make[2]: Entering directory '/sources/binutils-2.42/build/gprof'
make  install-recursive
make[3]: Entering directory '/sources/binutils-2.42/build/libsframe'
make[3]: Entering directory '/sources/binutils-2.42/build/libiberty/testsuite'
make[3]: Nothing to be done for 'all'.
make[3]: Leaving directory '/sources/binutils-2.42/build/libiberty/testsuite'
make[3]: Entering directory '/sources/binutils-2.42/build/libiberty/testsuite'
make[3]: Nothing to be done for 'install'.
make[3]: Leaving directory '/sources/binutils-2.42/build/libiberty/testsuite'
make[3]: Entering directory '/sources/binutils-2.42/build/gprof'
if test -n ""; then \
	/bin/sh ../../libiberty/../mkinstalldirs /usr/lib/`gcc -g -O2     -print-multi-os-directory`; \
	/usr/bin/install -c -m 644 ./libiberty.a /usr/lib/`gcc -g -O2     -print-multi-os-directory`/./libiberty.an; \
	( cd /usr/lib/`gcc -g -O2     -print-multi-os-directory` ; chmod 644 ./libiberty.an ;ranlib --plugin /usr/libexec/gcc/x86_64-lfs-linux-gnu/13.2.0/liblto_plugin.so ./libiberty.an ); \
	mv -f /usr/lib/`gcc -g -O2     -print-multi-os-directory`/./libiberty.an /usr/lib/`gcc -g -O2     -print-multi-os-directory`/./libiberty.a; \
	case "" in \
	  /*)    thd=;; \
	  *)     thd=/usr/include/;; \
	esac; \
	/bin/sh ../../libiberty/../mkinstalldirs ${thd}; \
	for h in ../../libiberty/../include/ansidecl.h ../../libiberty/../include/demangle.h ../../libiberty/../include/dyn-string.h ../../libiberty/../include/fibheap.h ../../libiberty/../include/floatformat.h ../../libiberty/../include/hashtab.h ../../libiberty/../include/libiberty.h ../../libiberty/../include/objalloc.h ../../libiberty/../include/partition.h ../../libiberty/../include/safe-ctype.h ../../libiberty/../include/sort.h ../../libiberty/../include/splay-tree.h ../../libiberty/../include/timeval-utils.h; do \
	  /usr/bin/install -c -m 644 $h ${thd}; \
	done; \
fi
 /usr/bin/mkdir -p '/usr/include'
make[2]: Entering directory '/sources/binutils-2.42/build/gas'
 /usr/bin/mkdir -p '/usr/lib'
make[2]: Leaving directory '/sources/binutils-2.42/build/libiberty'
 /bin/sh ./libtool   --mode=install /usr/bin/install -c   libsframe.la '/usr/lib'
Making install in po
 /usr/bin/install -c -m 644 ../../libsframe/../include/sframe.h ../../libsframe/../include/sframe-api.h '/usr/include'
 /usr/bin/mkdir -p '/usr/share/info'
Making install in po
make[4]: Entering directory '/sources/binutils-2.42/build/gprof/po'
if test -r ../../../gprof/../mkinstalldirs; then \
  ../../../gprof/../mkinstalldirs /usr/share; \
else \
  ../../../gprof/mkinstalldirs /usr/share; \
fi
make[3]: Entering directory '/sources/binutils-2.42/build/gas/po'
if test -r ../../../gas/../mkinstalldirs; then \
  ../../../gas/../mkinstalldirs /usr/share; \
else \
  ../../../gas/mkinstalldirs /usr/share; \
fi
 /usr/bin/install -c -m 644 ../../libsframe/doc/sframe-spec.info '/usr/share/info'
make[2]: Entering directory '/sources/binutils-2.42/build/gold'
libtool: install: /usr/bin/install -c .libs/libsframe.so.1.0.0 /usr/lib/libsframe.so.1.0.0
libtool: install: (cd /usr/lib && { ln -s -f libsframe.so.1.0.0 libsframe.so.1 || { rm -f libsframe.so.1 && ln -s libsframe.so.1.0.0 libsframe.so.1; }; })
Making install in po
 install-info --info-dir='/usr/share/info' '/usr/share/info/sframe-spec.info'
libtool: install: (cd /usr/lib && { ln -s -f libsframe.so.1.0.0 libsframe.so || { rm -f libsframe.so && ln -s libsframe.so.1.0.0 libsframe.so; }; })
make[3]: Entering directory '/sources/binutils-2.42/build/gold/po'
if test -r ../../../gold/../mkinstalldirs; then \
  ../../../gold/../mkinstalldirs /usr/share; \
else \
  ../../../gold/../mkinstalldirs /usr/share; \
fi
installing ../../../gprof/po/bg.gmo as /usr/share/locale/bg/LC_MESSAGES/gprof.mo
libtool: install: /usr/bin/install -c .libs/libsframe.lai /usr/lib/libsframe.la
libtool: install: /usr/bin/install -c .libs/libsframe.a /usr/lib/libsframe.a
installing ../../../gas/po/es.gmo as /usr/share/locale/es/LC_MESSAGES/gas.mo
libtool: install: chmod 644 /usr/lib/libsframe.a
libtool: install: ranlib --plugin /usr/libexec/gcc/x86_64-lfs-linux-gnu/13.2.0/liblto_plugin.so --plugin /usr/libexec/gcc/x86_64-lfs-linux-gnu/13.2.0/liblto_plugin.so /usr/lib/libsframe.a
installing ../../../gprof/po/da.gmo as /usr/share/locale/da/LC_MESSAGES/gprof.mo
installing ../../../gas/po/fi.gmo as /usr/share/locale/fi/LC_MESSAGES/gas.mo
installing ../../../gold/po/es.gmo as /usr/share/locale/es/LC_MESSAGES/gold.mo
installing ../../../gprof/po/de.gmo as /usr/share/locale/de/LC_MESSAGES/gprof.mo
installing ../../../gold/po/fi.gmo as /usr/share/locale/fi/LC_MESSAGES/gold.mo
installing ../../../gas/po/fr.gmo as /usr/share/locale/fr/LC_MESSAGES/gas.mo
installing ../../../gprof/po/eo.gmo as /usr/share/locale/eo/LC_MESSAGES/gprof.mo
installing ../../../gold/po/fr.gmo as /usr/share/locale/fr/LC_MESSAGES/gold.mo
installing ../../../gas/po/id.gmo as /usr/share/locale/id/LC_MESSAGES/gas.mo
installing ../../../gprof/po/es.gmo as /usr/share/locale/es/LC_MESSAGES/gprof.mo
libtool: finish: PATH="/usr/bin:/usr/sbin:/sbin" ldconfig -n /usr/lib
installing ../../../gold/po/id.gmo as /usr/share/locale/id/LC_MESSAGES/gold.mo
installing ../../../gas/po/ja.gmo as /usr/share/locale/ja/LC_MESSAGES/gas.mo
----------------------------------------------------------------------
Libraries have been installed in:
   /usr/lib

If you ever happen to want to link against installed libraries
in a given directory, LIBDIR, you must either use libtool, and
specify the full pathname of the library, or use the `-LLIBDIR'
flag during linking and do at least one of the following:
   - add LIBDIR to the `LD_LIBRARY_PATH' environment variable
     during execution
   - add LIBDIR to the `LD_RUN_PATH' environment variable
     during linking
   - use the `-Wl,-rpath -Wl,LIBDIR' linker flag
   - have your system administrator add LIBDIR to `/etc/ld.so.conf'

See any operating system documentation about shared libraries for
more information, such as the ld(1) and ld.so(8) manual pages.
----------------------------------------------------------------------
make[3]: Leaving directory '/sources/binutils-2.42/build/libsframe'
make[2]: Leaving directory '/sources/binutils-2.42/build/libsframe'
installing ../../../gprof/po/fi.gmo as /usr/share/locale/fi/LC_MESSAGES/gprof.mo
installing ../../../gold/po/it.gmo as /usr/share/locale/it/LC_MESSAGES/gold.mo
installing ../../../gas/po/ru.gmo as /usr/share/locale/ru/LC_MESSAGES/gas.mo
installing ../../../gprof/po/fr.gmo as /usr/share/locale/fr/LC_MESSAGES/gprof.mo
installing ../../../gold/po/ja.gmo as /usr/share/locale/ja/LC_MESSAGES/gold.mo
installing ../../../gas/po/rw.gmo as /usr/share/locale/rw/LC_MESSAGES/gas.mo
installing ../../../gprof/po/ga.gmo as /usr/share/locale/ga/LC_MESSAGES/gprof.mo
installing ../../../gold/po/ro.gmo as /usr/share/locale/ro/LC_MESSAGES/gold.mo
installing ../../../gas/po/sv.gmo as /usr/share/locale/sv/LC_MESSAGES/gas.mo
installing ../../../gprof/po/hu.gmo as /usr/share/locale/hu/LC_MESSAGES/gprof.mo
installing ../../../gold/po/sr.gmo as /usr/share/locale/sr/LC_MESSAGES/gold.mo
installing ../../../gas/po/tr.gmo as /usr/share/locale/tr/LC_MESSAGES/gas.mo
installing ../../../gprof/po/id.gmo as /usr/share/locale/id/LC_MESSAGES/gprof.mo
installing ../../../gold/po/sv.gmo as /usr/share/locale/sv/LC_MESSAGES/gold.mo
installing ../../../gas/po/uk.gmo as /usr/share/locale/uk/LC_MESSAGES/gas.mo
installing ../../../gprof/po/it.gmo as /usr/share/locale/it/LC_MESSAGES/gprof.mo
installing ../../../gold/po/uk.gmo as /usr/share/locale/uk/LC_MESSAGES/gold.mo
installing ../../../gprof/po/ja.gmo as /usr/share/locale/ja/LC_MESSAGES/gprof.mo
installing ../../../gas/po/zh_CN.gmo as /usr/share/locale/zh_CN/LC_MESSAGES/gas.mo
make[2]: Entering directory '/sources/binutils-2.42/build/bfd'
make  install-recursive
installing ../../../gold/po/vi.gmo as /usr/share/locale/vi/LC_MESSAGES/gold.mo
installing ../../../gprof/po/ka.gmo as /usr/share/locale/ka/LC_MESSAGES/gprof.mo
installing ../../../gas/po/es.gmo as /usr/share/locale/es/LC_MESSAGES/gas.mo
installing ../../../gold/po/zh_CN.gmo as /usr/share/locale/zh_CN/LC_MESSAGES/gold.mo
installing ../../../gas/po/fi.gmo as /usr/share/locale/fi/LC_MESSAGES/gas.mo
installing ../../../gprof/po/ms.gmo as /usr/share/locale/ms/LC_MESSAGES/gprof.mo
installing ../../../gold/po/es.gmo as /usr/share/locale/es/LC_MESSAGES/gold.mo
installing ../../../gprof/po/nl.gmo as /usr/share/locale/nl/LC_MESSAGES/gprof.mo
installing ../../../gas/po/fr.gmo as /usr/share/locale/fr/LC_MESSAGES/gas.mo
installing ../../../gold/po/fi.gmo as /usr/share/locale/fi/LC_MESSAGES/gold.mo
installing ../../../gprof/po/pt_BR.gmo as /usr/share/locale/pt_BR/LC_MESSAGES/gprof.mo
installing ../../../gold/po/fr.gmo as /usr/share/locale/fr/LC_MESSAGES/gold.mo
installing ../../../gas/po/id.gmo as /usr/share/locale/id/LC_MESSAGES/gas.mo
make[3]: Entering directory '/sources/binutils-2.42/build/bfd'
installing ../../../gprof/po/ro.gmo as /usr/share/locale/ro/LC_MESSAGES/gprof.mo
installing ../../../gold/po/id.gmo as /usr/share/locale/id/LC_MESSAGES/gold.mo
installing ../../../gas/po/ja.gmo as /usr/share/locale/ja/LC_MESSAGES/gas.mo
Making install in po
make[4]: Entering directory '/sources/binutils-2.42/build/bfd/po'
if test -r ../../../bfd/../mkinstalldirs; then \
  ../../../bfd/../mkinstalldirs /usr/share; \
else \
  ../../../bfd/mkinstalldirs /usr/share; \
fi
installing ../../../gprof/po/ru.gmo as /usr/share/locale/ru/LC_MESSAGES/gprof.mo
installing ../../../gold/po/it.gmo as /usr/share/locale/it/LC_MESSAGES/gold.mo
installing ../../../gas/po/ru.gmo as /usr/share/locale/ru/LC_MESSAGES/gas.mo
installing ../../../gprof/po/rw.gmo as /usr/share/locale/rw/LC_MESSAGES/gprof.mo
installing ../../../gold/po/ja.gmo as /usr/share/locale/ja/LC_MESSAGES/gold.mo
installing ../../../gas/po/rw.gmo as /usr/share/locale/rw/LC_MESSAGES/gas.mo
installing ../../../bfd/po/da.gmo as /usr/share/locale/da/LC_MESSAGES/bfd.mo
installing ../../../gprof/po/sr.gmo as /usr/share/locale/sr/LC_MESSAGES/gprof.mo
installing ../../../gold/po/ro.gmo as /usr/share/locale/ro/LC_MESSAGES/gold.mo
installing ../../../bfd/po/es.gmo as /usr/share/locale/es/LC_MESSAGES/bfd.mo
installing ../../../gas/po/sv.gmo as /usr/share/locale/sv/LC_MESSAGES/gas.mo
installing ../../../gprof/po/sv.gmo as /usr/share/locale/sv/LC_MESSAGES/gprof.mo
installing ../../../gold/po/sr.gmo as /usr/share/locale/sr/LC_MESSAGES/gold.mo
installing ../../../bfd/po/fi.gmo as /usr/share/locale/fi/LC_MESSAGES/bfd.mo
installing ../../../gas/po/tr.gmo as /usr/share/locale/tr/LC_MESSAGES/gas.mo
installing ../../../gprof/po/tr.gmo as /usr/share/locale/tr/LC_MESSAGES/gprof.mo
installing ../../../gold/po/sv.gmo as /usr/share/locale/sv/LC_MESSAGES/gold.mo
installing ../../../bfd/po/fr.gmo as /usr/share/locale/fr/LC_MESSAGES/bfd.mo
installing ../../../gprof/po/uk.gmo as /usr/share/locale/uk/LC_MESSAGES/gprof.mo
installing ../../../gas/po/uk.gmo as /usr/share/locale/uk/LC_MESSAGES/gas.mo
installing ../../../gold/po/uk.gmo as /usr/share/locale/uk/LC_MESSAGES/gold.mo
installing ../../../gas/po/zh_CN.gmo as /usr/share/locale/zh_CN/LC_MESSAGES/gas.mo
installing ../../../gprof/po/vi.gmo as /usr/share/locale/vi/LC_MESSAGES/gprof.mo
installing ../../../bfd/po/hr.gmo as /usr/share/locale/hr/LC_MESSAGES/bfd.mo
if test "gas" = "gettext"; then \
  if test -r ../../../gas/../mkinstalldirs; then \
    ../../../gas/../mkinstalldirs /usr/share/gettext/po; \
  else \
    ../../../gas/mkinstalldirs /usr/share/gettext/po; \
  fi; \
  /usr/bin/install -c -m 644 ../../../gas/po/Makefile.in.in \
		  /usr/share/gettext/po/Makefile.in.in; \
else \
  : ; \
fi
installing ../../../gold/po/vi.gmo as /usr/share/locale/vi/LC_MESSAGES/gold.mo
make[3]: Leaving directory '/sources/binutils-2.42/build/gas/po'
installing ../../../gprof/po/bg.gmo as /usr/share/locale/bg/LC_MESSAGES/gprof.mo
installing ../../../bfd/po/id.gmo as /usr/share/locale/id/LC_MESSAGES/bfd.mo
installing ../../../gold/po/zh_CN.gmo as /usr/share/locale/zh_CN/LC_MESSAGES/gold.mo
if test "gold" = "gettext"; then \
  if test -r ../../../gold/../mkinstalldirs; then \
    ../../../gold/../mkinstalldirs /usr/share/gettext/po; \
  else \
    ../../../gold/mkinstalldirs /usr/share/gettext/po; \
  fi; \
  /usr/bin/install -c -m 644 ../../../gold/po/Makefile.in.in \
		  /usr/share/gettext/po/Makefile.in.in; \
else \
  : ; \
fi
make[3]: Leaving directory '/sources/binutils-2.42/build/gold/po'
Making install in testsuite
installing ../../../gprof/po/da.gmo as /usr/share/locale/da/LC_MESSAGES/gprof.mo
installing ../../../bfd/po/ja.gmo as /usr/share/locale/ja/LC_MESSAGES/bfd.mo
installing ../../../gprof/po/de.gmo as /usr/share/locale/de/LC_MESSAGES/gprof.mo
installing ../../../bfd/po/ka.gmo as /usr/share/locale/ka/LC_MESSAGES/bfd.mo
make[3]: Entering directory '/sources/binutils-2.42/build/gas'
installing ../../../gprof/po/eo.gmo as /usr/share/locale/eo/LC_MESSAGES/gprof.mo
installing ../../../bfd/po/pt.gmo as /usr/share/locale/pt/LC_MESSAGES/bfd.mo
  GEN      doc/asconfig.texi
installing ../../../gprof/po/es.gmo as /usr/share/locale/es/LC_MESSAGES/gprof.mo
installing ../../../bfd/po/ro.gmo as /usr/share/locale/ro/LC_MESSAGES/bfd.mo
make[3]: Entering directory '/sources/binutils-2.42/build/gold/testsuite'
make  install-am
installing ../../../gprof/po/fi.gmo as /usr/share/locale/fi/LC_MESSAGES/gprof.mo
installing ../../../bfd/po/ru.gmo as /usr/share/locale/ru/LC_MESSAGES/bfd.mo
installing ../../../gprof/po/fr.gmo as /usr/share/locale/fr/LC_MESSAGES/gprof.mo
installing ../../../bfd/po/rw.gmo as /usr/share/locale/rw/LC_MESSAGES/bfd.mo
installing ../../../gprof/po/ga.gmo as /usr/share/locale/ga/LC_MESSAGES/gprof.mo
installing ../../../bfd/po/sr.gmo as /usr/share/locale/sr/LC_MESSAGES/bfd.mo
installing ../../../gprof/po/hu.gmo as /usr/share/locale/hu/LC_MESSAGES/gprof.mo
make[4]: Entering directory '/sources/binutils-2.42/build/gold/testsuite'
installing ../../../bfd/po/sv.gmo as /usr/share/locale/sv/LC_MESSAGES/bfd.mo
installing ../../../gprof/po/id.gmo as /usr/share/locale/id/LC_MESSAGES/gprof.mo
make[4]: Entering directory '/sources/binutils-2.42/build/gas'
installing ../../../bfd/po/tr.gmo as /usr/share/locale/tr/LC_MESSAGES/bfd.mo
installing ../../../gprof/po/it.gmo as /usr/share/locale/it/LC_MESSAGES/gprof.mo
installing ../../../bfd/po/uk.gmo as /usr/share/locale/uk/LC_MESSAGES/bfd.mo
installing ../../../gprof/po/ja.gmo as /usr/share/locale/ja/LC_MESSAGES/gprof.mo
installing ../../../bfd/po/vi.gmo as /usr/share/locale/vi/LC_MESSAGES/bfd.mo
installing ../../../gprof/po/ka.gmo as /usr/share/locale/ka/LC_MESSAGES/gprof.mo
/bin/sh ../../gas/../mkinstalldirs /usr/bin
  GEN      doc/asconfig.texi
make[5]: Entering directory '/sources/binutils-2.42/build/gold/testsuite'
make[5]: Nothing to be done for 'install-exec-am'.
make[5]: Nothing to be done for 'install-data-am'.
make[5]: Leaving directory '/sources/binutils-2.42/build/gold/testsuite'
installing ../../../gprof/po/ms.gmo as /usr/share/locale/ms/LC_MESSAGES/gprof.mo
make[4]: Leaving directory '/sources/binutils-2.42/build/gold/testsuite'
installing ../../../bfd/po/zh_CN.gmo as /usr/share/locale/zh_CN/LC_MESSAGES/bfd.mo
make[3]: Leaving directory '/sources/binutils-2.42/build/gold/testsuite'
  /bin/sh ./libtool  --mode=install /usr/bin/install -c as-new /usr/bin/as
 /usr/bin/mkdir -p '/usr/share/man/man1'
 /usr/bin/mkdir -p '/usr/share/info'
installing ../../../gprof/po/nl.gmo as /usr/share/locale/nl/LC_MESSAGES/gprof.mo
installing ../../../bfd/po/da.gmo as /usr/share/locale/da/LC_MESSAGES/bfd.mo
 /usr/bin/install -c -m 644 doc/as.1 '/usr/share/man/man1'
 /usr/bin/install -c -m 644 ../../gas/doc/as.info '/usr/share/info'
installing ../../../bfd/po/es.gmo as /usr/share/locale/es/LC_MESSAGES/bfd.mo
installing ../../../gprof/po/pt_BR.gmo as /usr/share/locale/pt_BR/LC_MESSAGES/gprof.mo
 install-info --info-dir='/usr/share/info' '/usr/share/info/as.info'
installing ../../../bfd/po/fi.gmo as /usr/share/locale/fi/LC_MESSAGES/bfd.mo
installing ../../../gprof/po/ro.gmo as /usr/share/locale/ro/LC_MESSAGES/gprof.mo
installing ../../../gprof/po/ru.gmo as /usr/share/locale/ru/LC_MESSAGES/gprof.mo
libtool: install: /usr/bin/install -c .libs/as-new /usr/bin/as
installing ../../../bfd/po/fr.gmo as /usr/share/locale/fr/LC_MESSAGES/bfd.mo
make[3]: Entering directory '/sources/binutils-2.42/build/gold'
/bin/sh ../../gas/../mkinstalldirs /usr/bin
installing ../../../gprof/po/rw.gmo as /usr/share/locale/rw/LC_MESSAGES/gprof.mo
installing ../../../bfd/po/hr.gmo as /usr/share/locale/hr/LC_MESSAGES/bfd.mo
n=`echo as | sed 's,y,y,'`; \
if [ "/usr/bin/$n" != "/usr/bin/as" ]; then \
  rm -f /usr/bin/as; \
  ln /usr/bin/$n /usr/bin/as >/dev/null 2>/dev/null \
    ||  /bin/sh ./libtool --mode=install /usr/bin/install -c as-new /usr/bin/as; \
else \
  true ; \
fi
make[4]: Leaving directory '/sources/binutils-2.42/build/gas'
make[3]: Leaving directory '/sources/binutils-2.42/build/gas'
make[2]: Leaving directory '/sources/binutils-2.42/build/gas'
installing ../../../gprof/po/sr.gmo as /usr/share/locale/sr/LC_MESSAGES/gprof.mo
installing ../../../bfd/po/id.gmo as /usr/share/locale/id/LC_MESSAGES/bfd.mo
installing ../../../gprof/po/sv.gmo as /usr/share/locale/sv/LC_MESSAGES/gprof.mo
installing ../../../bfd/po/ja.gmo as /usr/share/locale/ja/LC_MESSAGES/bfd.mo
installing ../../../gprof/po/tr.gmo as /usr/share/locale/tr/LC_MESSAGES/gprof.mo
installing ../../../bfd/po/ka.gmo as /usr/share/locale/ka/LC_MESSAGES/bfd.mo
installing ../../../gprof/po/uk.gmo as /usr/share/locale/uk/LC_MESSAGES/gprof.mo
installing ../../../bfd/po/pt.gmo as /usr/share/locale/pt/LC_MESSAGES/bfd.mo
installing ../../../gprof/po/vi.gmo as /usr/share/locale/vi/LC_MESSAGES/gprof.mo
if test "gprof" = "gettext"; then \
  if test -r ../../../gprof/../mkinstalldirs; then \
    ../../../gprof/../mkinstalldirs /usr/share/gettext/po; \
  else \
    ../../../gprof/mkinstalldirs /usr/share/gettext/po; \
  fi; \
  /usr/bin/install -c -m 644 ../../../gprof/po/Makefile.in.in \
		  /usr/share/gettext/po/Makefile.in.in; \
else \
  : ; \
fi
installing ../../../bfd/po/ro.gmo as /usr/share/locale/ro/LC_MESSAGES/bfd.mo
make[4]: Leaving directory '/sources/binutils-2.42/build/gprof/po'
installing ../../../bfd/po/ru.gmo as /usr/share/locale/ru/LC_MESSAGES/bfd.mo
installing ../../../bfd/po/rw.gmo as /usr/share/locale/rw/LC_MESSAGES/bfd.mo
make[4]: Entering directory '/sources/binutils-2.42/build/gprof'
make[4]: Entering directory '/sources/binutils-2.42/build/gold'
installing ../../../bfd/po/sr.gmo as /usr/share/locale/sr/LC_MESSAGES/bfd.mo
installing ../../../bfd/po/sv.gmo as /usr/share/locale/sv/LC_MESSAGES/bfd.mo
make[5]: Entering directory '/sources/binutils-2.42/build/gprof'
installing ../../../bfd/po/tr.gmo as /usr/share/locale/tr/LC_MESSAGES/bfd.mo
 /usr/bin/mkdir -p '/usr/share/man/man1'
make[4]: Nothing to be done for 'install-data-am'.
 /usr/bin/mkdir -p '/usr/bin'
 /usr/bin/mkdir -p '/usr/share/info'
installing ../../../bfd/po/uk.gmo as /usr/share/locale/uk/LC_MESSAGES/bfd.mo
/bin/sh ../../gold/../mkinstalldirs /usr/bin /usr/bin
 /usr/bin/mkdir -p '/usr/bin'
  /bin/sh ./libtool   --mode=install /usr/bin/install -c gprof '/usr/bin'
n=`echo ld.gold | sed 's,y,y,'`; \
 /usr/bin/install -c \
  ld-new /usr/bin/${n}; \
if test "/usr/bin" != "/usr/bin"; then \
  rm -f /usr/bin/ld.gold; \
  ln /usr/bin/${n} /usr/bin/ld.gold >/dev/null 2>/dev/null \
  ||  /usr/bin/install -c ld-new /usr/bin/ld.gold; \
fi; \
if test "x" = "xyes"; then \
  ld=`echo ld | sed 's,y,y,'`; \
  rm -f /usr/bin/${ld}; \
  ln /usr/bin/${n} /usr/bin/${ld} >/dev/null 2>/dev/null \
  ||  /usr/bin/install -c ld-new /usr/bin/${ld}; \
  if test "/usr/bin" != "/usr/bin"; then \
    rm -f /usr/bin/ld; \
    ln /usr/bin/${n} /usr/bin/ld >/dev/null 2>/dev/null \
    ||  /usr/bin/install -c ld-new /usr/bin/ld; \
  fi; \
fi
 /usr/bin/install -c -m 644 ../../gprof/gprof.1 '/usr/share/man/man1'
 /usr/bin/install -c -m 644 ../../gprof/gprof.info '/usr/share/info'
  /usr/bin/install -c dwp '/usr/bin'
installing ../../../bfd/po/vi.gmo as /usr/share/locale/vi/LC_MESSAGES/bfd.mo
 install-info --info-dir='/usr/share/info' '/usr/share/info/gprof.info'
installing ../../../bfd/po/zh_CN.gmo as /usr/share/locale/zh_CN/LC_MESSAGES/bfd.mo
if test "bfd" = "gettext"; then \
  if test -r ../../../bfd/../mkinstalldirs; then \
    ../../../bfd/../mkinstalldirs /usr/share/gettext/po; \
  else \
    ../../../bfd/mkinstalldirs /usr/share/gettext/po; \
  fi; \
  /usr/bin/install -c -m 644 ../../../bfd/po/Makefile.in.in \
		  /usr/share/gettext/po/Makefile.in.in; \
else \
  : ; \
fi
make[4]: Leaving directory '/sources/binutils-2.42/build/bfd/po'
libtool: install: /usr/bin/install -c .libs/gprof /usr/bin/gprof
make[5]: Leaving directory '/sources/binutils-2.42/build/gprof'
make[4]: Leaving directory '/sources/binutils-2.42/build/gprof'
make[3]: Leaving directory '/sources/binutils-2.42/build/gprof'
make[2]: Leaving directory '/sources/binutils-2.42/build/gprof'
make[4]: Entering directory '/sources/binutils-2.42/build/bfd'
make[5]: Entering directory '/sources/binutils-2.42/build/bfd'
make[5]: Nothing to be done for 'install-exec-am'.
 /usr/bin/mkdir -p '/usr/include'
make[4]: Leaving directory '/sources/binutils-2.42/build/gold'
make[3]: Leaving directory '/sources/binutils-2.42/build/gold'
 /usr/bin/mkdir -p '/usr/lib'
make[2]: Leaving directory '/sources/binutils-2.42/build/gold'
 /bin/sh ./libtool   --mode=install /usr/bin/install -c   libbfd.la '/usr/lib'
 /usr/bin/install -c -m 644 bfd.h ../../bfd/../include/ansidecl.h ../../bfd/../include/symcat.h ../../bfd/../include/diagnostics.h ../../bfd/../include/bfdlink.h ../../bfd/../include/plugin-api.h '/usr/include'
 /usr/bin/mkdir -p '/usr/share/info'
libtool: install: (cd /sources/binutils-2.42/build/bfd; /bin/sh /sources/binutils-2.42/build/bfd/libtool  --silent --tag CC --mode=relink gcc -W -Wall -Wstrict-prototypes -Wmissing-prototypes -Wshadow -Wstack-usage=262144 -g -O2 -release 2.42 -o libbfd.la -rpath /usr/lib archive.lo archures.lo bfd.lo bfdio.lo bfdwin.lo cache.lo coff-bfd.lo compress.lo corefile.lo elf-properties.lo format.lo hash.lo libbfd.lo linker.lo merge.lo opncls.lo reloc.lo section.lo simple.lo stab-syms.lo stabs.lo syms.lo targets.lo binary.lo ihex.lo srec.lo tekhex.lo verilog.lo elf64-x86-64.lo elfxx-x86.lo elf-ifunc.lo elf-vxworks.lo elf64.lo elf.lo elflink.lo elf-attrs.lo elf-strtab.lo elf-eh-frame.lo elf-sframe.lo dwarf1.lo dwarf2.lo elf32-i386.lo elf32.lo pei-i386.lo peigen.lo cofflink.lo coffgen.lo pe-x86_64.lo pex64igen.lo pei-x86_64.lo elf64-gen.lo elf32-gen.lo plugin.lo cpu-i386.lo cpu-iamcu.lo archive64.lo -L/sources/binutils-2.42/build/bfd/../libiberty/pic -liberty -Wl,-lc,--as-needed,-lm,--no-as-needed -lz -lzstd ../libsframe/libsframe.la )
 /usr/bin/install -c -m 644 ./doc/bfd.info '/usr/share/info'
 install-info --info-dir='/usr/share/info' '/usr/share/info/bfd.info'
libtool: install: /usr/bin/install -c .libs/libbfd-2.42.soT /usr/lib/libbfd-2.42.so
libtool: install: (cd /usr/lib && { ln -s -f libbfd-2.42.so libbfd.so || { rm -f libbfd.so && ln -s libbfd-2.42.so libbfd.so; }; })
libtool: install: /usr/bin/install -c .libs/libbfd.lai /usr/lib/libbfd.la
libtool: install: /usr/bin/install -c .libs/libbfd.a /usr/lib/libbfd.a
libtool: install: chmod 644 /usr/lib/libbfd.a
libtool: install: ranlib --plugin /usr/libexec/gcc/x86_64-lfs-linux-gnu/13.2.0/liblto_plugin.so --plugin /usr/libexec/gcc/x86_64-lfs-linux-gnu/13.2.0/liblto_plugin.so /usr/lib/libbfd.a
libtool: finish: PATH="/usr/bin:/usr/sbin:/sbin" ldconfig -n /usr/lib
----------------------------------------------------------------------
Libraries have been installed in:
   /usr/lib

If you ever happen to want to link against installed libraries
in a given directory, LIBDIR, you must either use libtool, and
specify the full pathname of the library, or use the `-LLIBDIR'
flag during linking and do at least one of the following:
   - add LIBDIR to the `LD_LIBRARY_PATH' environment variable
     during execution
   - add LIBDIR to the `LD_RUN_PATH' environment variable
     during linking
   - use the `-Wl,-rpath -Wl,LIBDIR' linker flag
   - have your system administrator add LIBDIR to `/etc/ld.so.conf'

See any operating system documentation about shared libraries for
more information, such as the ld(1) and ld.so(8) manual pages.
----------------------------------------------------------------------
make[5]: Leaving directory '/sources/binutils-2.42/build/bfd'
make[4]: Leaving directory '/sources/binutils-2.42/build/bfd'
make[3]: Leaving directory '/sources/binutils-2.42/build/bfd'
make[2]: Leaving directory '/sources/binutils-2.42/build/bfd'
make[2]: Entering directory '/sources/binutils-2.42/build/libctf'
make[2]: Entering directory '/sources/binutils-2.42/build/opcodes'
Making install in .
make[3]: Entering directory '/sources/binutils-2.42/build/libctf'
make[3]: Entering directory '/sources/binutils-2.42/build/opcodes'
make[4]: Entering directory '/sources/binutils-2.42/build/libctf'
 /usr/bin/mkdir -p '/usr/include'
 /usr/bin/mkdir -p '/usr/lib'
 /bin/sh ./libtool   --mode=install /usr/bin/install -c   libctf.la libctf-nobfd.la '/usr/lib'
 /usr/bin/mkdir -p '/usr/share/info'
 /usr/bin/install -c -m 644 ../../libctf/../include/ctf.h ../../libctf/../include/ctf-api.h '/usr/include'
make[4]: Entering directory '/sources/binutils-2.42/build/opcodes'
make[4]: Nothing to be done for 'install-exec-am'.
 /usr/bin/install -c -m 644 ../../libctf/doc/ctf-spec.info '/usr/share/info'
 /usr/bin/mkdir -p '/usr/include'
 /usr/bin/install -c -m 644 ../../opcodes/../include/dis-asm.h '/usr/include'
 install-info --info-dir='/usr/share/info' '/usr/share/info/ctf-spec.info'
libtool: install: (cd /sources/binutils-2.42/build/libctf; /bin/sh /sources/binutils-2.42/build/libctf/libtool  --silent --tag CC --mode=relink gcc -std=gnu99 -Wall -W -Wall -Wno-narrowing -Wwrite-strings -Wmissing-format-attribute -Wstrict-prototypes -Wmissing-prototypes -Wold-style-definition -pedantic -Wno-long-long -g -O2 -version-info 0:0:0 -Wl,--version-script=../../libctf/libctf.ver -o libctf.la -rpath /usr/lib libctf_la-ctf-archive.lo libctf_la-ctf-dump.lo libctf_la-ctf-create.lo libctf_la-ctf-decl.lo libctf_la-ctf-error.lo libctf_la-ctf-hash.lo libctf_la-ctf-labels.lo libctf_la-ctf-dedup.lo libctf_la-ctf-link.lo libctf_la-ctf-lookup.lo libctf_la-ctf-open.lo libctf_la-ctf-serialize.lo libctf_la-ctf-sha1.lo libctf_la-ctf-string.lo libctf_la-ctf-subr.lo libctf_la-ctf-types.lo libctf_la-ctf-util.lo libctf_la-ctf-open-bfd.lo -L/sources/binutils-2.42/build/libctf/../libiberty/pic -liberty ../bfd/libbfd.la -L/sources/binutils-2.42/build/libctf/../libiberty/pic -liberty -lz )
 /usr/bin/mkdir -p '/usr/lib'
 /bin/sh ./libtool   --mode=install /usr/bin/install -c   libopcodes.la '/usr/lib'
libtool: install: (cd /sources/binutils-2.42/build/opcodes; /bin/sh /sources/binutils-2.42/build/opcodes/libtool  --silent --tag CC --mode=relink gcc -W -Wall -Wstrict-prototypes -Wmissing-prototypes -Wshadow -Wstack-usage=262144 -g -O2 -release 2.42 -o libopcodes.la -rpath /usr/lib dis-buf.lo disassemble.lo dis-init.lo i386-dis.lo ../bfd/libbfd.la -L/sources/binutils-2.42/build/opcodes/../libiberty/pic -liberty -Wl,-lc,--as-needed,-lm,--no-as-needed )
libtool: install: /usr/bin/install -c .libs/libctf.so.0.0.0T /usr/lib/libctf.so.0.0.0
libtool: install: (cd /usr/lib && { ln -s -f libctf.so.0.0.0 libctf.so.0 || { rm -f libctf.so.0 && ln -s libctf.so.0.0.0 libctf.so.0; }; })
libtool: install: /usr/bin/install -c .libs/libopcodes-2.42.soT /usr/lib/libopcodes-2.42.so
libtool: install: (cd /usr/lib && { ln -s -f libctf.so.0.0.0 libctf.so || { rm -f libctf.so && ln -s libctf.so.0.0.0 libctf.so; }; })
libtool: install: (cd /usr/lib && { ln -s -f libopcodes-2.42.so libopcodes.so || { rm -f libopcodes.so && ln -s libopcodes-2.42.so libopcodes.so; }; })
libtool: install: /usr/bin/install -c .libs/libctf.lai /usr/lib/libctf.la
libtool: install: /usr/bin/install -c .libs/libctf-nobfd.so.0.0.0 /usr/lib/libctf-nobfd.so.0.0.0
libtool: install: /usr/bin/install -c .libs/libopcodes.lai /usr/lib/libopcodes.la
libtool: install: /usr/bin/install -c .libs/libopcodes.a /usr/lib/libopcodes.a
libtool: install: (cd /usr/lib && { ln -s -f libctf-nobfd.so.0.0.0 libctf-nobfd.so.0 || { rm -f libctf-nobfd.so.0 && ln -s libctf-nobfd.so.0.0.0 libctf-nobfd.so.0; }; })
libtool: install: chmod 644 /usr/lib/libopcodes.a
libtool: install: (cd /usr/lib && { ln -s -f libctf-nobfd.so.0.0.0 libctf-nobfd.so || { rm -f libctf-nobfd.so && ln -s libctf-nobfd.so.0.0.0 libctf-nobfd.so; }; })
libtool: install: ranlib --plugin /usr/libexec/gcc/x86_64-lfs-linux-gnu/13.2.0/liblto_plugin.so --plugin /usr/libexec/gcc/x86_64-lfs-linux-gnu/13.2.0/liblto_plugin.so /usr/lib/libopcodes.a
libtool: install: /usr/bin/install -c .libs/libctf-nobfd.lai /usr/lib/libctf-nobfd.la
libtool: install: /usr/bin/install -c .libs/libctf.a /usr/lib/libctf.a
libtool: install: chmod 644 /usr/lib/libctf.a
libtool: install: ranlib --plugin /usr/libexec/gcc/x86_64-lfs-linux-gnu/13.2.0/liblto_plugin.so --plugin /usr/libexec/gcc/x86_64-lfs-linux-gnu/13.2.0/liblto_plugin.so /usr/lib/libctf.a
libtool: finish: PATH="/usr/bin:/usr/sbin:/sbin" ldconfig -n /usr/lib
----------------------------------------------------------------------
Libraries have been installed in:
   /usr/lib

If you ever happen to want to link against installed libraries
in a given directory, LIBDIR, you must either use libtool, and
specify the full pathname of the library, or use the `-LLIBDIR'
flag during linking and do at least one of the following:
   - add LIBDIR to the `LD_LIBRARY_PATH' environment variable
     during execution
   - add LIBDIR to the `LD_RUN_PATH' environment variable
     during linking
   - use the `-Wl,-rpath -Wl,LIBDIR' linker flag
   - have your system administrator add LIBDIR to `/etc/ld.so.conf'

See any operating system documentation about shared libraries for
more information, such as the ld(1) and ld.so(8) manual pages.
----------------------------------------------------------------------
make[4]: Leaving directory '/sources/binutils-2.42/build/opcodes'
make[3]: Leaving directory '/sources/binutils-2.42/build/opcodes'
Making install in po
make[3]: Entering directory '/sources/binutils-2.42/build/opcodes/po'
if test -r ../../../opcodes/../mkinstalldirs; then \
  ../../../opcodes/../mkinstalldirs /usr/share; \
else \
  ../../../opcodes/mkinstalldirs /usr/share; \
fi
installing ../../../opcodes/po/da.gmo as /usr/share/locale/da/LC_MESSAGES/opcodes.mo
installing ../../../opcodes/po/de.gmo as /usr/share/locale/de/LC_MESSAGES/opcodes.mo
installing ../../../opcodes/po/es.gmo as /usr/share/locale/es/LC_MESSAGES/opcodes.mo
libtool: install: /usr/bin/install -c .libs/libctf-nobfd.a /usr/lib/libctf-nobfd.a
libtool: install: chmod 644 /usr/lib/libctf-nobfd.a
libtool: install: ranlib --plugin /usr/libexec/gcc/x86_64-lfs-linux-gnu/13.2.0/liblto_plugin.so --plugin /usr/libexec/gcc/x86_64-lfs-linux-gnu/13.2.0/liblto_plugin.so /usr/lib/libctf-nobfd.a
installing ../../../opcodes/po/fi.gmo as /usr/share/locale/fi/LC_MESSAGES/opcodes.mo
installing ../../../opcodes/po/fr.gmo as /usr/share/locale/fr/LC_MESSAGES/opcodes.mo
installing ../../../opcodes/po/ga.gmo as /usr/share/locale/ga/LC_MESSAGES/opcodes.mo
installing ../../../opcodes/po/id.gmo as /usr/share/locale/id/LC_MESSAGES/opcodes.mo
installing ../../../opcodes/po/it.gmo as /usr/share/locale/it/LC_MESSAGES/opcodes.mo
installing ../../../opcodes/po/nl.gmo as /usr/share/locale/nl/LC_MESSAGES/opcodes.mo
installing ../../../opcodes/po/pt_BR.gmo as /usr/share/locale/pt_BR/LC_MESSAGES/opcodes.mo
installing ../../../opcodes/po/ro.gmo as /usr/share/locale/ro/LC_MESSAGES/opcodes.mo
installing ../../../opcodes/po/sr.gmo as /usr/share/locale/sr/LC_MESSAGES/opcodes.mo
installing ../../../opcodes/po/sv.gmo as /usr/share/locale/sv/LC_MESSAGES/opcodes.mo
installing ../../../opcodes/po/tr.gmo as /usr/share/locale/tr/LC_MESSAGES/opcodes.mo
installing ../../../opcodes/po/uk.gmo as /usr/share/locale/uk/LC_MESSAGES/opcodes.mo
installing ../../../opcodes/po/vi.gmo as /usr/share/locale/vi/LC_MESSAGES/opcodes.mo
installing ../../../opcodes/po/zh_CN.gmo as /usr/share/locale/zh_CN/LC_MESSAGES/opcodes.mo
installing ../../../opcodes/po/da.gmo as /usr/share/locale/da/LC_MESSAGES/opcodes.mo
libtool: finish: PATH="/usr/bin:/usr/sbin:/sbin" ldconfig -n /usr/lib
installing ../../../opcodes/po/de.gmo as /usr/share/locale/de/LC_MESSAGES/opcodes.mo
----------------------------------------------------------------------
Libraries have been installed in:
   /usr/lib

If you ever happen to want to link against installed libraries
in a given directory, LIBDIR, you must either use libtool, and
specify the full pathname of the library, or use the `-LLIBDIR'
flag during linking and do at least one of the following:
   - add LIBDIR to the `LD_LIBRARY_PATH' environment variable
     during execution
   - add LIBDIR to the `LD_RUN_PATH' environment variable
     during linking
   - use the `-Wl,-rpath -Wl,LIBDIR' linker flag
   - have your system administrator add LIBDIR to `/etc/ld.so.conf'

See any operating system documentation about shared libraries for
more information, such as the ld(1) and ld.so(8) manual pages.
----------------------------------------------------------------------
make[4]: Leaving directory '/sources/binutils-2.42/build/libctf'
make[3]: Leaving directory '/sources/binutils-2.42/build/libctf'
make[2]: Leaving directory '/sources/binutils-2.42/build/libctf'
installing ../../../opcodes/po/es.gmo as /usr/share/locale/es/LC_MESSAGES/opcodes.mo
installing ../../../opcodes/po/fi.gmo as /usr/share/locale/fi/LC_MESSAGES/opcodes.mo
installing ../../../opcodes/po/fr.gmo as /usr/share/locale/fr/LC_MESSAGES/opcodes.mo
installing ../../../opcodes/po/ga.gmo as /usr/share/locale/ga/LC_MESSAGES/opcodes.mo
installing ../../../opcodes/po/id.gmo as /usr/share/locale/id/LC_MESSAGES/opcodes.mo
installing ../../../opcodes/po/it.gmo as /usr/share/locale/it/LC_MESSAGES/opcodes.mo
make[2]: Entering directory '/sources/binutils-2.42/build/ld'
make  install-recursive
installing ../../../opcodes/po/nl.gmo as /usr/share/locale/nl/LC_MESSAGES/opcodes.mo
installing ../../../opcodes/po/pt_BR.gmo as /usr/share/locale/pt_BR/LC_MESSAGES/opcodes.mo
installing ../../../opcodes/po/ro.gmo as /usr/share/locale/ro/LC_MESSAGES/opcodes.mo
installing ../../../opcodes/po/sr.gmo as /usr/share/locale/sr/LC_MESSAGES/opcodes.mo
make[3]: Entering directory '/sources/binutils-2.42/build/ld'
installing ../../../opcodes/po/sv.gmo as /usr/share/locale/sv/LC_MESSAGES/opcodes.mo
Making install in po
make[4]: Entering directory '/sources/binutils-2.42/build/ld/po'
if test -r ../../../ld/../mkinstalldirs; then \
  ../../../ld/../mkinstalldirs /usr/share; \
else \
  ../../../ld/mkinstalldirs /usr/share; \
fi
installing ../../../opcodes/po/tr.gmo as /usr/share/locale/tr/LC_MESSAGES/opcodes.mo
installing ../../../opcodes/po/uk.gmo as /usr/share/locale/uk/LC_MESSAGES/opcodes.mo
installing ../../../ld/po/bg.gmo as /usr/share/locale/bg/LC_MESSAGES/ld.mo
installing ../../../opcodes/po/vi.gmo as /usr/share/locale/vi/LC_MESSAGES/opcodes.mo
installing ../../../ld/po/da.gmo as /usr/share/locale/da/LC_MESSAGES/ld.mo
installing ../../../opcodes/po/zh_CN.gmo as /usr/share/locale/zh_CN/LC_MESSAGES/opcodes.mo
if test "opcodes" = "gettext"; then \
  if test -r ../../../opcodes/../mkinstalldirs; then \
    ../../../opcodes/../mkinstalldirs /usr/share/gettext/po; \
  else \
    ../../../opcodes/mkinstalldirs /usr/share/gettext/po; \
  fi; \
  /usr/bin/install -c -m 644 ../../../opcodes/po/Makefile.in.in \
		  /usr/share/gettext/po/Makefile.in.in; \
else \
  : ; \
fi
make[3]: Leaving directory '/sources/binutils-2.42/build/opcodes/po'
make[2]: Leaving directory '/sources/binutils-2.42/build/opcodes'
installing ../../../ld/po/de.gmo as /usr/share/locale/de/LC_MESSAGES/ld.mo
installing ../../../ld/po/es.gmo as /usr/share/locale/es/LC_MESSAGES/ld.mo
installing ../../../ld/po/fi.gmo as /usr/share/locale/fi/LC_MESSAGES/ld.mo
make[2]: Entering directory '/sources/binutils-2.42/build/gprofng'
installing ../../../ld/po/fr.gmo as /usr/share/locale/fr/LC_MESSAGES/ld.mo
Making install in libcollector
installing ../../../ld/po/ga.gmo as /usr/share/locale/ga/LC_MESSAGES/ld.mo
make[2]: Entering directory '/sources/binutils-2.42/build/binutils'
make  install-recursive
installing ../../../ld/po/id.gmo as /usr/share/locale/id/LC_MESSAGES/ld.mo
make[3]: Entering directory '/sources/binutils-2.42/build/gprofng/libcollector'
installing ../../../ld/po/it.gmo as /usr/share/locale/it/LC_MESSAGES/ld.mo
make[3]: Entering directory '/sources/binutils-2.42/build/binutils'
installing ../../../ld/po/ja.gmo as /usr/share/locale/ja/LC_MESSAGES/ld.mo
Making install in po
make[4]: Entering directory '/sources/binutils-2.42/build/binutils/po'
if test -r ../../../binutils/../mkinstalldirs; then \
  ../../../binutils/../mkinstalldirs /usr/share; \
else \
  ../../../binutils/mkinstalldirs /usr/share; \
fi
installing ../../../ld/po/ka.gmo as /usr/share/locale/ka/LC_MESSAGES/ld.mo
make[4]: Entering directory '/sources/binutils-2.42/build/gprofng/libcollector'
 /usr/bin/mkdir -p '/usr/lib/gprofng'
 /usr/bin/mkdir -p '/usr/include'
 /bin/sh ./libtool   --mode=install /usr/bin/install -c   libgp-collector.la libgp-collectorAPI.la libgp-heap.la libgp-sync.la libgp-iotrace.la '/usr/lib/gprofng'
installing ../../../ld/po/pt_BR.gmo as /usr/share/locale/pt_BR/LC_MESSAGES/ld.mo
 /usr/bin/install -c -m 644 ../../../gprofng/libcollector/../../include/collectorAPI.h ../../../gprofng/libcollector/../../include/libcollector.h ../../../gprofng/libcollector/../../include/libfcollector.h '/usr/include'
installing ../../../binutils/po/bg.gmo as /usr/share/locale/bg/LC_MESSAGES/binutils.mo
installing ../../../ld/po/ro.gmo as /usr/share/locale/ro/LC_MESSAGES/ld.mo
libtool: install: /usr/bin/install -c .libs/libgp-collector.so /usr/lib/gprofng/libgp-collector.so
installing ../../../binutils/po/ca.gmo as /usr/share/locale/ca/LC_MESSAGES/binutils.mo
libtool: install: /usr/bin/install -c .libs/libgp-collector.lai /usr/lib/gprofng/libgp-collector.la
installing ../../../ld/po/ru.gmo as /usr/share/locale/ru/LC_MESSAGES/ld.mo
libtool: install: /usr/bin/install -c .libs/libgp-collectorAPI.so /usr/lib/gprofng/libgp-collectorAPI.so
libtool: install: /usr/bin/install -c .libs/libgp-collectorAPI.lai /usr/lib/gprofng/libgp-collectorAPI.la
installing ../../../binutils/po/da.gmo as /usr/share/locale/da/LC_MESSAGES/binutils.mo
libtool: install: /usr/bin/install -c .libs/libgp-heap.so /usr/lib/gprofng/libgp-heap.so
installing ../../../ld/po/sr.gmo as /usr/share/locale/sr/LC_MESSAGES/ld.mo
libtool: install: /usr/bin/install -c .libs/libgp-heap.lai /usr/lib/gprofng/libgp-heap.la
libtool: install: /usr/bin/install -c .libs/libgp-sync.so /usr/lib/gprofng/libgp-sync.so
installing ../../../binutils/po/es.gmo as /usr/share/locale/es/LC_MESSAGES/binutils.mo
libtool: install: /usr/bin/install -c .libs/libgp-sync.lai /usr/lib/gprofng/libgp-sync.la
libtool: install: /usr/bin/install -c .libs/libgp-iotrace.so /usr/lib/gprofng/libgp-iotrace.so
installing ../../../ld/po/sv.gmo as /usr/share/locale/sv/LC_MESSAGES/ld.mo
libtool: install: /usr/bin/install -c .libs/libgp-iotrace.lai /usr/lib/gprofng/libgp-iotrace.la
libtool: install: /usr/bin/install -c .libs/libgp-collector.a /usr/lib/gprofng/libgp-collector.a
installing ../../../binutils/po/fi.gmo as /usr/share/locale/fi/LC_MESSAGES/binutils.mo
libtool: install: chmod 644 /usr/lib/gprofng/libgp-collector.a
installing ../../../ld/po/tr.gmo as /usr/share/locale/tr/LC_MESSAGES/ld.mo
libtool: install: ranlib --plugin /usr/libexec/gcc/x86_64-lfs-linux-gnu/13.2.0/liblto_plugin.so --plugin /usr/libexec/gcc/x86_64-lfs-linux-gnu/13.2.0/liblto_plugin.so /usr/lib/gprofng/libgp-collector.a
installing ../../../binutils/po/fr.gmo as /usr/share/locale/fr/LC_MESSAGES/binutils.mo
installing ../../../ld/po/uk.gmo as /usr/share/locale/uk/LC_MESSAGES/ld.mo
installing ../../../binutils/po/hr.gmo as /usr/share/locale/hr/LC_MESSAGES/binutils.mo
installing ../../../ld/po/vi.gmo as /usr/share/locale/vi/LC_MESSAGES/ld.mo
installing ../../../binutils/po/id.gmo as /usr/share/locale/id/LC_MESSAGES/binutils.mo
installing ../../../ld/po/zh_CN.gmo as /usr/share/locale/zh_CN/LC_MESSAGES/ld.mo
installing ../../../binutils/po/it.gmo as /usr/share/locale/it/LC_MESSAGES/binutils.mo
installing ../../../ld/po/zh_TW.gmo as /usr/share/locale/zh_TW/LC_MESSAGES/ld.mo
installing ../../../binutils/po/ja.gmo as /usr/share/locale/ja/LC_MESSAGES/binutils.mo
installing ../../../ld/po/bg.gmo as /usr/share/locale/bg/LC_MESSAGES/ld.mo
installing ../../../binutils/po/pt.gmo as /usr/share/locale/pt/LC_MESSAGES/binutils.mo
installing ../../../ld/po/da.gmo as /usr/share/locale/da/LC_MESSAGES/ld.mo
installing ../../../binutils/po/ro.gmo as /usr/share/locale/ro/LC_MESSAGES/binutils.mo
installing ../../../ld/po/de.gmo as /usr/share/locale/de/LC_MESSAGES/ld.mo
installing ../../../binutils/po/ru.gmo as /usr/share/locale/ru/LC_MESSAGES/binutils.mo
installing ../../../ld/po/es.gmo as /usr/share/locale/es/LC_MESSAGES/ld.mo
installing ../../../binutils/po/rw.gmo as /usr/share/locale/rw/LC_MESSAGES/binutils.mo
installing ../../../ld/po/fi.gmo as /usr/share/locale/fi/LC_MESSAGES/ld.mo
installing ../../../ld/po/fr.gmo as /usr/share/locale/fr/LC_MESSAGES/ld.mo
installing ../../../binutils/po/sk.gmo as /usr/share/locale/sk/LC_MESSAGES/binutils.mo
installing ../../../ld/po/ga.gmo as /usr/share/locale/ga/LC_MESSAGES/ld.mo
installing ../../../binutils/po/sr.gmo as /usr/share/locale/sr/LC_MESSAGES/binutils.mo
installing ../../../ld/po/id.gmo as /usr/share/locale/id/LC_MESSAGES/ld.mo
installing ../../../binutils/po/sv.gmo as /usr/share/locale/sv/LC_MESSAGES/binutils.mo
libtool: install: /usr/bin/install -c .libs/libgp-collectorAPI.a /usr/lib/gprofng/libgp-collectorAPI.a
libtool: install: chmod 644 /usr/lib/gprofng/libgp-collectorAPI.a
installing ../../../binutils/po/tr.gmo as /usr/share/locale/tr/LC_MESSAGES/binutils.mo
installing ../../../ld/po/it.gmo as /usr/share/locale/it/LC_MESSAGES/ld.mo
libtool: install: ranlib --plugin /usr/libexec/gcc/x86_64-lfs-linux-gnu/13.2.0/liblto_plugin.so --plugin /usr/libexec/gcc/x86_64-lfs-linux-gnu/13.2.0/liblto_plugin.so /usr/lib/gprofng/libgp-collectorAPI.a
libtool: install: /usr/bin/install -c .libs/libgp-heap.a /usr/lib/gprofng/libgp-heap.a
libtool: install: chmod 644 /usr/lib/gprofng/libgp-heap.a
libtool: install: ranlib --plugin /usr/libexec/gcc/x86_64-lfs-linux-gnu/13.2.0/liblto_plugin.so --plugin /usr/libexec/gcc/x86_64-lfs-linux-gnu/13.2.0/liblto_plugin.so /usr/lib/gprofng/libgp-heap.a
installing ../../../ld/po/ja.gmo as /usr/share/locale/ja/LC_MESSAGES/ld.mo
installing ../../../binutils/po/uk.gmo as /usr/share/locale/uk/LC_MESSAGES/binutils.mo
libtool: install: /usr/bin/install -c .libs/libgp-sync.a /usr/lib/gprofng/libgp-sync.a
libtool: install: chmod 644 /usr/lib/gprofng/libgp-sync.a
libtool: install: ranlib --plugin /usr/libexec/gcc/x86_64-lfs-linux-gnu/13.2.0/liblto_plugin.so --plugin /usr/libexec/gcc/x86_64-lfs-linux-gnu/13.2.0/liblto_plugin.so /usr/lib/gprofng/libgp-sync.a
installing ../../../ld/po/ka.gmo as /usr/share/locale/ka/LC_MESSAGES/ld.mo
installing ../../../binutils/po/vi.gmo as /usr/share/locale/vi/LC_MESSAGES/binutils.mo
installing ../../../binutils/po/zh_CN.gmo as /usr/share/locale/zh_CN/LC_MESSAGES/binutils.mo
installing ../../../ld/po/pt_BR.gmo as /usr/share/locale/pt_BR/LC_MESSAGES/ld.mo
installing ../../../binutils/po/zh_TW.gmo as /usr/share/locale/zh_TW/LC_MESSAGES/binutils.mo
installing ../../../ld/po/ro.gmo as /usr/share/locale/ro/LC_MESSAGES/ld.mo
installing ../../../ld/po/ru.gmo as /usr/share/locale/ru/LC_MESSAGES/ld.mo
installing ../../../binutils/po/bg.gmo as /usr/share/locale/bg/LC_MESSAGES/binutils.mo
installing ../../../ld/po/sr.gmo as /usr/share/locale/sr/LC_MESSAGES/ld.mo
installing ../../../binutils/po/ca.gmo as /usr/share/locale/ca/LC_MESSAGES/binutils.mo
installing ../../../binutils/po/da.gmo as /usr/share/locale/da/LC_MESSAGES/binutils.mo
installing ../../../ld/po/sv.gmo as /usr/share/locale/sv/LC_MESSAGES/ld.mo
installing ../../../ld/po/tr.gmo as /usr/share/locale/tr/LC_MESSAGES/ld.mo
installing ../../../binutils/po/es.gmo as /usr/share/locale/es/LC_MESSAGES/binutils.mo
installing ../../../binutils/po/fi.gmo as /usr/share/locale/fi/LC_MESSAGES/binutils.mo
installing ../../../ld/po/uk.gmo as /usr/share/locale/uk/LC_MESSAGES/ld.mo
installing ../../../ld/po/vi.gmo as /usr/share/locale/vi/LC_MESSAGES/ld.mo
installing ../../../binutils/po/fr.gmo as /usr/share/locale/fr/LC_MESSAGES/binutils.mo
installing ../../../binutils/po/hr.gmo as /usr/share/locale/hr/LC_MESSAGES/binutils.mo
installing ../../../ld/po/zh_CN.gmo as /usr/share/locale/zh_CN/LC_MESSAGES/ld.mo
installing ../../../ld/po/zh_TW.gmo as /usr/share/locale/zh_TW/LC_MESSAGES/ld.mo
installing ../../../binutils/po/id.gmo as /usr/share/locale/id/LC_MESSAGES/binutils.mo
if test "ld" = "gettext"; then \
  if test -r ../../../ld/../mkinstalldirs; then \
    ../../../ld/../mkinstalldirs /usr/share/gettext/po; \
  else \
    ../../../ld/mkinstalldirs /usr/share/gettext/po; \
  fi; \
  /usr/bin/install -c -m 644 ../../../ld/po/Makefile.in.in \
		  /usr/share/gettext/po/Makefile.in.in; \
else \
  : ; \
fi
make[4]: Leaving directory '/sources/binutils-2.42/build/ld/po'
installing ../../../binutils/po/it.gmo as /usr/share/locale/it/LC_MESSAGES/binutils.mo
installing ../../../binutils/po/ja.gmo as /usr/share/locale/ja/LC_MESSAGES/binutils.mo
installing ../../../binutils/po/pt.gmo as /usr/share/locale/pt/LC_MESSAGES/binutils.mo
installing ../../../binutils/po/ro.gmo as /usr/share/locale/ro/LC_MESSAGES/binutils.mo
make[4]: Entering directory '/sources/binutils-2.42/build/ld'
installing ../../../binutils/po/ru.gmo as /usr/share/locale/ru/LC_MESSAGES/binutils.mo
installing ../../../binutils/po/rw.gmo as /usr/share/locale/rw/LC_MESSAGES/binutils.mo
installing ../../../binutils/po/sk.gmo as /usr/share/locale/sk/LC_MESSAGES/binutils.mo
installing ../../../binutils/po/sr.gmo as /usr/share/locale/sr/LC_MESSAGES/binutils.mo
installing ../../../binutils/po/sv.gmo as /usr/share/locale/sv/LC_MESSAGES/binutils.mo
installing ../../../binutils/po/tr.gmo as /usr/share/locale/tr/LC_MESSAGES/binutils.mo
make[5]: Entering directory '/sources/binutils-2.42/build/ld'
installing ../../../binutils/po/uk.gmo as /usr/share/locale/uk/LC_MESSAGES/binutils.mo
installing ../../../binutils/po/vi.gmo as /usr/share/locale/vi/LC_MESSAGES/binutils.mo
installing ../../../binutils/po/zh_CN.gmo as /usr/share/locale/zh_CN/LC_MESSAGES/binutils.mo
installing ../../../binutils/po/zh_TW.gmo as /usr/share/locale/zh_TW/LC_MESSAGES/binutils.mo
if test "binutils" = "gettext"; then \
  if test -r ../../../binutils/../mkinstalldirs; then \
    ../../../binutils/../mkinstalldirs /usr/share/gettext/po; \
  else \
    ../../../binutils/mkinstalldirs /usr/share/gettext/po; \
  fi; \
  /usr/bin/install -c -m 644 ../../../binutils/po/Makefile.in.in \
		  /usr/share/gettext/po/Makefile.in.in; \
else \
  : ; \
fi
 /usr/bin/mkdir -p '/usr/share/man/man1'
 /usr/bin/mkdir -p '/usr/bin'
make[4]: Leaving directory '/sources/binutils-2.42/build/binutils/po'
 /usr/bin/mkdir -p '/usr/lib/bfd-plugins'
 /usr/bin/mkdir -p '/usr/share/info'
 /bin/sh ./libtool   --mode=install /usr/bin/install -c   libdep.la '/usr/lib/bfd-plugins'
  /bin/sh ./libtool   --mode=install /usr/bin/install -c ld-new '/usr/bin/./ld.bfd'
 /usr/bin/install -c -m 644 ../../ld/ld.1 '/usr/share/man/man1'
 /usr/bin/install -c -m 644 ../../ld/ld.info ../../ld/ldint.info '/usr/share/info'
libtool: install: /usr/bin/install -c .libs/libdep.so /usr/lib/bfd-plugins/libdep.so
libtool: install: /usr/bin/install -c .libs/libdep.lai /usr/lib/bfd-plugins/libdep.la
/bin/sh ../../ld/../mkinstalldirs /usr/lib/ldscripts
make[4]: Entering directory '/sources/binutils-2.42/build/binutils'
 install-info --info-dir='/usr/share/info' '/usr/share/info/ld.info'
mkdir -p -- /usr/lib/ldscripts
for f in ldscripts/* ; do \
  case $f in \
    stamp) ;; \
    *) /usr/bin/install -c -m 644 $f /usr/lib/$f ; \
  esac \
done
libtool: install: /usr/bin/install -c .libs/ld-new /usr/bin/./ld.bfd
/bin/sh ../../ld/../mkinstalldirs /usr/bin
n=`echo ld.bfd | sed 's/^ld-new$/ld.bfd/;s,y,y,'`; \
if test "/usr/bin" != "/usr/bin"; then \
  rm -f /usr/bin/ld.bfd; \
  ln /usr/bin/$n /usr/bin/ld.bfd >/dev/null 2>/dev/null \
  ||  /bin/sh ./libtool --mode=install /usr/bin/install -c ld-new /usr/bin/ld.bfd; \
fi; \
if test "xyes" = "xyes"; then \
  ld=`echo ld | sed 's/^ld-new$/ld.bfd/;s,y,y,'`; \
  rm -f /usr/bin/$ld; \
  ln /usr/bin/$n /usr/bin/$ld >/dev/null 2>/dev/null \
  ||  /bin/sh ./libtool --mode=install /usr/bin/install -c ld-new /usr/bin/$ld; \
  if test "/usr/bin" != "/usr/bin"; then \
    rm -f /usr/bin/ld; \
    ln /usr/bin/$n /usr/bin/ld >/dev/null 2>/dev/null \
    ||  /bin/sh ./libtool --mode=install /usr/bin/install -c ld-new /usr/bin/ld; \
  fi; \
fi
libtool: install: /usr/bin/install -c .libs/libgp-iotrace.a /usr/lib/gprofng/libgp-iotrace.a
libtool: install: chmod 644 /usr/lib/gprofng/libgp-iotrace.a
libtool: install: ranlib --plugin /usr/libexec/gcc/x86_64-lfs-linux-gnu/13.2.0/liblto_plugin.so --plugin /usr/libexec/gcc/x86_64-lfs-linux-gnu/13.2.0/liblto_plugin.so /usr/lib/gprofng/libgp-iotrace.a
 install-info --info-dir='/usr/share/info' '/usr/share/info/ldint.info'
make[5]: Entering directory '/sources/binutils-2.42/build/binutils'
libtool: finish: PATH="/usr/bin:/usr/sbin:/sbin" ldconfig -n /usr/lib/gprofng
----------------------------------------------------------------------
Libraries have been installed in:
   /usr/lib/gprofng

If you ever happen to want to link against installed libraries
in a given directory, LIBDIR, you must either use libtool, and
specify the full pathname of the library, or use the `-LLIBDIR'
flag during linking and do at least one of the following:
   - add LIBDIR to the `LD_LIBRARY_PATH' environment variable
     during execution
   - add LIBDIR to the `LD_RUN_PATH' environment variable
     during linking
   - use the `-Wl,-rpath -Wl,LIBDIR' linker flag
   - have your system administrator add LIBDIR to `/etc/ld.so.conf'

See any operating system documentation about shared libraries for
more information, such as the ld(1) and ld.so(8) manual pages.
----------------------------------------------------------------------
for f in libgp-collector libgp-heap libgp-sync libgp-iotrace ; do \
  rm -f //usr/lib/gprofng/$f.la //usr/lib/gprofng/$f.a ; \
done
 /usr/bin/mkdir -p '/usr/bin'
 /usr/bin/mkdir -p '/usr/share/man/man1'
make[4]: Leaving directory '/sources/binutils-2.42/build/gprofng/libcollector'
make[3]: Leaving directory '/sources/binutils-2.42/build/gprofng/libcollector'
Making install in src
 /usr/bin/mkdir -p '/usr/share/info'
  /bin/sh ./libtool   --mode=install /usr/bin/install -c size objdump ar strings ranlib objcopy addr2line readelf elfedit '/usr/bin'
 /usr/bin/install -c -m 644 ../../binutils/doc/binutils.info '/usr/share/info'
 /usr/bin/install -c -m 644 doc/addr2line.1 doc/ar.1 doc/dlltool.1 doc/nm.1 doc/objcopy.1 doc/objdump.1 doc/ranlib.1 doc/readelf.1 doc/size.1 doc/strings.1 doc/strip.1 doc/elfedit.1 doc/windres.1 doc/windmc.1 doc/c++filt.1 '/usr/share/man/man1'
 install-info --info-dir='/usr/share/info' '/usr/share/info/binutils.info'
make[3]: Entering directory '/sources/binutils-2.42/build/gprofng/src'
make  install-am
libtool: install: /usr/bin/install -c .libs/size /usr/bin/size
rm -f /usr/lib/bfd-plugins/libdep.la
rm -f /usr/lib/bfd-plugins/libdep.dll.a
make[5]: Leaving directory '/sources/binutils-2.42/build/ld'
make[4]: Leaving directory '/sources/binutils-2.42/build/ld'
make[3]: Leaving directory '/sources/binutils-2.42/build/ld'
make[2]: Leaving directory '/sources/binutils-2.42/build/ld'
libtool: install: /usr/bin/install -c .libs/objdump /usr/bin/objdump
libtool: install: /usr/bin/install -c .libs/ar /usr/bin/ar
make[4]: Entering directory '/sources/binutils-2.42/build/gprofng/src'
libtool: install: /usr/bin/install -c .libs/strings /usr/bin/strings
libtool: install: /usr/bin/install -c .libs/ranlib /usr/bin/ranlib
libtool: install: /usr/bin/install -c .libs/objcopy /usr/bin/objcopy
make[5]: Entering directory '/sources/binutils-2.42/build/gprofng/src'
 /usr/bin/mkdir -p '/usr/lib'
 /usr/bin/mkdir -p '/etc'
 /bin/sh ../libtool   --mode=install /usr/bin/install -c   libgprofng.la '/usr/lib'
 /usr/bin/install -c -m 644 ../../../gprofng/src/gprofng.rc '/etc'
libtool: install: /usr/bin/install -c .libs/addr2line /usr/bin/addr2line
libtool: install: (cd /sources/binutils-2.42/build/gprofng/src; /bin/sh /sources/binutils-2.42/build/gprofng/libtool  --tag CXX --mode=relink g++ -Wall -pthread -Wno-switch -g -O2 -version-info 0:0:0 -o libgprofng.la -rpath /usr/lib Application.lo BaseMetric.lo BaseMetricTreeNode.lo CallStack.lo CatchOutOfMemory.lo ClassFile.lo Command.lo CompCom.lo DataObject.lo DataSpace.lo Data_window.lo DataStream.lo DbeApplication.lo DbeFile.lo DbeJarFile.lo DbeLock.lo DbeSession.lo DbeThread.lo DbeView.lo DerivedMetrics.lo Disasm.lo Dwarf.lo DwarfLib.lo Elf.lo Emsg.lo Experiment.lo Exp_Layout.lo ExpGroup.lo Expression.lo FileData.lo Filter.lo FilterSet.lo Function.lo HeapMap.lo HeapData.lo HeapActivity.lo Hist_data.lo IndexObject.lo IOActivity.lo LoadObject.lo MachineModel.lo MemObject.lo MemorySpace.lo Metric.lo MetricList.lo Module.lo Ovw_data.lo PRBTree.lo PathTree.lo PreviewExp.lo Print.lo SAXParserFactory.lo Sample.lo Settings.lo SourceFile.lo Stabs.lo Stats_data.lo StringBuilder.lo Table.lo QLParser.tab.lo dbe_collctrl.lo i18n.lo parse.lo UserLabel.lo util.lo Dbe.lo dbe_hwcdrv.lo dbe_hwcfuncs.lo dbe_hwctable.lo dbe_memmgr.lo gethrtime.lo ../../opcodes/libopcodes.la ../../bfd/libbfd.la -L../../libiberty/pic -liberty -lpthread -ldl )
libtool: install: /usr/bin/install -c .libs/readelf /usr/bin/readelf
libtool: install: /usr/bin/install -c elfedit /usr/bin/elfedit
  /bin/sh ./libtool  --mode=install /usr/bin/install -c nm-new /usr/bin/nm
libtool: install: /usr/bin/install -c .libs/nm-new /usr/bin/nm
  /bin/sh ./libtool  --mode=install /usr/bin/install -c strip-new /usr/bin/strip
libtool: install: /usr/bin/install -c .libs/strip-new /usr/bin/strip
  /bin/sh ./libtool  --mode=install /usr/bin/install -c cxxfilt /usr/bin/c++filt
libtool: install: /usr/bin/install -c .libs/cxxfilt /usr/bin/c++filt
/bin/sh ../../binutils/../mkinstalldirs /usr/bin
libtool: relink: g++  -fPIC -DPIC -shared -nostdlib /usr/lib/gcc/x86_64-lfs-linux-gnu/13.2.0/../../../../lib/crti.o /usr/lib/gcc/x86_64-lfs-linux-gnu/13.2.0/crtbeginS.o  .libs/Application.o .libs/BaseMetric.o .libs/BaseMetricTreeNode.o .libs/CallStack.o .libs/CatchOutOfMemory.o .libs/ClassFile.o .libs/Command.o .libs/CompCom.o .libs/DataObject.o .libs/DataSpace.o .libs/Data_window.o .libs/DataStream.o .libs/DbeApplication.o .libs/DbeFile.o .libs/DbeJarFile.o .libs/DbeLock.o .libs/DbeSession.o .libs/DbeThread.o .libs/DbeView.o .libs/DerivedMetrics.o .libs/Disasm.o .libs/Dwarf.o .libs/DwarfLib.o .libs/Elf.o .libs/Emsg.o .libs/Experiment.o .libs/Exp_Layout.o .libs/ExpGroup.o .libs/Expression.o .libs/FileData.o .libs/Filter.o .libs/FilterSet.o .libs/Function.o .libs/HeapMap.o .libs/HeapData.o .libs/HeapActivity.o .libs/Hist_data.o .libs/IndexObject.o .libs/IOActivity.o .libs/LoadObject.o .libs/MachineModel.o .libs/MemObject.o .libs/MemorySpace.o .libs/Metric.o .libs/MetricList.o .libs/Module.o .libs/Ovw_data.o .libs/PRBTree.o .libs/PathTree.o .libs/PreviewExp.o .libs/Print.o .libs/SAXParserFactory.o .libs/Sample.o .libs/Settings.o .libs/SourceFile.o .libs/Stabs.o .libs/Stats_data.o .libs/StringBuilder.o .libs/Table.o .libs/QLParser.tab.o .libs/dbe_collctrl.o .libs/i18n.o .libs/parse.o .libs/UserLabel.o .libs/util.o .libs/Dbe.o .libs/dbe_hwcdrv.o .libs/dbe_hwcfuncs.o .libs/dbe_hwctable.o .libs/dbe_memmgr.o .libs/gethrtime.o   -L/sources/binutils-2.42/build/bfd/.libs -L/sources/binutils-2.42/build/libsframe/.libs -L/usr/lib -lopcodes -L/sources/binutils-2.42/build/bfd/../libiberty/pic -L/sources/binutils-2.42/build/opcodes/../libiberty/pic -lbfd -lz -lzstd -lsframe -L/sources/binutils-2.42/build/libiberty/pic -liberty -lpthread -ldl -L/usr/lib/gcc/x86_64-lfs-linux-gnu/13.2.0 -L/usr/lib/gcc/x86_64-lfs-linux-gnu/13.2.0/../../../../x86_64-lfs-linux-gnu/lib/../lib -L/usr/lib/gcc/x86_64-lfs-linux-gnu/13.2.0/../../../../lib -L/lib/../lib -L/usr/lib/../lib -L/usr/lib/gcc/x86_64-lfs-linux-gnu/13.2.0/../../../../x86_64-lfs-linux-gnu/lib -L/usr/lib/gcc/x86_64-lfs-linux-gnu/13.2.0/../../.. -lstdc++ -lm -lc -lgcc_s /usr/lib/gcc/x86_64-lfs-linux-gnu/13.2.0/crtendS.o /usr/lib/gcc/x86_64-lfs-linux-gnu/13.2.0/../../../../lib/crtn.o  -pthread   -pthread -Wl,-soname -Wl,libgprofng.so.0 -o .libs/libgprofng.so.0.0.0
for i in nm-new strip-new ar ranlib dlltool objdump objcopy readelf; do \
  if [ -f $i ]; then \
    j=`echo $i | sed -e 's/-new//'`; \
    k=`echo $j | sed 's,y,y,'`; \
    if [ "/usr/bin/$k" != "/usr/bin/$j" ]; then \
      rm -f /usr/bin/$j; \
      ln /usr/bin/$k /usr/bin/$j >/dev/null 2>/dev/null \
	||  /bin/sh ./libtool --mode=install /usr/bin/install -c $i /usr/bin/$j; \
    fi; \
  else true; \
  fi; \
done
make[5]: Leaving directory '/sources/binutils-2.42/build/binutils'
make[4]: Leaving directory '/sources/binutils-2.42/build/binutils'
make[3]: Leaving directory '/sources/binutils-2.42/build/binutils'
make[2]: Leaving directory '/sources/binutils-2.42/build/binutils'
libtool: install: /usr/bin/install -c .libs/libgprofng.so.0.0.0T /usr/lib/libgprofng.so.0.0.0
libtool: install: (cd /usr/lib && { ln -s -f libgprofng.so.0.0.0 libgprofng.so.0 || { rm -f libgprofng.so.0 && ln -s libgprofng.so.0.0.0 libgprofng.so.0; }; })
libtool: install: (cd /usr/lib && { ln -s -f libgprofng.so.0.0.0 libgprofng.so || { rm -f libgprofng.so && ln -s libgprofng.so.0.0.0 libgprofng.so; }; })
libtool: install: /usr/bin/install -c .libs/libgprofng.lai /usr/lib/libgprofng.la
libtool: install: /usr/bin/install -c .libs/libgprofng.a /usr/lib/libgprofng.a
libtool: install: chmod 644 /usr/lib/libgprofng.a
libtool: install: ranlib --plugin /usr/libexec/gcc/x86_64-lfs-linux-gnu/13.2.0/liblto_plugin.so --plugin /usr/libexec/gcc/x86_64-lfs-linux-gnu/13.2.0/liblto_plugin.so /usr/lib/libgprofng.a
libtool: finish: PATH="/usr/bin:/usr/sbin:/sbin" ldconfig -n /usr/lib
----------------------------------------------------------------------
Libraries have been installed in:
   /usr/lib

If you ever happen to want to link against installed libraries
in a given directory, LIBDIR, you must either use libtool, and
specify the full pathname of the library, or use the `-LLIBDIR'
flag during linking and do at least one of the following:
   - add LIBDIR to the `LD_LIBRARY_PATH' environment variable
     during execution
   - add LIBDIR to the `LD_RUN_PATH' environment variable
     during linking
   - use the `-Wl,-rpath -Wl,LIBDIR' linker flag
   - have your system administrator add LIBDIR to `/etc/ld.so.conf'

See any operating system documentation about shared libraries for
more information, such as the ld(1) and ld.so(8) manual pages.
----------------------------------------------------------------------
 /usr/bin/mkdir -p '/usr/bin'
  /bin/sh ../libtool   --mode=install /usr/bin/install -c gp-archive gp-collect-app gprofng gp-display-text gp-display-src '/usr/bin'
libtool: install: /usr/bin/install -c .libs/gp-archive /usr/bin/gp-archive
libtool: install: /usr/bin/install -c .libs/gp-collect-app /usr/bin/gp-collect-app
libtool: install: /usr/bin/install -c .libs/gprofng /usr/bin/gprofng
libtool: install: /usr/bin/install -c .libs/gp-display-text /usr/bin/gp-display-text
libtool: install: /usr/bin/install -c .libs/gp-display-src /usr/bin/gp-display-src
make[5]: Leaving directory '/sources/binutils-2.42/build/gprofng/src'
make[4]: Leaving directory '/sources/binutils-2.42/build/gprofng/src'
make[3]: Leaving directory '/sources/binutils-2.42/build/gprofng/src'
Making install in gp-display-html
make[3]: Entering directory '/sources/binutils-2.42/build/gprofng/gp-display-html'
make[4]: Entering directory '/sources/binutils-2.42/build/gprofng/gp-display-html'
make[4]: Nothing to be done for 'install-data-am'.
 /usr/bin/mkdir -p '/usr/bin'
 /usr/bin/install -c gp-display-html '/usr/bin'
make[4]: Leaving directory '/sources/binutils-2.42/build/gprofng/gp-display-html'
make[3]: Leaving directory '/sources/binutils-2.42/build/gprofng/gp-display-html'
Making install in doc
make[3]: Entering directory '/sources/binutils-2.42/build/gprofng/doc'
make[4]: Entering directory '/sources/binutils-2.42/build/gprofng/doc'
make[4]: Nothing to be done for 'install-exec-am'.
 /usr/bin/mkdir -p '/usr/share/man/man1'
 /usr/bin/mkdir -p '/usr/share/info'
 /usr/bin/install -c -m 644 ../../../gprofng/doc/gprofng.1 ../../../gprofng/doc/gp-archive.1 ../../../gprofng/doc/gp-collect-app.1 ../../../gprofng/doc/gp-display-html.1 ../../../gprofng/doc/gp-display-src.1 ../../../gprofng/doc/gp-display-text.1 '/usr/share/man/man1'
 /usr/bin/install -c -m 644 ./gprofng.info '/usr/share/info'
 install-info --info-dir='/usr/share/info' '/usr/share/info/gprofng.info'
make[4]: Leaving directory '/sources/binutils-2.42/build/gprofng/doc'
make[3]: Leaving directory '/sources/binutils-2.42/build/gprofng/doc'
make[3]: Entering directory '/sources/binutils-2.42/build/gprofng'
make[4]: Entering directory '/sources/binutils-2.42/build/gprofng'
make[4]: Nothing to be done for 'install-exec-am'.
make[4]: Nothing to be done for 'install-data-am'.
make[4]: Leaving directory '/sources/binutils-2.42/build/gprofng'
make[3]: Leaving directory '/sources/binutils-2.42/build/gprofng'
make[2]: Leaving directory '/sources/binutils-2.42/build/gprofng'
make[1]: Leaving directory '/sources/binutils-2.42/build'
