Making install in lib
make[1]: Entering directory '/sources/check-0.15.2/lib'
make[2]: Entering directory '/sources/check-0.15.2/lib'
make[2]: Nothing to be done for 'install-exec-am'.
make[2]: Nothing to be done for 'install-data-am'.
make[2]: Leaving directory '/sources/check-0.15.2/lib'
make[1]: Leaving directory '/sources/check-0.15.2/lib'
Making install in src
make[1]: Entering directory '/sources/check-0.15.2/src'
make[2]: Entering directory '/sources/check-0.15.2/src'
 /usr/bin/mkdir -p '/usr/lib'
 /usr/bin/mkdir -p '/usr/include'
 /bin/sh ../libtool   --mode=install /usr/bin/install -c   libcheck.la '/usr/lib'
 /usr/bin/install -c -m 644 check.h '/usr/include'
libtool: install: /usr/bin/install -c .libs/libcheck.so.0.0.0 /usr/lib/libcheck.so.0.0.0
libtool: install: (cd /usr/lib && { ln -s -f libcheck.so.0.0.0 libcheck.so.0 || { rm -f libcheck.so.0 && ln -s libcheck.so.0.0.0 libcheck.so.0; }; })
libtool: install: (cd /usr/lib && { ln -s -f libcheck.so.0.0.0 libcheck.so || { rm -f libcheck.so && ln -s libcheck.so.0.0.0 libcheck.so; }; })
libtool: install: /usr/bin/install -c .libs/libcheck.lai /usr/lib/libcheck.la
libtool: finish: PATH="/usr/bin:/usr/sbin:/sbin" ldconfig -n /usr/lib
----------------------------------------------------------------------
Libraries have been installed in:
   /usr/lib

If you ever happen to want to link against installed libraries
in a given directory, LIBDIR, you must either use libtool, and
specify the full pathname of the library, or use the '-LLIBDIR'
flag during linking and do at least one of the following:
   - add LIBDIR to the 'LD_LIBRARY_PATH' environment variable
     during execution
   - add LIBDIR to the 'LD_RUN_PATH' environment variable
     during linking
   - use the '-Wl,-rpath -Wl,LIBDIR' linker flag
   - have your system administrator add LIBDIR to '/etc/ld.so.conf'

See any operating system documentation about shared libraries for
more information, such as the ld(1) and ld.so(8) manual pages.
----------------------------------------------------------------------
make[2]: Leaving directory '/sources/check-0.15.2/src'
make[1]: Leaving directory '/sources/check-0.15.2/src'
Making install in doc
make[1]: Entering directory '/sources/check-0.15.2/doc'
make[2]: Entering directory '/sources/check-0.15.2/doc'
make[2]: Nothing to be done for 'install-exec-am'.
 /usr/bin/mkdir -p '/usr/share/doc/check-0.15.2/example'
 /usr/bin/mkdir -p '/usr/share/doc/check-0.15.2/example/src'
 /usr/bin/mkdir -p '/usr/share/doc/check-0.15.2/example/tests'
 /usr/bin/mkdir -p '/usr/share/info'
 /usr/bin/install -c -m 644 example/Makefile.am example/README example/configure.ac '/usr/share/doc/check-0.15.2/example'
 /usr/bin/install -c -m 644 example/src/Makefile.am example/src/main.c example/src/money.c example/src/money.h example/src/money.1.h example/src/money.2.h example/src/money.1.c example/src/money.3.c example/src/money.4.c example/src/money.5.c example/src/money.6.c '/usr/share/doc/check-0.15.2/example/src'
 /usr/bin/install -c -m 644 example/tests/Makefile.am example/tests/check_money.c example/tests/check_money.1.c example/tests/check_money.2.c example/tests/check_money.3.c example/tests/check_money.6.c example/tests/check_money.7.c '/usr/share/doc/check-0.15.2/example/tests'
 /usr/bin/install -c -m 644 ./check.info '/usr/share/info'
 install-info --info-dir='/usr/share/info' '/usr/share/info/check.info'
make[2]: Leaving directory '/sources/check-0.15.2/doc'
make[1]: Leaving directory '/sources/check-0.15.2/doc'
Making install in .
make[1]: Entering directory '/sources/check-0.15.2'
make[2]: Entering directory '/sources/check-0.15.2'
make[2]: Nothing to be done for 'install-exec-am'.
 /usr/bin/mkdir -p '/usr/share/doc/check-0.15.2'
 /usr/bin/mkdir -p '/usr/include'
 /usr/bin/mkdir -p '/usr/share/aclocal'
 /usr/bin/mkdir -p '/usr/lib/pkgconfig'
 /usr/bin/install -c -m 644 check_stdint.h '/usr/include'
 /usr/bin/install -c -m 644 check.m4 '/usr/share/aclocal'
 /usr/bin/install -c -m 644 check.pc '/usr/lib/pkgconfig'
 /usr/bin/install -c -m 644 ChangeLog NEWS README COPYING.LESSER '/usr/share/doc/check-0.15.2'
make[2]: Leaving directory '/sources/check-0.15.2'
make[1]: Leaving directory '/sources/check-0.15.2'
Making install in checkmk
make[1]: Entering directory '/sources/check-0.15.2/checkmk'
make[2]: Entering directory '/sources/check-0.15.2/checkmk'
 /usr/bin/mkdir -p '/usr/bin'
 /usr/bin/mkdir -p '/usr/share/man/man1'
 /usr/bin/install -c checkmk '/usr/bin'
 /usr/bin/install -c -m 644 doc/checkmk.1 '/usr/share/man/man1'
make[2]: Leaving directory '/sources/check-0.15.2/checkmk'
make[1]: Leaving directory '/sources/check-0.15.2/checkmk'
Making install in tests
make[1]: Entering directory '/sources/check-0.15.2/tests'
make[2]: Entering directory '/sources/check-0.15.2/tests'
make[2]: Nothing to be done for 'install-exec-am'.
make[2]: Nothing to be done for 'install-data-am'.
make[2]: Leaving directory '/sources/check-0.15.2/tests'
make[1]: Leaving directory '/sources/check-0.15.2/tests'
