checking for correct TEA configuration... ok (TEA 3.9)
configure: configuring expect 5.45.4
checking for Tcl configuration... found /usr/lib/tclConfig.sh
checking for existence of /usr/lib/tclConfig.sh... loading
configure: --exec-prefix defaulting to TCL_EXEC_PREFIX /usr
checking for a BSD-compatible install... /usr/bin/install -c
checking for gcc... gcc
checking whether the C compiler works... yes
checking for C compiler default output file name... a.out
checking for suffix of executables... 
checking whether we are cross compiling... no
checking for suffix of object files... o
checking whether we are using the GNU C compiler... yes
checking whether gcc accepts -g... yes
checking for gcc option to accept ISO C89... none needed
checking how to run the C preprocessor... gcc -E
checking whether make sets $(MAKE)... yes
checking for ranlib... ranlib
checking for grep that handles long lines and -e... /usr/bin/grep
checking for egrep... /usr/bin/grep -E
checking for ANSI C header files... yes
checking for sys/types.h... yes
checking for sys/stat.h... yes
checking for stdlib.h... yes
checking for string.h... yes
checking for memory.h... yes
checking for strings.h... yes
checking for inttypes.h... yes
checking for stdint.h... yes
checking for unistd.h... yes
checking if the compiler understands -pipe... yes
checking whether byte ordering is bigendian... no
checking for sin... no
checking for main in -lieee... no
checking for main in -linet... no
checking net/errno.h usability... no
checking net/errno.h presence... no
checking for net/errno.h... no
checking for connect... yes
checking for gethostbyname... yes
checking dirent.h... yes
checking errno.h usability... yes
checking errno.h presence... yes
checking for errno.h... yes
checking float.h usability... yes
checking float.h presence... yes
checking for float.h... yes
checking values.h usability... yes
checking values.h presence... yes
checking for values.h... yes
checking limits.h usability... yes
checking limits.h presence... yes
checking for limits.h... yes
checking for stdlib.h... (cached) yes
checking for string.h... (cached) yes
checking sys/wait.h usability... yes
checking sys/wait.h presence... yes
checking for sys/wait.h... yes
checking dlfcn.h usability... yes
checking dlfcn.h presence... yes
checking for dlfcn.h... yes
checking sys/param.h usability... yes
checking sys/param.h presence... yes
checking for sys/param.h... yes
checking for Tcl public headers... /usr/include
checking for Tcl private include files... private headers found with public headers
checking for pthread_mutex_init in -lpthread... yes
checking for building with threads... yes (default)
checking how to build libraries... shared
checking if 64bit support is requested... no
checking if 64bit Sparc VIS support is requested... no
checking if compiler supports visibility "hidden"... yes
checking if rpath support is requested... yes
checking system version... Linux-6.1.0-23-amd64
checking for ar... ar
checking for required early compiler flags...  _LARGEFILE64_SOURCE
checking for 64-bit integer type... using long
checking for build with symbols... no
checking sys/select.h usability... yes
checking sys/select.h presence... yes
checking for sys/select.h... yes
checking sys/sysmacros.h usability... yes
checking sys/sysmacros.h presence... yes
checking for sys/sysmacros.h... yes
checking varargs.h usability... no
checking varargs.h presence... no
checking for varargs.h... no
checking sys/stropts.h usability... no
checking sys/stropts.h presence... no
checking for sys/stropts.h... no
checking sys/sysconfig.h usability... no
checking sys/sysconfig.h presence... no
checking for sys/sysconfig.h... no
checking sys/fcntl.h usability... yes
checking sys/fcntl.h presence... yes
checking for sys/fcntl.h... yes
checking sys/ptem.h usability... no
checking sys/ptem.h presence... no
checking for sys/ptem.h... no
checking sys/strredir.h usability... no
checking sys/strredir.h presence... no
checking for sys/strredir.h... no
checking sys/strpty.h usability... no
checking sys/strpty.h presence... no
checking for sys/strpty.h... no
checking for sys/bsdtypes.h... no
checking return type of signal handlers... void
checking whether struct tm is in sys/time.h or time.h... time.h
checking sys/time.h usability... yes
checking sys/time.h presence... yes
checking for sys/time.h... yes
checking whether time.h and sys/time.h may both be included... yes
checking for struct tm.tm_zone... yes
checking for gmtime_r... yes
checking for localtime_r... yes
checking tm_tzadj in struct tm... no
checking tm_gmtoff in struct tm... yes
checking long timezone variable... yes
checking union wait... no
checking for gethostname... yes
checking for socket... yes
checking for select... yes
checking for getpseudotty... no
checking for getpseudotty in -lseq... no
checking for openpty... yes
checking if running Sequent running SVR4... no
checking build system type... x86_64-unknown-linux-gnu
checking host system type... x86_64-unknown-linux-gnu
checking target system type... x86_64-unknown-linux-gnu
checking for pid_t... yes
checking if running Mach... no
checking if running MachTen... no
checking if on Pyramid... no
checking if on Apollo... no
checking if on Interactive... no
checking stty to use... /bin/stty
checking if stty reads stdout... no
checking if running Solaris... no
checking for memmove... yes
checking for sysconf... yes
checking for strftime... yes
checking for strchr... yes
checking for timezone... yes
checking for siglongjmp... yes
checking for memcpy... yes
checking if WNOHANG requires _POSIX_SOURCE... no
checking if any value exists for WNOHANG... yes
checking mask type of select... none
checking if signals need to be re-armed... no
checking if on Convex... no
checking if on HP... no
checking sane default stty arguments... 
checking for HP style pty allocation... no
checking for HP style pty trapping... no
checking for AIX new-style pty allocation... no
checking for SGI old-style pty allocation... no
checking for SCO style pty allocation... no
checking for SVR4 style pty allocation... no
checking for OSF/1 style pty allocation... no
checking for tcgetattr... yes
checking for tcsetattr... yes
checking for struct sgttyb... no
checking for struct termio... yes
checking for struct termios... yes
checking if TCGETS or TCGETA in termios.h... no
checking if TIOCGWINSZ in termios.h... no
checking for Cray-style ptys... no
checking for select... yes
checking for poll... yes
checking event handling... via select
checking for _getpty... no
checking for getpty... no
checking whether setpgrp takes no argument... yes
checking for SV-style timezone... yes
checking for long file names... yes
checking for tclsh... /usr/bin/tclsh8.6
configure: creating ./config.status
config.status: creating Makefile
config.status: executing default commands
=== configuring in testsuite (/sources/expect5.45.4/testsuite)
configure: running /bin/sh ./configure --disable-option-checking '--prefix=/usr'  '--with-tcl=/usr/lib' '--enable-shared' '--mandir=/usr/share/man' '--with-tclinclude=/usr/include' --cache-file=/dev/null --srcdir=.
checking for correct TEA configuration... ok (TEA 3.9)
configure: configuring exp_test 0.43
checking for Tcl configuration... found /usr/lib/tclConfig.sh
checking for existence of /usr/lib/tclConfig.sh... loading
checking for a BSD-compatible install... /usr/bin/install -c
checking for gcc... gcc
checking whether the C compiler works... yes
checking for C compiler default output file name... a.out
checking for suffix of executables... 
checking whether we are cross compiling... no
checking for suffix of object files... o
checking whether we are using the GNU C compiler... yes
checking whether gcc accepts -g... yes
checking for gcc option to accept ISO C89... none needed
checking how to run the C preprocessor... gcc -E
checking whether make sets $(MAKE)... yes
checking for ranlib... ranlib
checking for grep that handles long lines and -e... /usr/bin/grep
checking for egrep... /usr/bin/grep -E
checking for ANSI C header files... yes
checking for sys/types.h... yes
checking for sys/stat.h... yes
checking for stdlib.h... yes
checking for string.h... yes
checking for memory.h... yes
checking for strings.h... yes
checking for inttypes.h... yes
checking for stdint.h... yes
checking for unistd.h... yes
checking if the compiler understands -pipe... yes
checking whether byte ordering is bigendian... no
checking for sin... no
checking for main in -lieee... no
checking for main in -linet... no
checking net/errno.h usability... no
checking net/errno.h presence... no
checking for net/errno.h... no
checking for connect... yes
checking for gethostbyname... yes
checking dirent.h... yes
checking errno.h usability... yes
checking errno.h presence... yes
checking for errno.h... yes
checking float.h usability... yes
checking float.h presence... yes
checking for float.h... yes
checking values.h usability... yes
checking values.h presence... yes
checking for values.h... yes
checking limits.h usability... yes
checking limits.h presence... yes
checking for limits.h... yes
checking for stdlib.h... (cached) yes
checking for string.h... (cached) yes
checking sys/wait.h usability... yes
checking sys/wait.h presence... yes
checking for sys/wait.h... yes
checking dlfcn.h usability... yes
checking dlfcn.h presence... yes
checking for dlfcn.h... yes
checking sys/param.h usability... yes
checking sys/param.h presence... yes
checking for sys/param.h... yes
configure: creating ./config.status
config.status: creating Makefile
gcc -DPACKAGE_NAME=\"expect\" -DPACKAGE_TARNAME=\"expect\" -DPACKAGE_VERSION=\"5.45.4\" -DPACKAGE_STRING=\"expect\ 5.45.4\" -DPACKAGE_BUGREPORT=\"\" -DPACKAGE_URL=\"\" -DBUILD_expect=/\*\*/ -DSTDC_HEADERS=1 -DHAVE_SYS_TYPES_H=1 -DHAVE_SYS_STAT_H=1 -DHAVE_STDLIB_H=1 -DHAVE_STRING_H=1 -DHAVE_MEMORY_H=1 -DHAVE_STRINGS_H=1 -DHAVE_INTTYPES_H=1 -DHAVE_STDINT_H=1 -DHAVE_UNISTD_H=1 -DHAVE_LIMITS_H=1 -DHAVE_SYS_PARAM_H=1 -DUSE_THREAD_ALLOC=1 -D_REENTRANT=1 -D_THREAD_SAFE=1 -DTCL_THREADS=1 -DMODULE_SCOPE=extern\ __attribute__\(\(__visibility__\(\"hidden\"\)\)\) -D_LARGEFILE64_SOURCE=1 -DTCL_WIDE_INT_IS_LONG=1 -DUSE_TCL_STUBS=1 -DUSE_TCL_STUBS=1 -DHAVE_SYS_SELECT_H=1 -DHAVE_SYSMACROS_H=1 -DHAVE_SYS_FCNTL_H=1 -DRETSIGTYPE=void -DHAVE_SYS_TIME_H=1 -DTIME_WITH_SYS_TIME=1 -DHAVE_STRUCT_TM_TM_ZONE=1 -DHAVE_TM_ZONE=1 -DHAVE_GMTIME_R=1 -DHAVE_LOCALTIME_R=1 -DHAVE_TM_GMTOFF=1 -DHAVE_TIMEZONE_VAR=1 -DNO_UNION_WAIT=1 -DHAVE_OPENPTY=1 -DHAVE_MEMMOVE=1 -DHAVE_SYSCONF=1 -DHAVE_STRFTIME=1 -DHAVE_STRCHR=1 -DHAVE_TIMEZONE=1 -DHAVE_SIGLONGJMP=1 -DHAVE_MEMCPY=1 -DWNOHANG_BACKUP_VALUE=1 -DSELECT_MASK_TYPE=fd_set -DHAVE_TCSETATTR=1 -DPOSIX=1 -DHAVE_TERMIO=1 -DHAVE_TERMIOS=1 -DSETPGRP_VOID=1 -DHAVE_SV_TIMEZONE=1 -DHAVE_LONG_FILE_NAMES=1 -DTCL_DEBUGGER -DUSE_NON_CONST -DSCRIPTDIR=\"/usr/lib/expect5.45.4\" -DEXECSCRIPTDIR=\"/usr/lib/expect5.45.4\" -DSTTY_BIN=\"/bin/stty\" -DDFLT_STTY="\"sane\"" -I. -I"." -I"/usr/include"    -pipe -O2 -fomit-frame-pointer -Wall -fPIC  -c `echo exp_command.c` -o exp_command.o
gcc -DPACKAGE_NAME=\"expect\" -DPACKAGE_TARNAME=\"expect\" -DPACKAGE_VERSION=\"5.45.4\" -DPACKAGE_STRING=\"expect\ 5.45.4\" -DPACKAGE_BUGREPORT=\"\" -DPACKAGE_URL=\"\" -DBUILD_expect=/\*\*/ -DSTDC_HEADERS=1 -DHAVE_SYS_TYPES_H=1 -DHAVE_SYS_STAT_H=1 -DHAVE_STDLIB_H=1 -DHAVE_STRING_H=1 -DHAVE_MEMORY_H=1 -DHAVE_STRINGS_H=1 -DHAVE_INTTYPES_H=1 -DHAVE_STDINT_H=1 -DHAVE_UNISTD_H=1 -DHAVE_LIMITS_H=1 -DHAVE_SYS_PARAM_H=1 -DUSE_THREAD_ALLOC=1 -D_REENTRANT=1 -D_THREAD_SAFE=1 -DTCL_THREADS=1 -DMODULE_SCOPE=extern\ __attribute__\(\(__visibility__\(\"hidden\"\)\)\) -D_LARGEFILE64_SOURCE=1 -DTCL_WIDE_INT_IS_LONG=1 -DUSE_TCL_STUBS=1 -DUSE_TCL_STUBS=1 -DHAVE_SYS_SELECT_H=1 -DHAVE_SYSMACROS_H=1 -DHAVE_SYS_FCNTL_H=1 -DRETSIGTYPE=void -DHAVE_SYS_TIME_H=1 -DTIME_WITH_SYS_TIME=1 -DHAVE_STRUCT_TM_TM_ZONE=1 -DHAVE_TM_ZONE=1 -DHAVE_GMTIME_R=1 -DHAVE_LOCALTIME_R=1 -DHAVE_TM_GMTOFF=1 -DHAVE_TIMEZONE_VAR=1 -DNO_UNION_WAIT=1 -DHAVE_OPENPTY=1 -DHAVE_MEMMOVE=1 -DHAVE_SYSCONF=1 -DHAVE_STRFTIME=1 -DHAVE_STRCHR=1 -DHAVE_TIMEZONE=1 -DHAVE_SIGLONGJMP=1 -DHAVE_MEMCPY=1 -DWNOHANG_BACKUP_VALUE=1 -DSELECT_MASK_TYPE=fd_set -DHAVE_TCSETATTR=1 -DPOSIX=1 -DHAVE_TERMIO=1 -DHAVE_TERMIOS=1 -DSETPGRP_VOID=1 -DHAVE_SV_TIMEZONE=1 -DHAVE_LONG_FILE_NAMES=1 -DTCL_DEBUGGER -DUSE_NON_CONST -DSCRIPTDIR=\"/usr/lib/expect5.45.4\" -DEXECSCRIPTDIR=\"/usr/lib/expect5.45.4\" -DSTTY_BIN=\"/bin/stty\" -DDFLT_STTY="\"sane\"" -I. -I"." -I"/usr/include"    -pipe -O2 -fomit-frame-pointer -Wall -fPIC  -c `echo expect.c` -o expect.o
gcc -DPACKAGE_NAME=\"expect\" -DPACKAGE_TARNAME=\"expect\" -DPACKAGE_VERSION=\"5.45.4\" -DPACKAGE_STRING=\"expect\ 5.45.4\" -DPACKAGE_BUGREPORT=\"\" -DPACKAGE_URL=\"\" -DBUILD_expect=/\*\*/ -DSTDC_HEADERS=1 -DHAVE_SYS_TYPES_H=1 -DHAVE_SYS_STAT_H=1 -DHAVE_STDLIB_H=1 -DHAVE_STRING_H=1 -DHAVE_MEMORY_H=1 -DHAVE_STRINGS_H=1 -DHAVE_INTTYPES_H=1 -DHAVE_STDINT_H=1 -DHAVE_UNISTD_H=1 -DHAVE_LIMITS_H=1 -DHAVE_SYS_PARAM_H=1 -DUSE_THREAD_ALLOC=1 -D_REENTRANT=1 -D_THREAD_SAFE=1 -DTCL_THREADS=1 -DMODULE_SCOPE=extern\ __attribute__\(\(__visibility__\(\"hidden\"\)\)\) -D_LARGEFILE64_SOURCE=1 -DTCL_WIDE_INT_IS_LONG=1 -DUSE_TCL_STUBS=1 -DUSE_TCL_STUBS=1 -DHAVE_SYS_SELECT_H=1 -DHAVE_SYSMACROS_H=1 -DHAVE_SYS_FCNTL_H=1 -DRETSIGTYPE=void -DHAVE_SYS_TIME_H=1 -DTIME_WITH_SYS_TIME=1 -DHAVE_STRUCT_TM_TM_ZONE=1 -DHAVE_TM_ZONE=1 -DHAVE_GMTIME_R=1 -DHAVE_LOCALTIME_R=1 -DHAVE_TM_GMTOFF=1 -DHAVE_TIMEZONE_VAR=1 -DNO_UNION_WAIT=1 -DHAVE_OPENPTY=1 -DHAVE_MEMMOVE=1 -DHAVE_SYSCONF=1 -DHAVE_STRFTIME=1 -DHAVE_STRCHR=1 -DHAVE_TIMEZONE=1 -DHAVE_SIGLONGJMP=1 -DHAVE_MEMCPY=1 -DWNOHANG_BACKUP_VALUE=1 -DSELECT_MASK_TYPE=fd_set -DHAVE_TCSETATTR=1 -DPOSIX=1 -DHAVE_TERMIO=1 -DHAVE_TERMIOS=1 -DSETPGRP_VOID=1 -DHAVE_SV_TIMEZONE=1 -DHAVE_LONG_FILE_NAMES=1 -DTCL_DEBUGGER -DUSE_NON_CONST -DSCRIPTDIR=\"/usr/lib/expect5.45.4\" -DEXECSCRIPTDIR=\"/usr/lib/expect5.45.4\" -DSTTY_BIN=\"/bin/stty\" -DDFLT_STTY="\"sane\"" -I. -I"." -I"/usr/include"    -pipe -O2 -fomit-frame-pointer -Wall -fPIC  -c `echo exp_inter.c` -o exp_inter.o
gcc -DPACKAGE_NAME=\"expect\" -DPACKAGE_TARNAME=\"expect\" -DPACKAGE_VERSION=\"5.45.4\" -DPACKAGE_STRING=\"expect\ 5.45.4\" -DPACKAGE_BUGREPORT=\"\" -DPACKAGE_URL=\"\" -DBUILD_expect=/\*\*/ -DSTDC_HEADERS=1 -DHAVE_SYS_TYPES_H=1 -DHAVE_SYS_STAT_H=1 -DHAVE_STDLIB_H=1 -DHAVE_STRING_H=1 -DHAVE_MEMORY_H=1 -DHAVE_STRINGS_H=1 -DHAVE_INTTYPES_H=1 -DHAVE_STDINT_H=1 -DHAVE_UNISTD_H=1 -DHAVE_LIMITS_H=1 -DHAVE_SYS_PARAM_H=1 -DUSE_THREAD_ALLOC=1 -D_REENTRANT=1 -D_THREAD_SAFE=1 -DTCL_THREADS=1 -DMODULE_SCOPE=extern\ __attribute__\(\(__visibility__\(\"hidden\"\)\)\) -D_LARGEFILE64_SOURCE=1 -DTCL_WIDE_INT_IS_LONG=1 -DUSE_TCL_STUBS=1 -DUSE_TCL_STUBS=1 -DHAVE_SYS_SELECT_H=1 -DHAVE_SYSMACROS_H=1 -DHAVE_SYS_FCNTL_H=1 -DRETSIGTYPE=void -DHAVE_SYS_TIME_H=1 -DTIME_WITH_SYS_TIME=1 -DHAVE_STRUCT_TM_TM_ZONE=1 -DHAVE_TM_ZONE=1 -DHAVE_GMTIME_R=1 -DHAVE_LOCALTIME_R=1 -DHAVE_TM_GMTOFF=1 -DHAVE_TIMEZONE_VAR=1 -DNO_UNION_WAIT=1 -DHAVE_OPENPTY=1 -DHAVE_MEMMOVE=1 -DHAVE_SYSCONF=1 -DHAVE_STRFTIME=1 -DHAVE_STRCHR=1 -DHAVE_TIMEZONE=1 -DHAVE_SIGLONGJMP=1 -DHAVE_MEMCPY=1 -DWNOHANG_BACKUP_VALUE=1 -DSELECT_MASK_TYPE=fd_set -DHAVE_TCSETATTR=1 -DPOSIX=1 -DHAVE_TERMIO=1 -DHAVE_TERMIOS=1 -DSETPGRP_VOID=1 -DHAVE_SV_TIMEZONE=1 -DHAVE_LONG_FILE_NAMES=1 -DTCL_DEBUGGER -DUSE_NON_CONST -DSCRIPTDIR=\"/usr/lib/expect5.45.4\" -DEXECSCRIPTDIR=\"/usr/lib/expect5.45.4\" -DSTTY_BIN=\"/bin/stty\" -DDFLT_STTY="\"sane\"" -I. -I"." -I"/usr/include"    -pipe -O2 -fomit-frame-pointer -Wall -fPIC  -c `echo exp_regexp.c` -o exp_regexp.o
gcc -DPACKAGE_NAME=\"expect\" -DPACKAGE_TARNAME=\"expect\" -DPACKAGE_VERSION=\"5.45.4\" -DPACKAGE_STRING=\"expect\ 5.45.4\" -DPACKAGE_BUGREPORT=\"\" -DPACKAGE_URL=\"\" -DBUILD_expect=/\*\*/ -DSTDC_HEADERS=1 -DHAVE_SYS_TYPES_H=1 -DHAVE_SYS_STAT_H=1 -DHAVE_STDLIB_H=1 -DHAVE_STRING_H=1 -DHAVE_MEMORY_H=1 -DHAVE_STRINGS_H=1 -DHAVE_INTTYPES_H=1 -DHAVE_STDINT_H=1 -DHAVE_UNISTD_H=1 -DHAVE_LIMITS_H=1 -DHAVE_SYS_PARAM_H=1 -DUSE_THREAD_ALLOC=1 -D_REENTRANT=1 -D_THREAD_SAFE=1 -DTCL_THREADS=1 -DMODULE_SCOPE=extern\ __attribute__\(\(__visibility__\(\"hidden\"\)\)\) -D_LARGEFILE64_SOURCE=1 -DTCL_WIDE_INT_IS_LONG=1 -DUSE_TCL_STUBS=1 -DUSE_TCL_STUBS=1 -DHAVE_SYS_SELECT_H=1 -DHAVE_SYSMACROS_H=1 -DHAVE_SYS_FCNTL_H=1 -DRETSIGTYPE=void -DHAVE_SYS_TIME_H=1 -DTIME_WITH_SYS_TIME=1 -DHAVE_STRUCT_TM_TM_ZONE=1 -DHAVE_TM_ZONE=1 -DHAVE_GMTIME_R=1 -DHAVE_LOCALTIME_R=1 -DHAVE_TM_GMTOFF=1 -DHAVE_TIMEZONE_VAR=1 -DNO_UNION_WAIT=1 -DHAVE_OPENPTY=1 -DHAVE_MEMMOVE=1 -DHAVE_SYSCONF=1 -DHAVE_STRFTIME=1 -DHAVE_STRCHR=1 -DHAVE_TIMEZONE=1 -DHAVE_SIGLONGJMP=1 -DHAVE_MEMCPY=1 -DWNOHANG_BACKUP_VALUE=1 -DSELECT_MASK_TYPE=fd_set -DHAVE_TCSETATTR=1 -DPOSIX=1 -DHAVE_TERMIO=1 -DHAVE_TERMIOS=1 -DSETPGRP_VOID=1 -DHAVE_SV_TIMEZONE=1 -DHAVE_LONG_FILE_NAMES=1 -DTCL_DEBUGGER -DUSE_NON_CONST -DSCRIPTDIR=\"/usr/lib/expect5.45.4\" -DEXECSCRIPTDIR=\"/usr/lib/expect5.45.4\" -DSTTY_BIN=\"/bin/stty\" -DDFLT_STTY="\"sane\"" -I. -I"." -I"/usr/include"    -pipe -O2 -fomit-frame-pointer -Wall -fPIC  -c `echo exp_tty.c` -o exp_tty.o
gcc -DPACKAGE_NAME=\"expect\" -DPACKAGE_TARNAME=\"expect\" -DPACKAGE_VERSION=\"5.45.4\" -DPACKAGE_STRING=\"expect\ 5.45.4\" -DPACKAGE_BUGREPORT=\"\" -DPACKAGE_URL=\"\" -DBUILD_expect=/\*\*/ -DSTDC_HEADERS=1 -DHAVE_SYS_TYPES_H=1 -DHAVE_SYS_STAT_H=1 -DHAVE_STDLIB_H=1 -DHAVE_STRING_H=1 -DHAVE_MEMORY_H=1 -DHAVE_STRINGS_H=1 -DHAVE_INTTYPES_H=1 -DHAVE_STDINT_H=1 -DHAVE_UNISTD_H=1 -DHAVE_LIMITS_H=1 -DHAVE_SYS_PARAM_H=1 -DUSE_THREAD_ALLOC=1 -D_REENTRANT=1 -D_THREAD_SAFE=1 -DTCL_THREADS=1 -DMODULE_SCOPE=extern\ __attribute__\(\(__visibility__\(\"hidden\"\)\)\) -D_LARGEFILE64_SOURCE=1 -DTCL_WIDE_INT_IS_LONG=1 -DUSE_TCL_STUBS=1 -DUSE_TCL_STUBS=1 -DHAVE_SYS_SELECT_H=1 -DHAVE_SYSMACROS_H=1 -DHAVE_SYS_FCNTL_H=1 -DRETSIGTYPE=void -DHAVE_SYS_TIME_H=1 -DTIME_WITH_SYS_TIME=1 -DHAVE_STRUCT_TM_TM_ZONE=1 -DHAVE_TM_ZONE=1 -DHAVE_GMTIME_R=1 -DHAVE_LOCALTIME_R=1 -DHAVE_TM_GMTOFF=1 -DHAVE_TIMEZONE_VAR=1 -DNO_UNION_WAIT=1 -DHAVE_OPENPTY=1 -DHAVE_MEMMOVE=1 -DHAVE_SYSCONF=1 -DHAVE_STRFTIME=1 -DHAVE_STRCHR=1 -DHAVE_TIMEZONE=1 -DHAVE_SIGLONGJMP=1 -DHAVE_MEMCPY=1 -DWNOHANG_BACKUP_VALUE=1 -DSELECT_MASK_TYPE=fd_set -DHAVE_TCSETATTR=1 -DPOSIX=1 -DHAVE_TERMIO=1 -DHAVE_TERMIOS=1 -DSETPGRP_VOID=1 -DHAVE_SV_TIMEZONE=1 -DHAVE_LONG_FILE_NAMES=1 -DTCL_DEBUGGER -DUSE_NON_CONST -DSCRIPTDIR=\"/usr/lib/expect5.45.4\" -DEXECSCRIPTDIR=\"/usr/lib/expect5.45.4\" -DSTTY_BIN=\"/bin/stty\" -DDFLT_STTY="\"sane\"" -I. -I"." -I"/usr/include"    -pipe -O2 -fomit-frame-pointer -Wall -fPIC  -c `echo exp_log.c` -o exp_log.o
gcc -DPACKAGE_NAME=\"expect\" -DPACKAGE_TARNAME=\"expect\" -DPACKAGE_VERSION=\"5.45.4\" -DPACKAGE_STRING=\"expect\ 5.45.4\" -DPACKAGE_BUGREPORT=\"\" -DPACKAGE_URL=\"\" -DBUILD_expect=/\*\*/ -DSTDC_HEADERS=1 -DHAVE_SYS_TYPES_H=1 -DHAVE_SYS_STAT_H=1 -DHAVE_STDLIB_H=1 -DHAVE_STRING_H=1 -DHAVE_MEMORY_H=1 -DHAVE_STRINGS_H=1 -DHAVE_INTTYPES_H=1 -DHAVE_STDINT_H=1 -DHAVE_UNISTD_H=1 -DHAVE_LIMITS_H=1 -DHAVE_SYS_PARAM_H=1 -DUSE_THREAD_ALLOC=1 -D_REENTRANT=1 -D_THREAD_SAFE=1 -DTCL_THREADS=1 -DMODULE_SCOPE=extern\ __attribute__\(\(__visibility__\(\"hidden\"\)\)\) -D_LARGEFILE64_SOURCE=1 -DTCL_WIDE_INT_IS_LONG=1 -DUSE_TCL_STUBS=1 -DUSE_TCL_STUBS=1 -DHAVE_SYS_SELECT_H=1 -DHAVE_SYSMACROS_H=1 -DHAVE_SYS_FCNTL_H=1 -DRETSIGTYPE=void -DHAVE_SYS_TIME_H=1 -DTIME_WITH_SYS_TIME=1 -DHAVE_STRUCT_TM_TM_ZONE=1 -DHAVE_TM_ZONE=1 -DHAVE_GMTIME_R=1 -DHAVE_LOCALTIME_R=1 -DHAVE_TM_GMTOFF=1 -DHAVE_TIMEZONE_VAR=1 -DNO_UNION_WAIT=1 -DHAVE_OPENPTY=1 -DHAVE_MEMMOVE=1 -DHAVE_SYSCONF=1 -DHAVE_STRFTIME=1 -DHAVE_STRCHR=1 -DHAVE_TIMEZONE=1 -DHAVE_SIGLONGJMP=1 -DHAVE_MEMCPY=1 -DWNOHANG_BACKUP_VALUE=1 -DSELECT_MASK_TYPE=fd_set -DHAVE_TCSETATTR=1 -DPOSIX=1 -DHAVE_TERMIO=1 -DHAVE_TERMIOS=1 -DSETPGRP_VOID=1 -DHAVE_SV_TIMEZONE=1 -DHAVE_LONG_FILE_NAMES=1 -DTCL_DEBUGGER -DUSE_NON_CONST -DSCRIPTDIR=\"/usr/lib/expect5.45.4\" -DEXECSCRIPTDIR=\"/usr/lib/expect5.45.4\" -DSTTY_BIN=\"/bin/stty\" -DDFLT_STTY="\"sane\"" -I. -I"." -I"/usr/include"    -pipe -O2 -fomit-frame-pointer -Wall -fPIC  -c `echo exp_main_sub.c` -o exp_main_sub.o
gcc -DPACKAGE_NAME=\"expect\" -DPACKAGE_TARNAME=\"expect\" -DPACKAGE_VERSION=\"5.45.4\" -DPACKAGE_STRING=\"expect\ 5.45.4\" -DPACKAGE_BUGREPORT=\"\" -DPACKAGE_URL=\"\" -DBUILD_expect=/\*\*/ -DSTDC_HEADERS=1 -DHAVE_SYS_TYPES_H=1 -DHAVE_SYS_STAT_H=1 -DHAVE_STDLIB_H=1 -DHAVE_STRING_H=1 -DHAVE_MEMORY_H=1 -DHAVE_STRINGS_H=1 -DHAVE_INTTYPES_H=1 -DHAVE_STDINT_H=1 -DHAVE_UNISTD_H=1 -DHAVE_LIMITS_H=1 -DHAVE_SYS_PARAM_H=1 -DUSE_THREAD_ALLOC=1 -D_REENTRANT=1 -D_THREAD_SAFE=1 -DTCL_THREADS=1 -DMODULE_SCOPE=extern\ __attribute__\(\(__visibility__\(\"hidden\"\)\)\) -D_LARGEFILE64_SOURCE=1 -DTCL_WIDE_INT_IS_LONG=1 -DUSE_TCL_STUBS=1 -DUSE_TCL_STUBS=1 -DHAVE_SYS_SELECT_H=1 -DHAVE_SYSMACROS_H=1 -DHAVE_SYS_FCNTL_H=1 -DRETSIGTYPE=void -DHAVE_SYS_TIME_H=1 -DTIME_WITH_SYS_TIME=1 -DHAVE_STRUCT_TM_TM_ZONE=1 -DHAVE_TM_ZONE=1 -DHAVE_GMTIME_R=1 -DHAVE_LOCALTIME_R=1 -DHAVE_TM_GMTOFF=1 -DHAVE_TIMEZONE_VAR=1 -DNO_UNION_WAIT=1 -DHAVE_OPENPTY=1 -DHAVE_MEMMOVE=1 -DHAVE_SYSCONF=1 -DHAVE_STRFTIME=1 -DHAVE_STRCHR=1 -DHAVE_TIMEZONE=1 -DHAVE_SIGLONGJMP=1 -DHAVE_MEMCPY=1 -DWNOHANG_BACKUP_VALUE=1 -DSELECT_MASK_TYPE=fd_set -DHAVE_TCSETATTR=1 -DPOSIX=1 -DHAVE_TERMIO=1 -DHAVE_TERMIOS=1 -DSETPGRP_VOID=1 -DHAVE_SV_TIMEZONE=1 -DHAVE_LONG_FILE_NAMES=1 -DTCL_DEBUGGER -DUSE_NON_CONST -DSCRIPTDIR=\"/usr/lib/expect5.45.4\" -DEXECSCRIPTDIR=\"/usr/lib/expect5.45.4\" -DSTTY_BIN=\"/bin/stty\" -DDFLT_STTY="\"sane\"" -I. -I"." -I"/usr/include"    -pipe -O2 -fomit-frame-pointer -Wall -fPIC  -c `echo exp_pty.c` -o exp_pty.o
gcc -DPACKAGE_NAME=\"expect\" -DPACKAGE_TARNAME=\"expect\" -DPACKAGE_VERSION=\"5.45.4\" -DPACKAGE_STRING=\"expect\ 5.45.4\" -DPACKAGE_BUGREPORT=\"\" -DPACKAGE_URL=\"\" -DBUILD_expect=/\*\*/ -DSTDC_HEADERS=1 -DHAVE_SYS_TYPES_H=1 -DHAVE_SYS_STAT_H=1 -DHAVE_STDLIB_H=1 -DHAVE_STRING_H=1 -DHAVE_MEMORY_H=1 -DHAVE_STRINGS_H=1 -DHAVE_INTTYPES_H=1 -DHAVE_STDINT_H=1 -DHAVE_UNISTD_H=1 -DHAVE_LIMITS_H=1 -DHAVE_SYS_PARAM_H=1 -DUSE_THREAD_ALLOC=1 -D_REENTRANT=1 -D_THREAD_SAFE=1 -DTCL_THREADS=1 -DMODULE_SCOPE=extern\ __attribute__\(\(__visibility__\(\"hidden\"\)\)\) -D_LARGEFILE64_SOURCE=1 -DTCL_WIDE_INT_IS_LONG=1 -DUSE_TCL_STUBS=1 -DUSE_TCL_STUBS=1 -DHAVE_SYS_SELECT_H=1 -DHAVE_SYSMACROS_H=1 -DHAVE_SYS_FCNTL_H=1 -DRETSIGTYPE=void -DHAVE_SYS_TIME_H=1 -DTIME_WITH_SYS_TIME=1 -DHAVE_STRUCT_TM_TM_ZONE=1 -DHAVE_TM_ZONE=1 -DHAVE_GMTIME_R=1 -DHAVE_LOCALTIME_R=1 -DHAVE_TM_GMTOFF=1 -DHAVE_TIMEZONE_VAR=1 -DNO_UNION_WAIT=1 -DHAVE_OPENPTY=1 -DHAVE_MEMMOVE=1 -DHAVE_SYSCONF=1 -DHAVE_STRFTIME=1 -DHAVE_STRCHR=1 -DHAVE_TIMEZONE=1 -DHAVE_SIGLONGJMP=1 -DHAVE_MEMCPY=1 -DWNOHANG_BACKUP_VALUE=1 -DSELECT_MASK_TYPE=fd_set -DHAVE_TCSETATTR=1 -DPOSIX=1 -DHAVE_TERMIO=1 -DHAVE_TERMIOS=1 -DSETPGRP_VOID=1 -DHAVE_SV_TIMEZONE=1 -DHAVE_LONG_FILE_NAMES=1 -DTCL_DEBUGGER -DUSE_NON_CONST -DSCRIPTDIR=\"/usr/lib/expect5.45.4\" -DEXECSCRIPTDIR=\"/usr/lib/expect5.45.4\" -DSTTY_BIN=\"/bin/stty\" -DDFLT_STTY="\"sane\"" -I. -I"." -I"/usr/include"    -pipe -O2 -fomit-frame-pointer -Wall -fPIC  -c `echo exp_trap.c` -o exp_trap.o
gcc -DPACKAGE_NAME=\"expect\" -DPACKAGE_TARNAME=\"expect\" -DPACKAGE_VERSION=\"5.45.4\" -DPACKAGE_STRING=\"expect\ 5.45.4\" -DPACKAGE_BUGREPORT=\"\" -DPACKAGE_URL=\"\" -DBUILD_expect=/\*\*/ -DSTDC_HEADERS=1 -DHAVE_SYS_TYPES_H=1 -DHAVE_SYS_STAT_H=1 -DHAVE_STDLIB_H=1 -DHAVE_STRING_H=1 -DHAVE_MEMORY_H=1 -DHAVE_STRINGS_H=1 -DHAVE_INTTYPES_H=1 -DHAVE_STDINT_H=1 -DHAVE_UNISTD_H=1 -DHAVE_LIMITS_H=1 -DHAVE_SYS_PARAM_H=1 -DUSE_THREAD_ALLOC=1 -D_REENTRANT=1 -D_THREAD_SAFE=1 -DTCL_THREADS=1 -DMODULE_SCOPE=extern\ __attribute__\(\(__visibility__\(\"hidden\"\)\)\) -D_LARGEFILE64_SOURCE=1 -DTCL_WIDE_INT_IS_LONG=1 -DUSE_TCL_STUBS=1 -DUSE_TCL_STUBS=1 -DHAVE_SYS_SELECT_H=1 -DHAVE_SYSMACROS_H=1 -DHAVE_SYS_FCNTL_H=1 -DRETSIGTYPE=void -DHAVE_SYS_TIME_H=1 -DTIME_WITH_SYS_TIME=1 -DHAVE_STRUCT_TM_TM_ZONE=1 -DHAVE_TM_ZONE=1 -DHAVE_GMTIME_R=1 -DHAVE_LOCALTIME_R=1 -DHAVE_TM_GMTOFF=1 -DHAVE_TIMEZONE_VAR=1 -DNO_UNION_WAIT=1 -DHAVE_OPENPTY=1 -DHAVE_MEMMOVE=1 -DHAVE_SYSCONF=1 -DHAVE_STRFTIME=1 -DHAVE_STRCHR=1 -DHAVE_TIMEZONE=1 -DHAVE_SIGLONGJMP=1 -DHAVE_MEMCPY=1 -DWNOHANG_BACKUP_VALUE=1 -DSELECT_MASK_TYPE=fd_set -DHAVE_TCSETATTR=1 -DPOSIX=1 -DHAVE_TERMIO=1 -DHAVE_TERMIOS=1 -DSETPGRP_VOID=1 -DHAVE_SV_TIMEZONE=1 -DHAVE_LONG_FILE_NAMES=1 -DTCL_DEBUGGER -DUSE_NON_CONST -DSCRIPTDIR=\"/usr/lib/expect5.45.4\" -DEXECSCRIPTDIR=\"/usr/lib/expect5.45.4\" -DSTTY_BIN=\"/bin/stty\" -DDFLT_STTY="\"sane\"" -I. -I"." -I"/usr/include"    -pipe -O2 -fomit-frame-pointer -Wall -fPIC  -c `echo exp_strf.c` -o exp_strf.o
gcc -DPACKAGE_NAME=\"expect\" -DPACKAGE_TARNAME=\"expect\" -DPACKAGE_VERSION=\"5.45.4\" -DPACKAGE_STRING=\"expect\ 5.45.4\" -DPACKAGE_BUGREPORT=\"\" -DPACKAGE_URL=\"\" -DBUILD_expect=/\*\*/ -DSTDC_HEADERS=1 -DHAVE_SYS_TYPES_H=1 -DHAVE_SYS_STAT_H=1 -DHAVE_STDLIB_H=1 -DHAVE_STRING_H=1 -DHAVE_MEMORY_H=1 -DHAVE_STRINGS_H=1 -DHAVE_INTTYPES_H=1 -DHAVE_STDINT_H=1 -DHAVE_UNISTD_H=1 -DHAVE_LIMITS_H=1 -DHAVE_SYS_PARAM_H=1 -DUSE_THREAD_ALLOC=1 -D_REENTRANT=1 -D_THREAD_SAFE=1 -DTCL_THREADS=1 -DMODULE_SCOPE=extern\ __attribute__\(\(__visibility__\(\"hidden\"\)\)\) -D_LARGEFILE64_SOURCE=1 -DTCL_WIDE_INT_IS_LONG=1 -DUSE_TCL_STUBS=1 -DUSE_TCL_STUBS=1 -DHAVE_SYS_SELECT_H=1 -DHAVE_SYSMACROS_H=1 -DHAVE_SYS_FCNTL_H=1 -DRETSIGTYPE=void -DHAVE_SYS_TIME_H=1 -DTIME_WITH_SYS_TIME=1 -DHAVE_STRUCT_TM_TM_ZONE=1 -DHAVE_TM_ZONE=1 -DHAVE_GMTIME_R=1 -DHAVE_LOCALTIME_R=1 -DHAVE_TM_GMTOFF=1 -DHAVE_TIMEZONE_VAR=1 -DNO_UNION_WAIT=1 -DHAVE_OPENPTY=1 -DHAVE_MEMMOVE=1 -DHAVE_SYSCONF=1 -DHAVE_STRFTIME=1 -DHAVE_STRCHR=1 -DHAVE_TIMEZONE=1 -DHAVE_SIGLONGJMP=1 -DHAVE_MEMCPY=1 -DWNOHANG_BACKUP_VALUE=1 -DSELECT_MASK_TYPE=fd_set -DHAVE_TCSETATTR=1 -DPOSIX=1 -DHAVE_TERMIO=1 -DHAVE_TERMIOS=1 -DSETPGRP_VOID=1 -DHAVE_SV_TIMEZONE=1 -DHAVE_LONG_FILE_NAMES=1 -DTCL_DEBUGGER -DUSE_NON_CONST -DSCRIPTDIR=\"/usr/lib/expect5.45.4\" -DEXECSCRIPTDIR=\"/usr/lib/expect5.45.4\" -DSTTY_BIN=\"/bin/stty\" -DDFLT_STTY="\"sane\"" -I. -I"." -I"/usr/include"    -pipe -O2 -fomit-frame-pointer -Wall -fPIC  -c `echo exp_console.c` -o exp_console.o
gcc -DPACKAGE_NAME=\"expect\" -DPACKAGE_TARNAME=\"expect\" -DPACKAGE_VERSION=\"5.45.4\" -DPACKAGE_STRING=\"expect\ 5.45.4\" -DPACKAGE_BUGREPORT=\"\" -DPACKAGE_URL=\"\" -DBUILD_expect=/\*\*/ -DSTDC_HEADERS=1 -DHAVE_SYS_TYPES_H=1 -DHAVE_SYS_STAT_H=1 -DHAVE_STDLIB_H=1 -DHAVE_STRING_H=1 -DHAVE_MEMORY_H=1 -DHAVE_STRINGS_H=1 -DHAVE_INTTYPES_H=1 -DHAVE_STDINT_H=1 -DHAVE_UNISTD_H=1 -DHAVE_LIMITS_H=1 -DHAVE_SYS_PARAM_H=1 -DUSE_THREAD_ALLOC=1 -D_REENTRANT=1 -D_THREAD_SAFE=1 -DTCL_THREADS=1 -DMODULE_SCOPE=extern\ __attribute__\(\(__visibility__\(\"hidden\"\)\)\) -D_LARGEFILE64_SOURCE=1 -DTCL_WIDE_INT_IS_LONG=1 -DUSE_TCL_STUBS=1 -DUSE_TCL_STUBS=1 -DHAVE_SYS_SELECT_H=1 -DHAVE_SYSMACROS_H=1 -DHAVE_SYS_FCNTL_H=1 -DRETSIGTYPE=void -DHAVE_SYS_TIME_H=1 -DTIME_WITH_SYS_TIME=1 -DHAVE_STRUCT_TM_TM_ZONE=1 -DHAVE_TM_ZONE=1 -DHAVE_GMTIME_R=1 -DHAVE_LOCALTIME_R=1 -DHAVE_TM_GMTOFF=1 -DHAVE_TIMEZONE_VAR=1 -DNO_UNION_WAIT=1 -DHAVE_OPENPTY=1 -DHAVE_MEMMOVE=1 -DHAVE_SYSCONF=1 -DHAVE_STRFTIME=1 -DHAVE_STRCHR=1 -DHAVE_TIMEZONE=1 -DHAVE_SIGLONGJMP=1 -DHAVE_MEMCPY=1 -DWNOHANG_BACKUP_VALUE=1 -DSELECT_MASK_TYPE=fd_set -DHAVE_TCSETATTR=1 -DPOSIX=1 -DHAVE_TERMIO=1 -DHAVE_TERMIOS=1 -DSETPGRP_VOID=1 -DHAVE_SV_TIMEZONE=1 -DHAVE_LONG_FILE_NAMES=1 -DTCL_DEBUGGER -DUSE_NON_CONST -DSCRIPTDIR=\"/usr/lib/expect5.45.4\" -DEXECSCRIPTDIR=\"/usr/lib/expect5.45.4\" -DSTTY_BIN=\"/bin/stty\" -DDFLT_STTY="\"sane\"" -I. -I"." -I"/usr/include"    -pipe -O2 -fomit-frame-pointer -Wall -fPIC  -c `echo exp_glob.c` -o exp_glob.o
gcc -DPACKAGE_NAME=\"expect\" -DPACKAGE_TARNAME=\"expect\" -DPACKAGE_VERSION=\"5.45.4\" -DPACKAGE_STRING=\"expect\ 5.45.4\" -DPACKAGE_BUGREPORT=\"\" -DPACKAGE_URL=\"\" -DBUILD_expect=/\*\*/ -DSTDC_HEADERS=1 -DHAVE_SYS_TYPES_H=1 -DHAVE_SYS_STAT_H=1 -DHAVE_STDLIB_H=1 -DHAVE_STRING_H=1 -DHAVE_MEMORY_H=1 -DHAVE_STRINGS_H=1 -DHAVE_INTTYPES_H=1 -DHAVE_STDINT_H=1 -DHAVE_UNISTD_H=1 -DHAVE_LIMITS_H=1 -DHAVE_SYS_PARAM_H=1 -DUSE_THREAD_ALLOC=1 -D_REENTRANT=1 -D_THREAD_SAFE=1 -DTCL_THREADS=1 -DMODULE_SCOPE=extern\ __attribute__\(\(__visibility__\(\"hidden\"\)\)\) -D_LARGEFILE64_SOURCE=1 -DTCL_WIDE_INT_IS_LONG=1 -DUSE_TCL_STUBS=1 -DUSE_TCL_STUBS=1 -DHAVE_SYS_SELECT_H=1 -DHAVE_SYSMACROS_H=1 -DHAVE_SYS_FCNTL_H=1 -DRETSIGTYPE=void -DHAVE_SYS_TIME_H=1 -DTIME_WITH_SYS_TIME=1 -DHAVE_STRUCT_TM_TM_ZONE=1 -DHAVE_TM_ZONE=1 -DHAVE_GMTIME_R=1 -DHAVE_LOCALTIME_R=1 -DHAVE_TM_GMTOFF=1 -DHAVE_TIMEZONE_VAR=1 -DNO_UNION_WAIT=1 -DHAVE_OPENPTY=1 -DHAVE_MEMMOVE=1 -DHAVE_SYSCONF=1 -DHAVE_STRFTIME=1 -DHAVE_STRCHR=1 -DHAVE_TIMEZONE=1 -DHAVE_SIGLONGJMP=1 -DHAVE_MEMCPY=1 -DWNOHANG_BACKUP_VALUE=1 -DSELECT_MASK_TYPE=fd_set -DHAVE_TCSETATTR=1 -DPOSIX=1 -DHAVE_TERMIO=1 -DHAVE_TERMIOS=1 -DSETPGRP_VOID=1 -DHAVE_SV_TIMEZONE=1 -DHAVE_LONG_FILE_NAMES=1 -DTCL_DEBUGGER -DUSE_NON_CONST -DSCRIPTDIR=\"/usr/lib/expect5.45.4\" -DEXECSCRIPTDIR=\"/usr/lib/expect5.45.4\" -DSTTY_BIN=\"/bin/stty\" -DDFLT_STTY="\"sane\"" -I. -I"." -I"/usr/include"    -pipe -O2 -fomit-frame-pointer -Wall -fPIC  -c `echo exp_win.c` -o exp_win.o
gcc -DPACKAGE_NAME=\"expect\" -DPACKAGE_TARNAME=\"expect\" -DPACKAGE_VERSION=\"5.45.4\" -DPACKAGE_STRING=\"expect\ 5.45.4\" -DPACKAGE_BUGREPORT=\"\" -DPACKAGE_URL=\"\" -DBUILD_expect=/\*\*/ -DSTDC_HEADERS=1 -DHAVE_SYS_TYPES_H=1 -DHAVE_SYS_STAT_H=1 -DHAVE_STDLIB_H=1 -DHAVE_STRING_H=1 -DHAVE_MEMORY_H=1 -DHAVE_STRINGS_H=1 -DHAVE_INTTYPES_H=1 -DHAVE_STDINT_H=1 -DHAVE_UNISTD_H=1 -DHAVE_LIMITS_H=1 -DHAVE_SYS_PARAM_H=1 -DUSE_THREAD_ALLOC=1 -D_REENTRANT=1 -D_THREAD_SAFE=1 -DTCL_THREADS=1 -DMODULE_SCOPE=extern\ __attribute__\(\(__visibility__\(\"hidden\"\)\)\) -D_LARGEFILE64_SOURCE=1 -DTCL_WIDE_INT_IS_LONG=1 -DUSE_TCL_STUBS=1 -DUSE_TCL_STUBS=1 -DHAVE_SYS_SELECT_H=1 -DHAVE_SYSMACROS_H=1 -DHAVE_SYS_FCNTL_H=1 -DRETSIGTYPE=void -DHAVE_SYS_TIME_H=1 -DTIME_WITH_SYS_TIME=1 -DHAVE_STRUCT_TM_TM_ZONE=1 -DHAVE_TM_ZONE=1 -DHAVE_GMTIME_R=1 -DHAVE_LOCALTIME_R=1 -DHAVE_TM_GMTOFF=1 -DHAVE_TIMEZONE_VAR=1 -DNO_UNION_WAIT=1 -DHAVE_OPENPTY=1 -DHAVE_MEMMOVE=1 -DHAVE_SYSCONF=1 -DHAVE_STRFTIME=1 -DHAVE_STRCHR=1 -DHAVE_TIMEZONE=1 -DHAVE_SIGLONGJMP=1 -DHAVE_MEMCPY=1 -DWNOHANG_BACKUP_VALUE=1 -DSELECT_MASK_TYPE=fd_set -DHAVE_TCSETATTR=1 -DPOSIX=1 -DHAVE_TERMIO=1 -DHAVE_TERMIOS=1 -DSETPGRP_VOID=1 -DHAVE_SV_TIMEZONE=1 -DHAVE_LONG_FILE_NAMES=1 -DTCL_DEBUGGER -DUSE_NON_CONST -DSCRIPTDIR=\"/usr/lib/expect5.45.4\" -DEXECSCRIPTDIR=\"/usr/lib/expect5.45.4\" -DSTTY_BIN=\"/bin/stty\" -DDFLT_STTY="\"sane\"" -I. -I"." -I"/usr/include"    -pipe -O2 -fomit-frame-pointer -Wall -fPIC  -c `echo exp_clib.c` -o exp_clib.o
gcc -DPACKAGE_NAME=\"expect\" -DPACKAGE_TARNAME=\"expect\" -DPACKAGE_VERSION=\"5.45.4\" -DPACKAGE_STRING=\"expect\ 5.45.4\" -DPACKAGE_BUGREPORT=\"\" -DPACKAGE_URL=\"\" -DBUILD_expect=/\*\*/ -DSTDC_HEADERS=1 -DHAVE_SYS_TYPES_H=1 -DHAVE_SYS_STAT_H=1 -DHAVE_STDLIB_H=1 -DHAVE_STRING_H=1 -DHAVE_MEMORY_H=1 -DHAVE_STRINGS_H=1 -DHAVE_INTTYPES_H=1 -DHAVE_STDINT_H=1 -DHAVE_UNISTD_H=1 -DHAVE_LIMITS_H=1 -DHAVE_SYS_PARAM_H=1 -DUSE_THREAD_ALLOC=1 -D_REENTRANT=1 -D_THREAD_SAFE=1 -DTCL_THREADS=1 -DMODULE_SCOPE=extern\ __attribute__\(\(__visibility__\(\"hidden\"\)\)\) -D_LARGEFILE64_SOURCE=1 -DTCL_WIDE_INT_IS_LONG=1 -DUSE_TCL_STUBS=1 -DUSE_TCL_STUBS=1 -DHAVE_SYS_SELECT_H=1 -DHAVE_SYSMACROS_H=1 -DHAVE_SYS_FCNTL_H=1 -DRETSIGTYPE=void -DHAVE_SYS_TIME_H=1 -DTIME_WITH_SYS_TIME=1 -DHAVE_STRUCT_TM_TM_ZONE=1 -DHAVE_TM_ZONE=1 -DHAVE_GMTIME_R=1 -DHAVE_LOCALTIME_R=1 -DHAVE_TM_GMTOFF=1 -DHAVE_TIMEZONE_VAR=1 -DNO_UNION_WAIT=1 -DHAVE_OPENPTY=1 -DHAVE_MEMMOVE=1 -DHAVE_SYSCONF=1 -DHAVE_STRFTIME=1 -DHAVE_STRCHR=1 -DHAVE_TIMEZONE=1 -DHAVE_SIGLONGJMP=1 -DHAVE_MEMCPY=1 -DWNOHANG_BACKUP_VALUE=1 -DSELECT_MASK_TYPE=fd_set -DHAVE_TCSETATTR=1 -DPOSIX=1 -DHAVE_TERMIO=1 -DHAVE_TERMIOS=1 -DSETPGRP_VOID=1 -DHAVE_SV_TIMEZONE=1 -DHAVE_LONG_FILE_NAMES=1 -DTCL_DEBUGGER -DUSE_NON_CONST -DSCRIPTDIR=\"/usr/lib/expect5.45.4\" -DEXECSCRIPTDIR=\"/usr/lib/expect5.45.4\" -DSTTY_BIN=\"/bin/stty\" -DDFLT_STTY="\"sane\"" -I. -I"." -I"/usr/include"    -pipe -O2 -fomit-frame-pointer -Wall -fPIC  -c `echo exp_closetcl.c` -o exp_closetcl.o
gcc -DPACKAGE_NAME=\"expect\" -DPACKAGE_TARNAME=\"expect\" -DPACKAGE_VERSION=\"5.45.4\" -DPACKAGE_STRING=\"expect\ 5.45.4\" -DPACKAGE_BUGREPORT=\"\" -DPACKAGE_URL=\"\" -DBUILD_expect=/\*\*/ -DSTDC_HEADERS=1 -DHAVE_SYS_TYPES_H=1 -DHAVE_SYS_STAT_H=1 -DHAVE_STDLIB_H=1 -DHAVE_STRING_H=1 -DHAVE_MEMORY_H=1 -DHAVE_STRINGS_H=1 -DHAVE_INTTYPES_H=1 -DHAVE_STDINT_H=1 -DHAVE_UNISTD_H=1 -DHAVE_LIMITS_H=1 -DHAVE_SYS_PARAM_H=1 -DUSE_THREAD_ALLOC=1 -D_REENTRANT=1 -D_THREAD_SAFE=1 -DTCL_THREADS=1 -DMODULE_SCOPE=extern\ __attribute__\(\(__visibility__\(\"hidden\"\)\)\) -D_LARGEFILE64_SOURCE=1 -DTCL_WIDE_INT_IS_LONG=1 -DUSE_TCL_STUBS=1 -DUSE_TCL_STUBS=1 -DHAVE_SYS_SELECT_H=1 -DHAVE_SYSMACROS_H=1 -DHAVE_SYS_FCNTL_H=1 -DRETSIGTYPE=void -DHAVE_SYS_TIME_H=1 -DTIME_WITH_SYS_TIME=1 -DHAVE_STRUCT_TM_TM_ZONE=1 -DHAVE_TM_ZONE=1 -DHAVE_GMTIME_R=1 -DHAVE_LOCALTIME_R=1 -DHAVE_TM_GMTOFF=1 -DHAVE_TIMEZONE_VAR=1 -DNO_UNION_WAIT=1 -DHAVE_OPENPTY=1 -DHAVE_MEMMOVE=1 -DHAVE_SYSCONF=1 -DHAVE_STRFTIME=1 -DHAVE_STRCHR=1 -DHAVE_TIMEZONE=1 -DHAVE_SIGLONGJMP=1 -DHAVE_MEMCPY=1 -DWNOHANG_BACKUP_VALUE=1 -DSELECT_MASK_TYPE=fd_set -DHAVE_TCSETATTR=1 -DPOSIX=1 -DHAVE_TERMIO=1 -DHAVE_TERMIOS=1 -DSETPGRP_VOID=1 -DHAVE_SV_TIMEZONE=1 -DHAVE_LONG_FILE_NAMES=1 -DTCL_DEBUGGER -DUSE_NON_CONST -DSCRIPTDIR=\"/usr/lib/expect5.45.4\" -DEXECSCRIPTDIR=\"/usr/lib/expect5.45.4\" -DSTTY_BIN=\"/bin/stty\" -DDFLT_STTY="\"sane\"" -I. -I"." -I"/usr/include"    -pipe -O2 -fomit-frame-pointer -Wall -fPIC  -c `echo exp_memmove.c` -o exp_memmove.o
gcc -DPACKAGE_NAME=\"expect\" -DPACKAGE_TARNAME=\"expect\" -DPACKAGE_VERSION=\"5.45.4\" -DPACKAGE_STRING=\"expect\ 5.45.4\" -DPACKAGE_BUGREPORT=\"\" -DPACKAGE_URL=\"\" -DBUILD_expect=/\*\*/ -DSTDC_HEADERS=1 -DHAVE_SYS_TYPES_H=1 -DHAVE_SYS_STAT_H=1 -DHAVE_STDLIB_H=1 -DHAVE_STRING_H=1 -DHAVE_MEMORY_H=1 -DHAVE_STRINGS_H=1 -DHAVE_INTTYPES_H=1 -DHAVE_STDINT_H=1 -DHAVE_UNISTD_H=1 -DHAVE_LIMITS_H=1 -DHAVE_SYS_PARAM_H=1 -DUSE_THREAD_ALLOC=1 -D_REENTRANT=1 -D_THREAD_SAFE=1 -DTCL_THREADS=1 -DMODULE_SCOPE=extern\ __attribute__\(\(__visibility__\(\"hidden\"\)\)\) -D_LARGEFILE64_SOURCE=1 -DTCL_WIDE_INT_IS_LONG=1 -DUSE_TCL_STUBS=1 -DUSE_TCL_STUBS=1 -DHAVE_SYS_SELECT_H=1 -DHAVE_SYSMACROS_H=1 -DHAVE_SYS_FCNTL_H=1 -DRETSIGTYPE=void -DHAVE_SYS_TIME_H=1 -DTIME_WITH_SYS_TIME=1 -DHAVE_STRUCT_TM_TM_ZONE=1 -DHAVE_TM_ZONE=1 -DHAVE_GMTIME_R=1 -DHAVE_LOCALTIME_R=1 -DHAVE_TM_GMTOFF=1 -DHAVE_TIMEZONE_VAR=1 -DNO_UNION_WAIT=1 -DHAVE_OPENPTY=1 -DHAVE_MEMMOVE=1 -DHAVE_SYSCONF=1 -DHAVE_STRFTIME=1 -DHAVE_STRCHR=1 -DHAVE_TIMEZONE=1 -DHAVE_SIGLONGJMP=1 -DHAVE_MEMCPY=1 -DWNOHANG_BACKUP_VALUE=1 -DSELECT_MASK_TYPE=fd_set -DHAVE_TCSETATTR=1 -DPOSIX=1 -DHAVE_TERMIO=1 -DHAVE_TERMIOS=1 -DSETPGRP_VOID=1 -DHAVE_SV_TIMEZONE=1 -DHAVE_LONG_FILE_NAMES=1 -DTCL_DEBUGGER -DUSE_NON_CONST -DSCRIPTDIR=\"/usr/lib/expect5.45.4\" -DEXECSCRIPTDIR=\"/usr/lib/expect5.45.4\" -DSTTY_BIN=\"/bin/stty\" -DDFLT_STTY="\"sane\"" -I. -I"." -I"/usr/include"    -pipe -O2 -fomit-frame-pointer -Wall -fPIC  -c `echo exp_tty_comm.c` -o exp_tty_comm.o
gcc -DPACKAGE_NAME=\"expect\" -DPACKAGE_TARNAME=\"expect\" -DPACKAGE_VERSION=\"5.45.4\" -DPACKAGE_STRING=\"expect\ 5.45.4\" -DPACKAGE_BUGREPORT=\"\" -DPACKAGE_URL=\"\" -DBUILD_expect=/\*\*/ -DSTDC_HEADERS=1 -DHAVE_SYS_TYPES_H=1 -DHAVE_SYS_STAT_H=1 -DHAVE_STDLIB_H=1 -DHAVE_STRING_H=1 -DHAVE_MEMORY_H=1 -DHAVE_STRINGS_H=1 -DHAVE_INTTYPES_H=1 -DHAVE_STDINT_H=1 -DHAVE_UNISTD_H=1 -DHAVE_LIMITS_H=1 -DHAVE_SYS_PARAM_H=1 -DUSE_THREAD_ALLOC=1 -D_REENTRANT=1 -D_THREAD_SAFE=1 -DTCL_THREADS=1 -DMODULE_SCOPE=extern\ __attribute__\(\(__visibility__\(\"hidden\"\)\)\) -D_LARGEFILE64_SOURCE=1 -DTCL_WIDE_INT_IS_LONG=1 -DUSE_TCL_STUBS=1 -DUSE_TCL_STUBS=1 -DHAVE_SYS_SELECT_H=1 -DHAVE_SYSMACROS_H=1 -DHAVE_SYS_FCNTL_H=1 -DRETSIGTYPE=void -DHAVE_SYS_TIME_H=1 -DTIME_WITH_SYS_TIME=1 -DHAVE_STRUCT_TM_TM_ZONE=1 -DHAVE_TM_ZONE=1 -DHAVE_GMTIME_R=1 -DHAVE_LOCALTIME_R=1 -DHAVE_TM_GMTOFF=1 -DHAVE_TIMEZONE_VAR=1 -DNO_UNION_WAIT=1 -DHAVE_OPENPTY=1 -DHAVE_MEMMOVE=1 -DHAVE_SYSCONF=1 -DHAVE_STRFTIME=1 -DHAVE_STRCHR=1 -DHAVE_TIMEZONE=1 -DHAVE_SIGLONGJMP=1 -DHAVE_MEMCPY=1 -DWNOHANG_BACKUP_VALUE=1 -DSELECT_MASK_TYPE=fd_set -DHAVE_TCSETATTR=1 -DPOSIX=1 -DHAVE_TERMIO=1 -DHAVE_TERMIOS=1 -DSETPGRP_VOID=1 -DHAVE_SV_TIMEZONE=1 -DHAVE_LONG_FILE_NAMES=1 -DTCL_DEBUGGER -DUSE_NON_CONST -DSCRIPTDIR=\"/usr/lib/expect5.45.4\" -DEXECSCRIPTDIR=\"/usr/lib/expect5.45.4\" -DSTTY_BIN=\"/bin/stty\" -DDFLT_STTY="\"sane\"" -I. -I"." -I"/usr/include"    -pipe -O2 -fomit-frame-pointer -Wall -fPIC  -c `echo exp_chan.c` -o exp_chan.o
gcc -DPACKAGE_NAME=\"expect\" -DPACKAGE_TARNAME=\"expect\" -DPACKAGE_VERSION=\"5.45.4\" -DPACKAGE_STRING=\"expect\ 5.45.4\" -DPACKAGE_BUGREPORT=\"\" -DPACKAGE_URL=\"\" -DBUILD_expect=/\*\*/ -DSTDC_HEADERS=1 -DHAVE_SYS_TYPES_H=1 -DHAVE_SYS_STAT_H=1 -DHAVE_STDLIB_H=1 -DHAVE_STRING_H=1 -DHAVE_MEMORY_H=1 -DHAVE_STRINGS_H=1 -DHAVE_INTTYPES_H=1 -DHAVE_STDINT_H=1 -DHAVE_UNISTD_H=1 -DHAVE_LIMITS_H=1 -DHAVE_SYS_PARAM_H=1 -DUSE_THREAD_ALLOC=1 -D_REENTRANT=1 -D_THREAD_SAFE=1 -DTCL_THREADS=1 -DMODULE_SCOPE=extern\ __attribute__\(\(__visibility__\(\"hidden\"\)\)\) -D_LARGEFILE64_SOURCE=1 -DTCL_WIDE_INT_IS_LONG=1 -DUSE_TCL_STUBS=1 -DUSE_TCL_STUBS=1 -DHAVE_SYS_SELECT_H=1 -DHAVE_SYSMACROS_H=1 -DHAVE_SYS_FCNTL_H=1 -DRETSIGTYPE=void -DHAVE_SYS_TIME_H=1 -DTIME_WITH_SYS_TIME=1 -DHAVE_STRUCT_TM_TM_ZONE=1 -DHAVE_TM_ZONE=1 -DHAVE_GMTIME_R=1 -DHAVE_LOCALTIME_R=1 -DHAVE_TM_GMTOFF=1 -DHAVE_TIMEZONE_VAR=1 -DNO_UNION_WAIT=1 -DHAVE_OPENPTY=1 -DHAVE_MEMMOVE=1 -DHAVE_SYSCONF=1 -DHAVE_STRFTIME=1 -DHAVE_STRCHR=1 -DHAVE_TIMEZONE=1 -DHAVE_SIGLONGJMP=1 -DHAVE_MEMCPY=1 -DWNOHANG_BACKUP_VALUE=1 -DSELECT_MASK_TYPE=fd_set -DHAVE_TCSETATTR=1 -DPOSIX=1 -DHAVE_TERMIO=1 -DHAVE_TERMIOS=1 -DSETPGRP_VOID=1 -DHAVE_SV_TIMEZONE=1 -DHAVE_LONG_FILE_NAMES=1 -DTCL_DEBUGGER -DUSE_NON_CONST -DSCRIPTDIR=\"/usr/lib/expect5.45.4\" -DEXECSCRIPTDIR=\"/usr/lib/expect5.45.4\" -DSTTY_BIN=\"/bin/stty\" -DDFLT_STTY="\"sane\"" -I. -I"." -I"/usr/include"    -pipe -O2 -fomit-frame-pointer -Wall -fPIC  -c `echo Dbg.c` -o Dbg.o
gcc -DPACKAGE_NAME=\"expect\" -DPACKAGE_TARNAME=\"expect\" -DPACKAGE_VERSION=\"5.45.4\" -DPACKAGE_STRING=\"expect\ 5.45.4\" -DPACKAGE_BUGREPORT=\"\" -DPACKAGE_URL=\"\" -DBUILD_expect=/\*\*/ -DSTDC_HEADERS=1 -DHAVE_SYS_TYPES_H=1 -DHAVE_SYS_STAT_H=1 -DHAVE_STDLIB_H=1 -DHAVE_STRING_H=1 -DHAVE_MEMORY_H=1 -DHAVE_STRINGS_H=1 -DHAVE_INTTYPES_H=1 -DHAVE_STDINT_H=1 -DHAVE_UNISTD_H=1 -DHAVE_LIMITS_H=1 -DHAVE_SYS_PARAM_H=1 -DUSE_THREAD_ALLOC=1 -D_REENTRANT=1 -D_THREAD_SAFE=1 -DTCL_THREADS=1 -DMODULE_SCOPE=extern\ __attribute__\(\(__visibility__\(\"hidden\"\)\)\) -D_LARGEFILE64_SOURCE=1 -DTCL_WIDE_INT_IS_LONG=1 -DUSE_TCL_STUBS=1 -DUSE_TCL_STUBS=1 -DHAVE_SYS_SELECT_H=1 -DHAVE_SYSMACROS_H=1 -DHAVE_SYS_FCNTL_H=1 -DRETSIGTYPE=void -DHAVE_SYS_TIME_H=1 -DTIME_WITH_SYS_TIME=1 -DHAVE_STRUCT_TM_TM_ZONE=1 -DHAVE_TM_ZONE=1 -DHAVE_GMTIME_R=1 -DHAVE_LOCALTIME_R=1 -DHAVE_TM_GMTOFF=1 -DHAVE_TIMEZONE_VAR=1 -DNO_UNION_WAIT=1 -DHAVE_OPENPTY=1 -DHAVE_MEMMOVE=1 -DHAVE_SYSCONF=1 -DHAVE_STRFTIME=1 -DHAVE_STRCHR=1 -DHAVE_TIMEZONE=1 -DHAVE_SIGLONGJMP=1 -DHAVE_MEMCPY=1 -DWNOHANG_BACKUP_VALUE=1 -DSELECT_MASK_TYPE=fd_set -DHAVE_TCSETATTR=1 -DPOSIX=1 -DHAVE_TERMIO=1 -DHAVE_TERMIOS=1 -DSETPGRP_VOID=1 -DHAVE_SV_TIMEZONE=1 -DHAVE_LONG_FILE_NAMES=1 -DTCL_DEBUGGER -DUSE_NON_CONST -DSCRIPTDIR=\"/usr/lib/expect5.45.4\" -DEXECSCRIPTDIR=\"/usr/lib/expect5.45.4\" -DSTTY_BIN=\"/bin/stty\" -DDFLT_STTY="\"sane\"" -I. -I"." -I"/usr/include"    -pipe -O2 -fomit-frame-pointer -Wall -fPIC  -c `echo pty_termios.c` -o pty_termios.o
gcc -DPACKAGE_NAME=\"expect\" -DPACKAGE_TARNAME=\"expect\" -DPACKAGE_VERSION=\"5.45.4\" -DPACKAGE_STRING=\"expect\ 5.45.4\" -DPACKAGE_BUGREPORT=\"\" -DPACKAGE_URL=\"\" -DBUILD_expect=/\*\*/ -DSTDC_HEADERS=1 -DHAVE_SYS_TYPES_H=1 -DHAVE_SYS_STAT_H=1 -DHAVE_STDLIB_H=1 -DHAVE_STRING_H=1 -DHAVE_MEMORY_H=1 -DHAVE_STRINGS_H=1 -DHAVE_INTTYPES_H=1 -DHAVE_STDINT_H=1 -DHAVE_UNISTD_H=1 -DHAVE_LIMITS_H=1 -DHAVE_SYS_PARAM_H=1 -DUSE_THREAD_ALLOC=1 -D_REENTRANT=1 -D_THREAD_SAFE=1 -DTCL_THREADS=1 -DMODULE_SCOPE=extern\ __attribute__\(\(__visibility__\(\"hidden\"\)\)\) -D_LARGEFILE64_SOURCE=1 -DTCL_WIDE_INT_IS_LONG=1 -DUSE_TCL_STUBS=1 -DUSE_TCL_STUBS=1 -DHAVE_SYS_SELECT_H=1 -DHAVE_SYSMACROS_H=1 -DHAVE_SYS_FCNTL_H=1 -DRETSIGTYPE=void -DHAVE_SYS_TIME_H=1 -DTIME_WITH_SYS_TIME=1 -DHAVE_STRUCT_TM_TM_ZONE=1 -DHAVE_TM_ZONE=1 -DHAVE_GMTIME_R=1 -DHAVE_LOCALTIME_R=1 -DHAVE_TM_GMTOFF=1 -DHAVE_TIMEZONE_VAR=1 -DNO_UNION_WAIT=1 -DHAVE_OPENPTY=1 -DHAVE_MEMMOVE=1 -DHAVE_SYSCONF=1 -DHAVE_STRFTIME=1 -DHAVE_STRCHR=1 -DHAVE_TIMEZONE=1 -DHAVE_SIGLONGJMP=1 -DHAVE_MEMCPY=1 -DWNOHANG_BACKUP_VALUE=1 -DSELECT_MASK_TYPE=fd_set -DHAVE_TCSETATTR=1 -DPOSIX=1 -DHAVE_TERMIO=1 -DHAVE_TERMIOS=1 -DSETPGRP_VOID=1 -DHAVE_SV_TIMEZONE=1 -DHAVE_LONG_FILE_NAMES=1 -DTCL_DEBUGGER -DUSE_NON_CONST -DSCRIPTDIR=\"/usr/lib/expect5.45.4\" -DEXECSCRIPTDIR=\"/usr/lib/expect5.45.4\" -DSTTY_BIN=\"/bin/stty\" -DDFLT_STTY="\"sane\"" -I. -I"." -I"/usr/include"    -pipe -O2 -fomit-frame-pointer -Wall -fPIC  -c `echo exp_select.c` -o exp_select.o
gcc -DPACKAGE_NAME=\"expect\" -DPACKAGE_TARNAME=\"expect\" -DPACKAGE_VERSION=\"5.45.4\" -DPACKAGE_STRING=\"expect\ 5.45.4\" -DPACKAGE_BUGREPORT=\"\" -DPACKAGE_URL=\"\" -DBUILD_expect=/\*\*/ -DSTDC_HEADERS=1 -DHAVE_SYS_TYPES_H=1 -DHAVE_SYS_STAT_H=1 -DHAVE_STDLIB_H=1 -DHAVE_STRING_H=1 -DHAVE_MEMORY_H=1 -DHAVE_STRINGS_H=1 -DHAVE_INTTYPES_H=1 -DHAVE_STDINT_H=1 -DHAVE_UNISTD_H=1 -DHAVE_LIMITS_H=1 -DHAVE_SYS_PARAM_H=1 -DUSE_THREAD_ALLOC=1 -D_REENTRANT=1 -D_THREAD_SAFE=1 -DTCL_THREADS=1 -DMODULE_SCOPE=extern\ __attribute__\(\(__visibility__\(\"hidden\"\)\)\) -D_LARGEFILE64_SOURCE=1 -DTCL_WIDE_INT_IS_LONG=1 -DUSE_TCL_STUBS=1 -DUSE_TCL_STUBS=1 -DHAVE_SYS_SELECT_H=1 -DHAVE_SYSMACROS_H=1 -DHAVE_SYS_FCNTL_H=1 -DRETSIGTYPE=void -DHAVE_SYS_TIME_H=1 -DTIME_WITH_SYS_TIME=1 -DHAVE_STRUCT_TM_TM_ZONE=1 -DHAVE_TM_ZONE=1 -DHAVE_GMTIME_R=1 -DHAVE_LOCALTIME_R=1 -DHAVE_TM_GMTOFF=1 -DHAVE_TIMEZONE_VAR=1 -DNO_UNION_WAIT=1 -DHAVE_OPENPTY=1 -DHAVE_MEMMOVE=1 -DHAVE_SYSCONF=1 -DHAVE_STRFTIME=1 -DHAVE_STRCHR=1 -DHAVE_TIMEZONE=1 -DHAVE_SIGLONGJMP=1 -DHAVE_MEMCPY=1 -DWNOHANG_BACKUP_VALUE=1 -DSELECT_MASK_TYPE=fd_set -DHAVE_TCSETATTR=1 -DPOSIX=1 -DHAVE_TERMIO=1 -DHAVE_TERMIOS=1 -DSETPGRP_VOID=1 -DHAVE_SV_TIMEZONE=1 -DHAVE_LONG_FILE_NAMES=1 -DTCL_DEBUGGER -DUSE_NON_CONST -DSCRIPTDIR=\"/usr/lib/expect5.45.4\" -DEXECSCRIPTDIR=\"/usr/lib/expect5.45.4\" -DSTTY_BIN=\"/bin/stty\" -DDFLT_STTY="\"sane\"" -I. -I"." -I"/usr/include"    -pipe -O2 -fomit-frame-pointer -Wall -fPIC  -c `echo exp_event.c` -o exp_event.o
gcc -DPACKAGE_NAME=\"expect\" -DPACKAGE_TARNAME=\"expect\" -DPACKAGE_VERSION=\"5.45.4\" -DPACKAGE_STRING=\"expect\ 5.45.4\" -DPACKAGE_BUGREPORT=\"\" -DPACKAGE_URL=\"\" -DBUILD_expect=/\*\*/ -DSTDC_HEADERS=1 -DHAVE_SYS_TYPES_H=1 -DHAVE_SYS_STAT_H=1 -DHAVE_STDLIB_H=1 -DHAVE_STRING_H=1 -DHAVE_MEMORY_H=1 -DHAVE_STRINGS_H=1 -DHAVE_INTTYPES_H=1 -DHAVE_STDINT_H=1 -DHAVE_UNISTD_H=1 -DHAVE_LIMITS_H=1 -DHAVE_SYS_PARAM_H=1 -DUSE_THREAD_ALLOC=1 -D_REENTRANT=1 -D_THREAD_SAFE=1 -DTCL_THREADS=1 -DMODULE_SCOPE=extern\ __attribute__\(\(__visibility__\(\"hidden\"\)\)\) -D_LARGEFILE64_SOURCE=1 -DTCL_WIDE_INT_IS_LONG=1 -DUSE_TCL_STUBS=1 -DUSE_TCL_STUBS=1 -DHAVE_SYS_SELECT_H=1 -DHAVE_SYSMACROS_H=1 -DHAVE_SYS_FCNTL_H=1 -DRETSIGTYPE=void -DHAVE_SYS_TIME_H=1 -DTIME_WITH_SYS_TIME=1 -DHAVE_STRUCT_TM_TM_ZONE=1 -DHAVE_TM_ZONE=1 -DHAVE_GMTIME_R=1 -DHAVE_LOCALTIME_R=1 -DHAVE_TM_GMTOFF=1 -DHAVE_TIMEZONE_VAR=1 -DNO_UNION_WAIT=1 -DHAVE_OPENPTY=1 -DHAVE_MEMMOVE=1 -DHAVE_SYSCONF=1 -DHAVE_STRFTIME=1 -DHAVE_STRCHR=1 -DHAVE_TIMEZONE=1 -DHAVE_SIGLONGJMP=1 -DHAVE_MEMCPY=1 -DWNOHANG_BACKUP_VALUE=1 -DSELECT_MASK_TYPE=fd_set -DHAVE_TCSETATTR=1 -DPOSIX=1 -DHAVE_TERMIO=1 -DHAVE_TERMIOS=1 -DSETPGRP_VOID=1 -DHAVE_SV_TIMEZONE=1 -DHAVE_LONG_FILE_NAMES=1 -DTCL_DEBUGGER -DUSE_NON_CONST -DSCRIPTDIR=\"/usr/lib/expect5.45.4\" -DEXECSCRIPTDIR=\"/usr/lib/expect5.45.4\" -DSTTY_BIN=\"/bin/stty\" -DDFLT_STTY="\"sane\"" -I. -I"." -I"/usr/include"    -pipe -O2 -fomit-frame-pointer -Wall -fPIC  -c `echo exp_main_exp.c` -o exp_main_exp.o
(echo 'if {![package vsatisfies [package provide Tcl] 8.6]} {return}' ; \
 echo 'package ifneeded Expect 5.45.4 \
    [list load [file join $dir libexpect5.45.4.so]]'\
) > pkgIndex.tcl
rm -f libexpect5.45.4.so
gcc -shared -pipe -O2 -fomit-frame-pointer -Wall -fPIC  -Wl,--export-dynamic  -o libexpect5.45.4.so exp_command.o expect.o exp_inter.o exp_regexp.o exp_tty.o exp_log.o exp_main_sub.o exp_pty.o exp_trap.o exp_strf.o exp_console.o exp_glob.o exp_win.o exp_clib.o exp_closetcl.o exp_memmove.o exp_tty_comm.o exp_chan.o Dbg.o pty_termios.o exp_select.o exp_event.o -lm -Wl,-rpath,/usr/lib -L/usr/lib -ltclstub8.6 
: libexpect5.45.4.so
gcc \
	 -pipe -O2 -fomit-frame-pointer -Wall -fPIC  \
	 -Wl,--export-dynamic  \
	-o expect exp_main_exp.o \
	-L/sources/expect5.45.4 -lexpect5.45.4 \
	-L/usr/lib -ltcl8.6 \
	-ldl  -lm \
	"-Wl,-rpath,/usr/lib" \
	-Wl,-rpath,/usr/lib/expect5.45.4
: expect
(echo 'if {![package vsatisfies [package provide Tcl] 8.6]} {return}' ; \
 echo 'package ifneeded Expect 5.45.4 \
    [list load [file join $dir libexpect5.45.4.so]]'\
) > pkgIndex.tcl
TCL_LIBRARY=`echo /usr/include/library` LD_LIBRARY_PATH=".:/usr/lib:" PATH=".:/usr/lib:/usr/bin:/usr/sbin" TCLLIBPATH="." /usr/bin/tclsh8.6 `echo ./tests/all.tcl` 
cat.test
expect.test
logfile.test
via sendvia send_userpid.test
send.test
spawn.test
stty.test
all.tcl:	Total	29	Passed	29	Skipped	0	Failed	0
Sourced 0 Test Files.
(echo 'if {![package vsatisfies [package provide Tcl] 8.6]} {return}' ; \
 echo 'package ifneeded Expect 5.45.4 \
    [list load [file join $dir libexpect5.45.4.so]]'\
) > pkgIndex.tcl
TCL_LIBRARY=`echo /usr/include/library` LD_LIBRARY_PATH=".:/usr/lib:" PATH=".:/usr/lib:/usr/bin:/usr/sbin" TCLLIBPATH="." /usr/bin/tclsh8.6 ./fixline1 /usr/bin < ./example/timed-run > timed-run
TCL_LIBRARY=`echo /usr/include/library` LD_LIBRARY_PATH=".:/usr/lib:" PATH=".:/usr/lib:/usr/bin:/usr/sbin" TCLLIBPATH="." /usr/bin/tclsh8.6 ./fixline1 /usr/bin < ./example/timed-read > timed-read
TCL_LIBRARY=`echo /usr/include/library` LD_LIBRARY_PATH=".:/usr/lib:" PATH=".:/usr/lib:/usr/bin:/usr/sbin" TCLLIBPATH="." /usr/bin/tclsh8.6 ./fixline1 /usr/bin < ./example/ftp-rfc > ftp-rfc
TCL_LIBRARY=`echo /usr/include/library` LD_LIBRARY_PATH=".:/usr/lib:" PATH=".:/usr/lib:/usr/bin:/usr/sbin" TCLLIBPATH="." /usr/bin/tclsh8.6 ./fixline1 /usr/bin < ./example/autopasswd > autopasswd
 /usr/bin/install -c libexpect5.45.4.so /usr/lib/expect5.45.4/libexpect5.45.4.so
TCL_LIBRARY=`echo /usr/include/library` LD_LIBRARY_PATH=".:/usr/lib:" PATH=".:/usr/lib:/usr/bin:/usr/sbin" TCLLIBPATH="." /usr/bin/tclsh8.6 ./fixline1 /usr/bin < ./example/lpunlock > lpunlock
 /usr/bin/install -c expect /usr/bin/expect
TCL_LIBRARY=`echo /usr/include/library` LD_LIBRARY_PATH=".:/usr/lib:" PATH=".:/usr/lib:/usr/bin:/usr/sbin" TCLLIBPATH="." /usr/bin/tclsh8.6 ./fixline1 /usr/bin < ./example/weather > weather
TCL_LIBRARY=`echo /usr/include/library` LD_LIBRARY_PATH=".:/usr/lib:" PATH=".:/usr/lib:/usr/bin:/usr/sbin" TCLLIBPATH="." /usr/bin/tclsh8.6 ./fixline1 /usr/bin < ./example/passmass > passmass
TCL_LIBRARY=`echo /usr/include/library` LD_LIBRARY_PATH=".:/usr/lib:" PATH=".:/usr/lib:/usr/bin:/usr/sbin" TCLLIBPATH="." /usr/bin/tclsh8.6 ./fixline1 /usr/bin < ./example/rftp > rftp
TCL_LIBRARY=`echo /usr/include/library` LD_LIBRARY_PATH=".:/usr/lib:" PATH=".:/usr/lib:/usr/bin:/usr/sbin" TCLLIBPATH="." /usr/bin/tclsh8.6 ./fixline1 /usr/bin < ./example/kibitz > kibitz
 : /usr/lib/expect5.45.4/libexpect5.45.4.so
TCL_LIBRARY=`echo /usr/include/library` LD_LIBRARY_PATH=".:/usr/lib:" PATH=".:/usr/lib:/usr/bin:/usr/sbin" TCLLIBPATH="." /usr/bin/tclsh8.6 ./fixline1 /usr/bin < ./example/rlogin-cwd > rlogin-cwd
TCL_LIBRARY=`echo /usr/include/library` LD_LIBRARY_PATH=".:/usr/lib:" PATH=".:/usr/lib:/usr/bin:/usr/sbin" TCLLIBPATH="." /usr/bin/tclsh8.6 ./fixline1 /usr/bin < ./example/xpstat > xpstat
TCL_LIBRARY=`echo /usr/include/library` LD_LIBRARY_PATH=".:/usr/lib:" PATH=".:/usr/lib:/usr/bin:/usr/sbin" TCLLIBPATH="." /usr/bin/tclsh8.6 ./fixline1 /usr/bin < ./example/tkpasswd > tkpasswd
TCL_LIBRARY=`echo /usr/include/library` LD_LIBRARY_PATH=".:/usr/lib:" PATH=".:/usr/lib:/usr/bin:/usr/sbin" TCLLIBPATH="." /usr/bin/tclsh8.6 ./fixline1 /usr/bin < ./example/dislocate > dislocate
TCL_LIBRARY=`echo /usr/include/library` LD_LIBRARY_PATH=".:/usr/lib:" PATH=".:/usr/lib:/usr/bin:/usr/sbin" TCLLIBPATH="." /usr/bin/tclsh8.6 ./fixline1 /usr/bin < ./example/xkibitz > xkibitz
TCL_LIBRARY=`echo /usr/include/library` LD_LIBRARY_PATH=".:/usr/lib:" PATH=".:/usr/lib:/usr/bin:/usr/sbin" TCLLIBPATH="." /usr/bin/tclsh8.6 ./fixline1 /usr/bin < ./example/tknewsbiff > tknewsbiff
TCL_LIBRARY=`echo /usr/include/library` LD_LIBRARY_PATH=".:/usr/lib:" PATH=".:/usr/lib:/usr/bin:/usr/sbin" TCLLIBPATH="." /usr/bin/tclsh8.6 ./fixline1 /usr/bin < ./example/unbuffer > unbuffer
TCL_LIBRARY=`echo /usr/include/library` LD_LIBRARY_PATH=".:/usr/lib:" PATH=".:/usr/lib:/usr/bin:/usr/sbin" TCLLIBPATH="." /usr/bin/tclsh8.6 ./fixline1 /usr/bin < ./example/mkpasswd > mkpasswd
 Install pkgIndex.tcl /usr/lib/expect5.45.4
TCL_LIBRARY=`echo /usr/include/library` LD_LIBRARY_PATH=".:/usr/lib:" PATH=".:/usr/lib:/usr/bin:/usr/sbin" TCLLIBPATH="." /usr/bin/tclsh8.6 ./fixline1 /usr/bin < ./example/cryptdir > cryptdir
TCL_LIBRARY=`echo /usr/include/library` LD_LIBRARY_PATH=".:/usr/lib:" PATH=".:/usr/lib:/usr/bin:/usr/sbin" TCLLIBPATH="." /usr/bin/tclsh8.6 ./fixline1 /usr/bin < ./example/decryptdir > decryptdir
TCL_LIBRARY=`echo /usr/include/library` LD_LIBRARY_PATH=".:/usr/lib:" PATH=".:/usr/lib:/usr/bin:/usr/sbin" TCLLIBPATH="." /usr/bin/tclsh8.6 ./fixline1 /usr/bin < ./example/autoexpect > autoexpect
TCL_LIBRARY=`echo /usr/include/library` LD_LIBRARY_PATH=".:/usr/lib:" PATH=".:/usr/lib:/usr/bin:/usr/sbin" TCLLIBPATH="." /usr/bin/tclsh8.6 ./fixline1 /usr/bin < ./example/multixterm > multixterm
Installing documentation in /usr/share/man
/usr/bin/install -c -m 644 ./expect.man /usr/share/man/man1/expect.1
/usr/bin/install -c -m 644 ./libexpect.man /usr/share/man/man3/libexpect.3
for i in kibitz dislocate xkibitz tknewsbiff unbuffer mkpasswd passmass cryptdir decryptdir autoexpect multixterm end_of_list ; do \
  if [ -f ./example/$i.man ] ; then \
    /usr/bin/install -c -m 644 ./example/$i.man /usr/share/man/man1/$i.1 ; \
  else true; fi ; \
done
Installing header files in /usr/include
Installing ./expect.h
Installing ./expect_tcl.h
Installing ./expect_comm.h
Installing ./tcldbg.h
for i in timed-run timed-read ftp-rfc autopasswd lpunlock weather passmass rftp kibitz rlogin-cwd xpstat tkpasswd dislocate xkibitz tknewsbiff unbuffer mkpasswd cryptdir decryptdir autoexpect multixterm end_of_list ; do \
  if [ -f $i ] ; then \
    /usr/bin/install -c $i /usr/bin/$i ; \
    rm -f $i ; \
  else true; fi ; \
done
