make  all-recursive
make[1]: Entering directory '/sources/findutils-4.9.0'
Making all in gl
make[2]: Entering directory '/sources/findutils-4.9.0/gl'
Making all in lib
make[3]: Entering directory '/sources/findutils-4.9.0/gl/lib'
  GEN      alloca.h
  GEN      ctype.h
  GEN      dirent.h
  GEN      malloc/dynarray.gl.h
  GEN      malloc/dynarray-skeleton.gl.h
  GEN      fcntl.h
  GEN      inttypes.h
  GEN      langinfo.h
  GEN      limits.h
  GEN      locale.h
  GEN      math.h
  GEN      selinux/selinux.h
  GEN      malloc/scratch_buffer.gl.h
  GEN      selinux/context.h
  GEN      selinux/label.h
  GEN      stdio.h
  GEN      stdlib.h
  GEN      string.h
  GEN      strings.h
  GEN      sys/socket.h
  GEN      sys/stat.h
  GEN      sys/time.h
  GEN      sys/types.h
  GEN      sys/uio.h
  GEN      sys/utsname.h
  GEN      sys/wait.h
  GEN      time.h
  GEN      unistd.h
  GEN      unitypes.h
  GEN      uniwidth.h
  GEN      wchar.h
  GEN      wctype.h
make  all-recursive
make[4]: Entering directory '/sources/findutils-4.9.0/gl/lib'
make[5]: Entering directory '/sources/findutils-4.9.0/gl/lib'
  CC       libgnulib_a-allocator.o
  CC       libgnulib_a-areadlink.o
  CC       libgnulib_a-areadlinkat.o
  CC       libgnulib_a-argmatch.o
  CC       libgnulib_a-argv-iter.o
  CC       libgnulib_a-openat-proc.o
  CC       libgnulib_a-basename-lgpl.o
  CC       libgnulib_a-bitrotate.o
  CC       libgnulib_a-c-ctype.o
  CC       libgnulib_a-c-strcasecmp.o
  CC       libgnulib_a-c-strncasecmp.o
  CC       libgnulib_a-c-strcasestr.o
  CC       libgnulib_a-c-strstr.o
  CC       libgnulib_a-canonicalize.o
  CC       libgnulib_a-careadlinkat.o
  CC       libgnulib_a-chdir-long.o
  CC       libgnulib_a-cloexec.o
  CC       libgnulib_a-close-stream.o
  CC       libgnulib_a-closein.o
  CC       libgnulib_a-closeout.o
  CC       libgnulib_a-cycle-check.o
  CC       libgnulib_a-opendir-safer.o
  CC       libgnulib_a-dirname.o
  CC       libgnulib_a-basename.o
  CC       libgnulib_a-dirname-lgpl.o
  CC       libgnulib_a-stripslash.o
  CC       libgnulib_a-exitfail.o
  CC       libgnulib_a-fclose.o
  CC       libgnulib_a-fcntl.o
  CC       libgnulib_a-creat-safer.o
  CC       libgnulib_a-open-safer.o
  CC       libgnulib_a-fd-hook.o
  CC       libgnulib_a-fd-safer-flag.o
  CC       libgnulib_a-dup-safer-flag.o
  CC       libgnulib_a-fflush.o
  CC       libgnulib_a-file-set.o
  CC       libgnulib_a-filemode.o
  CC       libgnulib_a-filenamecat-lgpl.o
  CC       libgnulib_a-fopen-safer.o
  CC       libgnulib_a-fpurge.o
  CC       libgnulib_a-freadahead.o
  CC       libgnulib_a-freading.o
  CC       libgnulib_a-fseek.o
  CC       libgnulib_a-fseeko.o
  CC       libgnulib_a-fts.o
  CC       libgnulib_a-getprogname.o
  CC       libgnulib_a-gettime.o
  CC       libgnulib_a-hard-locale.o
  CC       libgnulib_a-hash.o
  CC       libgnulib_a-hash-pjw.o
  CC       libgnulib_a-hash-triple-simple.o
  CC       libgnulib_a-human.o
  CC       libgnulib_a-i-ring.o
  CC       libgnulib_a-ialloc.o
  CC       libgnulib_a-idcache.o
  CC       libgnulib_a-localcharset.o
  CC       libgnulib_a-malloca.o
  CC       libgnulib_a-math.o
  CC       libgnulib_a-mbchar.o
  CC       libgnulib_a-mbrtowc.o
  CC       libgnulib_a-mbscasestr.o
  CC       libgnulib_a-mbslen.o
  CC       libgnulib_a-mbsstr.o
  CC       libgnulib_a-mbswidth.o
  CC       libgnulib_a-mbuiter.o
  CC       libgnulib_a-modechange.o
  CC       libgnulib_a-mountlist.o
  CC       libgnulib_a-nstrftime.o
  CC       libgnulib_a-openat-die.o
  CC       libgnulib_a-openat-safer.o
  CC       libgnulib_a-opendirat.o
  CC       libgnulib_a-parse-datetime.o
  CC       libgnulib_a-progname.o
  CC       libgnulib_a-quotearg.o
  CC       libgnulib_a-safe-read.o
  CC       libgnulib_a-save-cwd.o
  CC       libgnulib_a-savedir.o
  CC       malloc/libgnulib_a-scratch_buffer_dupfree.o
  CC       malloc/libgnulib_a-scratch_buffer_grow.o
  CC       malloc/libgnulib_a-scratch_buffer_grow_preserve.o
  CC       malloc/libgnulib_a-scratch_buffer_set_array_size.o
  CC       libgnulib_a-selinux-at.o
  CC       libgnulib_a-se-context.o
  CC       libgnulib_a-se-label.o
  CC       libgnulib_a-se-selinux.o
  CC       libgnulib_a-setlocale_null.o
  CC       libgnulib_a-sockets.o
  CC       libgnulib_a-stat-time.o
  CC       libgnulib_a-statat.o
  CC       libgnulib_a-strnlen1.o
  CC       libgnulib_a-sys_socket.o
  CC       glthread/libgnulib_a-threadlib.o
  CC       libgnulib_a-time_rz.o
  CC       libgnulib_a-timespec.o
  CC       libgnulib_a-unistd.o
  CC       libgnulib_a-fd-safer.o
  CC       libgnulib_a-dup-safer.o
  CC       libgnulib_a-pipe-safer.o
  CC       libgnulib_a-version-etc.o
  CC       libgnulib_a-version-etc-fsf.o
  CC       libgnulib_a-wctype-h.o
  CC       libgnulib_a-xmalloc.o
  CC       libgnulib_a-xalloc-die.o
  CC       libgnulib_a-xgetcwd.o
  CC       libgnulib_a-xsize.o
  CC       libgnulib_a-xstrtod.o
  CC       libgnulib_a-xstrtol.o
  CC       libgnulib_a-xstrtoul.o
  CC       libgnulib_a-xstrtol-error.o
  CC       libgnulib_a-xstrtoumax.o
  CC       libgnulib_a-yesno.o
  CC       asnprintf.o
  CC       mktime.o
  CC       printf-args.o
  CC       printf-parse.o
  CC       strerror_r.o
  CC       vasnprintf.o
  CC       malloc/libgnulib_a-dynarray_at_failure.o
  CC       malloc/libgnulib_a-dynarray_emplace_enlarge.o
  CC       malloc/libgnulib_a-dynarray_finalize.o
  CC       malloc/libgnulib_a-dynarray_resize.o
  CC       malloc/libgnulib_a-dynarray_resize_clear.o
  CC       glthread/libgnulib_a-lock.o
  CC       uniwidth/libgnulib_a-width.o
  AR       libgnulib.a
make[5]: Leaving directory '/sources/findutils-4.9.0/gl/lib'
make[4]: Leaving directory '/sources/findutils-4.9.0/gl/lib'
make[3]: Leaving directory '/sources/findutils-4.9.0/gl/lib'
make[3]: Entering directory '/sources/findutils-4.9.0/gl'
make[3]: Nothing to be done for 'all-am'.
make[3]: Leaving directory '/sources/findutils-4.9.0/gl'
make[2]: Leaving directory '/sources/findutils-4.9.0/gl'
Making all in build-aux
make[2]: Entering directory '/sources/findutils-4.9.0/build-aux'
make[2]: Nothing to be done for 'all'.
make[2]: Leaving directory '/sources/findutils-4.9.0/build-aux'
Making all in lib
make[2]: Entering directory '/sources/findutils-4.9.0/lib'
  CC       dircallback.o
  CC       buildcmd.o
  CC       extendbuf.o
  CC       fdleak.o
  CC       findutils-version.o
  CC       listfile.o
  CC       qmark.o
  CC       printquoted.o
  CC       regextype.o
  CC       safe-atoi.o
  CC       splitstring.o
  CC       bugreports.o
  AR       libfind.a
make[2]: Leaving directory '/sources/findutils-4.9.0/lib'
Making all in find
make[2]: Entering directory '/sources/findutils-4.9.0/find'
Making all in .
make[3]: Entering directory '/sources/findutils-4.9.0/find'
  CC       finddata.o
  CC       ftsfind.o
  CC       fstype.o
  CC       pred.o
  CC       parser.o
  CC       exec.o
  CC       util.o
  CC       tree.o
  CC       sharefile.o
  CC       print.o
  AR       libfindtools.a
  CCLD     find
make[3]: Leaving directory '/sources/findutils-4.9.0/find'
Making all in testsuite
make[3]: Entering directory '/sources/findutils-4.9.0/find/testsuite'
make[3]: Nothing to be done for 'all'.
make[3]: Leaving directory '/sources/findutils-4.9.0/find/testsuite'
make[2]: Leaving directory '/sources/findutils-4.9.0/find'
Making all in xargs
make[2]: Entering directory '/sources/findutils-4.9.0/xargs'
Making all in .
make[3]: Entering directory '/sources/findutils-4.9.0/xargs'
  CC       xargs.o
  CCLD     xargs
make[3]: Leaving directory '/sources/findutils-4.9.0/xargs'
Making all in testsuite
make[3]: Entering directory '/sources/findutils-4.9.0/xargs/testsuite'
make[3]: Nothing to be done for 'all'.
make[3]: Leaving directory '/sources/findutils-4.9.0/xargs/testsuite'
make[2]: Leaving directory '/sources/findutils-4.9.0/xargs'
Making all in locate
make[2]: Entering directory '/sources/findutils-4.9.0/locate'
echo '@set LOCATE_DB /var/lib/locate/locatedb' > dblocation.texi.tmp
if test -f dblocation.texi && cmp dblocation.texi.tmp dblocation.texi >/dev/null ; then \
    rm dblocation.texi.tmp ; \
else \
    mv dblocation.texi.tmp dblocation.texi ; \
fi
make  all-recursive
make[3]: Entering directory '/sources/findutils-4.9.0/locate'
Making all in .
make[4]: Entering directory '/sources/findutils-4.9.0/locate'
  CC       locate.o
  CC       word_io.o
rm -f updatedb
find=`echo find|sed 's,x,x,'`; \
frcode=`echo frcode|sed 's,x,x,'`; \
copyright=`sed -n '/^# Copyright /{s/^..//;p;q;}' ./updatedb.sh \
  grep .` || exit 1; \
sed \
-e "s,@""bindir""@,/usr/bin," \
-e "s,@""libexecdir""@,/usr/libexec," \
-e "s,@""LOCATE_DB""@,/var/lib/locate/locatedb," \
-e "s,@""VERSION""@,4.9.0," \
-e "s,@""PACKAGE_NAME""@,GNU findutils," \
-e "s,@""PACKAGE_BUGREPORT""@,bug-findutils@gnu.org," \
-e "s,@""PACKAGE_BUGREPORT_URL""@,https://savannah.gnu.org/bugs/?group=findutils," \
-e "s,@""PACKAGE_URL""@,http://www.gnu.org/software/findutils/," \
-e "s,@""find""@,${find}," \
-e "s,@""frcode""@,${frcode}," \
-e "s,@""SORT""@,/usr/bin/sort," \
-e "s,@""SORT_SUPPORTS_Z""@,true," \
-e "s/@""COPYRIGHT""@/${copyright}/" \
./updatedb.sh > updatedb
  CC       frcode.o
chmod +x updatedb
  CCLD     frcode
  CCLD     locate
make[4]: Leaving directory '/sources/findutils-4.9.0/locate'
Making all in testsuite
make[4]: Entering directory '/sources/findutils-4.9.0/locate/testsuite'
make[4]: Nothing to be done for 'all'.
make[4]: Leaving directory '/sources/findutils-4.9.0/locate/testsuite'
make[3]: Leaving directory '/sources/findutils-4.9.0/locate'
make[2]: Leaving directory '/sources/findutils-4.9.0/locate'
Making all in doc
make[2]: Entering directory '/sources/findutils-4.9.0/doc'
ln -s ../locate/dblocation.texi dblocation.texi
make  all-am
make[3]: Entering directory '/sources/findutils-4.9.0/doc'
make[3]: Nothing to be done for 'all-am'.
make[3]: Leaving directory '/sources/findutils-4.9.0/doc'
make[2]: Leaving directory '/sources/findutils-4.9.0/doc'
Making all in po
make[2]: Entering directory '/sources/findutils-4.9.0/po'
make[2]: Nothing to be done for 'all'.
make[2]: Leaving directory '/sources/findutils-4.9.0/po'
Making all in m4
make[2]: Entering directory '/sources/findutils-4.9.0/m4'
make[2]: Nothing to be done for 'all'.
make[2]: Leaving directory '/sources/findutils-4.9.0/m4'
Making all in gnulib-tests
make[2]: Entering directory '/sources/findutils-4.9.0/gnulib-tests'
  GEN      arpa/inet.h
  GEN      pthread.h
  GEN      sched.h
  GEN      signal.h
  GEN      sys/random.h
  GEN      sys/ioctl.h
  GEN      sys/select.h
## ---------------------------------------------------- ##
## ------------------- Gnulib tests ------------------- ##
## You can ignore compiler warnings in this directory.  ##
## ---------------------------------------------------- ##
make  all-recursive
make[3]: Entering directory '/sources/findutils-4.9.0/gnulib-tests'
Making all in .
make[4]: Entering directory '/sources/findutils-4.9.0/gnulib-tests'
  CC       binary-io.o
  CC       locale.o
  CC       dtotimespec.o
  CC       imaxtostr.o
  CC       inttostr.o
  CC       offtostr.o
  CC       uinttostr.o
  CC       umaxtostr.o
  CC       ioctl.o
  CC       localename.o
  CC       localename-table.o
  CC       nanosleep.o
  CC       priv-set.o
  CC       sig-handler.o
  CC       tempname.o
  CC       timespec-add.o
  CC       timespec-sub.o
  CC       tmpdir.o
  CC       unlinkdir.o
  CC       test-localcharset.o
  CC       glthread/thread.o
  AR       libtests.a
  CCLD     current-locale
  CCLD     test-localcharset
make[4]: Leaving directory '/sources/findutils-4.9.0/gnulib-tests'
make[3]: Leaving directory '/sources/findutils-4.9.0/gnulib-tests'
make[2]: Leaving directory '/sources/findutils-4.9.0/gnulib-tests'
make[2]: Entering directory '/sources/findutils-4.9.0'
make[2]: Leaving directory '/sources/findutils-4.9.0'
make[1]: Leaving directory '/sources/findutils-4.9.0'
