Making install in gl
make[1]: Entering directory '/sources/findutils-4.9.0/gl'
Making install in lib
make[2]: Entering directory '/sources/findutils-4.9.0/gl/lib'
make  install-recursive
make[3]: Entering directory '/sources/findutils-4.9.0/gl/lib'
make[4]: Entering directory '/sources/findutils-4.9.0/gl/lib'
make[5]: Entering directory '/sources/findutils-4.9.0/gl/lib'
make[5]: Nothing to be done for 'install-exec-am'.
make[5]: Nothing to be done for 'install-data-am'.
make[5]: Leaving directory '/sources/findutils-4.9.0/gl/lib'
make[4]: Leaving directory '/sources/findutils-4.9.0/gl/lib'
make[3]: Leaving directory '/sources/findutils-4.9.0/gl/lib'
make[2]: Leaving directory '/sources/findutils-4.9.0/gl/lib'
make[2]: Entering directory '/sources/findutils-4.9.0/gl'
make[3]: Entering directory '/sources/findutils-4.9.0/gl'
make[3]: Nothing to be done for 'install-exec-am'.
make[3]: Nothing to be done for 'install-data-am'.
make[3]: Leaving directory '/sources/findutils-4.9.0/gl'
make[2]: Leaving directory '/sources/findutils-4.9.0/gl'
make[1]: Leaving directory '/sources/findutils-4.9.0/gl'
Making install in build-aux
make[1]: Entering directory '/sources/findutils-4.9.0/build-aux'
make[2]: Entering directory '/sources/findutils-4.9.0/build-aux'
make[2]: Nothing to be done for 'install-exec-am'.
make[2]: Nothing to be done for 'install-data-am'.
make[2]: Leaving directory '/sources/findutils-4.9.0/build-aux'
make[1]: Leaving directory '/sources/findutils-4.9.0/build-aux'
Making install in lib
make[1]: Entering directory '/sources/findutils-4.9.0/lib'
make[2]: Entering directory '/sources/findutils-4.9.0/lib'
make[2]: Nothing to be done for 'install-exec-am'.
make[2]: Nothing to be done for 'install-data-am'.
make[2]: Leaving directory '/sources/findutils-4.9.0/lib'
make[1]: Leaving directory '/sources/findutils-4.9.0/lib'
Making install in find
make[1]: Entering directory '/sources/findutils-4.9.0/find'
Making install in .
make[2]: Entering directory '/sources/findutils-4.9.0/find'
make[3]: Entering directory '/sources/findutils-4.9.0/find'
 /usr/bin/mkdir -p '/usr/bin'
 /usr/bin/mkdir -p '/usr/share/man/man1'
  /usr/bin/install -c find '/usr/bin'
 /usr/bin/install -c -m 644 find.1 '/usr/share/man/man1'
make[3]: Leaving directory '/sources/findutils-4.9.0/find'
make[2]: Leaving directory '/sources/findutils-4.9.0/find'
Making install in testsuite
make[2]: Entering directory '/sources/findutils-4.9.0/find/testsuite'
make[3]: Entering directory '/sources/findutils-4.9.0/find/testsuite'
make[3]: Nothing to be done for 'install-exec-am'.
make[3]: Nothing to be done for 'install-data-am'.
make[3]: Leaving directory '/sources/findutils-4.9.0/find/testsuite'
make[2]: Leaving directory '/sources/findutils-4.9.0/find/testsuite'
make[1]: Leaving directory '/sources/findutils-4.9.0/find'
Making install in xargs
make[1]: Entering directory '/sources/findutils-4.9.0/xargs'
Making install in .
make[2]: Entering directory '/sources/findutils-4.9.0/xargs'
make[3]: Entering directory '/sources/findutils-4.9.0/xargs'
 /usr/bin/mkdir -p '/usr/bin'
 /usr/bin/mkdir -p '/usr/share/man/man1'
  /usr/bin/install -c xargs '/usr/bin'
 /usr/bin/install -c -m 644 xargs.1 '/usr/share/man/man1'
make[3]: Leaving directory '/sources/findutils-4.9.0/xargs'
make[2]: Leaving directory '/sources/findutils-4.9.0/xargs'
Making install in testsuite
make[2]: Entering directory '/sources/findutils-4.9.0/xargs/testsuite'
make[3]: Entering directory '/sources/findutils-4.9.0/xargs/testsuite'
make[3]: Nothing to be done for 'install-exec-am'.
make[3]: Nothing to be done for 'install-data-am'.
make[3]: Leaving directory '/sources/findutils-4.9.0/xargs/testsuite'
make[2]: Leaving directory '/sources/findutils-4.9.0/xargs/testsuite'
make[1]: Leaving directory '/sources/findutils-4.9.0/xargs'
Making install in locate
make[1]: Entering directory '/sources/findutils-4.9.0/locate'
echo '@set LOCATE_DB /var/lib/locate/locatedb' > dblocation.texi.tmp
if test -f dblocation.texi && cmp dblocation.texi.tmp dblocation.texi >/dev/null ; then \
    rm dblocation.texi.tmp ; \
else \
    mv dblocation.texi.tmp dblocation.texi ; \
fi
make  install-recursive
make[2]: Entering directory '/sources/findutils-4.9.0/locate'
Making install in .
make[3]: Entering directory '/sources/findutils-4.9.0/locate'
make[4]: Entering directory '/sources/findutils-4.9.0/locate'
 /usr/bin/mkdir -p '/usr/bin'
 /usr/bin/mkdir -p '/usr/bin'
 /usr/bin/mkdir -p '/usr/libexec'
 /usr/bin/mkdir -p '/usr/share/man/man1'
 /usr/bin/mkdir -p '/usr/share/man/man5'
 /usr/bin/install -c updatedb '/usr/bin'
  /usr/bin/install -c frcode '/usr/libexec'
  /usr/bin/install -c locate '/usr/bin'
 /usr/bin/install -c -m 644 locate.1 updatedb.1 '/usr/share/man/man1'
 /usr/bin/install -c -m 644 locatedb.5 '/usr/share/man/man5'
make  install-data-hook
make[5]: Entering directory '/sources/findutils-4.9.0/locate'
../build-aux/mkinstalldirs /var/lib/locate
make[5]: Leaving directory '/sources/findutils-4.9.0/locate'
make[4]: Leaving directory '/sources/findutils-4.9.0/locate'
make[3]: Leaving directory '/sources/findutils-4.9.0/locate'
Making install in testsuite
make[3]: Entering directory '/sources/findutils-4.9.0/locate/testsuite'
make[4]: Entering directory '/sources/findutils-4.9.0/locate/testsuite'
make[4]: Nothing to be done for 'install-exec-am'.
make[4]: Nothing to be done for 'install-data-am'.
make[4]: Leaving directory '/sources/findutils-4.9.0/locate/testsuite'
make[3]: Leaving directory '/sources/findutils-4.9.0/locate/testsuite'
make[2]: Leaving directory '/sources/findutils-4.9.0/locate'
make[1]: Leaving directory '/sources/findutils-4.9.0/locate'
Making install in doc
make[1]: Entering directory '/sources/findutils-4.9.0/doc'
make  install-am
make[2]: Entering directory '/sources/findutils-4.9.0/doc'
make[3]: Entering directory '/sources/findutils-4.9.0/doc'
make[3]: Nothing to be done for 'install-exec-am'.
 /usr/bin/mkdir -p '/usr/share/info'
 /usr/bin/install -c -m 644 ./find.info ./find.info-1 ./find.info-2 ./find-maint.info '/usr/share/info'
 install-info --info-dir='/usr/share/info' '/usr/share/info/find.info'
 install-info --info-dir='/usr/share/info' '/usr/share/info/find-maint.info'
make[3]: Leaving directory '/sources/findutils-4.9.0/doc'
make[2]: Leaving directory '/sources/findutils-4.9.0/doc'
make[1]: Leaving directory '/sources/findutils-4.9.0/doc'
Making install in po
make[1]: Entering directory '/sources/findutils-4.9.0/po'
installing be.gmo as /usr/share/locale/be/LC_MESSAGES/findutils.mo
installing bg.gmo as /usr/share/locale/bg/LC_MESSAGES/findutils.mo
installing ca.gmo as /usr/share/locale/ca/LC_MESSAGES/findutils.mo
installing cs.gmo as /usr/share/locale/cs/LC_MESSAGES/findutils.mo
installing da.gmo as /usr/share/locale/da/LC_MESSAGES/findutils.mo
installing de.gmo as /usr/share/locale/de/LC_MESSAGES/findutils.mo
installing el.gmo as /usr/share/locale/el/LC_MESSAGES/findutils.mo
installing eo.gmo as /usr/share/locale/eo/LC_MESSAGES/findutils.mo
installing es.gmo as /usr/share/locale/es/LC_MESSAGES/findutils.mo
installing et.gmo as /usr/share/locale/et/LC_MESSAGES/findutils.mo
installing fi.gmo as /usr/share/locale/fi/LC_MESSAGES/findutils.mo
installing fr.gmo as /usr/share/locale/fr/LC_MESSAGES/findutils.mo
installing ga.gmo as /usr/share/locale/ga/LC_MESSAGES/findutils.mo
installing gl.gmo as /usr/share/locale/gl/LC_MESSAGES/findutils.mo
installing hr.gmo as /usr/share/locale/hr/LC_MESSAGES/findutils.mo
installing hu.gmo as /usr/share/locale/hu/LC_MESSAGES/findutils.mo
installing id.gmo as /usr/share/locale/id/LC_MESSAGES/findutils.mo
installing it.gmo as /usr/share/locale/it/LC_MESSAGES/findutils.mo
installing ja.gmo as /usr/share/locale/ja/LC_MESSAGES/findutils.mo
installing ko.gmo as /usr/share/locale/ko/LC_MESSAGES/findutils.mo
installing lg.gmo as /usr/share/locale/lg/LC_MESSAGES/findutils.mo
installing lt.gmo as /usr/share/locale/lt/LC_MESSAGES/findutils.mo
installing ms.gmo as /usr/share/locale/ms/LC_MESSAGES/findutils.mo
installing nb.gmo as /usr/share/locale/nb/LC_MESSAGES/findutils.mo
installing nl.gmo as /usr/share/locale/nl/LC_MESSAGES/findutils.mo
installing pl.gmo as /usr/share/locale/pl/LC_MESSAGES/findutils.mo
installing pt.gmo as /usr/share/locale/pt/LC_MESSAGES/findutils.mo
installing pt_BR.gmo as /usr/share/locale/pt_BR/LC_MESSAGES/findutils.mo
installing ro.gmo as /usr/share/locale/ro/LC_MESSAGES/findutils.mo
installing ru.gmo as /usr/share/locale/ru/LC_MESSAGES/findutils.mo
installing sk.gmo as /usr/share/locale/sk/LC_MESSAGES/findutils.mo
installing sl.gmo as /usr/share/locale/sl/LC_MESSAGES/findutils.mo
installing sr.gmo as /usr/share/locale/sr/LC_MESSAGES/findutils.mo
installing sv.gmo as /usr/share/locale/sv/LC_MESSAGES/findutils.mo
installing tr.gmo as /usr/share/locale/tr/LC_MESSAGES/findutils.mo
installing uk.gmo as /usr/share/locale/uk/LC_MESSAGES/findutils.mo
installing vi.gmo as /usr/share/locale/vi/LC_MESSAGES/findutils.mo
installing zh_CN.gmo as /usr/share/locale/zh_CN/LC_MESSAGES/findutils.mo
installing zh_TW.gmo as /usr/share/locale/zh_TW/LC_MESSAGES/findutils.mo
if test "findutils" = "gettext-tools"; then \
  /usr/bin/mkdir -p /usr/share/gettext/po; \
  for file in Makefile.in.in remove-potcdate.sin quot.sed boldquot.sed en@quot.header en@boldquot.header insert-header.sin Rules-quot   Makevars.template; do \
    /usr/bin/install -c -m 644 ./$file \
		    /usr/share/gettext/po/$file; \
  done; \
  for file in Makevars; do \
    rm -f /usr/share/gettext/po/$file; \
  done; \
else \
  : ; \
fi
make[1]: Leaving directory '/sources/findutils-4.9.0/po'
Making install in m4
make[1]: Entering directory '/sources/findutils-4.9.0/m4'
make[2]: Entering directory '/sources/findutils-4.9.0/m4'
make[2]: Nothing to be done for 'install-exec-am'.
make[2]: Nothing to be done for 'install-data-am'.
make[2]: Leaving directory '/sources/findutils-4.9.0/m4'
make[1]: Leaving directory '/sources/findutils-4.9.0/m4'
Making install in gnulib-tests
make[1]: Entering directory '/sources/findutils-4.9.0/gnulib-tests'
make  install-recursive
make[2]: Entering directory '/sources/findutils-4.9.0/gnulib-tests'
Making install in .
make[3]: Entering directory '/sources/findutils-4.9.0/gnulib-tests'
make[4]: Entering directory '/sources/findutils-4.9.0/gnulib-tests'
make[4]: Nothing to be done for 'install-exec-am'.
make[4]: Nothing to be done for 'install-data-am'.
make[4]: Leaving directory '/sources/findutils-4.9.0/gnulib-tests'
make[3]: Leaving directory '/sources/findutils-4.9.0/gnulib-tests'
make[2]: Leaving directory '/sources/findutils-4.9.0/gnulib-tests'
make[1]: Leaving directory '/sources/findutils-4.9.0/gnulib-tests'
make[1]: Entering directory '/sources/findutils-4.9.0'
make[2]: Entering directory '/sources/findutils-4.9.0'
make[2]: Nothing to be done for 'install-exec-am'.
make[2]: Nothing to be done for 'install-data-am'.
make[2]: Leaving directory '/sources/findutils-4.9.0'
make[1]: Leaving directory '/sources/findutils-4.9.0'
