make  install-recursive
make[1]: Entering directory '/sources/gmp-6.3.0'
Making install in tests
make[2]: Entering directory '/sources/gmp-6.3.0/tests'
Making install in .
make[3]: Entering directory '/sources/gmp-6.3.0/tests'
make[4]: Entering directory '/sources/gmp-6.3.0/tests'
make[4]: Nothing to be done for 'install-exec-am'.
make[4]: Nothing to be done for 'install-data-am'.
make[4]: Leaving directory '/sources/gmp-6.3.0/tests'
make[3]: Leaving directory '/sources/gmp-6.3.0/tests'
Making install in devel
make[3]: Entering directory '/sources/gmp-6.3.0/tests/devel'
make[4]: Entering directory '/sources/gmp-6.3.0/tests/devel'
make[4]: Nothing to be done for 'install-exec-am'.
make[4]: Nothing to be done for 'install-data-am'.
make[4]: Leaving directory '/sources/gmp-6.3.0/tests/devel'
make[3]: Leaving directory '/sources/gmp-6.3.0/tests/devel'
Making install in mpn
make[3]: Entering directory '/sources/gmp-6.3.0/tests/mpn'
make[4]: Entering directory '/sources/gmp-6.3.0/tests/mpn'
make[4]: Nothing to be done for 'install-exec-am'.
make[4]: Nothing to be done for 'install-data-am'.
make[4]: Leaving directory '/sources/gmp-6.3.0/tests/mpn'
make[3]: Leaving directory '/sources/gmp-6.3.0/tests/mpn'
Making install in mpz
make[3]: Entering directory '/sources/gmp-6.3.0/tests/mpz'
make[4]: Entering directory '/sources/gmp-6.3.0/tests/mpz'
make[4]: Nothing to be done for 'install-exec-am'.
make[4]: Nothing to be done for 'install-data-am'.
make[4]: Leaving directory '/sources/gmp-6.3.0/tests/mpz'
make[3]: Leaving directory '/sources/gmp-6.3.0/tests/mpz'
Making install in mpq
make[3]: Entering directory '/sources/gmp-6.3.0/tests/mpq'
make[4]: Entering directory '/sources/gmp-6.3.0/tests/mpq'
make[4]: Nothing to be done for 'install-exec-am'.
make[4]: Nothing to be done for 'install-data-am'.
make[4]: Leaving directory '/sources/gmp-6.3.0/tests/mpq'
make[3]: Leaving directory '/sources/gmp-6.3.0/tests/mpq'
Making install in mpf
make[3]: Entering directory '/sources/gmp-6.3.0/tests/mpf'
make[4]: Entering directory '/sources/gmp-6.3.0/tests/mpf'
make[4]: Nothing to be done for 'install-exec-am'.
make[4]: Nothing to be done for 'install-data-am'.
make[4]: Leaving directory '/sources/gmp-6.3.0/tests/mpf'
make[3]: Leaving directory '/sources/gmp-6.3.0/tests/mpf'
Making install in rand
make[3]: Entering directory '/sources/gmp-6.3.0/tests/rand'
make[4]: Entering directory '/sources/gmp-6.3.0/tests/rand'
make[4]: Nothing to be done for 'install-exec-am'.
make[4]: Nothing to be done for 'install-data-am'.
make[4]: Leaving directory '/sources/gmp-6.3.0/tests/rand'
make[3]: Leaving directory '/sources/gmp-6.3.0/tests/rand'
Making install in misc
make[3]: Entering directory '/sources/gmp-6.3.0/tests/misc'
make[4]: Entering directory '/sources/gmp-6.3.0/tests/misc'
make[4]: Nothing to be done for 'install-exec-am'.
make[4]: Nothing to be done for 'install-data-am'.
make[4]: Leaving directory '/sources/gmp-6.3.0/tests/misc'
make[3]: Leaving directory '/sources/gmp-6.3.0/tests/misc'
Making install in cxx
make[3]: Entering directory '/sources/gmp-6.3.0/tests/cxx'
make[4]: Entering directory '/sources/gmp-6.3.0/tests/cxx'
make[4]: Nothing to be done for 'install-exec-am'.
make[4]: Nothing to be done for 'install-data-am'.
make[4]: Leaving directory '/sources/gmp-6.3.0/tests/cxx'
make[3]: Leaving directory '/sources/gmp-6.3.0/tests/cxx'
make[2]: Leaving directory '/sources/gmp-6.3.0/tests'
Making install in mpn
make[2]: Entering directory '/sources/gmp-6.3.0/mpn'
make[3]: Entering directory '/sources/gmp-6.3.0/mpn'
make[3]: Nothing to be done for 'install-exec-am'.
make[3]: Nothing to be done for 'install-data-am'.
make[3]: Leaving directory '/sources/gmp-6.3.0/mpn'
make[2]: Leaving directory '/sources/gmp-6.3.0/mpn'
Making install in mpz
make[2]: Entering directory '/sources/gmp-6.3.0/mpz'
make[3]: Entering directory '/sources/gmp-6.3.0/mpz'
make[3]: Nothing to be done for 'install-exec-am'.
make[3]: Nothing to be done for 'install-data-am'.
make[3]: Leaving directory '/sources/gmp-6.3.0/mpz'
make[2]: Leaving directory '/sources/gmp-6.3.0/mpz'
Making install in mpq
make[2]: Entering directory '/sources/gmp-6.3.0/mpq'
make[3]: Entering directory '/sources/gmp-6.3.0/mpq'
make[3]: Nothing to be done for 'install-exec-am'.
make[3]: Nothing to be done for 'install-data-am'.
make[3]: Leaving directory '/sources/gmp-6.3.0/mpq'
make[2]: Leaving directory '/sources/gmp-6.3.0/mpq'
Making install in mpf
make[2]: Entering directory '/sources/gmp-6.3.0/mpf'
make[3]: Entering directory '/sources/gmp-6.3.0/mpf'
make[3]: Nothing to be done for 'install-exec-am'.
make[3]: Nothing to be done for 'install-data-am'.
make[3]: Leaving directory '/sources/gmp-6.3.0/mpf'
make[2]: Leaving directory '/sources/gmp-6.3.0/mpf'
Making install in printf
make[2]: Entering directory '/sources/gmp-6.3.0/printf'
make[3]: Entering directory '/sources/gmp-6.3.0/printf'
make[3]: Nothing to be done for 'install-exec-am'.
make[3]: Nothing to be done for 'install-data-am'.
make[3]: Leaving directory '/sources/gmp-6.3.0/printf'
make[2]: Leaving directory '/sources/gmp-6.3.0/printf'
Making install in scanf
make[2]: Entering directory '/sources/gmp-6.3.0/scanf'
make[3]: Entering directory '/sources/gmp-6.3.0/scanf'
make[3]: Nothing to be done for 'install-exec-am'.
make[3]: Nothing to be done for 'install-data-am'.
make[3]: Leaving directory '/sources/gmp-6.3.0/scanf'
make[2]: Leaving directory '/sources/gmp-6.3.0/scanf'
Making install in rand
make[2]: Entering directory '/sources/gmp-6.3.0/rand'
make[3]: Entering directory '/sources/gmp-6.3.0/rand'
make[3]: Nothing to be done for 'install-exec-am'.
make[3]: Nothing to be done for 'install-data-am'.
make[3]: Leaving directory '/sources/gmp-6.3.0/rand'
make[2]: Leaving directory '/sources/gmp-6.3.0/rand'
Making install in cxx
make[2]: Entering directory '/sources/gmp-6.3.0/cxx'
make[3]: Entering directory '/sources/gmp-6.3.0/cxx'
make[3]: Nothing to be done for 'install-exec-am'.
make[3]: Nothing to be done for 'install-data-am'.
make[3]: Leaving directory '/sources/gmp-6.3.0/cxx'
make[2]: Leaving directory '/sources/gmp-6.3.0/cxx'
Making install in demos
make[2]: Entering directory '/sources/gmp-6.3.0/demos'
Making install in calc
make[3]: Entering directory '/sources/gmp-6.3.0/demos/calc'
make  install-am
make[4]: Entering directory '/sources/gmp-6.3.0/demos/calc'
make[5]: Entering directory '/sources/gmp-6.3.0/demos/calc'
make[5]: Nothing to be done for 'install-exec-am'.
make[5]: Nothing to be done for 'install-data-am'.
make[5]: Leaving directory '/sources/gmp-6.3.0/demos/calc'
make[4]: Leaving directory '/sources/gmp-6.3.0/demos/calc'
make[3]: Leaving directory '/sources/gmp-6.3.0/demos/calc'
Making install in expr
make[3]: Entering directory '/sources/gmp-6.3.0/demos/expr'
make[4]: Entering directory '/sources/gmp-6.3.0/demos/expr'
make[4]: Nothing to be done for 'install-exec-am'.
make[4]: Nothing to be done for 'install-data-am'.
make[4]: Leaving directory '/sources/gmp-6.3.0/demos/expr'
make[3]: Leaving directory '/sources/gmp-6.3.0/demos/expr'
make[3]: Entering directory '/sources/gmp-6.3.0/demos'
make[4]: Entering directory '/sources/gmp-6.3.0/demos'
make[4]: Nothing to be done for 'install-exec-am'.
make[4]: Nothing to be done for 'install-data-am'.
make[4]: Leaving directory '/sources/gmp-6.3.0/demos'
make[3]: Leaving directory '/sources/gmp-6.3.0/demos'
make[2]: Leaving directory '/sources/gmp-6.3.0/demos'
Making install in tune
make[2]: Entering directory '/sources/gmp-6.3.0/tune'
make[3]: Entering directory '/sources/gmp-6.3.0/tune'
make[3]: Nothing to be done for 'install-exec-am'.
make[3]: Nothing to be done for 'install-data-am'.
make[3]: Leaving directory '/sources/gmp-6.3.0/tune'
make[2]: Leaving directory '/sources/gmp-6.3.0/tune'
Making install in doc
make[2]: Entering directory '/sources/gmp-6.3.0/doc'
make[3]: Entering directory '/sources/gmp-6.3.0/doc'
make[3]: Nothing to be done for 'install-exec-am'.
 /usr/bin/mkdir -p '/usr/share/info'
 /usr/bin/install -c -m 644 ./gmp.info ./gmp.info-1 ./gmp.info-2 '/usr/share/info'
 install-info --info-dir='/usr/share/info' '/usr/share/info/gmp.info'
make[3]: Leaving directory '/sources/gmp-6.3.0/doc'
make[2]: Leaving directory '/sources/gmp-6.3.0/doc'
make[2]: Entering directory '/sources/gmp-6.3.0'
make[3]: Entering directory '/sources/gmp-6.3.0'
 /usr/bin/mkdir -p '/usr/include'
 /usr/bin/mkdir -p '/usr/lib'
 /usr/bin/mkdir -p '/usr/lib/pkgconfig'
 /usr/bin/mkdir -p '/usr/include'
 /bin/sh ./libtool   --mode=install /usr/bin/install -c   libgmp.la libgmpxx.la '/usr/lib'
 /usr/bin/install -c -m 644 gmp.h '/usr/include'
 /usr/bin/install -c -m 644 gmp.pc gmpxx.pc '/usr/lib/pkgconfig'
 /usr/bin/install -c -m 644 gmpxx.h '/usr/include'
make  install-data-hook
make[4]: Entering directory '/sources/gmp-6.3.0'

+-------------------------------------------------------------+
| CAUTION:                                                    |
|                                                             |
| If you have not already run "make check", then we strongly  |
| recommend you do so.                                        |
|                                                             |
| GMP has been carefully tested by its authors, but compilers |
| are all too often released with serious bugs.  GMP tends to |
| explore interesting corners in compilers and has hit bugs   |
| on quite a few occasions.                                   |
|                                                             |
+-------------------------------------------------------------+

make[4]: Leaving directory '/sources/gmp-6.3.0'
libtool: install: /usr/bin/install -c .libs/libgmp.so.10.5.0 /usr/lib/libgmp.so.10.5.0
libtool: install: (cd /usr/lib && { ln -s -f libgmp.so.10.5.0 libgmp.so.10 || { rm -f libgmp.so.10 && ln -s libgmp.so.10.5.0 libgmp.so.10; }; })
libtool: install: (cd /usr/lib && { ln -s -f libgmp.so.10.5.0 libgmp.so || { rm -f libgmp.so && ln -s libgmp.so.10.5.0 libgmp.so; }; })
libtool: install: /usr/bin/install -c .libs/libgmp.lai /usr/lib/libgmp.la
libtool: install: (cd /sources/gmp-6.3.0; /bin/sh "/sources/gmp-6.3.0/libtool"  --tag CXX --mode=relink g++ -O2 -pedantic -fomit-frame-pointer -m64 -mtune=znver1 -march=znver1 -version-info 11:0:7 -o libgmpxx.la -rpath /usr/lib cxx/dummy.lo cxx/isfuns.lo cxx/ismpf.lo cxx/ismpq.lo cxx/ismpz.lo cxx/ismpznw.lo cxx/limits.lo cxx/osdoprnti.lo cxx/osfuns.lo cxx/osmpf.lo cxx/osmpq.lo cxx/osmpz.lo libgmp.la )
libtool: relink: g++  -fPIC -DPIC -shared -nostdlib /usr/lib/gcc/x86_64-lfs-linux-gnu/13.2.0/../../../../lib/crti.o /usr/lib/gcc/x86_64-lfs-linux-gnu/13.2.0/crtbeginS.o  cxx/.libs/dummy.o cxx/.libs/isfuns.o cxx/.libs/ismpf.o cxx/.libs/ismpq.o cxx/.libs/ismpz.o cxx/.libs/ismpznw.o cxx/.libs/limits.o cxx/.libs/osdoprnti.o cxx/.libs/osfuns.o cxx/.libs/osmpf.o cxx/.libs/osmpq.o cxx/.libs/osmpz.o   -L/usr/lib -lgmp -L/usr/lib/gcc/x86_64-lfs-linux-gnu/13.2.0 -L/usr/lib/gcc/x86_64-lfs-linux-gnu/13.2.0/../../../../x86_64-lfs-linux-gnu/lib/../lib -L/usr/lib/gcc/x86_64-lfs-linux-gnu/13.2.0/../../../../lib -L/lib/../lib -L/usr/lib/../lib -L/usr/lib/gcc/x86_64-lfs-linux-gnu/13.2.0/../../../../x86_64-lfs-linux-gnu/lib -L/usr/lib/gcc/x86_64-lfs-linux-gnu/13.2.0/../../.. -lstdc++ -lm -lc -lgcc_s /usr/lib/gcc/x86_64-lfs-linux-gnu/13.2.0/crtendS.o /usr/lib/gcc/x86_64-lfs-linux-gnu/13.2.0/../../../../lib/crtn.o  -O2 -m64 -mtune=znver1 -march=znver1   -Wl,-soname -Wl,libgmpxx.so.4 -o .libs/libgmpxx.so.4.7.0
libtool: install: /usr/bin/install -c .libs/libgmpxx.so.4.7.0T /usr/lib/libgmpxx.so.4.7.0
libtool: install: (cd /usr/lib && { ln -s -f libgmpxx.so.4.7.0 libgmpxx.so.4 || { rm -f libgmpxx.so.4 && ln -s libgmpxx.so.4.7.0 libgmpxx.so.4; }; })
libtool: install: (cd /usr/lib && { ln -s -f libgmpxx.so.4.7.0 libgmpxx.so || { rm -f libgmpxx.so && ln -s libgmpxx.so.4.7.0 libgmpxx.so; }; })
libtool: install: /usr/bin/install -c .libs/libgmpxx.lai /usr/lib/libgmpxx.la
libtool: finish: PATH="/usr/bin:/usr/sbin:/sbin" ldconfig -n /usr/lib
----------------------------------------------------------------------
Libraries have been installed in:
   /usr/lib

If you ever happen to want to link against installed libraries
in a given directory, LIBDIR, you must either use libtool, and
specify the full pathname of the library, or use the '-LLIBDIR'
flag during linking and do at least one of the following:
   - add LIBDIR to the 'LD_LIBRARY_PATH' environment variable
     during execution
   - add LIBDIR to the 'LD_RUN_PATH' environment variable
     during linking
   - use the '-Wl,-rpath -Wl,LIBDIR' linker flag
   - have your system administrator add LIBDIR to '/etc/ld.so.conf'

See any operating system documentation about shared libraries for
more information, such as the ld(1) and ld.so(8) manual pages.
----------------------------------------------------------------------
make[3]: Leaving directory '/sources/gmp-6.3.0'
make[2]: Leaving directory '/sources/gmp-6.3.0'
make[1]: Leaving directory '/sources/gmp-6.3.0'
Making install-html in tests
make[1]: Entering directory '/sources/gmp-6.3.0/tests'
Making install-html in .
make[2]: Entering directory '/sources/gmp-6.3.0/tests'
make[2]: Nothing to be done for 'install-html-am'.
make[2]: Leaving directory '/sources/gmp-6.3.0/tests'
Making install-html in devel
make[2]: Entering directory '/sources/gmp-6.3.0/tests/devel'
make[2]: Nothing to be done for 'install-html'.
make[2]: Leaving directory '/sources/gmp-6.3.0/tests/devel'
Making install-html in mpn
make[2]: Entering directory '/sources/gmp-6.3.0/tests/mpn'
make[2]: Nothing to be done for 'install-html'.
make[2]: Leaving directory '/sources/gmp-6.3.0/tests/mpn'
Making install-html in mpz
make[2]: Entering directory '/sources/gmp-6.3.0/tests/mpz'
make[2]: Nothing to be done for 'install-html'.
make[2]: Leaving directory '/sources/gmp-6.3.0/tests/mpz'
Making install-html in mpq
make[2]: Entering directory '/sources/gmp-6.3.0/tests/mpq'
make[2]: Nothing to be done for 'install-html'.
make[2]: Leaving directory '/sources/gmp-6.3.0/tests/mpq'
Making install-html in mpf
make[2]: Entering directory '/sources/gmp-6.3.0/tests/mpf'
make[2]: Nothing to be done for 'install-html'.
make[2]: Leaving directory '/sources/gmp-6.3.0/tests/mpf'
Making install-html in rand
make[2]: Entering directory '/sources/gmp-6.3.0/tests/rand'
make[2]: Nothing to be done for 'install-html'.
make[2]: Leaving directory '/sources/gmp-6.3.0/tests/rand'
Making install-html in misc
make[2]: Entering directory '/sources/gmp-6.3.0/tests/misc'
make[2]: Nothing to be done for 'install-html'.
make[2]: Leaving directory '/sources/gmp-6.3.0/tests/misc'
Making install-html in cxx
make[2]: Entering directory '/sources/gmp-6.3.0/tests/cxx'
make[2]: Nothing to be done for 'install-html'.
make[2]: Leaving directory '/sources/gmp-6.3.0/tests/cxx'
make[1]: Leaving directory '/sources/gmp-6.3.0/tests'
Making install-html in mpn
make[1]: Entering directory '/sources/gmp-6.3.0/mpn'
make[1]: Nothing to be done for 'install-html'.
make[1]: Leaving directory '/sources/gmp-6.3.0/mpn'
Making install-html in mpz
make[1]: Entering directory '/sources/gmp-6.3.0/mpz'
make[1]: Nothing to be done for 'install-html'.
make[1]: Leaving directory '/sources/gmp-6.3.0/mpz'
Making install-html in mpq
make[1]: Entering directory '/sources/gmp-6.3.0/mpq'
make[1]: Nothing to be done for 'install-html'.
make[1]: Leaving directory '/sources/gmp-6.3.0/mpq'
Making install-html in mpf
make[1]: Entering directory '/sources/gmp-6.3.0/mpf'
make[1]: Nothing to be done for 'install-html'.
make[1]: Leaving directory '/sources/gmp-6.3.0/mpf'
Making install-html in printf
make[1]: Entering directory '/sources/gmp-6.3.0/printf'
make[1]: Nothing to be done for 'install-html'.
make[1]: Leaving directory '/sources/gmp-6.3.0/printf'
Making install-html in scanf
make[1]: Entering directory '/sources/gmp-6.3.0/scanf'
make[1]: Nothing to be done for 'install-html'.
make[1]: Leaving directory '/sources/gmp-6.3.0/scanf'
Making install-html in rand
make[1]: Entering directory '/sources/gmp-6.3.0/rand'
make[1]: Nothing to be done for 'install-html'.
make[1]: Leaving directory '/sources/gmp-6.3.0/rand'
Making install-html in cxx
make[1]: Entering directory '/sources/gmp-6.3.0/cxx'
make[1]: Nothing to be done for 'install-html'.
make[1]: Leaving directory '/sources/gmp-6.3.0/cxx'
Making install-html in demos
make[1]: Entering directory '/sources/gmp-6.3.0/demos'
Making install-html in calc
make[2]: Entering directory '/sources/gmp-6.3.0/demos/calc'
make[2]: Nothing to be done for 'install-html'.
make[2]: Leaving directory '/sources/gmp-6.3.0/demos/calc'
Making install-html in expr
make[2]: Entering directory '/sources/gmp-6.3.0/demos/expr'
make[2]: Nothing to be done for 'install-html'.
make[2]: Leaving directory '/sources/gmp-6.3.0/demos/expr'
make[2]: Entering directory '/sources/gmp-6.3.0/demos'
make[2]: Nothing to be done for 'install-html-am'.
make[2]: Leaving directory '/sources/gmp-6.3.0/demos'
make[1]: Leaving directory '/sources/gmp-6.3.0/demos'
Making install-html in tune
make[1]: Entering directory '/sources/gmp-6.3.0/tune'
make[1]: Nothing to be done for 'install-html'.
make[1]: Leaving directory '/sources/gmp-6.3.0/tune'
Making install-html in doc
make[1]: Entering directory '/sources/gmp-6.3.0/doc'
 /usr/bin/mkdir -p '/usr/share/doc/gmp-6.3.0'
 /usr/bin/mkdir -p '/usr/share/doc/gmp-6.3.0/gmp.html'
 /usr/bin/install -c -m 644 'gmp.html'/* '/usr/share/doc/gmp-6.3.0/gmp.html'
make[1]: Leaving directory '/sources/gmp-6.3.0/doc'
make[1]: Entering directory '/sources/gmp-6.3.0'
make[1]: Nothing to be done for 'install-html-am'.
make[1]: Leaving directory '/sources/gmp-6.3.0'
