checking for a BSD-compatible install... /usr/bin/install -c
checking whether sleep supports fractional seconds... true
checking the filesystem timestamp resolution... 0.2
checking whether build environment is sane... yes
checking for a race-free mkdir -p... /usr/bin/mkdir -p
checking for gawk... gawk
checking whether make sets $(MAKE)... yes
checking whether make supports nested variables... yes
checking xargs -n works... yes
checking build system type... x86_64-pc-linux-gnu
checking host system type... x86_64-pc-linux-gnu
checking for gawk... (cached) gawk
checking for gcc... gcc
checking whether the C compiler works... yes
checking for C compiler default output file name... a.out
checking for suffix of executables... 
checking whether we are cross compiling... no
checking for suffix of object files... o
checking whether the compiler supports GNU C... yes
checking whether gcc accepts -g... yes
checking for gcc option to enable C11 features... none needed
checking whether gcc understands -c and -o together... yes
checking whether the compiler is clang... no
checking for compiler option needed when checking for declarations... none
checking whether make supports the include directive... yes (GNU style)
checking dependency style of gcc... gcc3
checking for stdio.h... yes
checking for stdlib.h... yes
checking for string.h... yes
checking for inttypes.h... yes
checking for stdint.h... yes
checking for strings.h... yes
checking for sys/stat.h... yes
checking for sys/types.h... yes
checking for unistd.h... yes
checking for wchar.h... yes
checking for minix/config.h... no
checking for sys/param.h... yes
checking for sys/socket.h... yes
checking for dirent.h... yes
checking for error.h... yes
checking for fnmatch.h... yes
checking for stdio_ext.h... yes
checking for sys/vfs.h... yes
checking for getopt.h... yes
checking for sys/cdefs.h... yes
checking for threads.h... yes
checking for iconv.h... yes
checking for limits.h... yes
checking for crtdefs.h... no
checking for wctype.h... yes
checking for langinfo.h... yes
checking for xlocale.h... no
checking for sys/mman.h... yes
checking for malloc.h... yes
checking for sys/time.h... yes
checking for stdbool.h... yes
checking for stdckdint.h... no
checking for features.h... yes
checking for arpa/inet.h... yes
checking for netdb.h... yes
checking for netinet/in.h... yes
checking for sys/select.h... yes
checking for sys/wait.h... yes
checking for pthread.h... yes
checking for sys/ioctl.h... yes
checking for sys/uio.h... yes
checking whether it is safe to define __EXTENSIONS__... yes
checking whether _XOPEN_SOURCE should be defined... no
checking how to run the C preprocessor... gcc -E
checking for egrep -e... /usr/bin/grep -E
checking for Minix Amsterdam compiler... no
checking for ar... ar
checking for ranlib... ranlib
checking for gcc option to enable large file support... none needed
checking for gcc option for timestamps after 2038... none needed
checking for ranlib... (cached) ranlib
checking for pkg-config... /usr/bin/pkg-config
checking pkg-config is at least version 0.9.0... yes
checking for size_t... yes
checking for an ANSI C-conforming const... yes
checking for working alloca.h... yes
checking for alloca... yes
checking whether the preprocessor supports include_next... yes
checking whether source code line length is unlimited... yes
checking whether <wchar.h> uses 'inline' correctly... yes
checking for btowc... yes
checking for mbrtowc... yes
checking for _set_invalid_parameter_handler... no
checking for fchdir... yes
checking for fcntl... yes
checking for symlink... yes
checking for fdopendir... yes
checking for fnmatch... yes
checking for mbsrtowcs... yes
checking for fstatat... yes
checking for openat... yes
checking for fstatfs... yes
checking for getdtablesize... yes
checking for getexecname... no
checking for isblank... yes
checking for iswcntrl... yes
checking for lstat... yes
checking for mbsinit... yes
checking for mbrlen... yes
checking for mbslen... no
checking for mprotect... yes
checking for pipe... yes
checking for iswctype... yes
checking for sigaltstack... yes
checking for setrlimit... yes
checking for getrlimit... yes
checking for __xpg_strerror_r... yes
checking for strtoimax... yes
checking for strtoumax... yes
checking for wcrtomb... yes
checking for wctob... yes
checking for wcwidth... yes
checking for gettimeofday... yes
checking for pselect... yes
checking for pthread_sigmask... yes
checking for setenv... yes
checking for sleep... yes
checking for snprintf... yes
checking for shutdown... yes
checking for vasnprintf... no
checking for isascii... yes
checking for setlocale... yes
checking for nl_langinfo and CODESET... yes
checking for a traditional french locale... fr_FR
checking for ld used by gcc... /usr/bin/ld
checking if the linker (/usr/bin/ld) is GNU ld... yes
checking for shared library run path origin... done
checking 32-bit host C ABI... no
checking for ELF binary format... yes
checking for the common suffixes of directories in the library search path... lib,lib,lib
checking whether malloc is ptrdiff_t safe... yes
checking whether malloc, realloc, calloc set errno on failure... yes
checking for inline... inline
checking for gcc options needed to detect all undeclared functions... none needed
checking for complete errno.h... yes
checking for error... yes
checking whether error_at_line is declared... yes
checking for error_at_line... yes
checking for working error function... yes
checking whether strerror_r is declared... yes
checking whether strerror_r returns char *... yes
checking whether ctype.h defines __header_inline... no
checking whether fchdir is declared... yes
checking for working fcntl.h... yes
checking for pid_t... yes
checking for mode_t... yes
checking for promoted mode_t type... mode_t
checking for mbstate_t... yes
checking whether fopen recognizes a trailing slash... yes
checking whether fflush works on input streams... no
checking whether stat file-mode macros are broken... no
checking for C/C++ restrict keyword... __restrict__
checking for nlink_t... yes
checking whether lstat correctly handles trailing slash... yes
checking for O_CLOEXEC... yes
checking whether getcwd (NULL, 0) allocates memory for result... yes
checking for getcwd with POSIX signature... yes
checking whether getdtablesize is declared... yes
checking for getopt.h... (cached) yes
checking for getopt_long_only... yes
checking whether getopt is POSIX compatible... yes
checking for working GNU getopt function... yes
checking for working GNU getopt_long function... yes
checking for pthread.h... (cached) yes
checking for pthread_kill in -lpthread... yes
checking whether POSIX threads API is available... yes
checking whether setlocale (LC_ALL, NULL) is multithread-safe... yes
checking whether setlocale (category, NULL) is multithread-safe... yes
checking host CPU and C ABI... x86_64
checking for iconv... yes
checking for working iconv... yes
checking whether iconv is compatible with its POSIX signature... yes
checking whether limits.h has WORD_BIT, BOOL_WIDTH etc.... yes
checking for wint_t... yes
checking whether wint_t is large enough... yes
checking whether the compiler produces multi-arch binaries... no
checking whether stdint.h conforms to C99... yes
checking whether stdint.h works without ISO C predefines... yes
checking whether stdint.h has UINTMAX_WIDTH etc.... yes
checking whether INT32_MAX < INTMAX_MAX... yes
checking whether INT64_MAX == LONG_MAX... yes
checking whether UINT32_MAX < UINTMAX_MAX... yes
checking whether UINT64_MAX == ULONG_MAX... yes
checking whether iswcntrl works... yes
checking for towlower... yes
checking for wctype_t... yes
checking for wctrans_t... yes
checking for a traditional japanese locale... ja_JP
checking for a french Unicode locale... fr_FR.UTF-8
checking for a transitional chinese locale... zh_CN.GB18030
checking whether langinfo.h defines CODESET... yes
checking whether langinfo.h defines T_FMT_AMPM... yes
checking whether langinfo.h defines ALTMON_1... yes
checking whether langinfo.h defines ERA... yes
checking whether langinfo.h defines YESEXPR... yes
checking for wchar_t... yes
checking for good max_align_t... yes
checking whether NULL can be used in arbitrary expressions... yes
checking for unreachable... no
checking whether locale.h defines locale_t... yes
checking whether locale.h conforms to POSIX:2001... yes
checking whether struct lconv is properly defined... yes
checking whether imported symbols can be declared weak... yes
checking for multithread API to use... posix
checking for a sed that does not truncate output... /usr/bin/sed
checking for grep that handles long lines and -e... /usr/bin/grep
checking whether malloc (0) returns nonnull... yes
checking whether mbrtowc handles incomplete characters... yes
checking whether mbrtowc works as well as mbtowc... yes
checking whether mbrtowc handles a NULL pwc argument... yes
checking whether mbrtowc handles a NULL string argument... yes
checking whether mbrtowc has a correct return value... yes
checking whether mbrtowc returns 0 when parsing a NUL character... yes
checking whether mbrtowc stores incomplete characters... no
checking whether mbrtowc works on empty input... (cached) assume yes
checking whether the C locale is free of encoding errors... no
checking for mmap... yes
checking for MAP_ANONYMOUS... yes
checking whether memchr works... yes
checking whether memrchr is declared... yes
checking whether <limits.h> defines MIN and MAX... no
checking whether <sys/param.h> defines MIN and MAX... yes
checking for sigset_t... yes
checking whether alarm is declared... yes
checking for ssize_t... yes
checking for uid_t... yes
checking for gid_t... yes
checking for volatile sig_atomic_t... yes
checking for sighandler_t... yes
checking whether fcloseall is declared... yes
checking whether getw is declared... yes
checking whether putw is declared... yes
checking which flavor of printf attribute matches inttypes macros... system
checking whether ecvt is declared... yes
checking whether fcvt is declared... yes
checking whether gcvt is declared... yes
checking whether MB_CUR_MAX is correct... yes
checking whether strdup is declared... yes
checking whether strerror(0) succeeds... yes
checking for strerror_r... yes
checking for strerror_r with POSIX signature... no
checking whether __xpg_strerror_r works... yes
checking whether strnlen is declared... yes
checking whether strstr works... yes
checking whether strtoimax is declared... yes
checking whether strtoumax is declared... yes
checking for struct timespec in <time.h>... yes
checking for TIME_UTC in <time.h>... yes
checking whether execvpe is declared... yes
checking whether clearerr_unlocked is declared... yes
checking whether feof_unlocked is declared... yes
checking whether ferror_unlocked is declared... yes
checking whether fflush_unlocked is declared... yes
checking whether fgets_unlocked is declared... yes
checking whether fputc_unlocked is declared... yes
checking whether fputs_unlocked is declared... yes
checking whether fread_unlocked is declared... yes
checking whether fwrite_unlocked is declared... yes
checking whether getc_unlocked is declared... yes
checking whether getchar_unlocked is declared... yes
checking whether putc_unlocked is declared... yes
checking whether putchar_unlocked is declared... yes
checking whether wcsdup is declared... yes
checking for C compiler option to allow warnings... -Wno-error
checking whether <sys/socket.h> is self-contained... yes
checking for shutdown... (cached) yes
checking whether <sys/socket.h> defines the SHUT_* macros... yes
checking for struct sockaddr_storage... yes
checking for sa_family_t... yes
checking for struct sockaddr_storage.ss_family... yes
checking for a turkish Unicode locale... tr_TR.UTF-8
checking if environ is properly declared... yes
checking for struct timeval... yes
checking for wide-enough struct timeval.tv_sec member... yes
checking for IPv4 sockets... yes
checking for IPv6 sockets... yes
checking for off_t... yes
checking for LC_MESSAGES... yes
checking for uselocale... yes
checking whether uselocale works... yes
checking for fake locale system (OpenBSD)... no
checking for Solaris 11.4 locale system... no
checking for getlocalename_l... no
checking for CFPreferencesCopyAppValue... no
checking for CFLocaleCopyPreferredLanguages... no
checking whether <sys/select.h> is self-contained... yes
checking for pthread_t... yes
checking for pthread_spinlock_t... yes
checking for PTHREAD_CREATE_DETACHED... yes
checking for PTHREAD_MUTEX_RECURSIVE... yes
checking for PTHREAD_MUTEX_ROBUST... yes
checking for PTHREAD_PROCESS_SHARED... yes
checking for sched.h... yes
checking for struct sched_param... yes
checking for library containing setsockopt... none needed
checking whether setenv is declared... yes
checking for search.h... yes
checking for tsearch... yes
checking whether snprintf returns a byte count as in C99... yes
checking whether printf supports POSIX/XSI format strings with positions... yes
checking whether snprintf is declared... yes
checking where to find the exponent in a 'double'... word 1 bit 20
checking whether <sys/ioctl.h> declares ioctl... yes
checking whether unsetenv is declared... yes
checking for inttypes.h... yes
checking for stdint.h... yes
checking for intmax_t... yes
checking whether snprintf truncates the result as in C99... yes
checking for wcslen... yes
checking for snprintf... (cached) yes
checking for strnlen... yes
checking for wcrtomb... (cached) yes
checking whether _snprintf is declared... no
checking for alignas and alignof... yes, <stdalign.h> macros
checking for alloca as a compiler built-in... yes
checking whether to enable assertions... yes
checking for static_assert... yes, an <assert.h> macro
checking whether btowc(0) is correct... yes
checking whether btowc(EOF) is correct... yes
checking whether btowc is consistent with mbrtowc in the C locale... no
checking for __builtin_expect... yes
checking whether calloc (0, n) and calloc (n, 0) return nonnull... yes
checking whether this system supports file names of any length... no
checking for closedir... yes
checking for d_ino member in directory struct... yes
checking for d_type member in directory struct... yes
checking for dirfd... yes
checking whether dirfd is declared... yes
checking whether dirfd is a macro... no
checking how to get the file descriptor associated with an open DIR*... no_such_member
checking whether // is distinct from /... no
checking whether dup works... yes
checking whether dup2 works... yes
checking whether fcntl handles F_DUPFD correctly... yes
checking whether fcntl understands F_DUPFD_CLOEXEC... needs runtime check
checking whether fdopendir is declared... yes
checking whether fdopendir works... yes
checking for mempcpy... yes
checking for flexible array member... yes
checking for working POSIX fnmatch... yes
checking whether fopen supports the mode character 'x'... yes
checking whether fopen supports the mode character 'e'... yes
checking for __fpending... yes
checking whether __fpending is declared... yes
checking whether free is known to preserve errno... yes
checking whether fstatat (..., 0) works... yes
checking for struct statfs.f_type... yes
checking for __fsword_t... yes
checking for fts_open... yes
checking whether getdtablesize works... yes
checking for getpagesize... yes
checking whether getpagesize is declared... yes
checking for getprogname... no
checking whether program_invocation_name is declared... yes
checking whether program_invocation_name is declared... (cached) yes
checking whether program_invocation_short_name is declared... yes
checking whether __argv is declared... no
checking whether the compiler generally respects inline... yes
checking for iswblank... yes
checking whether iswblank is declared... yes
checking whether iswdigit is ISO C compliant... yes
checking whether iswxdigit is ISO C compliant... yes
checking whether the compiler supports the __inline keyword... yes
checking whether localeconv works... yes
checking for pthread_rwlock_t... yes
checking whether pthread_rwlock_rdlock prefers a writer to a reader... no
checking whether lseek detects pipes... yes
checking whether SEEK_DATA works but is incompatible with GNU... no
checking whether malloc (0) returns nonnull... (cached) yes
checking whether mbrtowc handles a NULL pwc argument... (cached) yes
checking whether mbrtowc handles a NULL string argument... (cached) yes
checking whether mbrtowc has a correct return value... (cached) yes
checking whether mbrtowc returns 0 when parsing a NUL character... (cached) yes
checking whether mbrtowc stores incomplete characters... (cached) no
checking whether mbrtowc works on empty input... (cached) assume yes
checking whether the C locale is free of encoding errors... (cached) no
checking whether mbsrtowcs works... yes
checking whether the C locale is free of encoding errors... (cached) no
checking for mbtowc... yes
checking for mempcpy... (cached) yes
checking for memrchr... yes
checking for nl_langinfo... yes
checking whether YESEXPR works... yes
checking for obstacks that work with any size object... no
checking whether open recognizes a trailing slash... yes
checking for opendir... yes
checking for Perl 5.005 or newer... perl
checking for raise... yes
checking for sigprocmask... yes
checking for rawmemchr... yes
checking for readdir... yes
checking whether realloc (0, 0) returns nonnull... yes
checking for reallocarray... yes
checking for working re_compile_pattern... yes
checking whether setlocale (LC_ALL, NULL) is multithread-safe... (cached) yes
checking whether setlocale (category, NULL) is multithread-safe... (cached) yes
checking for stack direction... grows down
checking for stack_t... yes
checking for working sigaltstack... yes
checking for correct stack_t interpretation... yes
checking for ssize_t... (cached) yes
checking whether stat handles trailing slashes on files... yes
checking for struct stat.st_atim.tv_nsec... yes
checking whether struct stat.st_atim is of type struct timespec... yes
checking for struct stat.st_birthtimespec.tv_nsec... no
checking for struct stat.st_birthtimensec... no
checking for struct stat.st_birthtim.tv_nsec... no
checking for va_copy... yes
checking for bool, true, false... no
checking for stpcpy... yes
checking for working strerror function... yes
checking for working strnlen... yes
checking whether strstr works in linear time... yes
checking whether strstr works... (cached) yes
checking whether strtoimax works... yes
checking for strtoll... yes
checking whether strtoll works... yes
checking for strtoull... yes
checking whether strtoull works... yes
checking for variable-length arrays... yes
checking whether wcrtomb works in the C locale... yes
checking whether wcrtomb return value is correct... yes
checking whether wctob works... yes
checking whether wctob is declared... yes
checking whether wcwidth is declared... yes
checking whether wcwidth works reasonably in UTF-8 locales... yes
checking for wmemchr... yes
checking for wmempcpy... yes
checking whether fdopen sets errno... yes
checking whether conversion from 'int' to 'long double' works... yes
checking for ftruncate... yes
checking for gettimeofday with POSIX signature... yes
checking for duplocale... yes
checking for library containing inet_pton... none required
checking whether inet_pton is declared... yes
checking whether byte ordering is bigendian... no
checking for ioctl... yes
checking for ioctl with POSIX signature... no
checking for newlocale... yes
checking for newlocale... (cached) yes
checking for duplocale... (cached) yes
checking for freelocale... yes
checking for newlocale... (cached) yes
checking for library containing nanosleep... none required
checking for working nanosleep... no (mishandles large arguments)
checking whether <netinet/in.h> is self-contained... yes
checking for uselocale... (cached) yes
checking whether uselocale works... (cached) yes
checking whether perror matches strerror... yes
checking whether signature of pselect conforms to POSIX... yes
checking whether pselect detects invalid fds... yes
checking whether pthread_create exists as a global function... yes
checking whether pthread_sigmask is a macro... no
checking whether pthread_sigmask works without -lpthread... yes
checking whether pthread_sigmask returns error numbers... yes
checking whether pthread_sigmask unblocks signals correctly... guessing yes
checking for putenv compatible with GNU and SVID... yes
checking whether select supports a 0 argument... yes
checking whether select detects invalid fds... yes
checking whether setenv validates arguments... yes
checking whether setlocale supports the C locale... yes
checking for sigprocmask... (cached) yes
checking for stdint.h... (cached) yes
checking for SIZE_MAX... yes
checking whether sleep is declared... yes
checking for working sleep... yes
checking for snprintf... (cached) yes
checking whether snprintf respects a size of 1... yes
checking for socklen_t... yes
checking for catgets... yes
checking whether symlink handles trailing slash correctly... yes
checking for pthread_atfork... yes
checking for sys/single_threaded.h... yes
checking whether time() works... guessing no
checking for unsetenv... yes
checking for unsetenv() return type... int
checking whether unsetenv obeys POSIX... yes
checking for ptrdiff_t... yes
checking for stdint.h... (cached) yes
checking for dirent.h that defines DIR... yes
checking for library containing opendir... none required
checking whether closedir returns void... no
checking whether NLS is requested... yes
checking for msgfmt... /usr/bin/msgfmt
checking for gmsgfmt... /usr/bin/msgfmt
checking for xgettext... /usr/bin/xgettext
checking for msgmerge... /usr/bin/msgmerge
checking for CFPreferencesCopyAppValue... (cached) no
checking for CFLocaleCopyPreferredLanguages... (cached) no
checking for GNU gettext in libc... yes
checking whether to use NLS... yes
checking where the gettext function comes from... libc
checking for PCRE... no
checking for pcre2_compile... no
checking that generated files are newer than configure... done
configure: creating ./config.status
config.status: creating Makefile
config.status: creating lib/Makefile
config.status: creating src/Makefile
config.status: creating tests/Makefile
config.status: creating po/Makefile.in
config.status: creating doc/Makefile
config.status: creating gnulib-tests/Makefile
config.status: creating config.h
config.status: executing depfiles commands
config.status: executing po-directories commands
config.status: creating po/POTFILES
config.status: creating po/Makefile
make  all-recursive
make[1]: Entering directory '/sources/grep-3.11'
Making all in po
make[2]: Entering directory '/sources/grep-3.11/po'
make[2]: Nothing to be done for 'all'.
make[2]: Leaving directory '/sources/grep-3.11/po'
Making all in lib
make[2]: Entering directory '/sources/grep-3.11/lib'
  GEN      alloca.h
  GEN      configmake.h
  GEN      ctype.h
  GEN      dirent.h
  GEN      fcntl.h
  GEN      malloc/dynarray.gl.h
  GEN      malloc/dynarray-skeleton.gl.h
  GEN      iconv.h
  GEN      inttypes.h
  GEN      langinfo.h
  GEN      limits.h
  GEN      locale.h
  GEN      signal.h
  GEN      sigsegv.h
  GEN      stdckdint.h
  GEN      stddef.h
  GEN      stdio.h
  GEN      stdlib.h
  GEN      string.h
  GEN      sys/types.h
  GEN      sys/stat.h
  GEN      time.h
  GEN      unistd.h
  GEN      unistr.h
  GEN      unitypes.h
  GEN      uniwidth.h
  GEN      wchar.h
  GEN      wctype.h
make  all-am
make[3]: Entering directory '/sources/grep-3.11/lib'
  CC       libgreputils_a-argmatch.o
  CC       libgreputils_a-basename-lgpl.o
  CC       libgreputils_a-openat-proc.o
  CC       libgreputils_a-binary-io.o
  CC       libgreputils_a-bitrotate.o
  CC       libgreputils_a-btowc.o
  CC       libgreputils_a-c-ctype.o
  CC       libgreputils_a-c-stack.o
  CC       libgreputils_a-c-strcasecmp.o
  CC       libgreputils_a-c-strncasecmp.o
  CC       libgreputils_a-chdir-long.o
  CC       libgreputils_a-cloexec.o
  CC       libgreputils_a-close-stream.o
  CC       libgreputils_a-closeout.o
  CC       libgreputils_a-cycle-check.o
  CC       libgreputils_a-dfa.o
  CC       libgreputils_a-localeinfo.o
  CC       libgreputils_a-dirfd.o
  CC       libgreputils_a-dirname-lgpl.o
  CC       libgreputils_a-stripslash.o
  CC       libgreputils_a-exclude.o
  CC       libgreputils_a-exitfail.o
  CC       libgreputils_a-fcntl.o
  CC       libgreputils_a-creat-safer.o
  CC       libgreputils_a-open-safer.o
  CC       libgreputils_a-fd-hook.o
  CC       libgreputils_a-fd-safer-flag.o
  CC       libgreputils_a-dup-safer-flag.o
  CC       libgreputils_a-filenamecat-lgpl.o
  CC       libgreputils_a-fts.o
  CC       libgreputils_a-getprogname.o
  CC       libgreputils_a-hard-locale.o
  CC       libgreputils_a-hash.o
  CC       libgreputils_a-i-ring.o
  CC       libgreputils_a-ialloc.o
  CC       libgreputils_a-localcharset.o
  CC       libgreputils_a-malloca.o
  CC       libgreputils_a-mbchar.o
  CC       libgreputils_a-mbiter.o
  CC       libgreputils_a-mbrlen.o
  CC       libgreputils_a-mbrtowc.o
  CC       libgreputils_a-mbscasecmp.o
  CC       libgreputils_a-mbslen.o
  CC       libgreputils_a-mbsrtowcs.o
  CC       libgreputils_a-mbsstr.o
  CC       libgreputils_a-mbuiter.o
  CC       libgreputils_a-memchr2.o
  CC       libgreputils_a-obstack.o
  CC       libgreputils_a-openat-die.o
  CC       libgreputils_a-openat-safer.o
  CC       libgreputils_a-opendirat.o
  CC       libgreputils_a-propername.o
  CC       libgreputils_a-quotearg.o
  CC       libgreputils_a-safe-read.o
  CC       libgreputils_a-save-cwd.o
  CC       libgreputils_a-setlocale_null.o
  CC       libgreputils_a-sigsegv.o
  CC       libgreputils_a-stackvma.o
  CC       libgreputils_a-stat-time.o
  CC       libgreputils_a-striconv.o
  CC       libgreputils_a-strnlen1.o
  CC       glthread/libgreputils_a-threadlib.o
  CC       libgreputils_a-trim.o
  CC       libgreputils_a-unistd.o
  CC       libgreputils_a-dup-safer.o
  CC       libgreputils_a-fd-safer.o
  CC       libgreputils_a-pipe-safer.o
  CC       libgreputils_a-version-etc.o
  CC       libgreputils_a-version-etc-fsf.o
  CC       libgreputils_a-wctype-h.o
  CC       libgreputils_a-xmalloc.o
  CC       libgreputils_a-xalloc-die.o
  CC       libgreputils_a-xbinary-io.o
  CC       libgreputils_a-xstriconv.o
  CC       libgreputils_a-xstrtoimax.o
  CC       libgreputils_a-xstrtol.o
  CC       libgreputils_a-xstrtoul.o
  CC       fopen.o
  CC       mbsrtowcs-state.o
  CC       malloc/libgreputils_a-dynarray_at_failure.o
  CC       malloc/libgreputils_a-dynarray_emplace_enlarge.o
  CC       malloc/libgreputils_a-dynarray_finalize.o
  CC       malloc/libgreputils_a-dynarray_resize.o
  CC       malloc/libgreputils_a-dynarray_resize_clear.o
  CC       glthread/libgreputils_a-lock.o
  CC       unistr/libgreputils_a-u8-mbtoucr.o
  CC       unistr/libgreputils_a-u8-uctomb.o
  CC       unistr/libgreputils_a-u8-uctomb-aux.o
  CC       uniwidth/libgreputils_a-width.o
  CC       libgreputils_a-colorize.o
  AR       libgreputils.a
make[3]: Leaving directory '/sources/grep-3.11/lib'
make[2]: Leaving directory '/sources/grep-3.11/lib'
Making all in doc
make[2]: Entering directory '/sources/grep-3.11/doc'
  GEN      grep.1
make[2]: Leaving directory '/sources/grep-3.11/doc'
Making all in src
make[2]: Entering directory '/sources/grep-3.11/src'
  CC       dfasearch.o
  CC       kwset.o
  CC       searchutils.o
  CC       grep.o
  CC       kwsearch.o
  GEN      fgrep
  GEN      egrep
  CCLD     grep
make[2]: Leaving directory '/sources/grep-3.11/src'
Making all in tests
make[2]: Entering directory '/sources/grep-3.11/tests'
make[2]: Nothing to be done for 'all'.
make[2]: Leaving directory '/sources/grep-3.11/tests'
Making all in gnulib-tests
make[2]: Entering directory '/sources/grep-3.11/gnulib-tests'
  GEN      arpa/inet.h
  GEN      sched.h
  GEN      sys/ioctl.h
  GEN      sys/select.h
  GEN      pthread.h
  GEN      sys/time.h
  GEN      sys/socket.h
  GEN      sys/uio.h
## ---------------------------------------------------- ##
## ------------------- Gnulib tests ------------------- ##
## You can ignore compiler warnings in this directory.  ##
## ---------------------------------------------------- ##
make  all-recursive
make[3]: Entering directory '/sources/grep-3.11/gnulib-tests'
Making all in .
make[4]: Entering directory '/sources/grep-3.11/gnulib-tests'
  CC       locale.o
  CC       c-strcasestr.o
  CC       hash-pjw.o
  CC       imaxtostr.o
  CC       inttostr.o
  CC       offtostr.o
  CC       uinttostr.o
  CC       umaxtostr.o
  CC       ioctl.o
  CC       localename.o
  CC       localename-table.o
  CC       nanosleep.o
  CC       sockets.o
  CC       sys_socket.o
  CC       time.o
  CC       xsize.o
  CC       xstrtol-error.o
  CC       asnprintf.o
  CC       printf-args.o
  CC       printf-parse.o
  CC       strerror_r.o
  CC       vasnprintf.o
  CC       test-localcharset.o
  CC       glthread/thread.o
  AR       libtests.a
  CCLD     current-locale
  CCLD     test-localcharset
make[4]: Leaving directory '/sources/grep-3.11/gnulib-tests'
make[3]: Leaving directory '/sources/grep-3.11/gnulib-tests'
make[2]: Leaving directory '/sources/grep-3.11/gnulib-tests'
make[2]: Entering directory '/sources/grep-3.11'
make[2]: Leaving directory '/sources/grep-3.11'
make[1]: Leaving directory '/sources/grep-3.11'
  GEN      public-submodule-commit
Making check in po
make[1]: Entering directory '/sources/grep-3.11/po'
make[1]: Nothing to be done for 'check'.
make[1]: Leaving directory '/sources/grep-3.11/po'
Making check in lib
make[1]: Entering directory '/sources/grep-3.11/lib'
make  check-am
make[2]: Entering directory '/sources/grep-3.11/lib'
make[2]: Nothing to be done for 'check-am'.
make[2]: Leaving directory '/sources/grep-3.11/lib'
make[1]: Leaving directory '/sources/grep-3.11/lib'
Making check in doc
make[1]: Entering directory '/sources/grep-3.11/doc'
make[1]: Nothing to be done for 'check'.
make[1]: Leaving directory '/sources/grep-3.11/doc'
Making check in src
make[1]: Entering directory '/sources/grep-3.11/src'
make[1]: Nothing to be done for 'check'.
make[1]: Leaving directory '/sources/grep-3.11/src'
Making check in tests
make[1]: Entering directory '/sources/grep-3.11/tests'
make  get-mb-cur-max
  GEN      check_executable_TESTS
make[2]: Entering directory '/sources/grep-3.11/tests'
  CC       get-mb-cur-max.o
  CCLD     get-mb-cur-max
make[2]: Leaving directory '/sources/grep-3.11/tests'
make  check-TESTS
make[2]: Entering directory '/sources/grep-3.11/tests'
make[3]: Entering directory '/sources/grep-3.11/tests'
PASS: backslash-dot
SKIP: big-hole
PASS: backslash-s-vs-invalid-multibyte
PASS: backref-alt
PASS: backref
PASS: backref-word
SKIP: big-match
PASS: bogus-wctob
PASS: backref-multibyte-slow
PASS: binary-file-matches
PASS: backslash-s-and-repetition-operators
PASS: case-fold-backref
PASS: case-fold-backslash-w
PASS: case-fold-char-range
PASS: case-fold-char-class
PASS: case-fold-char-type
PASS: char-class-multibyte
PASS: char-class-multibyte2
PASS: context-0
PASS: count-newline
PASS: color-colors
PASS: dfa-coverage
PASS: dfa-heap-overrun
PASS: bre
PASS: dfa-infloop
PASS: dfa-invalid-utf8
PASS: empty-line-mb
PASS: dfaexec-multibyte
PASS: epipe
PASS: equiv-classes
PASS: encoding-error
PASS: euc-mb
PASS: false-match-mb-non-utf8
PASS: empty
PASS: fgrep-infloop
PASS: fgrep-longest
PASS: fedora
PASS: file
PASS: fillbuf-long-line
PASS: filename-lineno.pl
PASS: fmbtest
PASS: ere
PASS: grep-dev-null
PASS: grep-dir
PASS: foad1
PASS: help-version
PASS: high-bit-range
XFAIL: glibc-infloop
PASS: empty-line
PASS: in-eq-out-infloop
PASS: include-exclude
PASS: inconsistent-range
PASS: initial-tab
PASS: khadafy
PASS: kwset-abuse
PASS: invalid-multibyte-infloop
SKIP: long-line-vs-2GiB-read
SKIP: long-pattern-perf
SKIP: many-regex-performance
PASS: max-count-overread
PASS: max-count-vs-context
PASS: match-lines
PASS: mb-non-UTF8-overrun
PASS: mb-dot-newline
SKIP: mb-non-UTF8-performance
PASS: mb-non-UTF8-word-boundary
PASS: multiple-begin-or-end-line
PASS: hash-collision-perf
PASS: options
PASS: multibyte-white-space
SKIP: pcre
SKIP: pcre-abort
SKIP: pcre-ascii-digits
SKIP: pcre-context
SKIP: pcre-count
SKIP: pcre-infloop
SKIP: pcre-invalid-utf8-infloop
SKIP: pcre-invalid-utf8-input
SKIP: pcre-jitstack
PASS: case-fold-titlecase
SKIP: pcre-o
SKIP: pcre-utf8
SKIP: pcre-utf8-w
SKIP: pcre-w
SKIP: pcre-utf8-bug224
SKIP: pcre-wx-backref
SKIP: pcre-z
PASS: proc
PASS: posix-bracket
PASS: repetition-overflow
PASS: r-dot
PASS: reversed-range-endpoints
PASS: skip-device
PASS: sjis-mb
PASS: skip-read
PASS: mb-non-UTF8-perf-Fw
PASS: spencer1
PASS: stack-overflow
PASS: status
PASS: surrogate-pair
PASS: surrogate-search
XFAIL: triple-backref
PASS: symlink
PASS: turkish-I
PASS: prefix-of-multibyte
PASS: turkish-I-without-dot
PASS: two-chars
PASS: two-files
PASS: unibyte-binary
PASS: unibyte-negated-circumflex
PASS: utf8-bracket
SKIP: version-pcre
PASS: warn-char-classes
PASS: null-byte
PASS: turkish-eyes
PASS: word-delim-multibyte
PASS: word-multi-file
PASS: y2038-vs-32-bit
PASS: write-error-msg
PASS: word-multibyte
PASS: z-anchor-newline
PASS: yesno
PASS: c-locale
PASS: hangul-syllable
PASS: unibyte-bracket-expr
PASS: grep-dev-null-out
PASS: spencer1-locale
============================================================================
Testsuite summary for GNU grep 3.11
============================================================================
# TOTAL: 127
# PASS:  102
# SKIP:  23
# XFAIL: 2
# FAIL:  0
# XPASS: 0
# ERROR: 0
============================================================================
make[3]: Leaving directory '/sources/grep-3.11/tests'
make[2]: Leaving directory '/sources/grep-3.11/tests'
make[1]: Leaving directory '/sources/grep-3.11/tests'
Making check in gnulib-tests
make[1]: Entering directory '/sources/grep-3.11/gnulib-tests'
make  check-recursive
make[2]: Entering directory '/sources/grep-3.11/gnulib-tests'
Making check in .
make[3]: Entering directory '/sources/grep-3.11/gnulib-tests'
## ---------------------------------------------------------------------- ##
## ---------------------------- Gnulib tests ---------------------------- ##
## Please report test failures in this directory to <bug-gnulib@gnu.org>. ##
## ---------------------------------------------------------------------- ##
make  test-accept test-alignasof test-alignof test-alloca-opt test-argmatch test-arpa_inet test-assert test-binary-io test-bind test-bitrotate test-btowc test-c-ctype test-c-stack test-c-strcasecmp test-c-strncasecmp test-c-strcasestr test-calloc-gnu test-chdir test-cloexec test-close test-connect test-ctype test-dfa-match-aux test-dirent test-dup test-dup2 test-environ test-errno test-error test-exclude test-fchdir test-fcntl-h test-fcntl-safer test-fcntl test-fdopen test-fdopendir test-fgetc test-float test-fnmatch-h test-fnmatch test-fopen-gnu test-fopen test-fpending test-fputc test-fread test-free test-fstat test-fstatat test-ftruncate test-fwrite test-getcwd-lgpl test-getdtablesize test-getopt-gnu test-getopt-posix test-getprogname test-gettimeofday test-dynarray test-hard-locale test-hash test-i-ring test-iconv-h test-iconv test-ignore-value test-inet_pton test-intprops test-inttostr test-inttypes test-ioctl test-isatty test-isblank test-iswblank test-iswdigit test-iswxdigit test-langinfo test-largefile test-limits-h test-listen test-locale test-localeconv test-localename test-lseek test-lstat test-malloc-gnu test-malloca test-mbrlen test-mbrlen-w32 test-mbscasecmp test-mbsinit test-mbsrtowcs test-mbsstr1 test-mbsstr2 test-mbsstr3 test-memchr test-memchr2 test-memrchr test-nanosleep test-netinet_in test-nl_langinfo1 test-nl_langinfo2 test-nl_langinfo-mt test-open test-openat-safer test-openat test-pathmax test-perror test-perror2 test-pipe test-pselect test-pthread test-pthread-thread test-pthread_sigmask1 test-pthread_sigmask2 test-quotearg-simple test-raise test-rawmemchr test-read test-realloc-gnu test-reallocarray test-regex test-sched test-select test-select-fd test-select-stdin test-setenv test-setlocale_null test-setlocale_null-mt-one test-setlocale_null-mt-all test-setlocale1 test-setlocale2 test-setsockopt test-signal-h test-sigprocmask test-sigsegv-catch-segv1 test-sigsegv-catch-segv2 test-sigsegv-catch-stackoverflow1 test-sigsegv-catch-stackoverflow2 test-sleep test-snprintf test-sockets test-stat test-stat-time test-stdbool test-stdckdint test-stddef test-stdint test-stdio test-stdlib test-strerror test-strerror_r test-striconv test-string test-strnlen test-strstr test-strtoimax test-strtoll test-strtoull test-strtoumax test-symlink test-sys_ioctl test-sys_select test-sys_socket test-sys_stat test-sys_time test-sys_types test-sys_uio test-thread_self test-thread_create test-time-h test-time test-trim test-dup-safer test-unistd test-u8-mbtoucr test-u8-uctomb test-uc_width test-uc_width2 test-unsetenv test-vasnprintf test-verify test-version-etc test-wchar test-wcrtomb test-wcrtomb-w32 test-wctype-h test-wcwidth test-xalloc-die test-xstrtoimax test-xstrtol test-xstrtoul test-year2038 libtests.a
make[4]: Entering directory '/sources/grep-3.11/gnulib-tests'
  CC       test-accept.o
  CC       test-alignasof.o
  CC       test-alignof.o
  CC       test-argmatch.o
  CC       test-alloca-opt.o
  CC       test-arpa_inet.o
  CC       test-assert.o
  CC       test-binary-io.o
  CC       test-bind.o
  CC       test-bitrotate.o
  CC       test-btowc.o
  CC       test-c-ctype.o
  CC       test-c-stack.o
  CC       test-c-strcasecmp.o
  CC       test-c-strncasecmp.o
  CC       test-c-strcasestr.o
  CC       test-calloc-gnu.o
  CC       test-chdir.o
  CC       test-cloexec.o
  CC       test-close.o
  CC       test-connect.o
  CC       test-ctype.o
  CC       test-dfa-match-aux.o
  CC       test-dirent.o
  CC       test-dup.o
  CC       test-dup2.o
  CC       test-environ.o
  CC       test-errno.o
  CC       test-error.o
  CC       test-exclude.o
  CC       test-fchdir.o
  CC       test-fcntl-h.o
  CC       test-fcntl-safer.o
  CC       test-fcntl.o
  CC       test-fdopen.o
  CC       test-fdopendir.o
  CC       test-fgetc.o
  CC       test-float.o
  CC       test-fnmatch-h.o
  CC       test-fnmatch.o
  CC       test-fopen-gnu.o
  CC       test-fopen.o
  CC       test-fpending.o
  CC       test-fputc.o
  CC       test-free.o
  CC       test-fread.o
  CC       test-fstat.o
  CC       test-fstatat.o
  CC       test-ftruncate.o
  CC       test-fwrite.o
  CC       test-getcwd-lgpl.o
  CC       test-getdtablesize.o
  CC       test-getopt-gnu.o
  CC       test-getopt-posix.o
  CC       test-getprogname.o
  CC       test-gettimeofday.o
  CC       test-dynarray.o
  CC       test-hard-locale.o
  CC       test-hash.o
  CC       test-i-ring.o
  CC       test-iconv-h.o
  CC       test-iconv.o
  CC       test-ignore-value.o
  CC       test-inet_pton.o
  CC       test-intprops.o
  CC       test-inttostr.o
  CC       test-inttypes.o
  CC       test-ioctl.o
  CC       test-isatty.o
  CC       test-isblank.o
  CC       test-iswblank.o
  CC       test-iswdigit.o
  CC       test-iswxdigit.o
  CC       test-langinfo.o
  CC       test-largefile.o
  CC       test-limits-h.o
  CC       test-listen.o
  CC       test-locale.o
  CC       test-localeconv.o
  CC       test-localename.o
  CC       test-lseek.o
  CC       test-lstat.o
  CC       test-malloc-gnu.o
  CC       test-malloca.o
  CC       test-mbrlen.o
  CC       test-mbrlen-w32.o
  CC       test-mbscasecmp.o
  CC       test-mbsinit.o
  CC       test-mbsrtowcs.o
  CC       test-mbsstr1.o
  CC       test-mbsstr2.o
  CC       test-mbsstr3.o
  CC       test-memchr.o
  CC       test-memchr2.o
  CC       test-memrchr.o
  CC       test-nanosleep.o
  CC       test-netinet_in.o
  CC       test-nl_langinfo1.o
  CC       test-nl_langinfo2.o
  CC       test-nl_langinfo-mt.o
  CC       test-open.o
  CC       test-openat-safer.o
  CC       test-openat.o
  CC       test-pathmax.o
  CC       test-perror.o
  CC       test-perror2.o
  CC       test-pipe.o
  CC       test-pselect.o
  CC       test-pthread.o
  CC       test-pthread-thread.o
  CC       test-pthread_sigmask1.o
  CC       test-pthread_sigmask2.o
  CC       test-quotearg-simple.o
  CC       test-raise.o
  CC       test-rawmemchr.o
  CC       test-read.o
  CC       test-realloc-gnu.o
  CC       test-reallocarray.o
  CC       test-regex.o
  CC       test-sched.o
  CC       test-select.o
  CC       test-select-fd.o
  CC       test-select-stdin.o
  CC       test-setenv.o
  CC       test-setlocale_null.o
  CC       test-setlocale_null-mt-one.o
  CC       test-setlocale_null-mt-all.o
  CC       test-setlocale1.o
  CC       test-setlocale2.o
  CC       test-setsockopt.o
  CC       test-signal-h.o
  CC       test-sigprocmask.o
  CC       test-sigsegv-catch-segv1.o
  CC       test-sigsegv-catch-segv2.o
  CC       test-sigsegv-catch-stackoverflow1.o
  CC       test-sigsegv-catch-stackoverflow2.o
  CC       test-sleep.o
  CC       test-snprintf.o
  CC       test-sockets.o
  CC       test-stat.o
  CC       test-stat-time.o
  CC       test-stdbool.o
  CC       test-stdckdint.o
  CC       test-stddef.o
  CC       test-stdint.o
  CC       test-stdio.o
  CC       test-stdlib.o
  CC       test-strerror.o
  CC       test-strerror_r.o
  CC       test-striconv.o
  CC       test-string.o
  CC       test-strnlen.o
  CC       test-strstr.o
  CC       test-strtoimax.o
  CC       test-strtoll.o
  CC       test-strtoull.o
  CC       test-strtoumax.o
  CC       test-symlink.o
  CC       test-sys_ioctl.o
  CC       test-sys_select.o
  CC       test-sys_socket.o
  CC       test-sys_stat.o
  CC       test-sys_time.o
  CC       test-sys_types.o
  CC       test-sys_uio.o
  CC       test-thread_self.o
  CC       test-thread_create.o
  CC       test-time-h.o
  CC       test-time.o
  CC       test-trim.o
  CC       test-dup-safer.o
  CC       test-unistd.o
  CC       test-unsetenv.o
  CC       test-vasnprintf.o
  CC       test-verify.o
  CC       test-version-etc.o
  CC       test-wchar.o
  CC       test-wcrtomb.o
  CC       test-wcrtomb-w32.o
  CC       test-wctype-h.o
  CC       test-wcwidth.o
  CC       test-xalloc-die.o
  CC       test-xstrtoimax.o
  CC       test-xstrtol.o
  CC       test-xstrtoul.o
  CC       test-year2038.o
make[4]: 'libtests.a' is up to date.
  CCLD     test-accept
  CCLD     test-alignasof
  CCLD     test-alignof
  CCLD     test-alloca-opt
  CCLD     test-argmatch
  CCLD     test-arpa_inet
  CCLD     test-assert
  CCLD     test-binary-io
  CCLD     test-bind
  CCLD     test-bitrotate
  CCLD     test-btowc
  CCLD     test-c-ctype
  CCLD     test-c-stack
  CCLD     test-c-strcasecmp
  CCLD     test-c-strncasecmp
  CCLD     test-c-strcasestr
  CCLD     test-calloc-gnu
  CCLD     test-chdir
  CCLD     test-cloexec
  CCLD     test-close
  CCLD     test-connect
  CCLD     test-ctype
  CCLD     test-dfa-match-aux
  CCLD     test-dirent
  CCLD     test-dup
  CCLD     test-dup2
  CCLD     test-errno
  CCLD     test-environ
  CCLD     test-error
  CCLD     test-exclude
  CCLD     test-fchdir
  CCLD     test-fcntl-h
  CCLD     test-fcntl-safer
  CCLD     test-fcntl
  CCLD     test-fdopen
  CCLD     test-fdopendir
  CCLD     test-fgetc
  CCLD     test-float
  CCLD     test-fnmatch-h
  CCLD     test-fnmatch
  CCLD     test-fopen-gnu
  CCLD     test-fopen
  CCLD     test-fpending
  CCLD     test-fputc
  CCLD     test-fread
  CCLD     test-free
  CCLD     test-fstat
  CCLD     test-fstatat
  CCLD     test-ftruncate
  CCLD     test-fwrite
  CCLD     test-getcwd-lgpl
  CCLD     test-getdtablesize
  CCLD     test-getopt-posix
  CCLD     test-getprogname
  CCLD     test-gettimeofday
  CCLD     test-dynarray
  CCLD     test-hard-locale
  CCLD     test-hash
  CCLD     test-i-ring
  CCLD     test-iconv-h
  CCLD     test-iconv
  CCLD     test-ignore-value
  CCLD     test-inet_pton
  CCLD     test-intprops
  CCLD     test-inttostr
  CCLD     test-inttypes
  CCLD     test-ioctl
  CCLD     test-isatty
  CCLD     test-isblank
  CCLD     test-iswblank
  CCLD     test-iswdigit
  CCLD     test-iswxdigit
  CCLD     test-langinfo
  CCLD     test-largefile
  CCLD     test-limits-h
  CCLD     test-listen
  CCLD     test-locale
  CCLD     test-localeconv
  CCLD     test-localename
  CCLD     test-lseek
  CCLD     test-lstat
  CCLD     test-malloca
  CCLD     test-malloc-gnu
  CCLD     test-mbrlen-w32
  CCLD     test-mbrlen
  CCLD     test-mbscasecmp
  CCLD     test-mbsinit
  CCLD     test-mbsrtowcs
  CCLD     test-mbsstr1
  CCLD     test-mbsstr2
  CCLD     test-mbsstr3
  CCLD     test-memchr
  CCLD     test-memchr2
  CCLD     test-memrchr
  CCLD     test-nanosleep
  CCLD     test-netinet_in
  CCLD     test-nl_langinfo1
  CCLD     test-nl_langinfo2
  CCLD     test-nl_langinfo-mt
  CCLD     test-open
  CCLD     test-openat-safer
  CCLD     test-openat
  CCLD     test-pathmax
  CCLD     test-perror
  CCLD     test-perror2
  CCLD     test-pipe
  CCLD     test-pselect
  CCLD     test-pthread
  CCLD     test-pthread-thread
  CCLD     test-pthread_sigmask1
  CCLD     test-pthread_sigmask2
  CCLD     test-quotearg-simple
  CCLD     test-raise
  CCLD     test-rawmemchr
  CCLD     test-read
  CCLD     test-realloc-gnu
  CCLD     test-reallocarray
  CCLD     test-regex
  CCLD     test-sched
  CCLD     test-select
  CCLD     test-select-fd
  CCLD     test-select-stdin
  CCLD     test-setlocale_null
  CCLD     test-setenv
  CCLD     test-setlocale_null-mt-one
  CCLD     test-setlocale_null-mt-all
  CCLD     test-setlocale1
  CCLD     test-setlocale2
  CCLD     test-setsockopt
  CCLD     test-signal-h
  CCLD     test-sigprocmask
  CCLD     test-sigsegv-catch-segv1
  CCLD     test-sigsegv-catch-segv2
  CCLD     test-sigsegv-catch-stackoverflow1
  CCLD     test-sigsegv-catch-stackoverflow2
  CCLD     test-sleep
  CCLD     test-snprintf
  CCLD     test-sockets
  CCLD     test-stat
  CCLD     test-stat-time
  CCLD     test-stdbool
  CCLD     test-stdckdint
  CCLD     test-stdint
  CCLD     test-stddef
  CCLD     test-stdio
  CCLD     test-stdlib
  CCLD     test-strerror
  CCLD     test-strerror_r
  CCLD     test-striconv
  CCLD     test-string
  CCLD     test-strnlen
  CCLD     test-strstr
  CCLD     test-strtoimax
  CCLD     test-strtoll
  CCLD     test-strtoull
  CCLD     test-strtoumax
  CCLD     test-symlink
  CCLD     test-sys_ioctl
  CCLD     test-sys_select
  CCLD     test-sys_socket
  CCLD     test-sys_stat
  CCLD     test-sys_time
  CCLD     test-sys_types
  CCLD     test-sys_uio
  CCLD     test-thread_self
  CCLD     test-thread_create
  CCLD     test-time
  CCLD     test-time-h
  CCLD     test-trim
  CC       unistr/test-u8-mbtoucr.o
  CCLD     test-unistd
  CCLD     test-dup-safer
  CC       unistr/test-u8-uctomb.o
  CC       uniwidth/test-uc_width.o
  CC       uniwidth/test-uc_width2.o
  CCLD     test-unsetenv
  CCLD     test-vasnprintf
  CCLD     test-verify
  CCLD     test-version-etc
  CCLD     test-wchar
  CCLD     test-wcrtomb
  CCLD     test-wcrtomb-w32
  CCLD     test-wctype-h
  CCLD     test-wcwidth
  CCLD     test-xalloc-die
  CCLD     test-xstrtoimax
  CCLD     test-xstrtol
  CCLD     test-xstrtoul
  CCLD     test-year2038
  CCLD     test-getopt-gnu
  CCLD     test-u8-mbtoucr
  CCLD     test-uc_width
  CCLD     test-uc_width2
  CCLD     test-u8-uctomb
make[4]: Leaving directory '/sources/grep-3.11/gnulib-tests'
make  check-TESTS
make[4]: Entering directory '/sources/grep-3.11/gnulib-tests'
make[5]: Entering directory '/sources/grep-3.11/gnulib-tests'
PASS: test-accept
PASS: test-alignasof
PASS: test-arpa_inet
PASS: test-assert
PASS: test-alloca-opt
PASS: test-alignof
PASS: test-argmatch
PASS: test-bind
PASS: test-bitrotate
PASS: test-binary-io.sh
PASS: test-btowc1.sh
PASS: test-btowc2.sh
PASS: test-c-ctype
PASS: test-btowc3.sh
PASS: test-c-stack.sh
PASS: test-calloc-gnu
PASS: test-chdir
PASS: test-close
PASS: test-cloexec
PASS: test-ctype
PASS: test-connect
PASS: test-c-strcase.sh
PASS: test-dirent
PASS: test-dup
PASS: test-dup2
PASS: test-environ
PASS: test-errno
PASS: test-c-strcasestr
PASS: test-dfa-invalid-char-class.sh
PASS: test-dfa-invalid-merge.sh
PASS: test-dfa-match.sh
PASS: test-error.sh
PASS: test-exclude1.sh
PASS: test-exclude2.sh
PASS: test-exclude3.sh
PASS: test-fchdir
PASS: test-c-stack2.sh
PASS: test-fcntl-h
PASS: test-fcntl-safer
PASS: test-exclude4.sh
PASS: test-fdopen
PASS: test-exclude5.sh
PASS: test-fcntl
PASS: test-fgetc
PASS: test-fdopendir
PASS: test-float
PASS: test-fnmatch
PASS: test-fnmatch-h
PASS: test-exclude6.sh
PASS: test-fopen-gnu
PASS: test-fopen
PASS: test-exclude7.sh
PASS: test-fread
PASS: test-fpending.sh
PASS: test-fputc
PASS: test-exclude8.sh
PASS: test-fstat
PASS: test-ftruncate.sh
PASS: test-fstatat
PASS: test-getcwd-lgpl
PASS: test-fwrite
PASS: test-getdtablesize
PASS: test-getopt-gnu
PASS: test-getopt-posix
PASS: test-getprogname
PASS: test-gettimeofday
PASS: test-dynarray
PASS: test-hard-locale
PASS: test-i-ring
PASS: test-iconv-h
PASS: test-ignore-value
PASS: test-iconv
PASS: test-inttypes
PASS: test-inet_pton
PASS: test-intprops
PASS: test-ioctl
PASS: test-isatty
PASS: test-inttostr
PASS: test-iswblank
PASS: test-isblank
PASS: test-langinfo
PASS: test-largefile
PASS: test-limits-h
PASS: test-locale
PASS: test-listen
PASS: test-localeconv
PASS: test-iswdigit.sh
PASS: test-iswxdigit.sh
PASS: test-localename
PASS: test-malloc-gnu
PASS: test-lstat
PASS: test-mbrlen1.sh
PASS: test-lseek.sh
PASS: test-mbrlen2.sh
PASS: test-malloca
PASS: test-mbrlen3.sh
PASS: test-mbrlen4.sh
PASS: test-mbrlen5.sh
SKIP: test-mbrlen-w32-2.sh
SKIP: test-mbrlen-w32-1.sh
SKIP: test-mbrlen-w32-4.sh
SKIP: test-mbrlen-w32-5.sh
SKIP: test-mbrlen-w32-3.sh
SKIP: test-mbrlen-w32-6.sh
SKIP: test-mbrlen-w32-7.sh
PASS: test-mbscasecmp.sh
PASS: test-mbsinit.sh
PASS: test-mbsrtowcs1.sh
PASS: test-mbsrtowcs3.sh
PASS: test-mbsrtowcs4.sh
PASS: test-mbsrtowcs2.sh
PASS: test-mbsrtowcs5.sh
PASS: test-memrchr
PASS: test-mbsstr1
PASS: test-memchr2
PASS: test-mbsstr3.sh
PASS: test-netinet_in
PASS: test-nl_langinfo2.sh
PASS: test-nl_langinfo1.sh
PASS: test-open
PASS: test-openat-safer
PASS: test-openat
PASS: test-pathmax
PASS: test-mbsstr2.sh
PASS: test-free
PASS: test-perror2
PASS: test-memchr
PASS: test-pipe
PASS: test-pselect
PASS: test-pthread
PASS: test-pthread-thread
PASS: test-quotearg-simple
PASS: test-raise
PASS: test-rawmemchr
PASS: test-read
PASS: test-realloc-gnu
PASS: test-reallocarray
PASS: test-hash
PASS: test-sched
PASS: test-select
PASS: test-perror.sh
PASS: test-setenv
PASS: test-setlocale_null
PASS: test-nanosleep
PASS: test-select-out.sh
PASS: test-nl_langinfo-mt
PASS: test-setlocale1.sh
PASS: test-setsockopt
PASS: test-signal-h
PASS: test-setlocale2.sh
PASS: test-sigsegv-catch-segv1
PASS: test-sigsegv-catch-segv2
PASS: test-sigsegv-catch-stackoverflow1
PASS: test-sigsegv-catch-stackoverflow2
PASS: test-pthread_sigmask1
PASS: test-pthread_sigmask2
PASS: test-snprintf
PASS: test-sockets
PASS: test-stat
PASS: test-stdbool
PASS: test-stdckdint
PASS: test-stat-time
PASS: test-stddef
PASS: test-stdint
PASS: test-stdio
PASS: test-strerror
PASS: test-stdlib
PASS: test-strerror_r
PASS: test-striconv
PASS: test-string
PASS: test-strnlen
PASS: test-strtoimax
PASS: test-strstr
PASS: test-strtoll
PASS: test-strtoull
PASS: test-strtoumax
PASS: test-symlink
PASS: test-sys_ioctl
PASS: test-sys_select
PASS: test-sys_socket
PASS: test-sys_stat
PASS: test-sys_time
PASS: test-sys_types
PASS: test-sys_uio
PASS: test-thread_self
PASS: test-thread_create
PASS: test-time-h
PASS: test-init.sh
PASS: test-trim1.sh
PASS: test-trim2.sh
PASS: test-trim3.sh
PASS: test-dup-safer
PASS: test-unistd
PASS: test-u8-mbtoucr
PASS: test-u8-uctomb
PASS: test-uc_width
PASS: uniwidth/test-uc_width2.sh
PASS: test-unsetenv
PASS: test-vasnprintf
SKIP: test-vc-list-files-git.sh
SKIP: test-vc-list-files-cvs.sh
PASS: test-verify
PASS: test-setlocale_null-mt-one
PASS: test-select-in.sh
PASS: test-wchar
PASS: test-wcrtomb.sh
SKIP: test-wcrtomb-w32-1.sh
SKIP: test-wcrtomb-w32-2.sh
PASS: test-version-etc.sh
SKIP: test-wcrtomb-w32-3.sh
SKIP: test-wcrtomb-w32-4.sh
SKIP: test-wcrtomb-w32-5.sh
SKIP: test-wcrtomb-w32-6.sh
SKIP: test-wcrtomb-w32-7.sh
PASS: test-wcwidth
PASS: test-wctype-h
PASS: test-time
PASS: test-xalloc-die.sh
PASS: test-year2038
PASS: test-xstrtoimax.sh
PASS: test-xstrtol.sh
PASS: test-verify.sh
PASS: test-sigprocmask
PASS: test-sleep
PASS: test-setlocale_null-mt-all
PASS: test-regex
============================================================================
Testsuite summary for GNU grep 3.11
============================================================================
# TOTAL: 226
# PASS:  210
# SKIP:  16
# XFAIL: 0
# FAIL:  0
# XPASS: 0
# ERROR: 0
============================================================================
make[5]: Leaving directory '/sources/grep-3.11/gnulib-tests'
make[4]: Leaving directory '/sources/grep-3.11/gnulib-tests'
make[3]: Leaving directory '/sources/grep-3.11/gnulib-tests'
make[2]: Leaving directory '/sources/grep-3.11/gnulib-tests'
make[1]: Leaving directory '/sources/grep-3.11/gnulib-tests'
make[1]: Entering directory '/sources/grep-3.11'
make[1]: Leaving directory '/sources/grep-3.11'
Making install in po
make[1]: Entering directory '/sources/grep-3.11/po'
installing af.gmo as /usr/share/locale/af/LC_MESSAGES/grep.mo
installing be.gmo as /usr/share/locale/be/LC_MESSAGES/grep.mo
installing bg.gmo as /usr/share/locale/bg/LC_MESSAGES/grep.mo
installing ca.gmo as /usr/share/locale/ca/LC_MESSAGES/grep.mo
installing cs.gmo as /usr/share/locale/cs/LC_MESSAGES/grep.mo
installing da.gmo as /usr/share/locale/da/LC_MESSAGES/grep.mo
installing de.gmo as /usr/share/locale/de/LC_MESSAGES/grep.mo
installing el.gmo as /usr/share/locale/el/LC_MESSAGES/grep.mo
installing eo.gmo as /usr/share/locale/eo/LC_MESSAGES/grep.mo
installing es.gmo as /usr/share/locale/es/LC_MESSAGES/grep.mo
installing et.gmo as /usr/share/locale/et/LC_MESSAGES/grep.mo
installing eu.gmo as /usr/share/locale/eu/LC_MESSAGES/grep.mo
installing fi.gmo as /usr/share/locale/fi/LC_MESSAGES/grep.mo
installing fr.gmo as /usr/share/locale/fr/LC_MESSAGES/grep.mo
installing ga.gmo as /usr/share/locale/ga/LC_MESSAGES/grep.mo
installing gl.gmo as /usr/share/locale/gl/LC_MESSAGES/grep.mo
installing he.gmo as /usr/share/locale/he/LC_MESSAGES/grep.mo
installing hr.gmo as /usr/share/locale/hr/LC_MESSAGES/grep.mo
installing hu.gmo as /usr/share/locale/hu/LC_MESSAGES/grep.mo
installing id.gmo as /usr/share/locale/id/LC_MESSAGES/grep.mo
installing it.gmo as /usr/share/locale/it/LC_MESSAGES/grep.mo
installing ja.gmo as /usr/share/locale/ja/LC_MESSAGES/grep.mo
installing ka.gmo as /usr/share/locale/ka/LC_MESSAGES/grep.mo
installing ko.gmo as /usr/share/locale/ko/LC_MESSAGES/grep.mo
installing ky.gmo as /usr/share/locale/ky/LC_MESSAGES/grep.mo
installing lt.gmo as /usr/share/locale/lt/LC_MESSAGES/grep.mo
installing nb.gmo as /usr/share/locale/nb/LC_MESSAGES/grep.mo
installing nl.gmo as /usr/share/locale/nl/LC_MESSAGES/grep.mo
installing pa.gmo as /usr/share/locale/pa/LC_MESSAGES/grep.mo
installing pl.gmo as /usr/share/locale/pl/LC_MESSAGES/grep.mo
installing pt.gmo as /usr/share/locale/pt/LC_MESSAGES/grep.mo
installing pt_BR.gmo as /usr/share/locale/pt_BR/LC_MESSAGES/grep.mo
installing ro.gmo as /usr/share/locale/ro/LC_MESSAGES/grep.mo
installing ru.gmo as /usr/share/locale/ru/LC_MESSAGES/grep.mo
installing sk.gmo as /usr/share/locale/sk/LC_MESSAGES/grep.mo
installing sl.gmo as /usr/share/locale/sl/LC_MESSAGES/grep.mo
installing sr.gmo as /usr/share/locale/sr/LC_MESSAGES/grep.mo
installing sv.gmo as /usr/share/locale/sv/LC_MESSAGES/grep.mo
installing ta.gmo as /usr/share/locale/ta/LC_MESSAGES/grep.mo
installing th.gmo as /usr/share/locale/th/LC_MESSAGES/grep.mo
installing tr.gmo as /usr/share/locale/tr/LC_MESSAGES/grep.mo
installing uk.gmo as /usr/share/locale/uk/LC_MESSAGES/grep.mo
installing vi.gmo as /usr/share/locale/vi/LC_MESSAGES/grep.mo
installing zh_CN.gmo as /usr/share/locale/zh_CN/LC_MESSAGES/grep.mo
installing zh_TW.gmo as /usr/share/locale/zh_TW/LC_MESSAGES/grep.mo
if test "grep" = "gettext-tools"; then \
  /usr/bin/mkdir -p /usr/share/gettext/po; \
  for file in Makefile.in.in remove-potcdate.sin quot.sed boldquot.sed en@quot.header en@boldquot.header insert-header.sin Rules-quot   Makevars.template; do \
    /usr/bin/install -c -m 644 ./$file \
		    /usr/share/gettext/po/$file; \
  done; \
  for file in Makevars; do \
    rm -f /usr/share/gettext/po/$file; \
  done; \
else \
  : ; \
fi
make[1]: Leaving directory '/sources/grep-3.11/po'
Making install in lib
make[1]: Entering directory '/sources/grep-3.11/lib'
make  install-am
make[2]: Entering directory '/sources/grep-3.11/lib'
make[3]: Entering directory '/sources/grep-3.11/lib'
make[3]: Nothing to be done for 'install-exec-am'.
make[3]: Nothing to be done for 'install-data-am'.
make[3]: Leaving directory '/sources/grep-3.11/lib'
make[2]: Leaving directory '/sources/grep-3.11/lib'
make[1]: Leaving directory '/sources/grep-3.11/lib'
Making install in doc
make[1]: Entering directory '/sources/grep-3.11/doc'
make[2]: Entering directory '/sources/grep-3.11/doc'
make[2]: Nothing to be done for 'install-exec-am'.
 /usr/bin/mkdir -p '/usr/share/man/man1'
 /usr/bin/mkdir -p '/usr/share/info'
 /usr/bin/install -c -m 644 grep.1 '/usr/share/man/man1'
 /usr/bin/install -c -m 644 ./grep.info '/usr/share/info'
 install-info --info-dir='/usr/share/info' '/usr/share/info/grep.info'
make[2]: Leaving directory '/sources/grep-3.11/doc'
make[1]: Leaving directory '/sources/grep-3.11/doc'
Making install in src
make[1]: Entering directory '/sources/grep-3.11/src'
make[2]: Entering directory '/sources/grep-3.11/src'
make[2]: Nothing to be done for 'install-data-am'.
 /usr/bin/mkdir -p '/usr/bin'
 /usr/bin/mkdir -p '/usr/bin'
 /usr/bin/install -c egrep fgrep '/usr/bin'
  /usr/bin/install -c grep '/usr/bin'
make[2]: Leaving directory '/sources/grep-3.11/src'
make[1]: Leaving directory '/sources/grep-3.11/src'
Making install in tests
make[1]: Entering directory '/sources/grep-3.11/tests'
make[2]: Entering directory '/sources/grep-3.11/tests'
make[2]: Nothing to be done for 'install-exec-am'.
make[2]: Nothing to be done for 'install-data-am'.
make[2]: Leaving directory '/sources/grep-3.11/tests'
make[1]: Leaving directory '/sources/grep-3.11/tests'
Making install in gnulib-tests
make[1]: Entering directory '/sources/grep-3.11/gnulib-tests'
make  install-recursive
make[2]: Entering directory '/sources/grep-3.11/gnulib-tests'
Making install in .
make[3]: Entering directory '/sources/grep-3.11/gnulib-tests'
make[4]: Entering directory '/sources/grep-3.11/gnulib-tests'
make[4]: Nothing to be done for 'install-exec-am'.
make[4]: Nothing to be done for 'install-data-am'.
make[4]: Leaving directory '/sources/grep-3.11/gnulib-tests'
make[3]: Leaving directory '/sources/grep-3.11/gnulib-tests'
make[2]: Leaving directory '/sources/grep-3.11/gnulib-tests'
make[1]: Leaving directory '/sources/grep-3.11/gnulib-tests'
make[1]: Entering directory '/sources/grep-3.11'
make[2]: Entering directory '/sources/grep-3.11'
make[2]: Nothing to be done for 'install-exec-am'.
make[2]: Nothing to be done for 'install-data-am'.
make[2]: Leaving directory '/sources/grep-3.11'
make[1]: Leaving directory '/sources/grep-3.11'
