checking for a BSD-compatible install... /usr/bin/install -c
checking whether build environment is sane... yes
checking for a thread-safe mkdir -p... /usr/bin/mkdir -p
checking for gawk... gawk
checking whether make sets $(MAKE)... yes
checking whether make supports nested variables... yes
checking for perl... /usr/bin/perl
checking for perl >= 5.8.1... 5.38.2
checking for XML::Parser... ok
checking for bzr... no
checking that generated files are newer than configure... done
configure: creating ./config.status
config.status: creating Makefile
config.status: creating doc/Makefile
config.status: creating intltoolize
config.status: creating tests/Makefile
config.status: creating tests/cases/Makefile
config.status: creating tests/results/Makefile
config.status: creating tests/selftest.pl
Making all in tests
make[1]: Entering directory '/sources/intltool-0.51.0/tests'
Making all in cases
make[2]: Entering directory '/sources/intltool-0.51.0/tests/cases'
make[2]: Nothing to be done for 'all'.
make[2]: Leaving directory '/sources/intltool-0.51.0/tests/cases'
Making all in results
make[2]: Entering directory '/sources/intltool-0.51.0/tests/results'
make[2]: Nothing to be done for 'all'.
make[2]: Leaving directory '/sources/intltool-0.51.0/tests/results'
make[2]: Entering directory '/sources/intltool-0.51.0/tests'
make[2]: Nothing to be done for 'all-am'.
make[2]: Leaving directory '/sources/intltool-0.51.0/tests'
make[1]: Leaving directory '/sources/intltool-0.51.0/tests'
Making all in doc
make[1]: Entering directory '/sources/intltool-0.51.0/doc'
make[1]: Nothing to be done for 'all'.
make[1]: Leaving directory '/sources/intltool-0.51.0/doc'
make[1]: Entering directory '/sources/intltool-0.51.0'
sed -e 's|[@]PACKAGE@|intltool|g' -e 's|[@]VERSION@|0.51.0|g' -e "s|[@]INTLTOOL_PERL@|/usr/bin/perl|g" -e "s|[@]INTLTOOL_LIBDIR@|/usr/lib|g" < intltool-extract.in > intltool-extract
sed -e 's|[@]PACKAGE@|intltool|g' -e 's|[@]VERSION@|0.51.0|g' -e "s|[@]INTLTOOL_PERL@|/usr/bin/perl|g" -e "s|[@]INTLTOOL_LIBDIR@|/usr/lib|g" < intltool-merge.in > intltool-merge
sed -e 's|[@]PACKAGE@|intltool|g' -e 's|[@]VERSION@|0.51.0|g' -e "s|[@]INTLTOOL_PERL@|/usr/bin/perl|g" -e "s|[@]INTLTOOL_LIBDIR@|/usr/lib|g" < intltool-update.in > intltool-update
sed -e 's|[@]PACKAGE@|intltool|g' -e 's|[@]VERSION@|0.51.0|g' -e "s|[@]INTLTOOL_PERL@|/usr/bin/perl|g" -e "s|[@]INTLTOOL_LIBDIR@|/usr/lib|g" < intltool-prepare.in > intltool-prepare
chmod +x intltool-extract
chmod +x intltool-update
chmod +x intltool-prepare
chmod +x intltool-merge
make[1]: Leaving directory '/sources/intltool-0.51.0'
Making check in tests
make[1]: Entering directory '/sources/intltool-0.51.0/tests'
Making check in cases
make[2]: Entering directory '/sources/intltool-0.51.0/tests/cases'
make[2]: Nothing to be done for 'check'.
make[2]: Leaving directory '/sources/intltool-0.51.0/tests/cases'
Making check in results
make[2]: Entering directory '/sources/intltool-0.51.0/tests/results'
make[2]: Nothing to be done for 'check'.
make[2]: Leaving directory '/sources/intltool-0.51.0/tests/results'
make[2]: Entering directory '/sources/intltool-0.51.0/tests'
make  check-TESTS
make[3]: Entering directory '/sources/intltool-0.51.0/tests'
make[4]: Entering directory '/sources/intltool-0.51.0/tests'
cp selftest.pl selftest && chmod +x selftest
PASS: selftest
make[5]: Entering directory '/sources/intltool-0.51.0/tests'
Making all in cases
make[6]: Entering directory '/sources/intltool-0.51.0/tests/cases'
make[6]: Nothing to be done for 'all'.
make[6]: Leaving directory '/sources/intltool-0.51.0/tests/cases'
Making all in results
make[6]: Entering directory '/sources/intltool-0.51.0/tests/results'
make[6]: Nothing to be done for 'all'.
make[6]: Leaving directory '/sources/intltool-0.51.0/tests/results'
make[6]: Entering directory '/sources/intltool-0.51.0/tests'
make[6]: Nothing to be done for 'all-am'.
make[6]: Leaving directory '/sources/intltool-0.51.0/tests'
make[5]: Leaving directory '/sources/intltool-0.51.0/tests'
============================================================================
Testsuite summary for intltool 0.51.0
============================================================================
# TOTAL: 1
# PASS:  1
# SKIP:  0
# XFAIL: 0
# FAIL:  0
# XPASS: 0
# ERROR: 0
============================================================================
make[4]: Leaving directory '/sources/intltool-0.51.0/tests'
make[3]: Leaving directory '/sources/intltool-0.51.0/tests'
make[2]: Leaving directory '/sources/intltool-0.51.0/tests'
make[1]: Leaving directory '/sources/intltool-0.51.0/tests'
Making check in doc
make[1]: Entering directory '/sources/intltool-0.51.0/doc'
make[1]: Nothing to be done for 'check'.
make[1]: Leaving directory '/sources/intltool-0.51.0/doc'
make[1]: Entering directory '/sources/intltool-0.51.0'
make[1]: Nothing to be done for 'check-am'.
make[1]: Leaving directory '/sources/intltool-0.51.0'
Making install in tests
make[1]: Entering directory '/sources/intltool-0.51.0/tests'
Making install in cases
make[2]: Entering directory '/sources/intltool-0.51.0/tests/cases'
make[3]: Entering directory '/sources/intltool-0.51.0/tests/cases'
make[3]: Nothing to be done for 'install-exec-am'.
make[3]: Nothing to be done for 'install-data-am'.
make[3]: Leaving directory '/sources/intltool-0.51.0/tests/cases'
make[2]: Leaving directory '/sources/intltool-0.51.0/tests/cases'
Making install in results
make[2]: Entering directory '/sources/intltool-0.51.0/tests/results'
make[3]: Entering directory '/sources/intltool-0.51.0/tests/results'
make[3]: Nothing to be done for 'install-exec-am'.
make[3]: Nothing to be done for 'install-data-am'.
make[3]: Leaving directory '/sources/intltool-0.51.0/tests/results'
make[2]: Leaving directory '/sources/intltool-0.51.0/tests/results'
make[2]: Entering directory '/sources/intltool-0.51.0/tests'
make[3]: Entering directory '/sources/intltool-0.51.0/tests'
make[3]: Nothing to be done for 'install-exec-am'.
make[3]: Nothing to be done for 'install-data-am'.
make[3]: Leaving directory '/sources/intltool-0.51.0/tests'
make[2]: Leaving directory '/sources/intltool-0.51.0/tests'
make[1]: Leaving directory '/sources/intltool-0.51.0/tests'
Making install in doc
make[1]: Entering directory '/sources/intltool-0.51.0/doc'
make[2]: Entering directory '/sources/intltool-0.51.0/doc'
make[2]: Nothing to be done for 'install-exec-am'.
 /usr/bin/mkdir -p '/usr/share/man/man8'
 /usr/bin/install -c -m 644 intltoolize.8 intltool-extract.8 intltool-merge.8 intltool-prepare.8 intltool-update.8 '/usr/share/man/man8'
make[2]: Leaving directory '/sources/intltool-0.51.0/doc'
make[1]: Leaving directory '/sources/intltool-0.51.0/doc'
make[1]: Entering directory '/sources/intltool-0.51.0'
make[2]: Entering directory '/sources/intltool-0.51.0'
 /usr/bin/mkdir -p '/usr/share/intltool'
 /usr/bin/mkdir -p '/usr/share/aclocal'
 /usr/bin/mkdir -p '/usr/bin'
 /usr/bin/install -c -m 644 Makefile.in.in '/usr/share/intltool'
 /usr/bin/install -c -m 644 intltool.m4 '/usr/share/aclocal'
 /usr/bin/install -c intltool-extract intltool-merge intltool-update intltoolize intltool-prepare '/usr/bin'
make[2]: Leaving directory '/sources/intltool-0.51.0'
make[1]: Leaving directory '/sources/intltool-0.51.0'
