checking for a BSD-compatible install... /usr/bin/install -c
checking whether build environment is sane... yes
checking for a race-free mkdir -p... /usr/bin/mkdir -p
checking for gawk... gawk
checking whether make sets $(MAKE)... yes
checking whether make supports nested variables... yes
checking whether make supports nested variables... (cached) yes
checking for gcc... gcc
checking whether the C compiler works... yes
checking for C compiler default output file name... a.out
checking for suffix of executables... 
checking whether we are cross compiling... no
checking for suffix of object files... o
checking whether the compiler supports GNU C... yes
checking whether gcc accepts -g... yes
checking for gcc option to enable C11 features... none needed
checking whether gcc understands -c and -o together... yes
checking whether the compiler is clang... no
checking for compiler option needed when checking for declarations... none
checking whether make supports the include directive... yes (GNU style)
checking dependency style of gcc... gcc3
checking for stdio.h... yes
checking for stdlib.h... yes
checking for string.h... yes
checking for inttypes.h... yes
checking for stdint.h... yes
checking for strings.h... yes
checking for sys/stat.h... yes
checking for sys/types.h... yes
checking for unistd.h... yes
checking for wchar.h... yes
checking for minix/config.h... no
checking for pthread.h... yes
checking for sys/param.h... yes
checking for sys/socket.h... yes
checking for dirent.h... yes
checking for stdio_ext.h... yes
checking for getopt.h... yes
checking for sys/cdefs.h... yes
checking for threads.h... yes
checking for iconv.h... yes
checking for limits.h... yes
checking for crtdefs.h... no
checking for wctype.h... yes
checking for langinfo.h... yes
checking for xlocale.h... no
checking for math.h... yes
checking for sys/mman.h... yes
checking for malloc.h... yes
checking for spawn.h... yes
checking for sys/time.h... yes
checking for sys/random.h... yes
checking for sys/wait.h... yes
checking for features.h... yes
checking for arpa/inet.h... yes
checking for semaphore.h... yes
checking for netdb.h... yes
checking for netinet/in.h... yes
checking for sys/select.h... yes
checking for sys/ioctl.h... yes
checking for sys/uio.h... yes
checking whether it is safe to define __EXTENSIONS__... yes
checking whether _XOPEN_SOURCE should be defined... no
checking build system type... x86_64-pc-linux-gnu
checking host system type... x86_64-pc-linux-gnu
checking how to run the C preprocessor... gcc -E
checking for grep that handles long lines and -e... /usr/bin/grep
checking for egrep... /usr/bin/grep -E
checking for Minix Amsterdam compiler... no
checking for ar... ar
checking for ranlib... ranlib
checking whether to use C++... no
checking for _LARGEFILE_SOURCE value needed for large files... no
checking for special C compiler options needed for large files... no
checking for _FILE_OFFSET_BITS value needed for large files... no
configure: autobuild project... GNU M4
configure: autobuild revision... 1.4.19
configure: autobuild hostname... alley
configure: autobuild timestamp... 20240825T060829Z
checking for unsigned long long int... yes
checking for long long int... yes
checking for unsigned long long int... (cached) yes
checking for size_t... yes
checking for working alloca.h... yes
checking for alloca... yes
checking for inline... inline
checking whether <wchar.h> uses 'inline' correctly... yes
checking for btowc... yes
checking for canonicalize_file_name... yes
checking for faccessat... yes
checking for realpath... yes
checking for lstat... yes
checking for _set_invalid_parameter_handler... no
checking for fchdir... yes
checking for fcntl... yes
checking for symlink... yes
checking for fdopendir... yes
checking for mempcpy... yes
checking for fpurge... no
checking for __fpurge... yes
checking for __freadahead... no
checking for __freading... yes
checking for fstatat... yes
checking for getdtablesize... yes
checking for getprogname... no
checking for getexecname... no
checking for getrandom... yes
checking for iswcntrl... yes
checking for iswblank... yes
checking for uselocale... yes
checking for newlocale... yes
checking for duplocale... yes
checking for freelocale... yes
checking for mbsinit... yes
checking for mbrtowc... yes
checking for mbslen... no
checking for mprotect... yes
checking for mkstemp... yes
checking for nl_langinfo... yes
checking for openat... yes
checking for pipe... yes
checking for pipe2... yes
checking for posix_spawn_file_actions_addchdir_np... yes
checking for posix_spawn_file_actions_addchdir... no
checking for readlink... yes
checking for isblank... yes
checking for iswctype... yes
checking for link... yes
checking for secure_getenv... yes
checking for getuid... yes
checking for geteuid... yes
checking for getgid... yes
checking for getegid... yes
checking for sigaction... yes
checking for sigaltstack... yes
checking for siginterrupt... yes
checking for setrlimit... yes
checking for getrlimit... yes
checking for snprintf... yes
checking for strerror_r... yes
checking for __xpg_strerror_r... yes
checking for strndup... yes
checking for vasnprintf... no
checking for wcrtomb... yes
checking for wcwidth... yes
checking for explicit_bzero... yes
checking for memset_s... no
checking for ftruncate... yes
checking for gettimeofday... yes
checking for pthread_sigmask... yes
checking for setenv... yes
checking for sleep... yes
checking for catgets... yes
checking for shutdown... yes
checking for mquery... no
checking for pstat_getprocvm... no
checking for wctob... yes
checking for nl_langinfo and CODESET... yes
checking for a traditional french locale... fr_FR
checking whether malloc is ptrdiff_t safe... yes
checking whether malloc, realloc, calloc set errno on failure... yes
checking whether lstat correctly handles trailing slash... yes
checking whether // is distinct from /... no
checking whether realpath works... yes
checking for getcwd... yes
checking whether the preprocessor supports include_next... yes
checking whether source code line length is unlimited... yes
checking for gcc options needed to detect all undeclared functions... none needed
checking if environ is properly declared... yes
checking for complete errno.h... yes
checking whether strerror_r is declared... yes
checking whether strerror_r returns char *... yes
checking for mode_t... yes
checking for sig_atomic_t... yes
checking whether fchdir is declared... yes
checking for working fcntl.h... yes
checking for pid_t... yes
checking for eaccess... yes
checking whether frexp() can be used without linking with libm... yes
checking whether alarm is declared... yes
checking whether long double and double are the same... no
checking whether stdin defaults to large file offsets... yes
checking whether fseeko is declared... yes
checking for fseeko... yes
checking whether fflush works on input streams... no
checking whether stat file-mode macros are broken... no
checking for C/C++ restrict keyword... __restrict__
checking for nlink_t... yes
checking whether ftello is declared... yes
checking whether ungetc works on arbitrary bytes... yes
checking for ftello... yes
checking whether ftello works... yes
checking whether getcwd (NULL, 0) allocates memory for result... yes
checking for getcwd with POSIX signature... yes
checking whether getcwd is declared... yes
checking whether getdtablesize is declared... yes
checking for getopt.h... (cached) yes
checking for getopt_long_only... yes
checking whether getopt is POSIX compatible... yes
checking for working GNU getopt function... yes
checking for working GNU getopt_long function... yes
checking for pthread.h... (cached) yes
checking for pthread_kill in -lpthread... yes
checking whether POSIX threads API is available... yes
checking whether setlocale (LC_ALL, NULL) is multithread-safe... yes
checking whether setlocale (category, NULL) is multithread-safe... yes
checking host CPU and C ABI... x86_64
checking for ld used by gcc... /usr/x86_64-lfs-linux-gnu/bin/ld
checking if the linker (/usr/x86_64-lfs-linux-gnu/bin/ld) is GNU ld... yes
checking for shared library run path origin... done
checking 32-bit host C ABI... no
checking for ELF binary format... yes
checking for the common suffixes of directories in the library search path... lib,lib,lib
checking for iconv... yes
checking for working iconv... yes
checking whether iconv is compatible with its POSIX signature... yes
checking whether limits.h has LLONG_MAX, WORD_BIT, ULLONG_WIDTH etc.... yes
checking for wint_t... yes
checking whether wint_t is large enough... yes
checking whether the compiler produces multi-arch binaries... no
checking whether stdint.h conforms to C99... yes
checking whether stdint.h works without ISO C predefines... yes
checking whether stdint.h has UINTMAX_WIDTH etc.... yes
checking where to find the exponent in a 'double'... word 1 bit 20
checking where to find the exponent in a 'float'... word 0 bit 23
checking whether byte ordering is bigendian... no
checking whether iswcntrl works... yes
checking for towlower... yes
checking for wctype_t... yes
checking for wctrans_t... yes
checking for a traditional japanese locale... ja_JP
checking for a french Unicode locale... fr_FR.UTF-8
checking for a transitional chinese locale... zh_CN.GB18030
checking whether langinfo.h defines CODESET... yes
checking whether langinfo.h defines T_FMT_AMPM... yes
checking whether langinfo.h defines ALTMON_1... yes
checking whether langinfo.h defines ERA... yes
checking whether langinfo.h defines YESEXPR... yes
checking for wchar_t... yes
checking for good max_align_t... yes
checking whether NULL can be used in arbitrary expressions... yes
checking whether locale.h defines locale_t... yes
checking whether locale.h conforms to POSIX:2001... yes
checking whether struct lconv is properly defined... yes
checking for LC_MESSAGES... yes
checking whether uselocale works... yes
checking for fake locale system (OpenBSD)... no
checking for Solaris 11.4 locale system... no
checking for getlocalename_l... no
checking for CFPreferencesCopyAppValue... no
checking for CFLocaleCopyPreferredLanguages... no
checking for multithread API to use... none
checking for a sed that does not truncate output... /usr/bin/sed
checking whether malloc (0) returns nonnull... yes
checking whether NAN macro works... yes
checking whether HUGE_VAL works... yes
checking for mbstate_t... yes
checking for mmap... yes
checking for MAP_ANONYMOUS... yes
checking whether memchr works... yes
checking whether memrchr is declared... yes
checking whether <limits.h> defines MIN and MAX... no
checking whether <sys/param.h> defines MIN and MAX... yes
checking for O_CLOEXEC... yes
checking for promoted mode_t type... mode_t
checking for library containing posix_spawn... none required
checking for posix_spawn... yes
checking whether posix_spawn is declared... yes
checking whether posix_spawn works... yes
checking whether posix_spawn rejects scripts without shebang... yes
checking whether posix_spawnp rejects scripts without shebang... yes
checking whether posix_spawnattr_setschedpolicy is supported... yes
checking whether posix_spawnattr_setschedparam is supported... yes
checking for sigset_t... yes
checking for SIGPIPE... yes
checking for sched.h... yes
checking for struct sched_param... yes
checking for uid_t in sys/types.h... yes
checking for volatile sig_atomic_t... yes
checking for sighandler_t... yes
checking whether C symbols are prefixed with underscore at the linker level... no
checking whether snprintf returns a byte count as in C99... yes
checking whether snprintf is declared... yes
checking for posix_spawnattr_t... yes
checking for posix_spawn_file_actions_t... yes
checking for stdbool.h that conforms to C99... yes
checking for _Bool... yes
checking whether fcloseall is declared... yes
checking which flavor of printf attribute matches inttypes macros... system
checking whether ecvt is declared... yes
checking whether fcvt is declared... yes
checking whether gcvt is declared... yes
checking whether strdup is declared... yes
checking whether strerror(0) succeeds... yes
checking for strerror_r with POSIX signature... no
checking whether __xpg_strerror_r works... yes
checking whether strndup is declared... yes
checking whether strnlen is declared... yes
checking whether strsignal is declared... yes
checking whether strstr works... yes
checking whether ldexp() can be used without linking with libm... yes
checking for struct timespec in <time.h>... yes
checking for TIME_UTC in <time.h>... yes
checking whether execvpe is declared... yes
checking whether clearerr_unlocked is declared... yes
checking whether feof_unlocked is declared... yes
checking whether ferror_unlocked is declared... yes
checking whether fflush_unlocked is declared... yes
checking whether fgets_unlocked is declared... yes
checking whether fputc_unlocked is declared... yes
checking whether fputs_unlocked is declared... yes
checking whether fread_unlocked is declared... yes
checking whether fwrite_unlocked is declared... yes
checking whether getc_unlocked is declared... yes
checking whether getchar_unlocked is declared... yes
checking whether putc_unlocked is declared... yes
checking whether putchar_unlocked is declared... yes
checking for inttypes.h... yes
checking for stdint.h... yes
checking for intmax_t... yes
checking whether snprintf truncates the result as in C99... yes
checking for snprintf... (cached) yes
checking for strnlen... yes
checking for wcslen... yes
checking for wcsnlen... yes
checking for mbrtowc... (cached) yes
checking for wcrtomb... (cached) yes
checking whether _snprintf is declared... no
checking whether printf supports size specifiers as in C99... yes
checking whether printf supports 'long double' arguments... yes
checking whether printf supports infinite 'double' arguments... yes
checking whether printf supports infinite 'long double' arguments... yes
checking whether printf supports the 'a' and 'A' directives... yes
checking whether printf supports the 'F' directive... yes
checking whether printf supports the 'n' directive... yes
checking whether printf supports the 'ls' directive... yes
checking whether printf supports the grouping flag... yes
checking whether printf supports the left-adjust flag correctly... yes
checking whether printf supports the zero flag correctly... yes
checking whether printf supports large precisions... yes
checking whether printf survives out-of-memory conditions... yes
checking whether wcsdup is declared... yes
checking whether <sys/socket.h> is self-contained... yes
checking for shutdown... (cached) yes
checking whether <sys/socket.h> defines the SHUT_* macros... yes
checking for struct sockaddr_storage... yes
checking for sa_family_t... yes
checking for struct sockaddr_storage.ss_family... yes
checking for library needed for semaphore functions... none
checking for struct timeval... yes
checking for wide-enough struct timeval.tv_sec member... yes
checking for IPv4 sockets... yes
checking for IPv6 sockets... yes
checking for off_t... yes
checking whether INT32_MAX < INTMAX_MAX... yes
checking whether INT64_MAX == LONG_MAX... yes
checking whether UINT32_MAX < UINTMAX_MAX... yes
checking whether UINT64_MAX == ULONG_MAX... yes
checking whether <sys/select.h> is self-contained... yes
checking for library containing setsockopt... none needed
checking whether select supports a 0 argument... yes
checking whether select detects invalid fds... yes
checking for pthread_t... yes
checking for pthread_spinlock_t... yes
checking for PTHREAD_CREATE_DETACHED... yes
checking for PTHREAD_MUTEX_RECURSIVE... yes
checking for PTHREAD_MUTEX_ROBUST... yes
checking for PTHREAD_PROCESS_SHARED... yes
checking whether setenv is declared... yes
checking for search.h... yes
checking for tsearch... yes
checking whether <sys/ioctl.h> declares ioctl... yes
checking whether unsetenv is declared... yes
checking for alloca as a compiler built-in... yes
checking whether to enable assertions... yes
checking whether btowc(0) is correct... yes
checking whether btowc(EOF) is correct... yes
checking for __builtin_expect... yes
checking whether calloc (0, n) and calloc (n, 0) return nonnull... yes
checking whether this system supports file names of any length... no
checking for library containing clock_gettime... none required
checking for clock_gettime... yes
checking for clock_settime... yes
checking for closedir... yes
checking for d_ino member in directory struct... yes
checking for dirfd... yes
checking whether dirfd is declared... yes
checking whether dirfd is a macro... no
checking whether // is distinct from /... (cached) no
checking whether dup works... yes
checking whether dup2 works... yes
checking for error_at_line... yes
checking whether fflush works on input streams... (cached) no
checking whether fcntl handles F_DUPFD correctly... yes
checking whether fcntl understands F_DUPFD_CLOEXEC... needs runtime check
checking whether fdopendir is declared... yes
checking whether fdopendir works... yes
checking whether fflush works on input streams... (cached) no
checking for flexible array member... yes
checking whether conversion from 'int' to 'long double' works... yes
checking whether fopen recognizes a trailing slash... yes
checking whether fopen supports the mode character 'x'... yes
checking whether fopen supports the mode character 'e'... yes
checking for __fpending... yes
checking whether __fpending is declared... yes
checking whether fpurge is declared... no
checking whether free is known to preserve errno... yes
checking whether frexp works... yes
checking whether frexpl is declared... yes
checking whether frexpl() can be used without linking with libm... yes
checking whether frexpl works... yes
checking for fseeko... (cached) yes
checking whether fflush works on input streams... (cached) no
checking for _fseeki64... no
checking whether fstatat (..., 0) works... yes
checking for ftello... (cached) yes
checking whether ftello works... (cached) yes
checking whether getcwd handles long file names properly... yes
checking for getpagesize... yes
checking whether getcwd succeeds when 4k < cwd_length < 16k... yes
checking whether getdtablesize works... yes
checking for getpagesize... (cached) yes
checking whether getpagesize is declared... yes
checking whether program_invocation_name is declared... yes
checking whether program_invocation_short_name is declared... yes
checking whether __argv is declared... no
checking whether getrandom is compatible with its GNU+BSD signature... yes
checking whether the compiler generally respects inline... yes
checking whether isnan(double) can be used without linking with libm... yes
checking whether isnan(float) can be used without linking with libm... yes
checking whether isnan(float) works... yes
checking whether isnan(long double) can be used without linking with libm... yes
checking whether isnanl works... yes
checking whether iswblank is declared... yes
checking whether iswdigit is ISO C compliant... yes
checking whether iswxdigit is ISO C compliant... yes
checking whether the compiler supports the __inline keyword... yes
checking whether lseek detects pipes... yes
checking whether malloc (0) returns nonnull... (cached) yes
checking whether mbrtowc handles incomplete characters... yes
checking whether mbrtowc works as well as mbtowc... yes
checking whether mbrtowc handles a NULL pwc argument... yes
checking whether mbrtowc handles a NULL string argument... yes
checking whether mbrtowc has a correct return value... yes
checking whether mbrtowc returns 0 when parsing a NUL character... yes
checking whether mbrtowc stores incomplete characters... no
checking whether mbrtowc works on empty input... yes
checking whether the C locale is free of encoding errors... no
checking whether mbrtowc handles incomplete characters... (cached) yes
checking whether mbrtowc works as well as mbtowc... (cached) yes
checking for mbtowc... yes
checking for mempcpy... (cached) yes
checking for memrchr... yes
checking whether mkdir handles trailing slash... yes
checking whether mkdir handles trailing dot... yes
checking for mkdtemp... yes
checking for working mkstemp... yes
checking whether YESEXPR works... yes
checking for obstacks that work with any size object... no
checking whether open recognizes a trailing slash... yes
checking for opendir... yes
checking whether posix_spawn_file_actions_addclose works... yes
checking whether posix_spawn_file_actions_adddup2 works... yes
checking whether posix_spawn_file_actions_addopen works... yes
checking whether frexp works... (cached) yes
checking whether ldexp can be used without linking with libm... (cached) yes
checking whether frexpl() can be used without linking with libm... (cached) yes
checking whether frexpl works... (cached) yes
checking whether frexpl is declared... (cached) yes
checking whether ldexpl() can be used without linking with libm... yes
checking whether ldexpl works... yes
checking whether ldexpl is declared... yes
checking whether program_invocation_name is declared... (cached) yes
checking whether program_invocation_short_name is declared... (cached) yes
checking for raise... yes
checking for sigprocmask... yes
checking for rawmemchr... yes
checking for readdir... yes
checking whether readlink signature is correct... yes
checking whether readlink handles trailing slash correctly... yes
checking whether readlink truncates results correctly... yes
checking whether realloc (0, 0) returns nonnull... yes
checking for reallocarray... yes
checking for working re_compile_pattern... no
checking for libintl.h... yes
checking whether isblank is declared... yes
checking whether rename honors trailing slash on destination... yes
checking whether rename honors trailing slash on source... yes
checking whether rename manages hard links correctly... yes
checking whether rename manages existing destinations correctly... yes
checking for rewinddir... yes
checking whether rmdir works... yes
checking whether setlocale supports the C locale... yes
checking whether setlocale (LC_ALL, NULL) is multithread-safe... (cached) yes
checking whether setlocale (category, NULL) is multithread-safe... (cached) yes
checking for struct sigaction.sa_sigaction... yes
checking for signbit macro... yes
checking for signbit compiler built-ins... yes
checking for sigprocmask... (cached) yes
checking for stack direction... grows down
checking for stack_t... yes
checking for working sigaltstack... yes
checking for correct stack_t interpretation... yes
checking for stdint.h... (cached) yes
checking for SIZE_MAX... yes
checking for snprintf... (cached) yes
checking whether snprintf respects a size of 1... yes
checking whether printf supports POSIX/XSI format strings with positions... yes
checking for ssize_t... yes
checking whether stat handles trailing slashes on files... yes
checking for struct stat.st_atim.tv_nsec... yes
checking whether struct stat.st_atim is of type struct timespec... yes
checking for struct stat.st_birthtimespec.tv_nsec... no
checking for struct stat.st_birthtimensec... no
checking for struct stat.st_birthtim.tv_nsec... no
checking for working stdalign.h... yes
checking for va_copy... yes
checking for stpcpy... yes
checking for strchrnul... yes
checking whether strchrnul works... yes
checking for working strerror function... yes
checking for working strndup... yes
checking for working strnlen... yes
checking for strsignal... yes
checking whether strsignal always returns a string... yes
checking whether strstr works in linear time... yes
checking whether strstr works... (cached) yes
checking whether strtod obeys C99... yes
checking for sys/single_threaded.h... yes
checking for ptrdiff_t... yes
checking for vasprintf... yes
checking for vasprintf... (cached) yes
checking for waitid... yes
checking whether mbrtowc handles incomplete characters... (cached) yes
checking whether mbrtowc works as well as mbtowc... (cached) yes
checking whether wcrtomb works in the C locale... yes
checking whether wcrtomb return value is correct... yes
checking whether wcwidth is declared... yes
checking whether wcwidth works reasonably in UTF-8 locales... yes
checking for stdint.h... (cached) yes
checking for a traditional french locale... (cached) fr_FR
checking for a french Unicode locale... (cached) fr_FR.UTF-8
checking for a traditional french locale... (cached) fr_FR
checking for a turkish Unicode locale... tr_TR.UTF-8
checking whether open recognizes a trailing slash... (cached) yes
checking for close_range... yes
checking whether fdopen sets errno... yes
checking whether freopen works on closed fds... yes
checking for gettimeofday with POSIX signature... yes
checking for library containing inet_pton... none required
checking whether inet_pton is declared... yes
checking whether byte ordering is bigendian... (cached) no
checking for ioctl... yes
checking for ioctl with POSIX signature... no
checking where to find the exponent in a 'double'... (cached) word 1 bit 20
checking where to find the exponent in a 'float'... (cached) word 0 bit 23
checking where to find the exponent in a 'long double'... word 2 bit 0
checking for a traditional french locale... (cached) fr_FR
checking for a french Unicode locale... (cached) fr_FR.UTF-8
checking for a traditional japanese locale... (cached) ja_JP
checking for a transitional chinese locale... (cached) zh_CN.GB18030
checking for a traditional french locale... (cached) fr_FR
checking for a french Unicode locale... (cached) fr_FR.UTF-8
checking for a traditional japanese locale... (cached) ja_JP
checking for a transitional chinese locale... (cached) zh_CN.GB18030
checking whether link obeys POSIX... yes
checking for a traditional french locale... (cached) fr_FR
checking for a french Unicode locale... (cached) fr_FR.UTF-8
checking for a traditional japanese locale... (cached) ja_JP
checking for a transitional chinese locale... (cached) zh_CN.GB18030
checking for a french Unicode locale... (cached) fr_FR.UTF-8
checking for a french Unicode locale... (cached) fr_FR.UTF-8
checking for a transitional chinese locale... (cached) zh_CN.GB18030
checking for library containing nanosleep... none required
checking for working nanosleep... no (mishandles large arguments)
checking whether <netinet/in.h> is self-contained... yes
checking for a traditional french locale... (cached) fr_FR
checking for a french Unicode locale... (cached) fr_FR.UTF-8
checking whether perror matches strerror... yes
checking whether pthread_create exists as a global function... yes
checking whether pthread_sigmask is a macro... no
checking whether pthread_sigmask works without -lpthread... yes
checking whether pthread_sigmask returns error numbers... yes
checking whether pthread_sigmask unblocks signals correctly... guessing yes
checking for putenv compatible with GNU and SVID... yes
checking whether sched_yield is declared... yes
checking whether select supports a 0 argument... (cached) yes
checking whether select detects invalid fds... (cached) yes
checking whether setenv validates arguments... yes
checking for a traditional french locale... (cached) fr_FR
checking for a french Unicode locale... (cached) fr_FR.UTF-8
checking for a traditional japanese locale... (cached) ja_JP
checking for a transitional chinese locale... (cached) zh_CN.GB18030
checking whether sleep is declared... yes
checking for working sleep... yes
checking for socklen_t... yes
checking for a traditional french locale... (cached) fr_FR
checking for a french Unicode locale... (cached) fr_FR.UTF-8
checking whether symlink handles trailing slash correctly... yes
checking for unsetenv... yes
checking for unsetenv() return type... int
checking whether unsetenv obeys POSIX... yes
checking for a traditional french locale... (cached) fr_FR
checking for a french Unicode locale... (cached) fr_FR.UTF-8
checking for a traditional japanese locale... (cached) ja_JP
checking for a transitional chinese locale... (cached) zh_CN.GB18030
checking whether wctob works... yes
checking whether wctob is declared... yes
checking whether an open file can be renamed... yes
checking if changeword is wanted... no
checking which shell to use for syscmd... /bin/sh
checking if malloc debugging is wanted... no
checking whether NLS is requested... yes
checking for msgfmt... /usr/bin/msgfmt
checking for gmsgfmt... /usr/bin/msgfmt
checking for xgettext... /usr/bin/xgettext
checking for msgmerge... /usr/bin/msgmerge
checking for CFPreferencesCopyAppValue... (cached) no
checking for CFLocaleCopyPreferredLanguages... (cached) no
checking for GNU gettext in libc... yes
checking whether to use NLS... yes
checking where the gettext function comes from... libc
checking that generated files are newer than configure... done
configure: creating ./config.status
config.status: creating Makefile
config.status: creating doc/Makefile
config.status: creating lib/Makefile
config.status: creating po/Makefile.in
config.status: creating src/Makefile
config.status: creating tests/Makefile
config.status: creating checks/Makefile
config.status: creating examples/Makefile
config.status: creating lib/config.h
config.status: executing depfiles commands
config.status: executing stamp-h commands
config.status: executing po-directories commands
config.status: creating po/POTFILES
config.status: creating po/Makefile
make  all-recursive
make[1]: Entering directory '/sources/m4-1.4.19'
Making all in .
make[2]: Entering directory '/sources/m4-1.4.19'
make[2]: Nothing to be done for 'all-am'.
make[2]: Leaving directory '/sources/m4-1.4.19'
Making all in examples
make[2]: Entering directory '/sources/m4-1.4.19/examples'
make[2]: Nothing to be done for 'all'.
make[2]: Leaving directory '/sources/m4-1.4.19/examples'
Making all in lib
make[2]: Entering directory '/sources/m4-1.4.19/lib'
  GEN      alloca.h
  GEN      configmake.h
  GEN      fcntl.h
  GEN      dirent.h
  GEN      iconv.h
  GEN      inttypes.h
  GEN      langinfo.h
  GEN      limits.h
  GEN      locale.h
  GEN      math.h
  GEN      sched.h
  GEN      signal.h
  GEN      sigsegv.h
  GEN      spawn.h
  GEN      stdio.h
  GEN      stdlib.h
  GEN      string.h
  GEN      sys/random.h
  GEN      sys/stat.h
  GEN      sys/types.h
  GEN      sys/wait.h
  GEN      time.h
  GEN      unistd.h
  GEN      unistr.h
  GEN      unitypes.h
  GEN      uniwidth.h
  GEN      wchar.h
  GEN      wctype.h
make  all-am
make[3]: Entering directory '/sources/m4-1.4.19/lib'
  CC       openat-proc.o
  CC       asyncsafe-spin.o
  CC       basename-lgpl.o
  CC       gl_avltree_oset.o
  CC       binary-io.o
  CC       bitrotate.o
  CC       c-ctype.o
  CC       c-stack.o
  CC       c-strcasecmp.o
  CC       c-strncasecmp.o
  CC       canonicalize.o
  CC       clean-temp.o
  CC       clean-temp-simple.o
  CC       cloexec.o
  CC       close-stream.o
  CC       closein.o
  CC       closeout.o
  CC       concat-filename.o
  CC       dirname.o
  CC       basename.o
  CC       dirname-lgpl.o
  CC       stripslash.o
  CC       execute.o
  CC       exitfail.o
  CC       fatal-signal.o
  CC       fd-hook.o
  CC       fd-safer-flag.o
  CC       dup-safer-flag.o
  CC       file-set.o
  CC       filenamecat.o
  CC       filenamecat-lgpl.o
  CC       findprog-in.o
  CC       fopen-safer.o
  CC       freading.o
  CC       getprogname.o
  CC       hard-locale.o
  CC       hash.o
  CC       hash-pjw.o
  CC       hash-triple-simple.o
  CC       gl_linked_list.o
  CC       gl_list.o
  CC       gl_linkedhash_list.o
  CC       localcharset.o
  CC       localename.o
  CC       localename-table.o
  CC       malloca.o
  CC       math.o
  CC       mbchar.o
  CC       mbiter.o
  CC       mbslen.o
  CC       mbsstr.o
  CC       mbuiter.o
  CC       memchr2.o
  CC       openat-die.o
  CC       gl_oset.o
  CC       pipe2.o
  CC       pipe2-safer.o
  CC       printf-frexp.o
  CC       printf-frexpl.o
  CC       progname.o
  CC       propername.o
  CC       quotearg.o
  CC       save-cwd.o
  CC       malloc/scratch_buffer_dupfree.o
  CC       malloc/scratch_buffer_grow.o
  CC       malloc/scratch_buffer_grow_preserve.o
  CC       malloc/scratch_buffer_set_array_size.o
  CC       setlocale_null.o
  CC       sig-handler.o
  CC       sigsegv.o
  CC       stackvma.o
  CC       spawn-pipe.o
  CC       stat-time.o
  CC       mkstemp-safer.o
  CC       striconv.o
  CC       strnlen1.o
  CC       tempname.o
  CC       glthread/threadlib.o
  CC       glthread/tls.o
  CC       tmpdir.o
  CC       trim.o
  CC       unistd.o
  CC       dup-safer.o
  CC       fd-safer.o
  CC       pipe-safer.o
  CC       verror.o
  CC       version-etc.o
  CC       version-etc-fsf.o
  CC       wait-process.o
  CC       wctype-h.o
  CC       xmalloc.o
  CC       xalloc-die.o
  CC       gl_xlist.o
  CC       xmalloca.o
  CC       gl_xoset.o
  CC       xprintf.o
  CC       xsize.o
  CC       xstriconv.o
  CC       xstrndup.o
  CC       xvasprintf.o
  CC       xasprintf.o
  CC       asnprintf.o
  CC       chdir-long.o
  CC       fclose.o
  CC       fcntl.o
  CC       fflush.o
  CC       fpurge.o
  CC       freadahead.o
  CC       fseek.o
  CC       fseeko.o
  CC       mbrtowc.o
  CC       obstack.o
  CC       printf-args.o
  CC       printf-parse.o
  CC       regex.o
  CC       spawn_faction_addchdir.o
  CC       vasnprintf.o
  CC       malloc/dynarray_at_failure.o
  CC       malloc/dynarray_emplace_enlarge.o
  CC       malloc/dynarray_finalize.o
  CC       malloc/dynarray_resize.o
  CC       malloc/dynarray_resize_clear.o
  CC       glthread/lock.o
  CC       unistr/u8-mbtoucr.o
  CC       unistr/u8-uctomb.o
  CC       unistr/u8-uctomb-aux.o
  CC       uniwidth/width.o
  AR       libm4.a
make[3]: Leaving directory '/sources/m4-1.4.19/lib'
make[2]: Leaving directory '/sources/m4-1.4.19/lib'
Making all in src
make[2]: Entering directory '/sources/m4-1.4.19/src'
  CC       builtin.o
  CC       m4.o
  CC       debug.o
  CC       eval.o
  CC       freeze.o
  CC       format.o
  CC       input.o
  CC       macro.o
  CC       output.o
  CC       path.o
  CC       symtab.o
  CCLD     m4
make[2]: Leaving directory '/sources/m4-1.4.19/src'
Making all in doc
make[2]: Entering directory '/sources/m4-1.4.19/doc'
make[2]: Nothing to be done for 'all'.
make[2]: Leaving directory '/sources/m4-1.4.19/doc'
Making all in checks
make[2]: Entering directory '/sources/m4-1.4.19/checks'
make[2]: Nothing to be done for 'all'.
make[2]: Leaving directory '/sources/m4-1.4.19/checks'
Making all in po
make[2]: Entering directory '/sources/m4-1.4.19/po'
make[2]: Nothing to be done for 'all'.
make[2]: Leaving directory '/sources/m4-1.4.19/po'
Making all in tests
make[2]: Entering directory '/sources/m4-1.4.19/tests'
  GEN      ctype.h
  GEN      test-posix_spawn-dup2-stdout.sh
  GEN      test-posix_spawn-dup2-stdin.sh
  GEN      arpa/inet.h
  GEN      pthread.h
  GEN      sys/select.h
  GEN      sys/ioctl.h
  GEN      sys/socket.h
  GEN      sys/time.h
  GEN      sys/uio.h
make  all-recursive
make[3]: Entering directory '/sources/m4-1.4.19/tests'
Making all in .
make[4]: Entering directory '/sources/m4-1.4.19/tests'
  CC       locale.o
  CC       gl_array_list.o
  CC       gl_array_oset.o
  CC       findprog.o
  CC       imaxtostr.o
  CC       inttostr.o
  CC       offtostr.o
  CC       uinttostr.o
  CC       umaxtostr.o
  CC       read-file.o
  CC       sockets.o
  CC       sys_socket.o
  CC       vma-iter.o
  CC       ioctl.o
  CC       xconcat-filename.o
  CC       nanosleep.o
  CC       pthread_sigmask.o
  CC       strerror_r.o
  CC       test-localcharset.o
  CC       glthread/thread.o
  AR       libtests.a
  CCLD     current-locale
  CCLD     test-localcharset
make[4]: Leaving directory '/sources/m4-1.4.19/tests'
make[3]: Leaving directory '/sources/m4-1.4.19/tests'
make[2]: Leaving directory '/sources/m4-1.4.19/tests'
make[1]: Leaving directory '/sources/m4-1.4.19'
  GEN      public-submodule-commit
make  check-recursive
make[1]: Entering directory '/sources/m4-1.4.19'
Making check in .
make[2]: Entering directory '/sources/m4-1.4.19'
make[2]: Nothing to be done for 'check-am'.
make[2]: Leaving directory '/sources/m4-1.4.19'
Making check in examples
make[2]: Entering directory '/sources/m4-1.4.19/examples'
make[2]: Nothing to be done for 'check'.
make[2]: Leaving directory '/sources/m4-1.4.19/examples'
Making check in lib
make[2]: Entering directory '/sources/m4-1.4.19/lib'
make  check-am
make[3]: Entering directory '/sources/m4-1.4.19/lib'
make[3]: Leaving directory '/sources/m4-1.4.19/lib'
make[2]: Leaving directory '/sources/m4-1.4.19/lib'
Making check in src
make[2]: Entering directory '/sources/m4-1.4.19/src'
make[2]: Nothing to be done for 'check'.
make[2]: Leaving directory '/sources/m4-1.4.19/src'
Making check in doc
make[2]: Entering directory '/sources/m4-1.4.19/doc'
make[2]: Nothing to be done for 'check'.
make[2]: Leaving directory '/sources/m4-1.4.19/doc'
Making check in checks
make[2]: Entering directory '/sources/m4-1.4.19/checks'
make  check-local
make[3]: Entering directory '/sources/m4-1.4.19/checks'
PATH=`pwd`/../src":"$PATH; export PATH; \
./check-them -I ./../examples ./*[0-9][0-9][0-9].* ./stackovf.test
m4 (GNU M4) 1.4.19
Copyright (C) 2021 Free Software Foundation, Inc.
License GPLv3+: GNU GPL version 3 or later <https://gnu.org/licenses/gpl.html>.
This is free software: you are free to change and redistribute it.
There is NO WARRANTY, to the extent permitted by law.

Written by Rene' Seindal.
Checking ./001.preprocess
Checking ./002.debugging_
Checking ./003.command_li
Checking ./004.command_li
Checking ./005.command_li
Checking ./006.command_li
Checking ./007.command_li
Checking ./008.comments
Checking ./009.comments
Checking ./010.input_proc
Checking ./011.input_proc
Checking ./012.inhibiting
Checking ./013.inhibiting
Checking ./014.inhibiting
Checking ./015.inhibiting
Checking ./016.inhibiting
Checking ./017.inhibiting
Checking ./018.inhibiting
Checking ./019.inhibiting
Checking ./020.macro_argu
Checking ./021.macro_argu
Checking ./022.macro_argu
Checking ./023.macro_argu
Checking ./024.macro_argu
Checking ./025.quoting_ar
Checking ./026.macro_expa
Checking ./027.macro_expa
Checking ./028.define
Checking ./029.define
Checking ./030.define
Checking ./031.arguments
Checking ./032.arguments
Checking ./033.arguments
Checking ./034.arguments
Checking ./035.arguments
Checking ./036.arguments
Checking ./037.pseudo_arg
Checking ./038.pseudo_arg
Checking ./039.pseudo_arg
Checking ./040.pseudo_arg
Checking ./041.pseudo_arg
Checking ./042.pseudo_arg
Checking ./043.pseudo_arg
Checking ./044.pseudo_arg
Checking ./045.pseudo_arg
Checking ./046.undefine
Checking ./047.undefine
Checking ./048.defn
Checking ./049.defn
Checking ./050.defn
Checking ./051.defn
Checking ./052.defn
Checking ./053.defn
Checking ./054.defn
Checking ./055.pushdef
Checking ./056.pushdef
Checking ./057.indir
Checking ./058.indir
Checking ./059.indir
Checking ./060.builtin
Checking ./061.builtin
Checking ./062.builtin
Checking ./063.builtin
Checking ./064.builtin
Checking ./065.ifdef
Checking ./066.ifelse
Checking ./067.ifelse
Checking ./068.ifelse
Checking ./069.ifelse
Checking ./070.ifelse
Checking ./071.shift
Checking ./072.shift
Checking ./073.shift
Checking ./074.shift
Checking ./075.shift
Checking ./076.shift
Checking ./077.shift
Checking ./078.shift
Checking ./079.forloop
Checking ./080.forloop
Checking ./081.forloop
Checking ./082.foreach
Checking ./083.foreach
Checking ./084.foreach
Checking ./085.foreach
Checking ./086.foreach
Checking ./087.foreach
Checking ./088.stacks
Checking ./089.stacks
Checking ./090.compositio
Checking ./091.compositio
Checking ./092.compositio
Checking ./093.compositio
Checking ./094.dumpdef
Checking ./095.dumpdef
Checking ./096.trace
Checking ./097.trace
Checking ./098.trace
Checking ./099.trace
Checking ./100.trace
Checking ./101.debug_leve
Checking ./102.debug_leve
Checking ./103.debug_leve
Checking ./104.debug_outp
Checking ./105.dnl
Checking ./106.dnl
Checking ./107.dnl
Checking ./108.changequot
Checking ./109.changequot
Checking ./110.changequot
Checking ./111.changequot
Checking ./112.changequot
Checking ./113.changequot
Checking ./114.changequot
Checking ./115.changequot
Checking ./116.changequot
Checking ./117.changequot
Checking ./118.changequot
Checking ./119.changecom
Checking ./120.changecom
Checking ./121.changecom
Checking ./122.changecom
Checking ./123.changecom
Checking ./124.changecom
Checking ./125.changeword
 skipping: no changeword support
Checking ./126.changeword
 skipping: no changeword support
Checking ./127.changeword
 skipping: no changeword support
Checking ./128.changeword
 skipping: no changeword support
Checking ./129.changeword
 skipping: no changeword support
Checking ./130.changeword
 skipping: no changeword support
Checking ./131.m4wrap
Checking ./132.m4wrap
Checking ./133.m4wrap
Checking ./134.m4wrap
Checking ./135.m4wrap
Checking ./136.m4wrap
Checking ./137.include
Checking ./138.include
Checking ./139.include
Checking ./140.include
Checking ./141.include
Checking ./142.include
Checking ./143.diversions
Checking ./144.diversions
Checking ./145.diversions
Checking ./146.diversions
Checking ./147.divert
Checking ./148.divert
Checking ./149.divert
Checking ./150.divert
Checking ./151.divert
Checking ./152.undivert
Checking ./153.undivert
Checking ./154.undivert
Checking ./155.undivert
Checking ./156.undivert
Checking ./157.undivert
Checking ./158.divnum
Checking ./159.cleardiver
Checking ./160.cleardiver
Checking ./161.len
Checking ./162.index_macr
Checking ./163.index_macr
Checking ./164.index_macr
Checking ./165.index_macr
Checking ./166.regexp
Checking ./167.regexp
Checking ./168.regexp
Checking ./169.substr
Checking ./170.substr
Checking ./171.translit
Checking ./172.translit
Checking ./173.translit
Checking ./174.translit
Checking ./175.patsubst
Checking ./176.patsubst
Checking ./177.patsubst
Checking ./178.patsubst
Checking ./179.patsubst
Checking ./180.format
Checking ./181.format
Checking ./182.format
Checking ./183.format
Checking ./184.incr
Checking ./185.eval
Checking ./186.eval
Checking ./187.eval
Checking ./188.eval
Checking ./189.eval
Checking ./190.eval
Checking ./191.platform_m
Checking ./192.platform_m
Checking ./193.platform_m
Checking ./194.syscmd
Checking ./195.syscmd
Checking ./196.esyscmd
Checking ./197.sysval
Checking ./198.sysval
Checking ./199.mkstemp
Checking ./200.mkstemp
Checking ./201.mkstemp
Checking ./202.errprint
Checking ./203.location
Checking ./204.location
Checking ./205.location
Checking ./206.m4exit
Checking ./207.m4exit
Checking ./208.using_froz
Checking ./209.using_froz
Checking ./210.using_froz
Checking ./211.extensions
Checking ./212.other_inco
Checking ./213.other_inco
Checking ./214.improved_e
Checking ./215.improved_f
Checking ./216.improved_f
Checking ./217.improved_f
Checking ./218.improved_f
Checking ./219.improved_f
Checking ./220.improved_f
Checking ./221.improved_f
Checking ./222.improved_f
Checking ./223.improved_f
Checking ./224.improved_f
Checking ./225.improved_f
Checking ./226.improved_f
Checking ./227.improved_f
Checking ./228.improved_f
Checking ./229.improved_c
Checking ./230.improved_c
Checking ./231.improved_m
Checking ./232.improved_m
Checking ./233.improved_c
Checking ./234.improved_c
Checking ./235.improved_c
Checking ./236.improved_f
Checking ./stackovf.test
Stack soft limit set to 300K
Pass

Skipped checks were:
  ./125.changeword ./126.changeword ./127.changeword ./128.changeword ./129.changeword ./130.changeword
All checks successful
make[3]: Leaving directory '/sources/m4-1.4.19/checks'
make[2]: Leaving directory '/sources/m4-1.4.19/checks'
Making check in po
make[2]: Entering directory '/sources/m4-1.4.19/po'
make[2]: Nothing to be done for 'check'.
make[2]: Leaving directory '/sources/m4-1.4.19/po'
Making check in tests
make[2]: Entering directory '/sources/m4-1.4.19/tests'
make  check-recursive
make[3]: Entering directory '/sources/m4-1.4.19/tests'
Making check in .
make[4]: Entering directory '/sources/m4-1.4.19/tests'
make  test-accept test-access test-alignof test-alloca-opt  test-arpa_inet test-array_list test-array_oset test-asyncsafe-spin1 test-asyncsafe-spin2 test-avltree_oset test-binary-io test-bind test-bitrotate test-btowc test-c-ctype test-c-stack test-c-strcasecmp test-c-strncasecmp test-calloc-gnu test-canonicalize-lgpl test-canonicalize test-chdir test-cloexec test-close test-closein test-connect test-creat  test-ctype  test-dirent test-dirname test-dup test-dup2 test-dynarray test-environ  test-errno test-execute-main test-execute-child test-execute-script test-explicit_bzero test-fchdir test-fclose  test-fcntl-h test-fcntl test-fdopen test-fdopendir test-fflush test-fflush2 test-fgetc test-filenamecat  test-float test-fopen-gnu test-fopen-safer test-fopen test-fpending test-fpurge test-fputc test-fread test-freadahead test-freading test-free test-freopen test-frexp-nolibm test-frexpl-nolibm test-fseek test-fseeko test-fseeko3 test-fseeko4 test-fstat test-fstatat test-ftell test-ftell3 test-ftello test-ftello3 test-ftello4 test-ftruncate test-fwrite test-getcwd-lgpl test-getcwd test-getdtablesize test-getopt-gnu test-getprogname test-getrandom test-gettimeofday test-hard-locale test-hash  test-iconv-h test-iconv test-ignore-value test-inet_pton test-intprops test-inttostr  test-inttypes test-ioctl test-isblank test-isnand-nolibm test-isnanf-nolibm test-isnanl-nolibm test-iswblank test-iswdigit test-iswxdigit  test-langinfo  test-limits-h test-link test-linked_list test-linkedhash_list test-listen  test-locale test-localeconv test-localename test-lseek test-lstat test-malloc-gnu test-malloca  test-math test-mbrtowc test-mbrtowc-w32 test-mbsinit test-mbsstr1 test-mbsstr2 test-mbsstr3 test-memchr test-memchr2 test-memrchr test-mkdir test-nanosleep test-netinet_in test-nl_langinfo test-nl_langinfo-mt test-open test-openat test-pathmax test-perror test-perror2 test-pipe test-pipe2 test-posix_spawn-open1 test-posix_spawn-open2 test-posix_spawn-inherit0 test-posix_spawn-inherit1 test-posix_spawn-script test-posix_spawn_file_actions_addchdir test-posix_spawn-chdir test-posix_spawn_file_actions_addclose test-posix_spawn_file_actions_adddup2 test-posix_spawn_file_actions_addopen test-posix_spawn-dup2-stdout test-posix_spawn-dup2-stdin test-posix_spawnp-script test-printf-frexp test-printf-frexpl  test-pthread test-pthread-thread test-pthread_sigmask1 test-pthread_sigmask2 test-quotearg-simple test-raise test-rawmemchr test-read-file test-readlink test-realloc-gnu test-reallocarray test-regex test-rename test-rmdir test-sched test-scratch-buffer test-select test-select-fd test-select-stdin test-setenv test-setlocale_null test-setlocale_null-mt-one test-setlocale_null-mt-all test-setlocale1 test-setlocale2 test-setsockopt test-sigaction  test-signal-h test-signbit test-sigpipe test-sigprocmask test-sigsegv-catch-segv1 test-sigsegv-catch-segv2 test-sigsegv-catch-stackoverflow1 test-sigsegv-catch-stackoverflow2 test-sleep test-snprintf test-sockets  test-spawn-pipe-main test-spawn-pipe-child test-spawn-pipe-script test-spawn test-stat test-stat-time test-stdalign  test-stdbool  test-stddef  test-stdint  test-stdio  test-stdlib test-strchrnul test-strerror test-strerror_r test-striconv  test-string test-strnlen test-strsignal test-strstr test-strtod test-strtod1 test-symlink  test-sys_ioctl  test-sys_random  test-sys_select  test-sys_socket  test-sys_stat  test-sys_time  test-sys_types test-sys_uio  test-sys_wait test-thread_self test-thread_create  test-time  test-dup-safer test-unistd test-u8-mbtoucr test-u8-uctomb test-uc_width test-uc_width2 test-unsetenv test-vasnprintf test-vasprintf-posix test-vasprintf test-verify test-version-etc  test-wchar test-wcrtomb test-wcrtomb-w32  test-wctype-h test-wcwidth test-write test-xalloc-die test-xvasprintf libtests.a
make[5]: Entering directory '/sources/m4-1.4.19/tests'
  CC       test-accept.o
  CC       test-access.o
  CC       test-alignof.o
  CC       test-alloca-opt.o
  CC       test-arpa_inet.o
  CC       test-array_list.o
  CC       test-array_oset.o
  CC       test-asyncsafe-spin1.o
  CC       test-asyncsafe-spin2.o
  CC       test-avltree_oset.o
  CC       test-binary-io.o
  CC       test-bind.o
  CC       test-bitrotate.o
  CC       test-btowc.o
  CC       test-c-ctype.o
  CC       test-c-stack.o
  CC       test-c-strcasecmp.o
  CC       test-c-strncasecmp.o
  CC       test-calloc-gnu.o
  CC       test-canonicalize-lgpl.o
  CC       test-canonicalize.o
  CC       test-chdir.o
  CC       test-cloexec.o
  CC       test-close.o
  CC       test-closein.o
  CC       test-connect.o
  CC       test-creat.o
  CC       test-ctype.o
  CC       test-dirent.o
  CC       test-dirname.o
  CC       test-dup.o
  CC       test-dup2.o
  CC       test-dynarray.o
  CC       test-environ.o
  CC       test-errno.o
  CC       test-execute-main.o
  CC       test-execute-child.o
  CC       test_execute_script-test-execute-script.o
  CC       test-explicit_bzero.o
  CC       test-fchdir.o
  CC       test-fclose.o
  CC       test-fcntl-h.o
  CC       test-fcntl.o
  CC       test-fdopen.o
  CC       test-fdopendir.o
  CC       test-fflush.o
  CC       test-fflush2.o
  CC       test-fgetc.o
  CC       test-filenamecat.o
  CC       test-float.o
  CC       test-fopen-gnu.o
  CC       test-fopen-safer.o
  CC       test-fopen.o
  CC       test-fpending.o
  CC       test-fpurge.o
  CC       test-fputc.o
  CC       test-fread.o
  CC       test-freadahead.o
  CC       test-freading.o
  CC       test-free.o
  CC       test-freopen.o
  CC       test-frexp.o
  CC       randomd.o
  CC       test-frexpl.o
  CC       randoml.o
  CC       test-fseek.o
  CC       test-fseeko.o
  CC       test-fseeko3.o
  CC       test-fseeko4.o
  CC       test-fstat.o
  CC       test-fstatat.o
  CC       test-ftell.o
  CC       test-ftell3.o
  CC       test-ftello.o
  CC       test-ftello3.o
  CC       test-ftello4.o
  CC       test-ftruncate.o
  CC       test-fwrite.o
  CC       test-getcwd.o
  CC       test-getcwd-lgpl.o
  CC       test-getdtablesize.o
  CC       test-getopt-gnu.o
  CC       test-getprogname.o
  CC       test-getrandom.o
  CC       test-gettimeofday.o
  CC       test-hard-locale.o
  CC       test-hash.o
  CC       test-iconv-h.o
  CC       test-iconv.o
  CC       test-ignore-value.o
  CC       test-inet_pton.o
  CC       test-intprops.o
  CC       test-inttostr.o
  CC       test-inttypes.o
  CC       test-ioctl.o
  CC       test-isblank.o
  CC       test-isnand-nolibm.o
  CC       test-isnanf-nolibm.o
  CC       test-isnanl-nolibm.o
  CC       test-iswblank.o
  CC       test-iswdigit.o
  CC       test-iswxdigit.o
  CC       test-langinfo.o
  CC       test-limits-h.o
  CC       test-link.o
  CC       test-linked_list.o
  CC       test-linkedhash_list.o
  CC       test-listen.o
  CC       test-locale.o
  CC       test-localeconv.o
  CC       test-localename.o
  CC       test-lseek.o
  CC       test-lstat.o
  CC       test-malloc-gnu.o
  CC       test-malloca.o
  CC       test-math.o
  CC       test-mbrtowc.o
  CC       test-mbrtowc-w32.o
  CC       test-mbsinit.o
  CC       test-mbsstr1.o
  CC       test-mbsstr2.o
  CC       test-mbsstr3.o
  CC       test-memchr.o
  CC       test-memchr2.o
  CC       test-memrchr.o
  CC       test-mkdir.o
  CC       test-nanosleep.o
  CC       test-netinet_in.o
  CC       test-nl_langinfo.o
  CC       test-open.o
  CC       test-nl_langinfo-mt.o
  CC       test-openat.o
  CC       test-pathmax.o
  CC       test-perror.o
  CC       test-perror2.o
  CC       test-pipe.o
  CC       test-pipe2.o
  CC       test-posix_spawn-open1.o
  CC       test-posix_spawn-open2.o
  CC       test-posix_spawn-inherit0.o
  CC       test-posix_spawn-inherit1.o
  CC       test_posix_spawn_script-test-posix_spawn-script.o
  CC       test-posix_spawn_file_actions_addchdir.o
  CC       test-posix_spawn-chdir.o
  CC       test-posix_spawn_file_actions_addclose.o
  CC       test-posix_spawn_file_actions_adddup2.o
  CC       test-posix_spawn_file_actions_addopen.o
  CC       test-posix_spawn-dup2-stdout.o
  CC       test-posix_spawn-dup2-stdin.o
  CC       test_posix_spawnp_script-test-posix_spawnp-script.o
  CC       test-printf-frexp.o
  CC       test-printf-frexpl.o
  CC       test-pthread.o
  CC       test-pthread-thread.o
  CC       test-pthread_sigmask1.o
  CC       test-pthread_sigmask2.o
  CC       test-quotearg-simple.o
  CC       test-raise.o
  CC       test-rawmemchr.o
  CC       test-read-file.o
  CC       test-readlink.o
  CC       test-realloc-gnu.o
  CC       test-reallocarray.o
  CC       test-regex.o
  CC       test-rename.o
  CC       test-rmdir.o
  CC       test-sched.o
  CC       test-scratch-buffer.o
  CC       test-select.o
  CC       test-select-fd.o
  CC       test-select-stdin.o
  CC       test-setenv.o
  CC       test-setlocale_null.o
  CC       test-setlocale_null-mt-one.o
  CC       test-setlocale_null-mt-all.o
  CC       test-setlocale1.o
  CC       test-setlocale2.o
  CC       test-setsockopt.o
  CC       test-sigaction.o
  CC       test-signal-h.o
  CC       test-signbit.o
  CC       test-sigpipe.o
  CC       test-sigprocmask.o
  CC       test-sigsegv-catch-segv1.o
  CC       test-sigsegv-catch-segv2.o
  CC       test-sigsegv-catch-stackoverflow1.o
  CC       test-sigsegv-catch-stackoverflow2.o
  CC       test-sleep.o
  CC       test-snprintf.o
  CC       test-sockets.o
  CC       test-spawn-pipe-main.o
  CC       test-spawn-pipe-child.o
  CC       test_spawn_pipe_script-test-spawn-pipe-script.o
  CC       test-spawn.o
  CC       test-stat.o
  CC       test-stat-time.o
  CC       test-stdalign.o
  CC       test-stdbool.o
  CC       test-stddef.o
  CC       test-stdint.o
  CC       test-stdio.o
  CC       test-stdlib.o
  CC       test-strchrnul.o
  CC       test-strerror.o
  CC       test-strerror_r.o
  CC       test-striconv.o
  CC       test-string.o
  CC       test-strnlen.o
  CC       test-strsignal.o
  CC       test-strstr.o
  CC       test-strtod.o
  CC       test-strtod1.o
  CC       test-symlink.o
  CC       test-sys_ioctl.o
  CC       test-sys_random.o
  CC       test-sys_select.o
  CC       test-sys_socket.o
  CC       test-sys_stat.o
  CC       test-sys_time.o
  CC       test-sys_types.o
  CC       test-sys_uio.o
  CC       test-sys_wait.o
  CC       test-thread_self.o
  CC       test-thread_create.o
  CC       test-time.o
  CC       test-dup-safer.o
  CC       test-unistd.o
  CC       test-unsetenv.o
  CC       test-vasnprintf.o
  CC       test-vasprintf.o
  CC       test-vasprintf-posix.o
  CC       test-verify.o
  CC       test-version-etc.o
  CC       test-wchar.o
  CC       test-wcrtomb.o
  CC       test-wcrtomb-w32.o
  CC       test-wctype-h.o
  CC       test-wcwidth.o
  CC       test-write.o
  CC       test-xalloc-die.o
make[5]: 'libtests.a' is up to date.
  CC       test-xvasprintf.o
  CCLD     test-accept
  CCLD     test-access
  CCLD     test-alignof
  CCLD     test-alloca-opt
  CCLD     test-arpa_inet
  CCLD     test-array_list
  CCLD     test-array_oset
  CCLD     test-asyncsafe-spin1
  CCLD     test-asyncsafe-spin2
  CCLD     test-binary-io
  CCLD     test-avltree_oset
  CCLD     test-bind
  CCLD     test-btowc
  CCLD     test-bitrotate
  CCLD     test-c-ctype
  CCLD     test-c-stack
  CCLD     test-c-strcasecmp
  CCLD     test-c-strncasecmp
  CCLD     test-calloc-gnu
  CCLD     test-canonicalize-lgpl
  CCLD     test-canonicalize
  CCLD     test-chdir
  CCLD     test-cloexec
  CCLD     test-close
  CCLD     test-closein
  CCLD     test-connect
  CCLD     test-creat
  CCLD     test-ctype
  CCLD     test-dirent
  CCLD     test-dirname
  CCLD     test-dup
  CCLD     test-dup2
  CCLD     test-dynarray
  CCLD     test-environ
  CCLD     test-errno
  CCLD     test-execute-main
  CCLD     test-execute-child
  CCLD     test-execute-script
  CCLD     test-explicit_bzero
  CCLD     test-fchdir
  CCLD     test-fclose
  CCLD     test-fcntl-h
  CCLD     test-fcntl
  CCLD     test-fdopen
  CCLD     test-fdopendir
  CCLD     test-fflush
  CCLD     test-fflush2
  CCLD     test-fgetc
  CCLD     test-filenamecat
  CCLD     test-float
  CCLD     test-fopen-gnu
  CCLD     test-fopen-safer
  CCLD     test-fopen
  CCLD     test-fpending
  CCLD     test-fpurge
  CCLD     test-fputc
  CCLD     test-fread
  CCLD     test-freadahead
  CCLD     test-freading
  CCLD     test-free
  CCLD     test-freopen
  CCLD     test-frexp-nolibm
  CCLD     test-frexpl-nolibm
  CCLD     test-fseek
  CCLD     test-fseeko
  CCLD     test-fseeko3
  CCLD     test-fseeko4
  CCLD     test-fstat
  CCLD     test-fstatat
  CCLD     test-ftell
  CCLD     test-ftell3
  CCLD     test-ftello
  CCLD     test-ftello3
  CCLD     test-ftello4
  CCLD     test-ftruncate
  CCLD     test-fwrite
  CCLD     test-getcwd-lgpl
  CCLD     test-getcwd
  CCLD     test-getdtablesize
  CCLD     test-getopt-gnu
  CCLD     test-getprogname
  CCLD     test-getrandom
  CCLD     test-gettimeofday
  CCLD     test-hard-locale
  CCLD     test-hash
  CCLD     test-iconv-h
  CCLD     test-iconv
  CCLD     test-ignore-value
  CCLD     test-inet_pton
  CCLD     test-intprops
  CCLD     test-inttostr
  CCLD     test-inttypes
  CCLD     test-ioctl
  CCLD     test-isblank
  CCLD     test-isnand-nolibm
  CCLD     test-isnanf-nolibm
  CCLD     test-isnanl-nolibm
  CCLD     test-iswdigit
  CCLD     test-iswblank
  CCLD     test-iswxdigit
  CCLD     test-langinfo
  CCLD     test-limits-h
  CCLD     test-link
  CCLD     test-linked_list
  CCLD     test-linkedhash_list
  CCLD     test-listen
  CCLD     test-locale
  CCLD     test-localeconv
  CCLD     test-localename
  CCLD     test-lseek
  CCLD     test-lstat
  CCLD     test-malloc-gnu
  CCLD     test-malloca
  CCLD     test-math
  CCLD     test-mbrtowc
  CCLD     test-mbrtowc-w32
  CCLD     test-mbsinit
  CCLD     test-mbsstr1
  CCLD     test-mbsstr3
  CCLD     test-mbsstr2
  CCLD     test-memchr
  CCLD     test-memchr2
  CCLD     test-memrchr
  CCLD     test-mkdir
  CCLD     test-nanosleep
  CCLD     test-netinet_in
  CCLD     test-nl_langinfo
  CCLD     test-nl_langinfo-mt
  CCLD     test-open
  CCLD     test-openat
  CCLD     test-pathmax
  CCLD     test-perror
  CCLD     test-perror2
  CCLD     test-pipe
  CCLD     test-pipe2
  CCLD     test-posix_spawn-open1
  CCLD     test-posix_spawn-open2
  CCLD     test-posix_spawn-inherit0
  CCLD     test-posix_spawn-inherit1
  CCLD     test-posix_spawn_file_actions_addchdir
  CCLD     test-posix_spawn-script
  CCLD     test-posix_spawn-chdir
  CCLD     test-posix_spawn_file_actions_addclose
  CCLD     test-posix_spawn_file_actions_adddup2
  CCLD     test-posix_spawn-dup2-stdout
  CCLD     test-posix_spawn_file_actions_addopen
  CCLD     test-posix_spawn-dup2-stdin
  CCLD     test-posix_spawnp-script
  CCLD     test-printf-frexp
  CCLD     test-printf-frexpl
  CCLD     test-pthread
  CCLD     test-pthread-thread
  CCLD     test-pthread_sigmask1
  CCLD     test-pthread_sigmask2
  CCLD     test-quotearg-simple
  CCLD     test-raise
  CCLD     test-rawmemchr
  CCLD     test-read-file
  CCLD     test-readlink
  CCLD     test-realloc-gnu
  CCLD     test-reallocarray
  CCLD     test-regex
  CCLD     test-rename
  CCLD     test-rmdir
  CCLD     test-sched
  CCLD     test-scratch-buffer
  CCLD     test-select
  CCLD     test-select-fd
  CCLD     test-select-stdin
  CCLD     test-setenv
  CCLD     test-setlocale_null
  CCLD     test-setlocale_null-mt-one
  CCLD     test-setlocale_null-mt-all
  CCLD     test-setlocale1
  CCLD     test-setlocale2
  CCLD     test-setsockopt
  CCLD     test-sigaction
  CCLD     test-signal-h
  CCLD     test-signbit
  CCLD     test-sigprocmask
  CCLD     test-sigpipe
  CCLD     test-sigsegv-catch-segv1
  CCLD     test-sigsegv-catch-segv2
  CCLD     test-sigsegv-catch-stackoverflow1
  CCLD     test-sigsegv-catch-stackoverflow2
  CCLD     test-snprintf
  CCLD     test-sleep
  CCLD     test-sockets
  CCLD     test-spawn-pipe-main
  CCLD     test-spawn-pipe-child
  CCLD     test-spawn-pipe-script
  CCLD     test-spawn
  CCLD     test-stat
  CCLD     test-stat-time
  CCLD     test-stdalign
  CCLD     test-stdbool
  CCLD     test-stddef
  CCLD     test-stdint
  CCLD     test-stdio
  CCLD     test-stdlib
  CCLD     test-strchrnul
  CCLD     test-strerror
  CCLD     test-strerror_r
  CCLD     test-striconv
  CCLD     test-string
  CCLD     test-strnlen
  CCLD     test-strsignal
  CCLD     test-strstr
  CCLD     test-strtod
  CCLD     test-strtod1
  CCLD     test-symlink
  CCLD     test-sys_ioctl
  CCLD     test-sys_random
  CCLD     test-sys_select
  CCLD     test-sys_socket
  CCLD     test-sys_stat
  CCLD     test-sys_time
  CCLD     test-sys_types
  CCLD     test-sys_uio
  CCLD     test-sys_wait
  CCLD     test-thread_self
  CCLD     test-thread_create
  CCLD     test-time
  CCLD     test-dup-safer
  CCLD     test-unistd
  CC       unistr/test-u8-mbtoucr.o
  CC       unistr/test-u8-uctomb.o
  CC       uniwidth/test-uc_width.o
  CC       uniwidth/test-uc_width2.o
  CCLD     test-unsetenv
  CCLD     test-vasnprintf
  CCLD     test-vasprintf
  CCLD     test-verify
  CCLD     test-version-etc
  CCLD     test-wchar
  CCLD     test-wcrtomb
  CCLD     test-wcrtomb-w32
  CCLD     test-wctype-h
  CCLD     test-wcwidth
  CCLD     test-write
  CCLD     test-xalloc-die
  CCLD     test-xvasprintf
  CCLD     test-u8-mbtoucr
  CCLD     test-uc_width
  CCLD     test-uc_width2
  CCLD     test-u8-uctomb
  CCLD     test-vasprintf-posix
make[5]: Leaving directory '/sources/m4-1.4.19/tests'
make  check-TESTS
make[5]: Entering directory '/sources/m4-1.4.19/tests'
make[6]: Entering directory '/sources/m4-1.4.19/tests'
PASS: test-accept
PASS: test-access
PASS: test-alignof
PASS: test-arpa_inet
PASS: test-alloca-opt
PASS: test-asyncsafe-spin1
PASS: test-array_list
SKIP: test-asyncsafe-spin2
PASS: test-bind
PASS: test-bitrotate
PASS: test-binary-io.sh
PASS: test-btowc1.sh
PASS: test-btowc2.sh
PASS: test-array_oset
PASS: test-c-stack.sh
PASS: test-calloc-gnu
PASS: test-c-ctype
PASS: test-canonicalize-lgpl
PASS: test-c-strcase.sh
PASS: test-chdir
PASS: test-canonicalize
PASS: test-cloexec
PASS: test-close
PASS: test-avltree_oset
PASS: test-connect
PASS: test-creat
PASS: test-ctype
PASS: test-dirent
PASS: test-dirname
PASS: test-dup
PASS: test-dup2
PASS: test-environ
PASS: test-dynarray
PASS: test-errno
PASS: test-execute-script
PASS: test-explicit_bzero
PASS: test-fchdir
PASS: test-fclose
PASS: test-fcntl-h
PASS: test-fcntl
PASS: test-fdopendir
PASS: test-fdopen
PASS: test-fgetc
PASS: test-fflush
PASS: test-filenamecat
PASS: test-float
PASS: test-closein.sh
PASS: test-fflush2.sh
PASS: test-fopen-gnu
PASS: test-fopen-safer
PASS: test-fopen
PASS: test-fpending.sh
PASS: test-fputc
PASS: test-fread
PASS: test-fpurge
PASS: test-execute.sh
PASS: test-freading
PASS: test-freopen
PASS: test-freadahead.sh
PASS: test-frexp-nolibm
PASS: test-fseek2.sh
PASS: test-fseeko.sh
PASS: test-frexpl-nolibm
PASS: test-fseeko2.sh
PASS: test-fseek.sh
PASS: test-fseeko3.sh
PASS: test-fseeko4.sh
PASS: test-fstat
PASS: test-ftell3
PASS: test-ftell2.sh
PASS: test-ftell.sh
PASS: test-ftello.sh
PASS: test-ftello2.sh
PASS: test-fstatat
PASS: test-ftello3
PASS: test-c-stack2.sh
PASS: test-ftello4.sh
PASS: test-ftruncate.sh
PASS: test-fwrite
PASS: test-getcwd-lgpl
PASS: test-getdtablesize
PASS: test-getopt-gnu
PASS: test-getprogname
PASS: test-gettimeofday
PASS: test-getrandom
PASS: test-hard-locale
PASS: test-iconv-h
PASS: test-iconv
PASS: test-inet_pton
PASS: test-ignore-value
PASS: test-intprops
PASS: test-inttypes
PASS: test-ioctl
PASS: test-inttostr
PASS: test-isblank
PASS: test-isnand-nolibm
PASS: test-isnanf-nolibm
PASS: test-isnanl-nolibm
PASS: test-iswblank
PASS: test-langinfo
PASS: test-limits-h
PASS: test-link
PASS: test-linked_list
PASS: test-iswxdigit.sh
PASS: test-iswdigit.sh
PASS: test-linkedhash_list
PASS: test-listen
PASS: test-locale
PASS: test-localeconv
PASS: test-malloc-gnu
PASS: test-lstat
PASS: test-math
PASS: test-lseek.sh
PASS: test-mbrtowc1.sh
PASS: test-malloca
PASS: test-mbrtowc2.sh
PASS: test-mbrtowc3.sh
PASS: test-mbrtowc4.sh
SKIP: test-mbrtowc-w32-1.sh
PASS: test-mbrtowc5.sh
SKIP: test-mbrtowc-w32-3.sh
SKIP: test-mbrtowc-w32-2.sh
SKIP: test-mbrtowc-w32-4.sh
PASS: test-getcwd.sh
SKIP: test-mbrtowc-w32-5.sh
SKIP: test-mbrtowc-w32-6.sh
SKIP: test-mbrtowc-w32-7.sh
PASS: test-mbsinit.sh
PASS: test-mbsstr3.sh
PASS: test-memchr2
PASS: test-mbsstr1
PASS: test-memrchr
PASS: test-mkdir
PASS: test-netinet_in
PASS: test-nl_langinfo.sh
SKIP: test-nl_langinfo-mt
PASS: test-open
PASS: test-openat
PASS: test-pathmax
PASS: test-perror2
PASS: test-pipe
PASS: test-pipe2
PASS: test-posix_spawn-open1
PASS: test-perror.sh
PASS: test-posix_spawn-open2
PASS: test-posix_spawn-inherit0
PASS: test-posix_spawn-inherit1
PASS: test-posix_spawn_file_actions_addchdir
PASS: test-posix_spawn-script
PASS: test-posix_spawn_file_actions_addclose
PASS: test-posix_spawn-chdir
PASS: test-posix_spawn_file_actions_adddup2
PASS: test-memchr
PASS: test-posix_spawn_file_actions_addopen
PASS: test-posix_spawn-dup2-stdout
PASS: test-free
PASS: test-posix_spawn-dup2-stdin
PASS: test-printf-frexp
PASS: test-posix_spawnp-script
PASS: test-mbsstr2.sh
PASS: test-pthread
PASS: test-printf-frexpl
PASS: test-pthread-thread
PASS: test-hash
SKIP: test-pthread_sigmask2
PASS: test-quotearg-simple
PASS: test-raise
PASS: test-rawmemchr
PASS: test-read-file
PASS: test-realloc-gnu
PASS: test-readlink
PASS: test-reallocarray
PASS: test-sched
PASS: test-rmdir
PASS: test-rename
PASS: test-scratch-buffer
PASS: test-select
PASS: test-setenv
PASS: test-setlocale_null
SKIP: test-setlocale_null-mt-one
SKIP: test-setlocale_null-mt-all
PASS: test-setlocale1.sh
PASS: test-setsockopt
PASS: test-sigaction
PASS: test-setlocale2.sh
PASS: test-signal-h
PASS: test-signbit
PASS: test-sigpipe.sh
PASS: test-sigsegv-catch-segv1
PASS: test-sigsegv-catch-segv2
PASS: test-sigsegv-catch-stackoverflow1
PASS: test-sigsegv-catch-stackoverflow2
PASS: test-localename
PASS: test-snprintf
PASS: test-sockets
PASS: test-spawn-pipe.sh
PASS: test-spawn-pipe-script
PASS: test-spawn
PASS: test-stat
PASS: test-stat-time
PASS: test-stdalign
PASS: test-stdbool
PASS: test-stddef
PASS: test-stdint
PASS: test-stdio
PASS: test-stdlib
PASS: test-strchrnul
PASS: test-strerror
PASS: test-strerror_r
PASS: test-striconv
PASS: test-string
PASS: test-strnlen
PASS: test-strsignal
PASS: test-strstr
PASS: test-strtod
PASS: test-strtod1.sh
PASS: test-symlink
PASS: test-sys_ioctl
PASS: test-sys_random
PASS: test-sys_select
PASS: test-sys_socket
PASS: test-sys_stat
PASS: test-sys_time
PASS: test-sys_types
PASS: test-sys_uio
PASS: test-sys_wait
PASS: test-nanosleep
PASS: test-thread_self
SKIP: test-thread_create
PASS: test-time
PASS: test-dup-safer
PASS: test-unistd
PASS: test-u8-mbtoucr
PASS: test-u8-uctomb
PASS: test-uc_width
PASS: test-init.sh
PASS: test-unsetenv
PASS: uniwidth/test-uc_width2.sh
PASS: test-vasnprintf
PASS: test-vasprintf-posix
PASS: test-vasprintf
SKIP: test-vc-list-files-git.sh
SKIP: test-vc-list-files-cvs.sh
PASS: test-verify
PASS: test-select-out.sh
PASS: test-version-etc.sh
PASS: test-wchar
PASS: test-wcrtomb.sh
SKIP: test-wcrtomb-w32-1.sh
SKIP: test-wcrtomb-w32-2.sh
SKIP: test-wcrtomb-w32-3.sh
SKIP: test-wcrtomb-w32-4.sh
SKIP: test-wcrtomb-w32-5.sh
SKIP: test-wcrtomb-w32-6.sh
SKIP: test-wcrtomb-w32-7.sh
PASS: test-wctype-h
PASS: test-wcwidth
PASS: test-write
PASS: test-xalloc-die.sh
PASS: test-xvasprintf
PASS: test-update-copyright.sh
PASS: test-verify.sh
PASS: test-pthread_sigmask1
PASS: test-select-in.sh
PASS: test-sigprocmask
PASS: test-sleep
PASS: test-regex
============================================================================
Testsuite summary for GNU M4 1.4.19
============================================================================
# TOTAL: 267
# PASS:  245
# SKIP:  22
# XFAIL: 0
# FAIL:  0
# XPASS: 0
# ERROR: 0
============================================================================
make[6]: Leaving directory '/sources/m4-1.4.19/tests'
make[5]: Leaving directory '/sources/m4-1.4.19/tests'
make[4]: Leaving directory '/sources/m4-1.4.19/tests'
make[3]: Leaving directory '/sources/m4-1.4.19/tests'
make[2]: Leaving directory '/sources/m4-1.4.19/tests'
make[1]: Leaving directory '/sources/m4-1.4.19'
make  install-recursive
make[1]: Entering directory '/sources/m4-1.4.19'
Making install in .
make[2]: Entering directory '/sources/m4-1.4.19'
make[3]: Entering directory '/sources/m4-1.4.19'
make[3]: Nothing to be done for 'install-exec-am'.
make[3]: Nothing to be done for 'install-data-am'.
make[3]: Leaving directory '/sources/m4-1.4.19'
make[2]: Leaving directory '/sources/m4-1.4.19'
Making install in examples
make[2]: Entering directory '/sources/m4-1.4.19/examples'
make[3]: Entering directory '/sources/m4-1.4.19/examples'
make[3]: Nothing to be done for 'install-exec-am'.
make[3]: Nothing to be done for 'install-data-am'.
make[3]: Leaving directory '/sources/m4-1.4.19/examples'
make[2]: Leaving directory '/sources/m4-1.4.19/examples'
Making install in lib
make[2]: Entering directory '/sources/m4-1.4.19/lib'
make  install-am
make[3]: Entering directory '/sources/m4-1.4.19/lib'
make[4]: Entering directory '/sources/m4-1.4.19/lib'
make[4]: Nothing to be done for 'install-exec-am'.
make[4]: Nothing to be done for 'install-data-am'.
make[4]: Leaving directory '/sources/m4-1.4.19/lib'
make[3]: Leaving directory '/sources/m4-1.4.19/lib'
make[2]: Leaving directory '/sources/m4-1.4.19/lib'
Making install in src
make[2]: Entering directory '/sources/m4-1.4.19/src'
make[3]: Entering directory '/sources/m4-1.4.19/src'
make[3]: Nothing to be done for 'install-data-am'.
 /usr/bin/mkdir -p '/usr/bin'
  /usr/bin/install -c m4 '/usr/bin'
make[3]: Leaving directory '/sources/m4-1.4.19/src'
make[2]: Leaving directory '/sources/m4-1.4.19/src'
Making install in doc
make[2]: Entering directory '/sources/m4-1.4.19/doc'
make[3]: Entering directory '/sources/m4-1.4.19/doc'
make[3]: Nothing to be done for 'install-exec-am'.
 /usr/bin/mkdir -p '/usr/share/man/man1'
 /usr/bin/mkdir -p '/usr/share/info'
 /usr/bin/install -c -m 644 ./m4.1 '/usr/share/man/man1'
 /usr/bin/install -c -m 644 ./m4.info ./m4.info-1 ./m4.info-2 '/usr/share/info'
 install-info --info-dir='/usr/share/info' '/usr/share/info/m4.info'
make[3]: Leaving directory '/sources/m4-1.4.19/doc'
make[2]: Leaving directory '/sources/m4-1.4.19/doc'
Making install in checks
make[2]: Entering directory '/sources/m4-1.4.19/checks'
make[3]: Entering directory '/sources/m4-1.4.19/checks'
make[3]: Nothing to be done for 'install-exec-am'.
make[3]: Nothing to be done for 'install-data-am'.
make[3]: Leaving directory '/sources/m4-1.4.19/checks'
make[2]: Leaving directory '/sources/m4-1.4.19/checks'
Making install in po
make[2]: Entering directory '/sources/m4-1.4.19/po'
installing bg.gmo as /usr/share/locale/bg/LC_MESSAGES/m4.mo
installing cs.gmo as /usr/share/locale/cs/LC_MESSAGES/m4.mo
installing da.gmo as /usr/share/locale/da/LC_MESSAGES/m4.mo
installing de.gmo as /usr/share/locale/de/LC_MESSAGES/m4.mo
installing el.gmo as /usr/share/locale/el/LC_MESSAGES/m4.mo
installing eo.gmo as /usr/share/locale/eo/LC_MESSAGES/m4.mo
installing es.gmo as /usr/share/locale/es/LC_MESSAGES/m4.mo
installing fi.gmo as /usr/share/locale/fi/LC_MESSAGES/m4.mo
installing fr.gmo as /usr/share/locale/fr/LC_MESSAGES/m4.mo
installing ga.gmo as /usr/share/locale/ga/LC_MESSAGES/m4.mo
installing gl.gmo as /usr/share/locale/gl/LC_MESSAGES/m4.mo
installing hr.gmo as /usr/share/locale/hr/LC_MESSAGES/m4.mo
installing id.gmo as /usr/share/locale/id/LC_MESSAGES/m4.mo
installing ja.gmo as /usr/share/locale/ja/LC_MESSAGES/m4.mo
installing ko.gmo as /usr/share/locale/ko/LC_MESSAGES/m4.mo
installing nl.gmo as /usr/share/locale/nl/LC_MESSAGES/m4.mo
installing pl.gmo as /usr/share/locale/pl/LC_MESSAGES/m4.mo
installing pt_BR.gmo as /usr/share/locale/pt_BR/LC_MESSAGES/m4.mo
installing ro.gmo as /usr/share/locale/ro/LC_MESSAGES/m4.mo
installing ru.gmo as /usr/share/locale/ru/LC_MESSAGES/m4.mo
installing sr.gmo as /usr/share/locale/sr/LC_MESSAGES/m4.mo
installing sv.gmo as /usr/share/locale/sv/LC_MESSAGES/m4.mo
installing uk.gmo as /usr/share/locale/uk/LC_MESSAGES/m4.mo
installing vi.gmo as /usr/share/locale/vi/LC_MESSAGES/m4.mo
installing zh_CN.gmo as /usr/share/locale/zh_CN/LC_MESSAGES/m4.mo
installing zh_TW.gmo as /usr/share/locale/zh_TW/LC_MESSAGES/m4.mo
if test "m4" = "gettext-tools"; then \
  /usr/bin/mkdir -p /usr/share/gettext/po; \
  for file in Makefile.in.in remove-potcdate.sin quot.sed boldquot.sed en@quot.header en@boldquot.header insert-header.sin Rules-quot   Makevars.template; do \
    /usr/bin/install -c -m 644 ./$file \
		    /usr/share/gettext/po/$file; \
  done; \
  for file in Makevars; do \
    rm -f /usr/share/gettext/po/$file; \
  done; \
else \
  : ; \
fi
make[2]: Leaving directory '/sources/m4-1.4.19/po'
Making install in tests
make[2]: Entering directory '/sources/m4-1.4.19/tests'
make  install-recursive
make[3]: Entering directory '/sources/m4-1.4.19/tests'
Making install in .
make[4]: Entering directory '/sources/m4-1.4.19/tests'
make[5]: Entering directory '/sources/m4-1.4.19/tests'
make[5]: Nothing to be done for 'install-exec-am'.
make[5]: Nothing to be done for 'install-data-am'.
make[5]: Leaving directory '/sources/m4-1.4.19/tests'
make[4]: Leaving directory '/sources/m4-1.4.19/tests'
make[3]: Leaving directory '/sources/m4-1.4.19/tests'
make[2]: Leaving directory '/sources/m4-1.4.19/tests'
make[1]: Leaving directory '/sources/m4-1.4.19'
