cc -g -W -Wall -Wmissing-prototypes -Wstrict-prototypes -Wwrite-strings -Wno-unused-parameter   -c -o eqn_html.o eqn_html.c
cc -g -W -Wall -Wmissing-prototypes -Wstrict-prototypes -Wwrite-strings -Wno-unused-parameter   -c -o html.o html.c
cc -g -W -Wall -Wmissing-prototypes -Wstrict-prototypes -Wwrite-strings -Wno-unused-parameter   -c -o man_html.o man_html.c
cc -g -W -Wall -Wmissing-prototypes -Wstrict-prototypes -Wwrite-strings -Wno-unused-parameter   -c -o mdoc_html.o mdoc_html.c
cc -g -W -Wall -Wmissing-prototypes -Wstrict-prototypes -Wwrite-strings -Wno-unused-parameter   -c -o roff_html.o roff_html.c
cc -g -W -Wall -Wmissing-prototypes -Wstrict-prototypes -Wwrite-strings -Wno-unused-parameter   -c -o tbl_html.o tbl_html.c
cc -g -W -Wall -Wmissing-prototypes -Wstrict-prototypes -Wwrite-strings -Wno-unused-parameter   -c -o eqn_term.o eqn_term.c
cc -g -W -Wall -Wmissing-prototypes -Wstrict-prototypes -Wwrite-strings -Wno-unused-parameter   -c -o man_term.o man_term.c
cc -g -W -Wall -Wmissing-prototypes -Wstrict-prototypes -Wwrite-strings -Wno-unused-parameter   -c -o mdoc_term.o mdoc_term.c
cc -g -W -Wall -Wmissing-prototypes -Wstrict-prototypes -Wwrite-strings -Wno-unused-parameter   -c -o roff_term.o roff_term.c
cc -g -W -Wall -Wmissing-prototypes -Wstrict-prototypes -Wwrite-strings -Wno-unused-parameter   -c -o term.o term.c
cc -g -W -Wall -Wmissing-prototypes -Wstrict-prototypes -Wwrite-strings -Wno-unused-parameter   -c -o term_ascii.o term_ascii.c
cc -g -W -Wall -Wmissing-prototypes -Wstrict-prototypes -Wwrite-strings -Wno-unused-parameter   -c -o term_ps.o term_ps.c
cc -g -W -Wall -Wmissing-prototypes -Wstrict-prototypes -Wwrite-strings -Wno-unused-parameter   -c -o term_tab.o term_tab.c
cc -g -W -Wall -Wmissing-prototypes -Wstrict-prototypes -Wwrite-strings -Wno-unused-parameter   -c -o term_tag.o term_tag.c
cc -g -W -Wall -Wmissing-prototypes -Wstrict-prototypes -Wwrite-strings -Wno-unused-parameter   -c -o tbl_term.o tbl_term.c
cc -g -W -Wall -Wmissing-prototypes -Wstrict-prototypes -Wwrite-strings -Wno-unused-parameter   -c -o dbm.o dbm.c
cc -g -W -Wall -Wmissing-prototypes -Wstrict-prototypes -Wwrite-strings -Wno-unused-parameter   -c -o dbm_map.o dbm_map.c
cc -g -W -Wall -Wmissing-prototypes -Wstrict-prototypes -Wwrite-strings -Wno-unused-parameter   -c -o mansearch.o mansearch.c
cc -g -W -Wall -Wmissing-prototypes -Wstrict-prototypes -Wwrite-strings -Wno-unused-parameter   -c -o dba.o dba.c
cc -g -W -Wall -Wmissing-prototypes -Wstrict-prototypes -Wwrite-strings -Wno-unused-parameter   -c -o dba_array.o dba_array.c
cc -g -W -Wall -Wmissing-prototypes -Wstrict-prototypes -Wwrite-strings -Wno-unused-parameter   -c -o dba_read.o dba_read.c
cc -g -W -Wall -Wmissing-prototypes -Wstrict-prototypes -Wwrite-strings -Wno-unused-parameter   -c -o dba_write.o dba_write.c
cc -g -W -Wall -Wmissing-prototypes -Wstrict-prototypes -Wwrite-strings -Wno-unused-parameter   -c -o mandocdb.o mandocdb.c
cc -g -W -Wall -Wmissing-prototypes -Wstrict-prototypes -Wwrite-strings -Wno-unused-parameter   -c -o main.o main.c
cc -g -W -Wall -Wmissing-prototypes -Wstrict-prototypes -Wwrite-strings -Wno-unused-parameter   -c -o manpath.o manpath.c
cc -g -W -Wall -Wmissing-prototypes -Wstrict-prototypes -Wwrite-strings -Wno-unused-parameter   -c -o mdoc_man.o mdoc_man.c
cc -g -W -Wall -Wmissing-prototypes -Wstrict-prototypes -Wwrite-strings -Wno-unused-parameter   -c -o mdoc_markdown.o mdoc_markdown.c
cc -g -W -Wall -Wmissing-prototypes -Wstrict-prototypes -Wwrite-strings -Wno-unused-parameter   -c -o out.o out.c
cc -g -W -Wall -Wmissing-prototypes -Wstrict-prototypes -Wwrite-strings -Wno-unused-parameter   -c -o tree.o tree.c
cc -g -W -Wall -Wmissing-prototypes -Wstrict-prototypes -Wwrite-strings -Wno-unused-parameter   -c -o compat_ohash.o compat_ohash.c
cc -g -W -Wall -Wmissing-prototypes -Wstrict-prototypes -Wwrite-strings -Wno-unused-parameter   -c -o compat_progname.o compat_progname.c
cc -g -W -Wall -Wmissing-prototypes -Wstrict-prototypes -Wwrite-strings -Wno-unused-parameter   -c -o compat_recallocarray.o compat_recallocarray.c
cc -g -W -Wall -Wmissing-prototypes -Wstrict-prototypes -Wwrite-strings -Wno-unused-parameter   -c -o compat_strtonum.o compat_strtonum.c
cc -g -W -Wall -Wmissing-prototypes -Wstrict-prototypes -Wwrite-strings -Wno-unused-parameter   -c -o man.o man.c
cc -g -W -Wall -Wmissing-prototypes -Wstrict-prototypes -Wwrite-strings -Wno-unused-parameter   -c -o man_macro.o man_macro.c
cc -g -W -Wall -Wmissing-prototypes -Wstrict-prototypes -Wwrite-strings -Wno-unused-parameter   -c -o man_validate.o man_validate.c
cc -g -W -Wall -Wmissing-prototypes -Wstrict-prototypes -Wwrite-strings -Wno-unused-parameter   -c -o att.o att.c
cc -g -W -Wall -Wmissing-prototypes -Wstrict-prototypes -Wwrite-strings -Wno-unused-parameter   -c -o lib.o lib.c
cc -g -W -Wall -Wmissing-prototypes -Wstrict-prototypes -Wwrite-strings -Wno-unused-parameter   -c -o mdoc.o mdoc.c
cc -g -W -Wall -Wmissing-prototypes -Wstrict-prototypes -Wwrite-strings -Wno-unused-parameter   -c -o mdoc_argv.o mdoc_argv.c
cc -g -W -Wall -Wmissing-prototypes -Wstrict-prototypes -Wwrite-strings -Wno-unused-parameter   -c -o mdoc_macro.o mdoc_macro.c
cc -g -W -Wall -Wmissing-prototypes -Wstrict-prototypes -Wwrite-strings -Wno-unused-parameter   -c -o mdoc_state.o mdoc_state.c
cc -g -W -Wall -Wmissing-prototypes -Wstrict-prototypes -Wwrite-strings -Wno-unused-parameter   -c -o mdoc_validate.o mdoc_validate.c
cc -g -W -Wall -Wmissing-prototypes -Wstrict-prototypes -Wwrite-strings -Wno-unused-parameter   -c -o st.o st.c
cc -g -W -Wall -Wmissing-prototypes -Wstrict-prototypes -Wwrite-strings -Wno-unused-parameter   -c -o eqn.o eqn.c
cc -g -W -Wall -Wmissing-prototypes -Wstrict-prototypes -Wwrite-strings -Wno-unused-parameter   -c -o roff.o roff.c
cc -g -W -Wall -Wmissing-prototypes -Wstrict-prototypes -Wwrite-strings -Wno-unused-parameter   -c -o roff_validate.o roff_validate.c
cc -g -W -Wall -Wmissing-prototypes -Wstrict-prototypes -Wwrite-strings -Wno-unused-parameter   -c -o tbl.o tbl.c
cc -g -W -Wall -Wmissing-prototypes -Wstrict-prototypes -Wwrite-strings -Wno-unused-parameter   -c -o tbl_data.o tbl_data.c
cc -g -W -Wall -Wmissing-prototypes -Wstrict-prototypes -Wwrite-strings -Wno-unused-parameter   -c -o tbl_layout.o tbl_layout.c
cc -g -W -Wall -Wmissing-prototypes -Wstrict-prototypes -Wwrite-strings -Wno-unused-parameter   -c -o tbl_opts.o tbl_opts.c
cc -g -W -Wall -Wmissing-prototypes -Wstrict-prototypes -Wwrite-strings -Wno-unused-parameter   -c -o arch.o arch.c
cc -g -W -Wall -Wmissing-prototypes -Wstrict-prototypes -Wwrite-strings -Wno-unused-parameter   -c -o chars.o chars.c
cc -g -W -Wall -Wmissing-prototypes -Wstrict-prototypes -Wwrite-strings -Wno-unused-parameter   -c -o mandoc.o mandoc.c
cc -g -W -Wall -Wmissing-prototypes -Wstrict-prototypes -Wwrite-strings -Wno-unused-parameter   -c -o mandoc_aux.o mandoc_aux.c
cc -g -W -Wall -Wmissing-prototypes -Wstrict-prototypes -Wwrite-strings -Wno-unused-parameter   -c -o mandoc_msg.o mandoc_msg.c
cc -g -W -Wall -Wmissing-prototypes -Wstrict-prototypes -Wwrite-strings -Wno-unused-parameter   -c -o mandoc_ohash.o mandoc_ohash.c
cc -g -W -Wall -Wmissing-prototypes -Wstrict-prototypes -Wwrite-strings -Wno-unused-parameter   -c -o mandoc_xr.o mandoc_xr.c
cc -g -W -Wall -Wmissing-prototypes -Wstrict-prototypes -Wwrite-strings -Wno-unused-parameter   -c -o msec.o msec.c
cc -g -W -Wall -Wmissing-prototypes -Wstrict-prototypes -Wwrite-strings -Wno-unused-parameter   -c -o preconv.o preconv.c
cc -g -W -Wall -Wmissing-prototypes -Wstrict-prototypes -Wwrite-strings -Wno-unused-parameter   -c -o read.o read.c
cc -g -W -Wall -Wmissing-prototypes -Wstrict-prototypes -Wwrite-strings -Wno-unused-parameter   -c -o tag.o tag.c
ar rs libmandoc.a compat_ohash.o compat_progname.o compat_recallocarray.o compat_strtonum.o man.o man_macro.o man_validate.o att.o lib.o mdoc.o mdoc_argv.o mdoc_macro.o mdoc_state.o mdoc_validate.o st.o eqn.o roff.o roff_validate.o tbl.o tbl_data.o tbl_layout.o tbl_opts.o arch.o chars.o mandoc.o mandoc_aux.o mandoc_msg.o mandoc_ohash.o mandoc_xr.o msec.o preconv.o read.o tag.o
cc -o mandoc  eqn_html.o html.o man_html.o mdoc_html.o roff_html.o tbl_html.o  eqn_term.o man_term.o mdoc_term.o roff_term.o term.o term_ascii.o term_ps.o term_tab.o term_tag.o tbl_term.o dbm.o dbm_map.o mansearch.o dba.o dba_array.o dba_read.o dba_write.o mandocdb.o main.o manpath.o mdoc_man.o mdoc_markdown.o out.o tree.o libmandoc.a -lz
