checking for a BSD-compatible install... /usr/bin/install -c
checking whether build environment is sane... yes
checking for a thread-safe mkdir -p... /usr/bin/mkdir -p
checking for gawk... gawk
checking whether make sets $(MAKE)... yes
checking whether make supports nested variables... yes
checking whether to enable maintainer-specific portions of Makefiles... no
checking build system type... x86_64-pc-linux-gnu
checking host system type... x86_64-pc-linux-gnu
checking for grep that handles long lines and -e... /usr/bin/grep
checking for egrep... /usr/bin/grep -E
checking for a sed that does not truncate output... /usr/bin/sed
checking for CC and CFLAGS in gmp.h... no
checking for gcc... gcc
checking whether the C compiler works... yes
checking for C compiler default output file name... a.out
checking for suffix of executables... 
checking whether we are cross compiling... no
checking for suffix of object files... o
checking whether we are using the GNU C compiler... yes
checking whether gcc accepts -g... yes
checking for gcc option to accept ISO C89... none needed
checking whether gcc understands -c and -o together... yes
checking whether make supports the include directive... yes (GNU style)
checking dependency style of gcc... gcc3
checking for ar... ar
checking the archiver (ar) interface... ar
checking how to print strings... printf
checking for a sed that does not truncate output... (cached) /usr/bin/sed
checking for fgrep... /usr/bin/grep -F
checking for ld used by gcc... /usr/x86_64-lfs-linux-gnu/bin/ld
checking if the linker (/usr/x86_64-lfs-linux-gnu/bin/ld) is GNU ld... yes
checking for BSD- or MS-compatible name lister (nm)... /usr/bin/nm -B
checking the name lister (/usr/bin/nm -B) interface... BSD nm
checking whether ln -s works... yes
checking the maximum length of command line arguments... 1572864
checking how to convert x86_64-pc-linux-gnu file names to x86_64-pc-linux-gnu format... func_convert_file_noop
checking how to convert x86_64-pc-linux-gnu file names to toolchain format... func_convert_file_noop
checking for /usr/x86_64-lfs-linux-gnu/bin/ld option to reload object files... -r
checking for file... file
checking for objdump... objdump
checking how to recognize dependent libraries... pass_all
checking for dlltool... no
checking how to associate runtime and link libraries... printf %s\n
checking for archiver @FILE support... @
checking for strip... strip
checking for ranlib... ranlib
checking command to parse /usr/bin/nm -B output from gcc object... ok
checking for sysroot... no
checking for a working dd... /usr/bin/dd
checking how to truncate binary pipes... /usr/bin/dd bs=4096 count=1
checking for mt... no
checking if : is a manifest tool... no
checking how to run the C preprocessor... gcc -E
checking for ANSI C header files... yes
checking for sys/types.h... yes
checking for sys/stat.h... yes
checking for stdlib.h... yes
checking for string.h... yes
checking for memory.h... yes
checking for strings.h... yes
checking for inttypes.h... yes
checking for stdint.h... yes
checking for unistd.h... yes
checking for dlfcn.h... yes
checking for objdir... .libs
checking if gcc supports -fno-rtti -fno-exceptions... no
checking for gcc option to produce PIC... -fPIC -DPIC
checking if gcc PIC flag -fPIC -DPIC works... yes
checking if gcc static flag -static works... yes
checking if gcc supports -c -o file.o... yes
checking if gcc supports -c -o file.o... (cached) yes
checking whether the gcc linker (/usr/x86_64-lfs-linux-gnu/bin/ld -m elf_x86_64) supports shared libraries... yes
checking whether -lc should be explicitly linked in... no
checking dynamic linker characteristics... GNU/Linux ld.so
checking how to hardcode library paths into programs... immediate
checking whether stripping libraries is possible... yes
checking if libtool supports shared libraries... yes
checking whether to build shared libraries... yes
checking whether to build static libraries... no
checking for gmp.h... yes
checking for inttypes.h... (cached) yes
checking for stdint.h... (cached) yes
checking sys/time.h usability... yes
checking sys/time.h presence... yes
checking for sys/time.h... yes
checking complex.h usability... yes
checking complex.h presence... yes
checking for complex.h... yes
checking for library containing creal... -lm
checking whether creal, cimag and I can be used... yes
checking for an ANSI C-conforming const... yes
checking for size_t... yes
checking for gettimeofday... yes
checking for localeconv... yes
checking for setlocale... yes
checking for getrusage... yes
checking for dup... yes
checking for dup2... yes
checking for fesetround in -lm... yes
checking for __gmpz_init in -lgmp... yes
checking for MPFR... yes
checking for recent GMP... yes
checking for recent MPFR... yes
checking if gcc accepts -dumpversion option... yes
checking gcc version... 13.2.0
checking that generated files are newer than configure... done
configure: creating ./config.status
config.status: creating Makefile
config.status: creating src/Makefile
config.status: creating tests/Makefile
config.status: creating doc/Makefile
config.status: creating tools/Makefile
config.status: creating tools/bench/Makefile
config.status: creating tools/mpcheck/Makefile
config.status: creating config.h
config.status: executing depfiles commands
config.status: executing libtool commands
make  all-recursive
make[1]: Entering directory '/sources/mpc-1.3.1'
Making all in src
make[2]: Entering directory '/sources/mpc-1.3.1/src'
/bin/sh ../libtool  --tag=CC   --mode=compile gcc -DHAVE_CONFIG_H -I. -I..     -g -O2 -MT abs.lo -MD -MP -MF .deps/abs.Tpo -c -o abs.lo abs.c
/bin/sh ../libtool  --tag=CC   --mode=compile gcc -DHAVE_CONFIG_H -I. -I..     -g -O2 -MT acos.lo -MD -MP -MF .deps/acos.Tpo -c -o acos.lo acos.c
/bin/sh ../libtool  --tag=CC   --mode=compile gcc -DHAVE_CONFIG_H -I. -I..     -g -O2 -MT acosh.lo -MD -MP -MF .deps/acosh.Tpo -c -o acosh.lo acosh.c
/bin/sh ../libtool  --tag=CC   --mode=compile gcc -DHAVE_CONFIG_H -I. -I..     -g -O2 -MT add.lo -MD -MP -MF .deps/add.Tpo -c -o add.lo add.c
/bin/sh ../libtool  --tag=CC   --mode=compile gcc -DHAVE_CONFIG_H -I. -I..     -g -O2 -MT add_fr.lo -MD -MP -MF .deps/add_fr.Tpo -c -o add_fr.lo add_fr.c
/bin/sh ../libtool  --tag=CC   --mode=compile gcc -DHAVE_CONFIG_H -I. -I..     -g -O2 -MT add_si.lo -MD -MP -MF .deps/add_si.Tpo -c -o add_si.lo add_si.c
/bin/sh ../libtool  --tag=CC   --mode=compile gcc -DHAVE_CONFIG_H -I. -I..     -g -O2 -MT add_ui.lo -MD -MP -MF .deps/add_ui.Tpo -c -o add_ui.lo add_ui.c
/bin/sh ../libtool  --tag=CC   --mode=compile gcc -DHAVE_CONFIG_H -I. -I..     -g -O2 -MT agm.lo -MD -MP -MF .deps/agm.Tpo -c -o agm.lo agm.c
libtool: compile:  gcc -DHAVE_CONFIG_H -I. -I.. -g -O2 -MT add.lo -MD -MP -MF .deps/add.Tpo -c add.c  -fPIC -DPIC -o .libs/add.o
libtool: compile:  gcc -DHAVE_CONFIG_H -I. -I.. -g -O2 -MT acos.lo -MD -MP -MF .deps/acos.Tpo -c acos.c  -fPIC -DPIC -o .libs/acos.o
libtool: compile:  gcc -DHAVE_CONFIG_H -I. -I.. -g -O2 -MT add_ui.lo -MD -MP -MF .deps/add_ui.Tpo -c add_ui.c  -fPIC -DPIC -o .libs/add_ui.o
libtool: compile:  gcc -DHAVE_CONFIG_H -I. -I.. -g -O2 -MT abs.lo -MD -MP -MF .deps/abs.Tpo -c abs.c  -fPIC -DPIC -o .libs/abs.o
libtool: compile:  gcc -DHAVE_CONFIG_H -I. -I.. -g -O2 -MT acosh.lo -MD -MP -MF .deps/acosh.Tpo -c acosh.c  -fPIC -DPIC -o .libs/acosh.o
libtool: compile:  gcc -DHAVE_CONFIG_H -I. -I.. -g -O2 -MT agm.lo -MD -MP -MF .deps/agm.Tpo -c agm.c  -fPIC -DPIC -o .libs/agm.o
libtool: compile:  gcc -DHAVE_CONFIG_H -I. -I.. -g -O2 -MT add_fr.lo -MD -MP -MF .deps/add_fr.Tpo -c add_fr.c  -fPIC -DPIC -o .libs/add_fr.o
libtool: compile:  gcc -DHAVE_CONFIG_H -I. -I.. -g -O2 -MT add_si.lo -MD -MP -MF .deps/add_si.Tpo -c add_si.c  -fPIC -DPIC -o .libs/add_si.o
mv -f .deps/add.Tpo .deps/add.Plo
mv -f .deps/add_si.Tpo .deps/add_si.Plo
/bin/sh ../libtool  --tag=CC   --mode=compile gcc -DHAVE_CONFIG_H -I. -I..     -g -O2 -MT arg.lo -MD -MP -MF .deps/arg.Tpo -c -o arg.lo arg.c
mv -f .deps/abs.Tpo .deps/abs.Plo
mv -f .deps/add_fr.Tpo .deps/add_fr.Plo
/bin/sh ../libtool  --tag=CC   --mode=compile gcc -DHAVE_CONFIG_H -I. -I..     -g -O2 -MT asin.lo -MD -MP -MF .deps/asin.Tpo -c -o asin.lo asin.c
mv -f .deps/add_ui.Tpo .deps/add_ui.Plo
/bin/sh ../libtool  --tag=CC   --mode=compile gcc -DHAVE_CONFIG_H -I. -I..     -g -O2 -MT asinh.lo -MD -MP -MF .deps/asinh.Tpo -c -o asinh.lo asinh.c
/bin/sh ../libtool  --tag=CC   --mode=compile gcc -DHAVE_CONFIG_H -I. -I..     -g -O2 -MT atan.lo -MD -MP -MF .deps/atan.Tpo -c -o atan.lo atan.c
mv -f .deps/acos.Tpo .deps/acos.Plo
/bin/sh ../libtool  --tag=CC   --mode=compile gcc -DHAVE_CONFIG_H -I. -I..     -g -O2 -MT atanh.lo -MD -MP -MF .deps/atanh.Tpo -c -o atanh.lo atanh.c
/bin/sh ../libtool  --tag=CC   --mode=compile gcc -DHAVE_CONFIG_H -I. -I..     -g -O2 -MT clear.lo -MD -MP -MF .deps/clear.Tpo -c -o clear.lo clear.c
mv -f .deps/acosh.Tpo .deps/acosh.Plo
/bin/sh ../libtool  --tag=CC   --mode=compile gcc -DHAVE_CONFIG_H -I. -I..     -g -O2 -MT cmp.lo -MD -MP -MF .deps/cmp.Tpo -c -o cmp.lo cmp.c
libtool: compile:  gcc -DHAVE_CONFIG_H -I. -I.. -g -O2 -MT arg.lo -MD -MP -MF .deps/arg.Tpo -c arg.c  -fPIC -DPIC -o .libs/arg.o
mv -f .deps/agm.Tpo .deps/agm.Plo
/bin/sh ../libtool  --tag=CC   --mode=compile gcc -DHAVE_CONFIG_H -I. -I..     -g -O2 -MT cmp_abs.lo -MD -MP -MF .deps/cmp_abs.Tpo -c -o cmp_abs.lo cmp_abs.c
libtool: compile:  gcc -DHAVE_CONFIG_H -I. -I.. -g -O2 -MT atanh.lo -MD -MP -MF .deps/atanh.Tpo -c atanh.c  -fPIC -DPIC -o .libs/atanh.o
libtool: compile:  gcc -DHAVE_CONFIG_H -I. -I.. -g -O2 -MT asin.lo -MD -MP -MF .deps/asin.Tpo -c asin.c  -fPIC -DPIC -o .libs/asin.o
libtool: compile:  gcc -DHAVE_CONFIG_H -I. -I.. -g -O2 -MT asinh.lo -MD -MP -MF .deps/asinh.Tpo -c asinh.c  -fPIC -DPIC -o .libs/asinh.o
libtool: compile:  gcc -DHAVE_CONFIG_H -I. -I.. -g -O2 -MT atan.lo -MD -MP -MF .deps/atan.Tpo -c atan.c  -fPIC -DPIC -o .libs/atan.o
libtool: compile:  gcc -DHAVE_CONFIG_H -I. -I.. -g -O2 -MT clear.lo -MD -MP -MF .deps/clear.Tpo -c clear.c  -fPIC -DPIC -o .libs/clear.o
libtool: compile:  gcc -DHAVE_CONFIG_H -I. -I.. -g -O2 -MT cmp.lo -MD -MP -MF .deps/cmp.Tpo -c cmp.c  -fPIC -DPIC -o .libs/cmp.o
mv -f .deps/arg.Tpo .deps/arg.Plo
/bin/sh ../libtool  --tag=CC   --mode=compile gcc -DHAVE_CONFIG_H -I. -I..     -g -O2 -MT cmp_si_si.lo -MD -MP -MF .deps/cmp_si_si.Tpo -c -o cmp_si_si.lo cmp_si_si.c
libtool: compile:  gcc -DHAVE_CONFIG_H -I. -I.. -g -O2 -MT cmp_abs.lo -MD -MP -MF .deps/cmp_abs.Tpo -c cmp_abs.c  -fPIC -DPIC -o .libs/cmp_abs.o
mv -f .deps/clear.Tpo .deps/clear.Plo
/bin/sh ../libtool  --tag=CC   --mode=compile gcc -DHAVE_CONFIG_H -I. -I..     -g -O2 -MT conj.lo -MD -MP -MF .deps/conj.Tpo -c -o conj.lo conj.c
mv -f .deps/atanh.Tpo .deps/atanh.Plo
mv -f .deps/asinh.Tpo .deps/asinh.Plo
/bin/sh ../libtool  --tag=CC   --mode=compile gcc -DHAVE_CONFIG_H -I. -I..     -g -O2 -MT cos.lo -MD -MP -MF .deps/cos.Tpo -c -o cos.lo cos.c
/bin/sh ../libtool  --tag=CC   --mode=compile gcc -DHAVE_CONFIG_H -I. -I..     -g -O2 -MT cosh.lo -MD -MP -MF .deps/cosh.Tpo -c -o cosh.lo cosh.c
mv -f .deps/cmp.Tpo .deps/cmp.Plo
/bin/sh ../libtool  --tag=CC   --mode=compile gcc -DHAVE_CONFIG_H -I. -I..     -g -O2 -MT div_2si.lo -MD -MP -MF .deps/div_2si.Tpo -c -o div_2si.lo div_2si.c
libtool: compile:  gcc -DHAVE_CONFIG_H -I. -I.. -g -O2 -MT cmp_si_si.lo -MD -MP -MF .deps/cmp_si_si.Tpo -c cmp_si_si.c  -fPIC -DPIC -o .libs/cmp_si_si.o
libtool: compile:  gcc -DHAVE_CONFIG_H -I. -I.. -g -O2 -MT cos.lo -MD -MP -MF .deps/cos.Tpo -c cos.c  -fPIC -DPIC -o .libs/cos.o
libtool: compile:  gcc -DHAVE_CONFIG_H -I. -I.. -g -O2 -MT conj.lo -MD -MP -MF .deps/conj.Tpo -c conj.c  -fPIC -DPIC -o .libs/conj.o
libtool: compile:  gcc -DHAVE_CONFIG_H -I. -I.. -g -O2 -MT cosh.lo -MD -MP -MF .deps/cosh.Tpo -c cosh.c  -fPIC -DPIC -o .libs/cosh.o
mv -f .deps/cmp_abs.Tpo .deps/cmp_abs.Plo
/bin/sh ../libtool  --tag=CC   --mode=compile gcc -DHAVE_CONFIG_H -I. -I..     -g -O2 -MT div_2ui.lo -MD -MP -MF .deps/div_2ui.Tpo -c -o div_2ui.lo div_2ui.c
libtool: compile:  gcc -DHAVE_CONFIG_H -I. -I.. -g -O2 -MT div_2si.lo -MD -MP -MF .deps/div_2si.Tpo -c div_2si.c  -fPIC -DPIC -o .libs/div_2si.o
mv -f .deps/cmp_si_si.Tpo .deps/cmp_si_si.Plo
/bin/sh ../libtool  --tag=CC   --mode=compile gcc -DHAVE_CONFIG_H -I. -I..     -g -O2 -MT div.lo -MD -MP -MF .deps/div.Tpo -c -o div.lo div.c
mv -f .deps/conj.Tpo .deps/conj.Plo
mv -f .deps/cos.Tpo .deps/cos.Plo
/bin/sh ../libtool  --tag=CC   --mode=compile gcc -DHAVE_CONFIG_H -I. -I..     -g -O2 -MT div_fr.lo -MD -MP -MF .deps/div_fr.Tpo -c -o div_fr.lo div_fr.c
mv -f .deps/cosh.Tpo .deps/cosh.Plo
/bin/sh ../libtool  --tag=CC   --mode=compile gcc -DHAVE_CONFIG_H -I. -I..     -g -O2 -MT div_ui.lo -MD -MP -MF .deps/div_ui.Tpo -c -o div_ui.lo div_ui.c
/bin/sh ../libtool  --tag=CC   --mode=compile gcc -DHAVE_CONFIG_H -I. -I..     -g -O2 -MT dot.lo -MD -MP -MF .deps/dot.Tpo -c -o dot.lo dot.c
mv -f .deps/atan.Tpo .deps/atan.Plo
/bin/sh ../libtool  --tag=CC   --mode=compile gcc -DHAVE_CONFIG_H -I. -I..     -g -O2 -MT eta.lo -MD -MP -MF .deps/eta.Tpo -c -o eta.lo eta.c
libtool: compile:  gcc -DHAVE_CONFIG_H -I. -I.. -g -O2 -MT div_2ui.lo -MD -MP -MF .deps/div_2ui.Tpo -c div_2ui.c  -fPIC -DPIC -o .libs/div_2ui.o
mv -f .deps/div_2si.Tpo .deps/div_2si.Plo
libtool: compile:  gcc -DHAVE_CONFIG_H -I. -I.. -g -O2 -MT div.lo -MD -MP -MF .deps/div.Tpo -c div.c  -fPIC -DPIC -o .libs/div.o
/bin/sh ../libtool  --tag=CC   --mode=compile gcc -DHAVE_CONFIG_H -I. -I..     -g -O2 -MT exp.lo -MD -MP -MF .deps/exp.Tpo -c -o exp.lo exp.c
libtool: compile:  gcc -DHAVE_CONFIG_H -I. -I.. -g -O2 -MT div_fr.lo -MD -MP -MF .deps/div_fr.Tpo -c div_fr.c  -fPIC -DPIC -o .libs/div_fr.o
libtool: compile:  gcc -DHAVE_CONFIG_H -I. -I.. -g -O2 -MT div_ui.lo -MD -MP -MF .deps/div_ui.Tpo -c div_ui.c  -fPIC -DPIC -o .libs/div_ui.o
libtool: compile:  gcc -DHAVE_CONFIG_H -I. -I.. -g -O2 -MT dot.lo -MD -MP -MF .deps/dot.Tpo -c dot.c  -fPIC -DPIC -o .libs/dot.o
libtool: compile:  gcc -DHAVE_CONFIG_H -I. -I.. -g -O2 -MT eta.lo -MD -MP -MF .deps/eta.Tpo -c eta.c  -fPIC -DPIC -o .libs/eta.o
mv -f .deps/div_2ui.Tpo .deps/div_2ui.Plo
/bin/sh ../libtool  --tag=CC   --mode=compile gcc -DHAVE_CONFIG_H -I. -I..     -g -O2 -MT fma.lo -MD -MP -MF .deps/fma.Tpo -c -o fma.lo fma.c
mv -f .deps/asin.Tpo .deps/asin.Plo
libtool: compile:  gcc -DHAVE_CONFIG_H -I. -I.. -g -O2 -MT exp.lo -MD -MP -MF .deps/exp.Tpo -c exp.c  -fPIC -DPIC -o .libs/exp.o
/bin/sh ../libtool  --tag=CC   --mode=compile gcc -DHAVE_CONFIG_H -I. -I..     -g -O2 -MT fr_div.lo -MD -MP -MF .deps/fr_div.Tpo -c -o fr_div.lo fr_div.c
mv -f .deps/div_ui.Tpo .deps/div_ui.Plo
/bin/sh ../libtool  --tag=CC   --mode=compile gcc -DHAVE_CONFIG_H -I. -I..     -g -O2 -MT fr_sub.lo -MD -MP -MF .deps/fr_sub.Tpo -c -o fr_sub.lo fr_sub.c
mv -f .deps/div_fr.Tpo .deps/div_fr.Plo
/bin/sh ../libtool  --tag=CC   --mode=compile gcc -DHAVE_CONFIG_H -I. -I..     -g -O2 -MT get_prec2.lo -MD -MP -MF .deps/get_prec2.Tpo -c -o get_prec2.lo get_prec2.c
libtool: compile:  gcc -DHAVE_CONFIG_H -I. -I.. -g -O2 -MT fma.lo -MD -MP -MF .deps/fma.Tpo -c fma.c  -fPIC -DPIC -o .libs/fma.o
libtool: compile:  gcc -DHAVE_CONFIG_H -I. -I.. -g -O2 -MT fr_div.lo -MD -MP -MF .deps/fr_div.Tpo -c fr_div.c  -fPIC -DPIC -o .libs/fr_div.o
libtool: compile:  gcc -DHAVE_CONFIG_H -I. -I.. -g -O2 -MT fr_sub.lo -MD -MP -MF .deps/fr_sub.Tpo -c fr_sub.c  -fPIC -DPIC -o .libs/fr_sub.o
mv -f .deps/dot.Tpo .deps/dot.Plo
/bin/sh ../libtool  --tag=CC   --mode=compile gcc -DHAVE_CONFIG_H -I. -I..     -g -O2 -MT get_prec.lo -MD -MP -MF .deps/get_prec.Tpo -c -o get_prec.lo get_prec.c
libtool: compile:  gcc -DHAVE_CONFIG_H -I. -I.. -g -O2 -MT get_prec2.lo -MD -MP -MF .deps/get_prec2.Tpo -c get_prec2.c  -fPIC -DPIC -o .libs/get_prec2.o
mv -f .deps/fr_div.Tpo .deps/fr_div.Plo
/bin/sh ../libtool  --tag=CC   --mode=compile gcc -DHAVE_CONFIG_H -I. -I..     -g -O2 -MT get_version.lo -MD -MP -MF .deps/get_version.Tpo -c -o get_version.lo get_version.c
mv -f .deps/exp.Tpo .deps/exp.Plo
/bin/sh ../libtool  --tag=CC   --mode=compile gcc -DHAVE_CONFIG_H -I. -I..     -g -O2 -MT get_x.lo -MD -MP -MF .deps/get_x.Tpo -c -o get_x.lo get_x.c
mv -f .deps/eta.Tpo .deps/eta.Plo
/bin/sh ../libtool  --tag=CC   --mode=compile gcc -DHAVE_CONFIG_H -I. -I..     -g -O2 -MT imag.lo -MD -MP -MF .deps/imag.Tpo -c -o imag.lo imag.c
mv -f .deps/fr_sub.Tpo .deps/fr_sub.Plo
/bin/sh ../libtool  --tag=CC   --mode=compile gcc -DHAVE_CONFIG_H -I. -I..     -g -O2 -MT init2.lo -MD -MP -MF .deps/init2.Tpo -c -o init2.lo init2.c
mv -f .deps/get_prec2.Tpo .deps/get_prec2.Plo
/bin/sh ../libtool  --tag=CC   --mode=compile gcc -DHAVE_CONFIG_H -I. -I..     -g -O2 -MT init3.lo -MD -MP -MF .deps/init3.Tpo -c -o init3.lo init3.c
libtool: compile:  gcc -DHAVE_CONFIG_H -I. -I.. -g -O2 -MT get_prec.lo -MD -MP -MF .deps/get_prec.Tpo -c get_prec.c  -fPIC -DPIC -o .libs/get_prec.o
libtool: compile:  gcc -DHAVE_CONFIG_H -I. -I.. -g -O2 -MT get_version.lo -MD -MP -MF .deps/get_version.Tpo -c get_version.c  -fPIC -DPIC -o .libs/get_version.o
mv -f .deps/fma.Tpo .deps/fma.Plo
/bin/sh ../libtool  --tag=CC   --mode=compile gcc -DHAVE_CONFIG_H -I. -I..     -g -O2 -MT inp_str.lo -MD -MP -MF .deps/inp_str.Tpo -c -o inp_str.lo inp_str.c
libtool: compile:  gcc -DHAVE_CONFIG_H -I. -I.. -g -O2 -MT get_x.lo -MD -MP -MF .deps/get_x.Tpo -c get_x.c  -fPIC -DPIC -o .libs/get_x.o
libtool: compile:  gcc -DHAVE_CONFIG_H -I. -I.. -g -O2 -MT init2.lo -MD -MP -MF .deps/init2.Tpo -c init2.c  -fPIC -DPIC -o .libs/init2.o
libtool: compile:  gcc -DHAVE_CONFIG_H -I. -I.. -g -O2 -MT imag.lo -MD -MP -MF .deps/imag.Tpo -c imag.c  -fPIC -DPIC -o .libs/imag.o
libtool: compile:  gcc -DHAVE_CONFIG_H -I. -I.. -g -O2 -MT init3.lo -MD -MP -MF .deps/init3.Tpo -c init3.c  -fPIC -DPIC -o .libs/init3.o
mv -f .deps/get_prec.Tpo .deps/get_prec.Plo
libtool: compile:  gcc -DHAVE_CONFIG_H -I. -I.. -g -O2 -MT inp_str.lo -MD -MP -MF .deps/inp_str.Tpo -c inp_str.c  -fPIC -DPIC -o .libs/inp_str.o
mv -f .deps/get_version.Tpo .deps/get_version.Plo
/bin/sh ../libtool  --tag=CC   --mode=compile gcc -DHAVE_CONFIG_H -I. -I..     -g -O2 -MT log.lo -MD -MP -MF .deps/log.Tpo -c -o log.lo log.c
/bin/sh ../libtool  --tag=CC   --mode=compile gcc -DHAVE_CONFIG_H -I. -I..     -g -O2 -MT log10.lo -MD -MP -MF .deps/log10.Tpo -c -o log10.lo log10.c
mv -f .deps/init2.Tpo .deps/init2.Plo
/bin/sh ../libtool  --tag=CC   --mode=compile gcc -DHAVE_CONFIG_H -I. -I..     -g -O2 -MT mem.lo -MD -MP -MF .deps/mem.Tpo -c -o mem.lo mem.c
mv -f .deps/imag.Tpo .deps/imag.Plo
/bin/sh ../libtool  --tag=CC   --mode=compile gcc -DHAVE_CONFIG_H -I. -I..     -g -O2 -MT mul_2si.lo -MD -MP -MF .deps/mul_2si.Tpo -c -o mul_2si.lo mul_2si.c
mv -f .deps/init3.Tpo .deps/init3.Plo
/bin/sh ../libtool  --tag=CC   --mode=compile gcc -DHAVE_CONFIG_H -I. -I..     -g -O2 -MT mul_2ui.lo -MD -MP -MF .deps/mul_2ui.Tpo -c -o mul_2ui.lo mul_2ui.c
libtool: compile:  gcc -DHAVE_CONFIG_H -I. -I.. -g -O2 -MT log.lo -MD -MP -MF .deps/log.Tpo -c log.c  -fPIC -DPIC -o .libs/log.o
libtool: compile:  gcc -DHAVE_CONFIG_H -I. -I.. -g -O2 -MT log10.lo -MD -MP -MF .deps/log10.Tpo -c log10.c  -fPIC -DPIC -o .libs/log10.o
libtool: compile:  gcc -DHAVE_CONFIG_H -I. -I.. -g -O2 -MT mul_2si.lo -MD -MP -MF .deps/mul_2si.Tpo -c mul_2si.c  -fPIC -DPIC -o .libs/mul_2si.o
mv -f .deps/div.Tpo .deps/div.Plo
/bin/sh ../libtool  --tag=CC   --mode=compile gcc -DHAVE_CONFIG_H -I. -I..     -g -O2 -MT mul.lo -MD -MP -MF .deps/mul.Tpo -c -o mul.lo mul.c
mv -f .deps/get_x.Tpo .deps/get_x.Plo
/bin/sh ../libtool  --tag=CC   --mode=compile gcc -DHAVE_CONFIG_H -I. -I..     -g -O2 -MT mul_fr.lo -MD -MP -MF .deps/mul_fr.Tpo -c -o mul_fr.lo mul_fr.c
libtool: compile:  gcc -DHAVE_CONFIG_H -I. -I.. -g -O2 -MT mul_2ui.lo -MD -MP -MF .deps/mul_2ui.Tpo -c mul_2ui.c  -fPIC -DPIC -o .libs/mul_2ui.o
libtool: compile:  gcc -DHAVE_CONFIG_H -I. -I.. -g -O2 -MT mem.lo -MD -MP -MF .deps/mem.Tpo -c mem.c  -fPIC -DPIC -o .libs/mem.o
mv -f .deps/mul_2si.Tpo .deps/mul_2si.Plo
/bin/sh ../libtool  --tag=CC   --mode=compile gcc -DHAVE_CONFIG_H -I. -I..     -g -O2 -MT mul_i.lo -MD -MP -MF .deps/mul_i.Tpo -c -o mul_i.lo mul_i.c
libtool: compile:  gcc -DHAVE_CONFIG_H -I. -I.. -g -O2 -MT mul.lo -MD -MP -MF .deps/mul.Tpo -c mul.c  -fPIC -DPIC -o .libs/mul.o
mv -f .deps/inp_str.Tpo .deps/inp_str.Plo
/bin/sh ../libtool  --tag=CC   --mode=compile gcc -DHAVE_CONFIG_H -I. -I..     -g -O2 -MT mul_si.lo -MD -MP -MF .deps/mul_si.Tpo -c -o mul_si.lo mul_si.c
mv -f .deps/mul_2ui.Tpo .deps/mul_2ui.Plo
/bin/sh ../libtool  --tag=CC   --mode=compile gcc -DHAVE_CONFIG_H -I. -I..     -g -O2 -MT mul_ui.lo -MD -MP -MF .deps/mul_ui.Tpo -c -o mul_ui.lo mul_ui.c
libtool: compile:  gcc -DHAVE_CONFIG_H -I. -I.. -g -O2 -MT mul_fr.lo -MD -MP -MF .deps/mul_fr.Tpo -c mul_fr.c  -fPIC -DPIC -o .libs/mul_fr.o
mv -f .deps/log.Tpo .deps/log.Plo
/bin/sh ../libtool  --tag=CC   --mode=compile gcc -DHAVE_CONFIG_H -I. -I..     -g -O2 -MT neg.lo -MD -MP -MF .deps/neg.Tpo -c -o neg.lo neg.c
mv -f .deps/log10.Tpo .deps/log10.Plo
mv -f .deps/mem.Tpo .deps/mem.Plo
/bin/sh ../libtool  --tag=CC   --mode=compile gcc -DHAVE_CONFIG_H -I. -I..     -g -O2 -MT norm.lo -MD -MP -MF .deps/norm.Tpo -c -o norm.lo norm.c
/bin/sh ../libtool  --tag=CC   --mode=compile gcc -DHAVE_CONFIG_H -I. -I..     -g -O2 -MT out_str.lo -MD -MP -MF .deps/out_str.Tpo -c -o out_str.lo out_str.c
libtool: compile:  gcc -DHAVE_CONFIG_H -I. -I.. -g -O2 -MT mul_i.lo -MD -MP -MF .deps/mul_i.Tpo -c mul_i.c  -fPIC -DPIC -o .libs/mul_i.o
libtool: compile:  gcc -DHAVE_CONFIG_H -I. -I.. -g -O2 -MT mul_si.lo -MD -MP -MF .deps/mul_si.Tpo -c mul_si.c  -fPIC -DPIC -o .libs/mul_si.o
libtool: compile:  gcc -DHAVE_CONFIG_H -I. -I.. -g -O2 -MT mul_ui.lo -MD -MP -MF .deps/mul_ui.Tpo -c mul_ui.c  -fPIC -DPIC -o .libs/mul_ui.o
mv -f .deps/mul_fr.Tpo .deps/mul_fr.Plo
/bin/sh ../libtool  --tag=CC   --mode=compile gcc -DHAVE_CONFIG_H -I. -I..     -g -O2 -MT pow.lo -MD -MP -MF .deps/pow.Tpo -c -o pow.lo pow.c
libtool: compile:  gcc -DHAVE_CONFIG_H -I. -I.. -g -O2 -MT norm.lo -MD -MP -MF .deps/norm.Tpo -c norm.c  -fPIC -DPIC -o .libs/norm.o
libtool: compile:  gcc -DHAVE_CONFIG_H -I. -I.. -g -O2 -MT neg.lo -MD -MP -MF .deps/neg.Tpo -c neg.c  -fPIC -DPIC -o .libs/neg.o
libtool: compile:  gcc -DHAVE_CONFIG_H -I. -I.. -g -O2 -MT out_str.lo -MD -MP -MF .deps/out_str.Tpo -c out_str.c  -fPIC -DPIC -o .libs/out_str.o
mv -f .deps/mul_ui.Tpo .deps/mul_ui.Plo
mv -f .deps/mul_i.Tpo .deps/mul_i.Plo
/bin/sh ../libtool  --tag=CC   --mode=compile gcc -DHAVE_CONFIG_H -I. -I..     -g -O2 -MT pow_fr.lo -MD -MP -MF .deps/pow_fr.Tpo -c -o pow_fr.lo pow_fr.c
/bin/sh ../libtool  --tag=CC   --mode=compile gcc -DHAVE_CONFIG_H -I. -I..     -g -O2 -MT pow_ld.lo -MD -MP -MF .deps/pow_ld.Tpo -c -o pow_ld.lo pow_ld.c
mv -f .deps/mul_si.Tpo .deps/mul_si.Plo
/bin/sh ../libtool  --tag=CC   --mode=compile gcc -DHAVE_CONFIG_H -I. -I..     -g -O2 -MT pow_d.lo -MD -MP -MF .deps/pow_d.Tpo -c -o pow_d.lo pow_d.c
mv -f .deps/neg.Tpo .deps/neg.Plo
libtool: compile:  gcc -DHAVE_CONFIG_H -I. -I.. -g -O2 -MT pow.lo -MD -MP -MF .deps/pow.Tpo -c pow.c  -fPIC -DPIC -o .libs/pow.o
/bin/sh ../libtool  --tag=CC   --mode=compile gcc -DHAVE_CONFIG_H -I. -I..     -g -O2 -MT pow_si.lo -MD -MP -MF .deps/pow_si.Tpo -c -o pow_si.lo pow_si.c
mv -f .deps/out_str.Tpo .deps/out_str.Plo
/bin/sh ../libtool  --tag=CC   --mode=compile gcc -DHAVE_CONFIG_H -I. -I..     -g -O2 -MT pow_ui.lo -MD -MP -MF .deps/pow_ui.Tpo -c -o pow_ui.lo pow_ui.c
libtool: compile:  gcc -DHAVE_CONFIG_H -I. -I.. -g -O2 -MT pow_fr.lo -MD -MP -MF .deps/pow_fr.Tpo -c pow_fr.c  -fPIC -DPIC -o .libs/pow_fr.o
libtool: compile:  gcc -DHAVE_CONFIG_H -I. -I.. -g -O2 -MT pow_ld.lo -MD -MP -MF .deps/pow_ld.Tpo -c pow_ld.c  -fPIC -DPIC -o .libs/pow_ld.o
libtool: compile:  gcc -DHAVE_CONFIG_H -I. -I.. -g -O2 -MT pow_d.lo -MD -MP -MF .deps/pow_d.Tpo -c pow_d.c  -fPIC -DPIC -o .libs/pow_d.o
libtool: compile:  gcc -DHAVE_CONFIG_H -I. -I.. -g -O2 -MT pow_ui.lo -MD -MP -MF .deps/pow_ui.Tpo -c pow_ui.c  -fPIC -DPIC -o .libs/pow_ui.o
libtool: compile:  gcc -DHAVE_CONFIG_H -I. -I.. -g -O2 -MT pow_si.lo -MD -MP -MF .deps/pow_si.Tpo -c pow_si.c  -fPIC -DPIC -o .libs/pow_si.o
mv -f .deps/norm.Tpo .deps/norm.Plo
/bin/sh ../libtool  --tag=CC   --mode=compile gcc -DHAVE_CONFIG_H -I. -I..     -g -O2 -MT pow_z.lo -MD -MP -MF .deps/pow_z.Tpo -c -o pow_z.lo pow_z.c
mv -f .deps/pow_ld.Tpo .deps/pow_ld.Plo
/bin/sh ../libtool  --tag=CC   --mode=compile gcc -DHAVE_CONFIG_H -I. -I..     -g -O2 -MT proj.lo -MD -MP -MF .deps/proj.Tpo -c -o proj.lo proj.c
mv -f .deps/pow_fr.Tpo .deps/pow_fr.Plo
/bin/sh ../libtool  --tag=CC   --mode=compile gcc -DHAVE_CONFIG_H -I. -I..     -g -O2 -MT real.lo -MD -MP -MF .deps/real.Tpo -c -o real.lo real.c
mv -f .deps/pow_d.Tpo .deps/pow_d.Plo
mv -f .deps/pow_si.Tpo .deps/pow_si.Plo
/bin/sh ../libtool  --tag=CC   --mode=compile gcc -DHAVE_CONFIG_H -I. -I..     -g -O2 -MT rootofunity.lo -MD -MP -MF .deps/rootofunity.Tpo -c -o rootofunity.lo rootofunity.c
/bin/sh ../libtool  --tag=CC   --mode=compile gcc -DHAVE_CONFIG_H -I. -I..     -g -O2 -MT urandom.lo -MD -MP -MF .deps/urandom.Tpo -c -o urandom.lo urandom.c
libtool: compile:  gcc -DHAVE_CONFIG_H -I. -I.. -g -O2 -MT pow_z.lo -MD -MP -MF .deps/pow_z.Tpo -c pow_z.c  -fPIC -DPIC -o .libs/pow_z.o
libtool: compile:  gcc -DHAVE_CONFIG_H -I. -I.. -g -O2 -MT real.lo -MD -MP -MF .deps/real.Tpo -c real.c  -fPIC -DPIC -o .libs/real.o
libtool: compile:  gcc -DHAVE_CONFIG_H -I. -I.. -g -O2 -MT proj.lo -MD -MP -MF .deps/proj.Tpo -c proj.c  -fPIC -DPIC -o .libs/proj.o
libtool: compile:  gcc -DHAVE_CONFIG_H -I. -I.. -g -O2 -MT urandom.lo -MD -MP -MF .deps/urandom.Tpo -c urandom.c  -fPIC -DPIC -o .libs/urandom.o
libtool: compile:  gcc -DHAVE_CONFIG_H -I. -I.. -g -O2 -MT rootofunity.lo -MD -MP -MF .deps/rootofunity.Tpo -c rootofunity.c  -fPIC -DPIC -o .libs/rootofunity.o
mv -f .deps/mul.Tpo .deps/mul.Plo
/bin/sh ../libtool  --tag=CC   --mode=compile gcc -DHAVE_CONFIG_H -I. -I..     -g -O2 -MT set.lo -MD -MP -MF .deps/set.Tpo -c -o set.lo set.c
mv -f .deps/pow_ui.Tpo .deps/pow_ui.Plo
mv -f .deps/pow_z.Tpo .deps/pow_z.Plo
/bin/sh ../libtool  --tag=CC   --mode=compile gcc -DHAVE_CONFIG_H -I. -I..     -g -O2 -MT set_prec.lo -MD -MP -MF .deps/set_prec.Tpo -c -o set_prec.lo set_prec.c
/bin/sh ../libtool  --tag=CC   --mode=compile gcc -DHAVE_CONFIG_H -I. -I..     -g -O2 -MT set_str.lo -MD -MP -MF .deps/set_str.Tpo -c -o set_str.lo set_str.c
mv -f .deps/real.Tpo .deps/real.Plo
/bin/sh ../libtool  --tag=CC   --mode=compile gcc -DHAVE_CONFIG_H -I. -I..     -g -O2 -MT set_x.lo -MD -MP -MF .deps/set_x.Tpo -c -o set_x.lo set_x.c
mv -f .deps/proj.Tpo .deps/proj.Plo
/bin/sh ../libtool  --tag=CC   --mode=compile gcc -DHAVE_CONFIG_H -I. -I..     -g -O2 -MT set_x_x.lo -MD -MP -MF .deps/set_x_x.Tpo -c -o set_x_x.lo set_x_x.c
mv -f .deps/urandom.Tpo .deps/urandom.Plo
/bin/sh ../libtool  --tag=CC   --mode=compile gcc -DHAVE_CONFIG_H -I. -I..     -g -O2 -MT sin.lo -MD -MP -MF .deps/sin.Tpo -c -o sin.lo sin.c
libtool: compile:  gcc -DHAVE_CONFIG_H -I. -I.. -g -O2 -MT set_str.lo -MD -MP -MF .deps/set_str.Tpo -c set_str.c  -fPIC -DPIC -o .libs/set_str.o
libtool: compile:  gcc -DHAVE_CONFIG_H -I. -I.. -g -O2 -MT set_prec.lo -MD -MP -MF .deps/set_prec.Tpo -c set_prec.c  -fPIC -DPIC -o .libs/set_prec.o
libtool: compile:  gcc -DHAVE_CONFIG_H -I. -I.. -g -O2 -MT set.lo -MD -MP -MF .deps/set.Tpo -c set.c  -fPIC -DPIC -o .libs/set.o
libtool: compile:  gcc -DHAVE_CONFIG_H -I. -I.. -g -O2 -MT set_x_x.lo -MD -MP -MF .deps/set_x_x.Tpo -c set_x_x.c  -fPIC -DPIC -o .libs/set_x_x.o
libtool: compile:  gcc -DHAVE_CONFIG_H -I. -I.. -g -O2 -MT set_x.lo -MD -MP -MF .deps/set_x.Tpo -c set_x.c  -fPIC -DPIC -o .libs/set_x.o
libtool: compile:  gcc -DHAVE_CONFIG_H -I. -I.. -g -O2 -MT sin.lo -MD -MP -MF .deps/sin.Tpo -c sin.c  -fPIC -DPIC -o .libs/sin.o
mv -f .deps/set.Tpo .deps/set.Plo
/bin/sh ../libtool  --tag=CC   --mode=compile gcc -DHAVE_CONFIG_H -I. -I..     -g -O2 -MT sin_cos.lo -MD -MP -MF .deps/sin_cos.Tpo -c -o sin_cos.lo sin_cos.c
mv -f .deps/set_prec.Tpo .deps/set_prec.Plo
mv -f .deps/set_str.Tpo .deps/set_str.Plo
/bin/sh ../libtool  --tag=CC   --mode=compile gcc -DHAVE_CONFIG_H -I. -I..     -g -O2 -MT sinh.lo -MD -MP -MF .deps/sinh.Tpo -c -o sinh.lo sinh.c
/bin/sh ../libtool  --tag=CC   --mode=compile gcc -DHAVE_CONFIG_H -I. -I..     -g -O2 -MT sqr.lo -MD -MP -MF .deps/sqr.Tpo -c -o sqr.lo sqr.c
mv -f .deps/rootofunity.Tpo .deps/rootofunity.Plo
/bin/sh ../libtool  --tag=CC   --mode=compile gcc -DHAVE_CONFIG_H -I. -I..     -g -O2 -MT sqrt.lo -MD -MP -MF .deps/sqrt.Tpo -c -o sqrt.lo sqrt.c
mv -f .deps/sin.Tpo .deps/sin.Plo
/bin/sh ../libtool  --tag=CC   --mode=compile gcc -DHAVE_CONFIG_H -I. -I..     -g -O2 -MT strtoc.lo -MD -MP -MF .deps/strtoc.Tpo -c -o strtoc.lo strtoc.c
libtool: compile:  gcc -DHAVE_CONFIG_H -I. -I.. -g -O2 -MT sin_cos.lo -MD -MP -MF .deps/sin_cos.Tpo -c sin_cos.c  -fPIC -DPIC -o .libs/sin_cos.o
libtool: compile:  gcc -DHAVE_CONFIG_H -I. -I.. -g -O2 -MT sinh.lo -MD -MP -MF .deps/sinh.Tpo -c sinh.c  -fPIC -DPIC -o .libs/sinh.o
libtool: compile:  gcc -DHAVE_CONFIG_H -I. -I.. -g -O2 -MT sqr.lo -MD -MP -MF .deps/sqr.Tpo -c sqr.c  -fPIC -DPIC -o .libs/sqr.o
mv -f .deps/set_x.Tpo .deps/set_x.Plo
/bin/sh ../libtool  --tag=CC   --mode=compile gcc -DHAVE_CONFIG_H -I. -I..     -g -O2 -MT sub.lo -MD -MP -MF .deps/sub.Tpo -c -o sub.lo sub.c
mv -f .deps/set_x_x.Tpo .deps/set_x_x.Plo
/bin/sh ../libtool  --tag=CC   --mode=compile gcc -DHAVE_CONFIG_H -I. -I..     -g -O2 -MT sub_fr.lo -MD -MP -MF .deps/sub_fr.Tpo -c -o sub_fr.lo sub_fr.c
libtool: compile:  gcc -DHAVE_CONFIG_H -I. -I.. -g -O2 -MT strtoc.lo -MD -MP -MF .deps/strtoc.Tpo -c strtoc.c  -fPIC -DPIC -o .libs/strtoc.o
libtool: compile:  gcc -DHAVE_CONFIG_H -I. -I.. -g -O2 -MT sqrt.lo -MD -MP -MF .deps/sqrt.Tpo -c sqrt.c  -fPIC -DPIC -o .libs/sqrt.o
mv -f .deps/sinh.Tpo .deps/sinh.Plo
/bin/sh ../libtool  --tag=CC   --mode=compile gcc -DHAVE_CONFIG_H -I. -I..     -g -O2 -MT sub_ui.lo -MD -MP -MF .deps/sub_ui.Tpo -c -o sub_ui.lo sub_ui.c
libtool: compile:  gcc -DHAVE_CONFIG_H -I. -I.. -g -O2 -MT sub.lo -MD -MP -MF .deps/sub.Tpo -c sub.c  -fPIC -DPIC -o .libs/sub.o
mv -f .deps/pow.Tpo .deps/pow.Plo
/bin/sh ../libtool  --tag=CC   --mode=compile gcc -DHAVE_CONFIG_H -I. -I..     -g -O2 -MT sum.lo -MD -MP -MF .deps/sum.Tpo -c -o sum.lo sum.c
libtool: compile:  gcc -DHAVE_CONFIG_H -I. -I.. -g -O2 -MT sub_fr.lo -MD -MP -MF .deps/sub_fr.Tpo -c sub_fr.c  -fPIC -DPIC -o .libs/sub_fr.o
libtool: compile:  gcc -DHAVE_CONFIG_H -I. -I.. -g -O2 -MT sub_ui.lo -MD -MP -MF .deps/sub_ui.Tpo -c sub_ui.c  -fPIC -DPIC -o .libs/sub_ui.o
libtool: compile:  gcc -DHAVE_CONFIG_H -I. -I.. -g -O2 -MT sum.lo -MD -MP -MF .deps/sum.Tpo -c sum.c  -fPIC -DPIC -o .libs/sum.o
mv -f .deps/strtoc.Tpo .deps/strtoc.Plo
mv -f .deps/sub.Tpo .deps/sub.Plo
mv -f .deps/sqr.Tpo .deps/sqr.Plo
mv -f .deps/sub_ui.Tpo .deps/sub_ui.Plo
mv -f .deps/sub_fr.Tpo .deps/sub_fr.Plo
/bin/sh ../libtool  --tag=CC   --mode=compile gcc -DHAVE_CONFIG_H -I. -I..     -g -O2 -MT swap.lo -MD -MP -MF .deps/swap.Tpo -c -o swap.lo swap.c
/bin/sh ../libtool  --tag=CC   --mode=compile gcc -DHAVE_CONFIG_H -I. -I..     -g -O2 -MT tan.lo -MD -MP -MF .deps/tan.Tpo -c -o tan.lo tan.c
mv -f .deps/sum.Tpo .deps/sum.Plo
/bin/sh ../libtool  --tag=CC   --mode=compile gcc -DHAVE_CONFIG_H -I. -I..     -g -O2 -MT tanh.lo -MD -MP -MF .deps/tanh.Tpo -c -o tanh.lo tanh.c
/bin/sh ../libtool  --tag=CC   --mode=compile gcc -DHAVE_CONFIG_H -I. -I..     -g -O2 -MT uceil_log2.lo -MD -MP -MF .deps/uceil_log2.Tpo -c -o uceil_log2.lo uceil_log2.c
/bin/sh ../libtool  --tag=CC   --mode=compile gcc -DHAVE_CONFIG_H -I. -I..     -g -O2 -MT ui_div.lo -MD -MP -MF .deps/ui_div.Tpo -c -o ui_div.lo ui_div.c
mv -f .deps/sqrt.Tpo .deps/sqrt.Plo
/bin/sh ../libtool  --tag=CC   --mode=compile gcc -DHAVE_CONFIG_H -I. -I..     -g -O2 -MT ui_ui_sub.lo -MD -MP -MF .deps/ui_ui_sub.Tpo -c -o ui_ui_sub.lo ui_ui_sub.c
/bin/sh ../libtool  --tag=CC   --mode=compile gcc -DHAVE_CONFIG_H -I. -I..     -g -O2 -MT radius.lo -MD -MP -MF .deps/radius.Tpo -c -o radius.lo radius.c
libtool: compile:  gcc -DHAVE_CONFIG_H -I. -I.. -g -O2 -MT swap.lo -MD -MP -MF .deps/swap.Tpo -c swap.c  -fPIC -DPIC -o .libs/swap.o
mv -f .deps/sin_cos.Tpo .deps/sin_cos.Plo
/bin/sh ../libtool  --tag=CC   --mode=compile gcc -DHAVE_CONFIG_H -I. -I..     -g -O2 -MT balls.lo -MD -MP -MF .deps/balls.Tpo -c -o balls.lo balls.c
libtool: compile:  gcc -DHAVE_CONFIG_H -I. -I.. -g -O2 -MT tan.lo -MD -MP -MF .deps/tan.Tpo -c tan.c  -fPIC -DPIC -o .libs/tan.o
libtool: compile:  gcc -DHAVE_CONFIG_H -I. -I.. -g -O2 -MT tanh.lo -MD -MP -MF .deps/tanh.Tpo -c tanh.c  -fPIC -DPIC -o .libs/tanh.o
libtool: compile:  gcc -DHAVE_CONFIG_H -I. -I.. -g -O2 -MT uceil_log2.lo -MD -MP -MF .deps/uceil_log2.Tpo -c uceil_log2.c  -fPIC -DPIC -o .libs/uceil_log2.o
libtool: compile:  gcc -DHAVE_CONFIG_H -I. -I.. -g -O2 -MT ui_div.lo -MD -MP -MF .deps/ui_div.Tpo -c ui_div.c  -fPIC -DPIC -o .libs/ui_div.o
libtool: compile:  gcc -DHAVE_CONFIG_H -I. -I.. -g -O2 -MT ui_ui_sub.lo -MD -MP -MF .deps/ui_ui_sub.Tpo -c ui_ui_sub.c  -fPIC -DPIC -o .libs/ui_ui_sub.o
libtool: compile:  gcc -DHAVE_CONFIG_H -I. -I.. -g -O2 -MT radius.lo -MD -MP -MF .deps/radius.Tpo -c radius.c  -fPIC -DPIC -o .libs/radius.o
mv -f .deps/swap.Tpo .deps/swap.Plo
mv -f .deps/uceil_log2.Tpo .deps/uceil_log2.Plo
mv -f .deps/tanh.Tpo .deps/tanh.Plo
mv -f .deps/ui_div.Tpo .deps/ui_div.Plo
libtool: compile:  gcc -DHAVE_CONFIG_H -I. -I.. -g -O2 -MT balls.lo -MD -MP -MF .deps/balls.Tpo -c balls.c  -fPIC -DPIC -o .libs/balls.o
mv -f .deps/ui_ui_sub.Tpo .deps/ui_ui_sub.Plo
mv -f .deps/tan.Tpo .deps/tan.Plo
mv -f .deps/balls.Tpo .deps/balls.Plo
mv -f .deps/radius.Tpo .deps/radius.Plo
/bin/sh ../libtool  --tag=CC   --mode=link gcc  -g -O2  -version-info 6:1:3  -o libmpc.la -rpath /usr/lib abs.lo acos.lo acosh.lo add.lo add_fr.lo add_si.lo add_ui.lo agm.lo arg.lo asin.lo asinh.lo atan.lo atanh.lo clear.lo cmp.lo cmp_abs.lo cmp_si_si.lo conj.lo cos.lo cosh.lo div_2si.lo div_2ui.lo div.lo div_fr.lo div_ui.lo dot.lo eta.lo exp.lo fma.lo fr_div.lo fr_sub.lo get_prec2.lo get_prec.lo get_version.lo get_x.lo imag.lo init2.lo init3.lo inp_str.lo log.lo log10.lo mem.lo mul_2si.lo mul_2ui.lo mul.lo mul_fr.lo mul_i.lo mul_si.lo mul_ui.lo neg.lo norm.lo out_str.lo pow.lo pow_fr.lo pow_ld.lo pow_d.lo pow_si.lo pow_ui.lo pow_z.lo proj.lo real.lo rootofunity.lo urandom.lo set.lo set_prec.lo set_str.lo set_x.lo set_x_x.lo sin.lo sin_cos.lo sinh.lo sqr.lo sqrt.lo strtoc.lo sub.lo sub_fr.lo sub_ui.lo sum.lo swap.lo tan.lo tanh.lo uceil_log2.lo ui_div.lo ui_ui_sub.lo radius.lo balls.lo  -lmpfr -lgmp -lm -lm 
libtool: link: gcc -shared  -fPIC -DPIC  .libs/abs.o .libs/acos.o .libs/acosh.o .libs/add.o .libs/add_fr.o .libs/add_si.o .libs/add_ui.o .libs/agm.o .libs/arg.o .libs/asin.o .libs/asinh.o .libs/atan.o .libs/atanh.o .libs/clear.o .libs/cmp.o .libs/cmp_abs.o .libs/cmp_si_si.o .libs/conj.o .libs/cos.o .libs/cosh.o .libs/div_2si.o .libs/div_2ui.o .libs/div.o .libs/div_fr.o .libs/div_ui.o .libs/dot.o .libs/eta.o .libs/exp.o .libs/fma.o .libs/fr_div.o .libs/fr_sub.o .libs/get_prec2.o .libs/get_prec.o .libs/get_version.o .libs/get_x.o .libs/imag.o .libs/init2.o .libs/init3.o .libs/inp_str.o .libs/log.o .libs/log10.o .libs/mem.o .libs/mul_2si.o .libs/mul_2ui.o .libs/mul.o .libs/mul_fr.o .libs/mul_i.o .libs/mul_si.o .libs/mul_ui.o .libs/neg.o .libs/norm.o .libs/out_str.o .libs/pow.o .libs/pow_fr.o .libs/pow_ld.o .libs/pow_d.o .libs/pow_si.o .libs/pow_ui.o .libs/pow_z.o .libs/proj.o .libs/real.o .libs/rootofunity.o .libs/urandom.o .libs/set.o .libs/set_prec.o .libs/set_str.o .libs/set_x.o .libs/set_x_x.o .libs/sin.o .libs/sin_cos.o .libs/sinh.o .libs/sqr.o .libs/sqrt.o .libs/strtoc.o .libs/sub.o .libs/sub_fr.o .libs/sub_ui.o .libs/sum.o .libs/swap.o .libs/tan.o .libs/tanh.o .libs/uceil_log2.o .libs/ui_div.o .libs/ui_ui_sub.o .libs/radius.o .libs/balls.o   /usr/lib/libmpfr.so -L/usr/lib /usr/lib/libgmp.so -lm  -g -O2   -Wl,-soname -Wl,libmpc.so.3 -o .libs/libmpc.so.3.3.1
libtool: link: (cd ".libs" && rm -f "libmpc.so.3" && ln -s "libmpc.so.3.3.1" "libmpc.so.3")
libtool: link: (cd ".libs" && rm -f "libmpc.so" && ln -s "libmpc.so.3.3.1" "libmpc.so")
libtool: link: ( cd ".libs" && rm -f "libmpc.la" && ln -s "../libmpc.la" "libmpc.la" )
make[2]: Leaving directory '/sources/mpc-1.3.1/src'
Making all in tests
make[2]: Entering directory '/sources/mpc-1.3.1/tests'
make[2]: Nothing to be done for 'all'.
make[2]: Leaving directory '/sources/mpc-1.3.1/tests'
Making all in doc
make[2]: Entering directory '/sources/mpc-1.3.1/doc'
make[2]: Nothing to be done for 'all'.
make[2]: Leaving directory '/sources/mpc-1.3.1/doc'
Making all in tools
make[2]: Entering directory '/sources/mpc-1.3.1/tools'
Making all in bench
make[3]: Entering directory '/sources/mpc-1.3.1/tools/bench'
make[3]: Nothing to be done for 'all'.
make[3]: Leaving directory '/sources/mpc-1.3.1/tools/bench'
Making all in mpcheck
make[3]: Entering directory '/sources/mpc-1.3.1/tools/mpcheck'
make[3]: Nothing to be done for 'all'.
make[3]: Leaving directory '/sources/mpc-1.3.1/tools/mpcheck'
make[3]: Entering directory '/sources/mpc-1.3.1/tools'
make[3]: Nothing to be done for 'all-am'.
make[3]: Leaving directory '/sources/mpc-1.3.1/tools'
make[2]: Leaving directory '/sources/mpc-1.3.1/tools'
make[2]: Entering directory '/sources/mpc-1.3.1'
make[2]: Leaving directory '/sources/mpc-1.3.1'
make[1]: Leaving directory '/sources/mpc-1.3.1'
Making html in src
make[1]: Entering directory '/sources/mpc-1.3.1/src'
make[1]: Nothing to be done for 'html'.
make[1]: Leaving directory '/sources/mpc-1.3.1/src'
Making html in tests
make[1]: Entering directory '/sources/mpc-1.3.1/tests'
make[1]: Nothing to be done for 'html'.
make[1]: Leaving directory '/sources/mpc-1.3.1/tests'
Making html in doc
make[1]: Entering directory '/sources/mpc-1.3.1/doc'
rm -rf mpc.htp
if /bin/sh '/sources/mpc-1.3.1/build-aux/missing' makeinfo --html   -I . \
 -o mpc.htp mpc.texi; \
then \
  rm -rf mpc.html && mv mpc.htp mpc.html; \
else \
  rm -rf mpc.htp; exit 1; \
fi
make[1]: Leaving directory '/sources/mpc-1.3.1/doc'
Making html in tools
make[1]: Entering directory '/sources/mpc-1.3.1/tools'
Making html in bench
make[2]: Entering directory '/sources/mpc-1.3.1/tools/bench'
make[2]: Nothing to be done for 'html'.
make[2]: Leaving directory '/sources/mpc-1.3.1/tools/bench'
Making html in mpcheck
make[2]: Entering directory '/sources/mpc-1.3.1/tools/mpcheck'
make[2]: Nothing to be done for 'html'.
make[2]: Leaving directory '/sources/mpc-1.3.1/tools/mpcheck'
make[2]: Entering directory '/sources/mpc-1.3.1/tools'
make[2]: Nothing to be done for 'html-am'.
make[2]: Leaving directory '/sources/mpc-1.3.1/tools'
make[1]: Leaving directory '/sources/mpc-1.3.1/tools'
make[1]: Entering directory '/sources/mpc-1.3.1'
make[1]: Nothing to be done for 'html-am'.
make[1]: Leaving directory '/sources/mpc-1.3.1'
Making check in src
make[1]: Entering directory '/sources/mpc-1.3.1/src'
make[1]: Nothing to be done for 'check'.
make[1]: Leaving directory '/sources/mpc-1.3.1/src'
Making check in tests
make[1]: Entering directory '/sources/mpc-1.3.1/tests'
make  tradius tballs teta tabs tacos tacosh tadd tadd_fr tadd_si tadd_ui tagm targ tasin tasinh tatan tatanh tcmp_abs tconj tcos tcosh tdiv tdiv_2si tdiv_2ui tdiv_fr tdiv_ui tdot texp tfma tfr_div tfr_sub timag tio_str tlog tlog10 tmul tmul_2si tmul_2ui tmul_fr tmul_i tmul_si tmul_ui tneg tnorm tpow tpow_d tpow_fr tpow_ld tpow_si tpow_ui tpow_z tprec tproj treal treimref trootofunity tset tsin tsin_cos tsinh tsqr tsqrt tstrtoc tsub tsub_fr tsub_ui tsum tswap ttan ttanh tui_div tui_ui_sub tget_version texceptions tdummy libmpc-tests.la
make[2]: Entering directory '/sources/mpc-1.3.1/tests'
gcc -DHAVE_CONFIG_H -I. -I..  -I../src -I..   -g -O2 -MT tradius.o -MD -MP -MF .deps/tradius.Tpo -c -o tradius.o tradius.c
/bin/sh ../libtool  --tag=CC   --mode=compile gcc -DHAVE_CONFIG_H -I. -I..  -I../src -I..   -g -O2 -MT check_data.lo -MD -MP -MF .deps/check_data.Tpo -c -o check_data.lo check_data.c
/bin/sh ../libtool  --tag=CC   --mode=compile gcc -DHAVE_CONFIG_H -I. -I..  -I../src -I..   -g -O2 -MT clear_parameters.lo -MD -MP -MF .deps/clear_parameters.Tpo -c -o clear_parameters.lo clear_parameters.c
/bin/sh ../libtool  --tag=CC   --mode=compile gcc -DHAVE_CONFIG_H -I. -I..  -I../src -I..   -g -O2 -MT close_datafile.lo -MD -MP -MF .deps/close_datafile.Tpo -c -o close_datafile.lo close_datafile.c
/bin/sh ../libtool  --tag=CC   --mode=compile gcc -DHAVE_CONFIG_H -I. -I..  -I../src -I..   -g -O2 -MT comparisons.lo -MD -MP -MF .deps/comparisons.Tpo -c -o comparisons.lo comparisons.c
/bin/sh ../libtool  --tag=CC   --mode=compile gcc -DHAVE_CONFIG_H -I. -I..  -I../src -I..   -g -O2 -MT copy_parameter.lo -MD -MP -MF .deps/copy_parameter.Tpo -c -o copy_parameter.lo copy_parameter.c
/bin/sh ../libtool  --tag=CC   --mode=compile gcc -DHAVE_CONFIG_H -I. -I..  -I../src -I..   -g -O2 -MT double_rounding.lo -MD -MP -MF .deps/double_rounding.Tpo -c -o double_rounding.lo double_rounding.c
/bin/sh ../libtool  --tag=CC   --mode=compile gcc -DHAVE_CONFIG_H -I. -I..  -I../src -I..   -g -O2 -MT init_parameters.lo -MD -MP -MF .deps/init_parameters.Tpo -c -o init_parameters.lo init_parameters.c
libtool: compile:  gcc -DHAVE_CONFIG_H -I. -I.. -I../src -I.. -g -O2 -MT init_parameters.lo -MD -MP -MF .deps/init_parameters.Tpo -c init_parameters.c  -fPIC -DPIC -o .libs/init_parameters.o
libtool: compile:  gcc -DHAVE_CONFIG_H -I. -I.. -I../src -I.. -g -O2 -MT comparisons.lo -MD -MP -MF .deps/comparisons.Tpo -c comparisons.c  -fPIC -DPIC -o .libs/comparisons.o
libtool: compile:  gcc -DHAVE_CONFIG_H -I. -I.. -I../src -I.. -g -O2 -MT close_datafile.lo -MD -MP -MF .deps/close_datafile.Tpo -c close_datafile.c  -fPIC -DPIC -o .libs/close_datafile.o
libtool: compile:  gcc -DHAVE_CONFIG_H -I. -I.. -I../src -I.. -g -O2 -MT double_rounding.lo -MD -MP -MF .deps/double_rounding.Tpo -c double_rounding.c  -fPIC -DPIC -o .libs/double_rounding.o
libtool: compile:  gcc -DHAVE_CONFIG_H -I. -I.. -I../src -I.. -g -O2 -MT check_data.lo -MD -MP -MF .deps/check_data.Tpo -c check_data.c  -fPIC -DPIC -o .libs/check_data.o
libtool: compile:  gcc -DHAVE_CONFIG_H -I. -I.. -I../src -I.. -g -O2 -MT clear_parameters.lo -MD -MP -MF .deps/clear_parameters.Tpo -c clear_parameters.c  -fPIC -DPIC -o .libs/clear_parameters.o
libtool: compile:  gcc -DHAVE_CONFIG_H -I. -I.. -I../src -I.. -g -O2 -MT copy_parameter.lo -MD -MP -MF .deps/copy_parameter.Tpo -c copy_parameter.c  -fPIC -DPIC -o .libs/copy_parameter.o
mv -f .deps/tradius.Tpo .deps/tradius.Po
/bin/sh ../libtool  --tag=CC   --mode=compile gcc -DHAVE_CONFIG_H -I. -I..  -I../src -I..   -g -O2 -MT mpfr_flags.lo -MD -MP -MF .deps/mpfr_flags.Tpo -c -o mpfr_flags.lo mpfr_flags.c
mv -f .deps/close_datafile.Tpo .deps/close_datafile.Plo
/bin/sh ../libtool  --tag=CC   --mode=compile gcc -DHAVE_CONFIG_H -I. -I..  -I../src -I..   -g -O2 -MT open_datafile.lo -MD -MP -MF .deps/open_datafile.Tpo -c -o open_datafile.lo open_datafile.c
mv -f .deps/clear_parameters.Tpo .deps/clear_parameters.Plo
/bin/sh ../libtool  --tag=CC   --mode=compile gcc -DHAVE_CONFIG_H -I. -I..  -I../src -I..   -g -O2 -MT print_parameter.lo -MD -MP -MF .deps/print_parameter.Tpo -c -o print_parameter.lo print_parameter.c
libtool: compile:  gcc -DHAVE_CONFIG_H -I. -I.. -I../src -I.. -g -O2 -MT mpfr_flags.lo -MD -MP -MF .deps/mpfr_flags.Tpo -c mpfr_flags.c  -fPIC -DPIC -o .libs/mpfr_flags.o
mv -f .deps/init_parameters.Tpo .deps/init_parameters.Plo
/bin/sh ../libtool  --tag=CC   --mode=compile gcc -DHAVE_CONFIG_H -I. -I..  -I../src -I..   -g -O2 -MT random.lo -MD -MP -MF .deps/random.Tpo -c -o random.lo random.c
mv -f .deps/comparisons.Tpo .deps/comparisons.Plo
/bin/sh ../libtool  --tag=CC   --mode=compile gcc -DHAVE_CONFIG_H -I. -I..  -I../src -I..   -g -O2 -MT read_data.lo -MD -MP -MF .deps/read_data.Tpo -c -o read_data.lo read_data.c
libtool: compile:  gcc -DHAVE_CONFIG_H -I. -I.. -I../src -I.. -g -O2 -MT open_datafile.lo -MD -MP -MF .deps/open_datafile.Tpo -c open_datafile.c  -fPIC -DPIC -o .libs/open_datafile.o
mv -f .deps/copy_parameter.Tpo .deps/copy_parameter.Plo
/bin/sh ../libtool  --tag=CC   --mode=compile gcc -DHAVE_CONFIG_H -I. -I..  -I../src -I..   -g -O2 -MT read_description.lo -MD -MP -MF .deps/read_description.Tpo -c -o read_description.lo read_description.c
libtool: compile:  gcc -DHAVE_CONFIG_H -I. -I.. -I../src -I.. -g -O2 -MT print_parameter.lo -MD -MP -MF .deps/print_parameter.Tpo -c print_parameter.c  -fPIC -DPIC -o .libs/print_parameter.o
mv -f .deps/check_data.Tpo .deps/check_data.Plo
/bin/sh ../libtool  --tag=CC   --mode=compile gcc -DHAVE_CONFIG_H -I. -I..  -I../src -I..   -g -O2 -MT read_line.lo -MD -MP -MF .deps/read_line.Tpo -c -o read_line.lo read_line.c
libtool: compile:  gcc -DHAVE_CONFIG_H -I. -I.. -I../src -I.. -g -O2 -MT read_data.lo -MD -MP -MF .deps/read_data.Tpo -c read_data.c  -fPIC -DPIC -o .libs/read_data.o
libtool: compile:  gcc -DHAVE_CONFIG_H -I. -I.. -I../src -I.. -g -O2 -MT random.lo -MD -MP -MF .deps/random.Tpo -c random.c  -fPIC -DPIC -o .libs/random.o
mv -f .deps/double_rounding.Tpo .deps/double_rounding.Plo
/bin/sh ../libtool  --tag=CC   --mode=compile gcc -DHAVE_CONFIG_H -I. -I..  -I../src -I..   -g -O2 -MT rounding.lo -MD -MP -MF .deps/rounding.Tpo -c -o rounding.lo rounding.c
mv -f .deps/mpfr_flags.Tpo .deps/mpfr_flags.Plo
libtool: compile:  gcc -DHAVE_CONFIG_H -I. -I.. -I../src -I.. -g -O2 -MT read_description.lo -MD -MP -MF .deps/read_description.Tpo -c read_description.c  -fPIC -DPIC -o .libs/read_description.o
/bin/sh ../libtool  --tag=CC   --mode=compile gcc -DHAVE_CONFIG_H -I. -I..  -I../src -I..   -g -O2 -MT setprec_parameters.lo -MD -MP -MF .deps/setprec_parameters.Tpo -c -o setprec_parameters.lo setprec_parameters.c
mv -f .deps/open_datafile.Tpo .deps/open_datafile.Plo
/bin/sh ../libtool  --tag=CC   --mode=compile gcc -DHAVE_CONFIG_H -I. -I..  -I../src -I..   -g -O2 -MT tpl_gmp.lo -MD -MP -MF .deps/tpl_gmp.Tpo -c -o tpl_gmp.lo tpl_gmp.c
libtool: compile:  gcc -DHAVE_CONFIG_H -I. -I.. -I../src -I.. -g -O2 -MT read_line.lo -MD -MP -MF .deps/read_line.Tpo -c read_line.c  -fPIC -DPIC -o .libs/read_line.o
libtool: compile:  gcc -DHAVE_CONFIG_H -I. -I.. -I../src -I.. -g -O2 -MT rounding.lo -MD -MP -MF .deps/rounding.Tpo -c rounding.c  -fPIC -DPIC -o .libs/rounding.o
libtool: compile:  gcc -DHAVE_CONFIG_H -I. -I.. -I../src -I.. -g -O2 -MT setprec_parameters.lo -MD -MP -MF .deps/setprec_parameters.Tpo -c setprec_parameters.c  -fPIC -DPIC -o .libs/setprec_parameters.o
mv -f .deps/print_parameter.Tpo .deps/print_parameter.Plo
/bin/sh ../libtool  --tag=CC   --mode=compile gcc -DHAVE_CONFIG_H -I. -I..  -I../src -I..   -g -O2 -MT tpl_mpc.lo -MD -MP -MF .deps/tpl_mpc.Tpo -c -o tpl_mpc.lo tpl_mpc.c
libtool: compile:  gcc -DHAVE_CONFIG_H -I. -I.. -I../src -I.. -g -O2 -MT tpl_gmp.lo -MD -MP -MF .deps/tpl_gmp.Tpo -c tpl_gmp.c  -fPIC -DPIC -o .libs/tpl_gmp.o
mv -f .deps/random.Tpo .deps/random.Plo
/bin/sh ../libtool  --tag=CC   --mode=compile gcc -DHAVE_CONFIG_H -I. -I..  -I../src -I..   -g -O2 -MT tpl_mpfr.lo -MD -MP -MF .deps/tpl_mpfr.Tpo -c -o tpl_mpfr.lo tpl_mpfr.c
mv -f .deps/read_description.Tpo .deps/read_description.Plo
libtool: compile:  gcc -DHAVE_CONFIG_H -I. -I.. -I../src -I.. -g -O2 -MT tpl_mpc.lo -MD -MP -MF .deps/tpl_mpc.Tpo -c tpl_mpc.c  -fPIC -DPIC -o .libs/tpl_mpc.o
mv -f .deps/tpl_gmp.Tpo .deps/tpl_gmp.Plo
/bin/sh ../libtool  --tag=CC   --mode=compile gcc -DHAVE_CONFIG_H -I. -I..  -I../src -I..   -g -O2 -MT tpl_native.lo -MD -MP -MF .deps/tpl_native.Tpo -c -o tpl_native.lo tpl_native.c
gcc -DHAVE_CONFIG_H -I. -I..  -I../src -I..   -g -O2 -MT tballs.o -MD -MP -MF .deps/tballs.Tpo -c -o tballs.o tballs.c
mv -f .deps/setprec_parameters.Tpo .deps/setprec_parameters.Plo
mv -f .deps/read_data.Tpo .deps/read_data.Plo
gcc -DHAVE_CONFIG_H -I. -I..  -I../src -I..   -g -O2 -MT teta.o -MD -MP -MF .deps/teta.Tpo -c -o teta.o teta.c
gcc -DHAVE_CONFIG_H -I. -I..  -I../src -I..   -g -O2 -MT tabs.o -MD -MP -MF .deps/tabs.Tpo -c -o tabs.o tabs.c
mv -f .deps/read_line.Tpo .deps/read_line.Plo
gcc -DHAVE_CONFIG_H -I. -I..  -I../src -I..   -g -O2 -MT tacos.o -MD -MP -MF .deps/tacos.Tpo -c -o tacos.o tacos.c
libtool: compile:  gcc -DHAVE_CONFIG_H -I. -I.. -I../src -I.. -g -O2 -MT tpl_mpfr.lo -MD -MP -MF .deps/tpl_mpfr.Tpo -c tpl_mpfr.c  -fPIC -DPIC -o .libs/tpl_mpfr.o
mv -f .deps/rounding.Tpo .deps/rounding.Plo
gcc -DHAVE_CONFIG_H -I. -I..  -I../src -I..   -g -O2 -MT tacosh.o -MD -MP -MF .deps/tacosh.Tpo -c -o tacosh.o tacosh.c
mv -f .deps/tpl_mpc.Tpo .deps/tpl_mpc.Plo
gcc -DHAVE_CONFIG_H -I. -I..  -I../src -I..   -g -O2 -MT tadd.o -MD -MP -MF .deps/tadd.Tpo -c -o tadd.o tadd.c
libtool: compile:  gcc -DHAVE_CONFIG_H -I. -I.. -I../src -I.. -g -O2 -MT tpl_native.lo -MD -MP -MF .deps/tpl_native.Tpo -c tpl_native.c  -fPIC -DPIC -o .libs/tpl_native.o
mv -f .deps/teta.Tpo .deps/teta.Po
gcc -DHAVE_CONFIG_H -I. -I..  -I../src -I..   -g -O2 -MT tadd_fr.o -MD -MP -MF .deps/tadd_fr.Tpo -c -o tadd_fr.o tadd_fr.c
mv -f .deps/tpl_native.Tpo .deps/tpl_native.Plo
gcc -DHAVE_CONFIG_H -I. -I..  -I../src -I..   -g -O2 -MT tadd_si.o -MD -MP -MF .deps/tadd_si.Tpo -c -o tadd_si.o tadd_si.c
mv -f .deps/tpl_mpfr.Tpo .deps/tpl_mpfr.Plo
mv -f .deps/tacosh.Tpo .deps/tacosh.Po
gcc -DHAVE_CONFIG_H -I. -I..  -I../src -I..   -g -O2 -MT tadd_ui.o -MD -MP -MF .deps/tadd_ui.Tpo -c -o tadd_ui.o tadd_ui.c
mv -f .deps/tballs.Tpo .deps/tballs.Po
gcc -DHAVE_CONFIG_H -I. -I..  -I../src -I..   -g -O2 -MT tagm.o -MD -MP -MF .deps/tagm.Tpo -c -o tagm.o tagm.c
gcc -DHAVE_CONFIG_H -I. -I..  -I../src -I..   -g -O2 -MT targ.o -MD -MP -MF .deps/targ.Tpo -c -o targ.o targ.c
mv -f .deps/tabs.Tpo .deps/tabs.Po
gcc -DHAVE_CONFIG_H -I. -I..  -I../src -I..   -g -O2 -MT tasin.o -MD -MP -MF .deps/tasin.Tpo -c -o tasin.o tasin.c
mv -f .deps/tacos.Tpo .deps/tacos.Po
gcc -DHAVE_CONFIG_H -I. -I..  -I../src -I..   -g -O2 -MT tasinh.o -MD -MP -MF .deps/tasinh.Tpo -c -o tasinh.o tasinh.c
mv -f .deps/tadd.Tpo .deps/tadd.Po
gcc -DHAVE_CONFIG_H -I. -I..  -I../src -I..   -g -O2 -MT tatan.o -MD -MP -MF .deps/tatan.Tpo -c -o tatan.o tatan.c
mv -f .deps/tadd_fr.Tpo .deps/tadd_fr.Po
gcc -DHAVE_CONFIG_H -I. -I..  -I../src -I..   -g -O2 -MT tatanh.o -MD -MP -MF .deps/tatanh.Tpo -c -o tatanh.o tatanh.c
mv -f .deps/tadd_ui.Tpo .deps/tadd_ui.Po
gcc -DHAVE_CONFIG_H -I. -I..  -I../src -I..   -g -O2 -MT tcmp_abs.o -MD -MP -MF .deps/tcmp_abs.Tpo -c -o tcmp_abs.o tcmp_abs.c
mv -f .deps/tagm.Tpo .deps/tagm.Po
mv -f .deps/tadd_si.Tpo .deps/tadd_si.Po
gcc -DHAVE_CONFIG_H -I. -I..  -I../src -I..   -g -O2 -MT tconj.o -MD -MP -MF .deps/tconj.Tpo -c -o tconj.o tconj.c
gcc -DHAVE_CONFIG_H -I. -I..  -I../src -I..   -g -O2 -MT tcos.o -MD -MP -MF .deps/tcos.Tpo -c -o tcos.o tcos.c
mv -f .deps/tasinh.Tpo .deps/tasinh.Po
mv -f .deps/tconj.Tpo .deps/tconj.Po
mv -f .deps/tasin.Tpo .deps/tasin.Po
mv -f .deps/targ.Tpo .deps/targ.Po
mv -f .deps/tatanh.Tpo .deps/tatanh.Po
gcc -DHAVE_CONFIG_H -I. -I..  -I../src -I..   -g -O2 -MT tcosh.o -MD -MP -MF .deps/tcosh.Tpo -c -o tcosh.o tcosh.c
mv -f .deps/tcmp_abs.Tpo .deps/tcmp_abs.Po
gcc -DHAVE_CONFIG_H -I. -I..  -I../src -I..   -g -O2 -MT tdiv.o -MD -MP -MF .deps/tdiv.Tpo -c -o tdiv.o tdiv.c
gcc -DHAVE_CONFIG_H -I. -I..  -I../src -I..   -g -O2 -MT tdiv_2si.o -MD -MP -MF .deps/tdiv_2si.Tpo -c -o tdiv_2si.o tdiv_2si.c
gcc -DHAVE_CONFIG_H -I. -I..  -I../src -I..   -g -O2 -MT tdiv_2ui.o -MD -MP -MF .deps/tdiv_2ui.Tpo -c -o tdiv_2ui.o tdiv_2ui.c
mv -f .deps/tatan.Tpo .deps/tatan.Po
gcc -DHAVE_CONFIG_H -I. -I..  -I../src -I..   -g -O2 -MT tdiv_fr.o -MD -MP -MF .deps/tdiv_fr.Tpo -c -o tdiv_fr.o tdiv_fr.c
gcc -DHAVE_CONFIG_H -I. -I..  -I../src -I..   -g -O2 -MT tdiv_ui.o -MD -MP -MF .deps/tdiv_ui.Tpo -c -o tdiv_ui.o tdiv_ui.c
gcc -DHAVE_CONFIG_H -I. -I..  -I../src -I..   -g -O2 -MT tdot.o -MD -MP -MF .deps/tdot.Tpo -c -o tdot.o tdot.c
mv -f .deps/tdot.Tpo .deps/tdot.Po
gcc -DHAVE_CONFIG_H -I. -I..  -I../src -I..   -g -O2 -MT texp.o -MD -MP -MF .deps/texp.Tpo -c -o texp.o texp.c
mv -f .deps/tdiv_2ui.Tpo .deps/tdiv_2ui.Po
gcc -DHAVE_CONFIG_H -I. -I..  -I../src -I..   -g -O2 -MT tfma.o -MD -MP -MF .deps/tfma.Tpo -c -o tfma.o tfma.c
mv -f .deps/tdiv_ui.Tpo .deps/tdiv_ui.Po
gcc -DHAVE_CONFIG_H -I. -I..  -I../src -I..   -g -O2 -MT tfr_div.o -MD -MP -MF .deps/tfr_div.Tpo -c -o tfr_div.o tfr_div.c
mv -f .deps/tdiv_2si.Tpo .deps/tdiv_2si.Po
mv -f .deps/tcos.Tpo .deps/tcos.Po
gcc -DHAVE_CONFIG_H -I. -I..  -I../src -I..   -g -O2 -MT tfr_sub.o -MD -MP -MF .deps/tfr_sub.Tpo -c -o tfr_sub.o tfr_sub.c
gcc -DHAVE_CONFIG_H -I. -I..  -I../src -I..   -g -O2 -MT timag.o -MD -MP -MF .deps/timag.Tpo -c -o timag.o timag.c
mv -f .deps/tdiv_fr.Tpo .deps/tdiv_fr.Po
gcc -DHAVE_CONFIG_H -I. -I..  -I../src -I..   -g -O2 -MT tio_str.o -MD -MP -MF .deps/tio_str.Tpo -c -o tio_str.o tio_str.c
mv -f .deps/tdiv.Tpo .deps/tdiv.Po
gcc -DHAVE_CONFIG_H -I. -I..  -I../src -I..   -g -O2 -MT tlog.o -MD -MP -MF .deps/tlog.Tpo -c -o tlog.o tlog.c
mv -f .deps/tcosh.Tpo .deps/tcosh.Po
gcc -DHAVE_CONFIG_H -I. -I..  -I../src -I..   -g -O2 -MT tlog10.o -MD -MP -MF .deps/tlog10.Tpo -c -o tlog10.o tlog10.c
mv -f .deps/texp.Tpo .deps/texp.Po
gcc -DHAVE_CONFIG_H -I. -I..  -I../src -I..   -g -O2 -MT tmul.o -MD -MP -MF .deps/tmul.Tpo -c -o tmul.o tmul.c
mv -f .deps/timag.Tpo .deps/timag.Po
mv -f .deps/tio_str.Tpo .deps/tio_str.Po
gcc -DHAVE_CONFIG_H -I. -I..  -I../src -I..   -g -O2 -MT tmul_2si.o -MD -MP -MF .deps/tmul_2si.Tpo -c -o tmul_2si.o tmul_2si.c
gcc -DHAVE_CONFIG_H -I. -I..  -I../src -I..   -g -O2 -MT tmul_2ui.o -MD -MP -MF .deps/tmul_2ui.Tpo -c -o tmul_2ui.o tmul_2ui.c
mv -f .deps/tfma.Tpo .deps/tfma.Po
gcc -DHAVE_CONFIG_H -I. -I..  -I../src -I..   -g -O2 -MT tmul_fr.o -MD -MP -MF .deps/tmul_fr.Tpo -c -o tmul_fr.o tmul_fr.c
mv -f .deps/tfr_div.Tpo .deps/tfr_div.Po
gcc -DHAVE_CONFIG_H -I. -I..  -I../src -I..   -g -O2 -MT tmul_i.o -MD -MP -MF .deps/tmul_i.Tpo -c -o tmul_i.o tmul_i.c
mv -f .deps/tlog.Tpo .deps/tlog.Po
gcc -DHAVE_CONFIG_H -I. -I..  -I../src -I..   -g -O2 -MT tmul_si.o -MD -MP -MF .deps/tmul_si.Tpo -c -o tmul_si.o tmul_si.c
mv -f .deps/tfr_sub.Tpo .deps/tfr_sub.Po
gcc -DHAVE_CONFIG_H -I. -I..  -I../src -I..   -g -O2 -MT tmul_ui.o -MD -MP -MF .deps/tmul_ui.Tpo -c -o tmul_ui.o tmul_ui.c
mv -f .deps/tlog10.Tpo .deps/tlog10.Po
gcc -DHAVE_CONFIG_H -I. -I..  -I../src -I..   -g -O2 -MT tneg.o -MD -MP -MF .deps/tneg.Tpo -c -o tneg.o tneg.c
mv -f .deps/tmul_2ui.Tpo .deps/tmul_2ui.Po
gcc -DHAVE_CONFIG_H -I. -I..  -I../src -I..   -g -O2 -MT tnorm.o -MD -MP -MF .deps/tnorm.Tpo -c -o tnorm.o tnorm.c
mv -f .deps/tmul_2si.Tpo .deps/tmul_2si.Po
gcc -DHAVE_CONFIG_H -I. -I..  -I../src -I..   -g -O2 -MT tpow.o -MD -MP -MF .deps/tpow.Tpo -c -o tpow.o tpow.c
mv -f .deps/tmul_fr.Tpo .deps/tmul_fr.Po
gcc -DHAVE_CONFIG_H -I. -I..  -I../src -I..   -g -O2 -MT tpow_d.o -MD -MP -MF .deps/tpow_d.Tpo -c -o tpow_d.o tpow_d.c
mv -f .deps/tmul_ui.Tpo .deps/tmul_ui.Po
gcc -DHAVE_CONFIG_H -I. -I..  -I../src -I..   -g -O2 -MT tpow_fr.o -MD -MP -MF .deps/tpow_fr.Tpo -c -o tpow_fr.o tpow_fr.c
mv -f .deps/tmul.Tpo .deps/tmul.Po
gcc -DHAVE_CONFIG_H -I. -I..  -I../src -I..   -g -O2 -MT tpow_ld.o -MD -MP -MF .deps/tpow_ld.Tpo -c -o tpow_ld.o tpow_ld.c
mv -f .deps/tmul_i.Tpo .deps/tmul_i.Po
mv -f .deps/tmul_si.Tpo .deps/tmul_si.Po
gcc -DHAVE_CONFIG_H -I. -I..  -I../src -I..   -g -O2 -MT tpow_si.o -MD -MP -MF .deps/tpow_si.Tpo -c -o tpow_si.o tpow_si.c
gcc -DHAVE_CONFIG_H -I. -I..  -I../src -I..   -g -O2 -MT tpow_ui.o -MD -MP -MF .deps/tpow_ui.Tpo -c -o tpow_ui.o tpow_ui.c
mv -f .deps/tneg.Tpo .deps/tneg.Po
gcc -DHAVE_CONFIG_H -I. -I..  -I../src -I..   -g -O2 -MT tpow_z.o -MD -MP -MF .deps/tpow_z.Tpo -c -o tpow_z.o tpow_z.c
mv -f .deps/tpow_ld.Tpo .deps/tpow_ld.Po
gcc -DHAVE_CONFIG_H -I. -I..  -I../src -I..   -g -O2 -MT tprec.o -MD -MP -MF .deps/tprec.Tpo -c -o tprec.o tprec.c
mv -f .deps/tpow_si.Tpo .deps/tpow_si.Po
gcc -DHAVE_CONFIG_H -I. -I..  -I../src -I..   -g -O2 -MT tproj.o -MD -MP -MF .deps/tproj.Tpo -c -o tproj.o tproj.c
mv -f .deps/tnorm.Tpo .deps/tnorm.Po
gcc -DHAVE_CONFIG_H -I. -I..  -I../src -I..   -g -O2 -MT treal.o -MD -MP -MF .deps/treal.Tpo -c -o treal.o treal.c
mv -f .deps/tpow_z.Tpo .deps/tpow_z.Po
gcc -DHAVE_CONFIG_H -I. -I..  -I../src -I..   -g -O2 -MT treimref.o -MD -MP -MF .deps/treimref.Tpo -c -o treimref.o treimref.c
mv -f .deps/tpow_d.Tpo .deps/tpow_d.Po
gcc -DHAVE_CONFIG_H -I. -I..  -I../src -I..   -g -O2 -MT trootofunity.o -MD -MP -MF .deps/trootofunity.Tpo -c -o trootofunity.o trootofunity.c
mv -f .deps/tpow_ui.Tpo .deps/tpow_ui.Po
mv -f .deps/tprec.Tpo .deps/tprec.Po
gcc -DHAVE_CONFIG_H -I. -I..  -I../src -I..   -g -O2 -MT tset.o -MD -MP -MF .deps/tset.Tpo -c -o tset.o tset.c
gcc -DHAVE_CONFIG_H -I. -I..  -I../src -I..   -g -O2 -MT tsin.o -MD -MP -MF .deps/tsin.Tpo -c -o tsin.o tsin.c
mv -f .deps/tpow.Tpo .deps/tpow.Po
gcc -DHAVE_CONFIG_H -I. -I..  -I../src -I..   -g -O2 -MT tsin_cos.o -MD -MP -MF .deps/tsin_cos.Tpo -c -o tsin_cos.o tsin_cos.c
mv -f .deps/tpow_fr.Tpo .deps/tpow_fr.Po
gcc -DHAVE_CONFIG_H -I. -I..  -I../src -I..   -g -O2 -MT tsinh.o -MD -MP -MF .deps/tsinh.Tpo -c -o tsinh.o tsinh.c
mv -f .deps/treimref.Tpo .deps/treimref.Po
gcc -DHAVE_CONFIG_H -I. -I..  -I../src -I..   -g -O2 -MT tsqr.o -MD -MP -MF .deps/tsqr.Tpo -c -o tsqr.o tsqr.c
mv -f .deps/tproj.Tpo .deps/tproj.Po
gcc -DHAVE_CONFIG_H -I. -I..  -I../src -I..   -g -O2 -MT tsqrt.o -MD -MP -MF .deps/tsqrt.Tpo -c -o tsqrt.o tsqrt.c
mv -f .deps/treal.Tpo .deps/treal.Po
gcc -DHAVE_CONFIG_H -I. -I..  -I../src -I..   -g -O2 -MT tstrtoc.o -MD -MP -MF .deps/tstrtoc.Tpo -c -o tstrtoc.o tstrtoc.c
mv -f .deps/tsin_cos.Tpo .deps/tsin_cos.Po
gcc -DHAVE_CONFIG_H -I. -I..  -I../src -I..   -g -O2 -MT tsub.o -MD -MP -MF .deps/tsub.Tpo -c -o tsub.o tsub.c
mv -f .deps/trootofunity.Tpo .deps/trootofunity.Po
mv -f .deps/tsin.Tpo .deps/tsin.Po
gcc -DHAVE_CONFIG_H -I. -I..  -I../src -I..   -g -O2 -MT tsub_fr.o -MD -MP -MF .deps/tsub_fr.Tpo -c -o tsub_fr.o tsub_fr.c
gcc -DHAVE_CONFIG_H -I. -I..  -I../src -I..   -g -O2 -MT tsub_ui.o -MD -MP -MF .deps/tsub_ui.Tpo -c -o tsub_ui.o tsub_ui.c
mv -f .deps/tsinh.Tpo .deps/tsinh.Po
gcc -DHAVE_CONFIG_H -I. -I..  -I../src -I..   -g -O2 -MT tsum.o -MD -MP -MF .deps/tsum.Tpo -c -o tsum.o tsum.c
mv -f .deps/tstrtoc.Tpo .deps/tstrtoc.Po
gcc -DHAVE_CONFIG_H -I. -I..  -I../src -I..   -g -O2 -MT tswap.o -MD -MP -MF .deps/tswap.Tpo -c -o tswap.o tswap.c
mv -f .deps/tsqrt.Tpo .deps/tsqrt.Po
gcc -DHAVE_CONFIG_H -I. -I..  -I../src -I..   -g -O2 -MT ttan.o -MD -MP -MF .deps/ttan.Tpo -c -o ttan.o ttan.c
mv -f .deps/tsqr.Tpo .deps/tsqr.Po
mv -f .deps/tsub_ui.Tpo .deps/tsub_ui.Po
gcc -DHAVE_CONFIG_H -I. -I..  -I../src -I..   -g -O2 -MT ttanh.o -MD -MP -MF .deps/ttanh.Tpo -c -o ttanh.o ttanh.c
gcc -DHAVE_CONFIG_H -I. -I..  -I../src -I..   -g -O2 -MT tui_div.o -MD -MP -MF .deps/tui_div.Tpo -c -o tui_div.o tui_div.c
mv -f .deps/tsub_fr.Tpo .deps/tsub_fr.Po
gcc -DHAVE_CONFIG_H -I. -I..  -I../src -I..   -g -O2 -MT tui_ui_sub.o -MD -MP -MF .deps/tui_ui_sub.Tpo -c -o tui_ui_sub.o tui_ui_sub.c
mv -f .deps/tsub.Tpo .deps/tsub.Po
mv -f .deps/tsum.Tpo .deps/tsum.Po
gcc -DHAVE_CONFIG_H -I. -I..  -I../src -I..   -g -O2 -MT tget_version.o -MD -MP -MF .deps/tget_version.Tpo -c -o tget_version.o tget_version.c
mv -f .deps/tswap.Tpo .deps/tswap.Po
mv -f .deps/tui_ui_sub.Tpo .deps/tui_ui_sub.Po
gcc -DHAVE_CONFIG_H -I. -I..  -I../src -I..   -g -O2 -MT texceptions.o -MD -MP -MF .deps/texceptions.Tpo -c -o texceptions.o texceptions.c
gcc -DHAVE_CONFIG_H -I. -I..  -I../src -I..   -g -O2 -MT tdummy.o -MD -MP -MF .deps/tdummy.Tpo -c -o tdummy.o tdummy.c
/bin/sh ../libtool  --tag=CC   --mode=link gcc  -g -O2 -no-install -L../src/.libs  -o libmpc-tests.la  check_data.lo clear_parameters.lo close_datafile.lo comparisons.lo copy_parameter.lo double_rounding.lo init_parameters.lo mpfr_flags.lo open_datafile.lo print_parameter.lo random.lo read_data.lo read_description.lo read_line.lo rounding.lo setprec_parameters.lo tpl_gmp.lo tpl_mpc.lo tpl_mpfr.lo tpl_native.lo  -lmpfr -lgmp -lm -lm 
mv -f .deps/ttanh.Tpo .deps/ttanh.Po
mv -f .deps/tui_div.Tpo .deps/tui_div.Po
mv -f .deps/ttan.Tpo .deps/ttan.Po
mv -f .deps/tset.Tpo .deps/tset.Po
mv -f .deps/tdummy.Tpo .deps/tdummy.Po
mv -f .deps/tget_version.Tpo .deps/tget_version.Po
mv -f .deps/texceptions.Tpo .deps/texceptions.Po
libtool: link: ar cr .libs/libmpc-tests.a .libs/check_data.o .libs/clear_parameters.o .libs/close_datafile.o .libs/comparisons.o .libs/copy_parameter.o .libs/double_rounding.o .libs/init_parameters.o .libs/mpfr_flags.o .libs/open_datafile.o .libs/print_parameter.o .libs/random.o .libs/read_data.o .libs/read_description.o .libs/read_line.o .libs/rounding.o .libs/setprec_parameters.o .libs/tpl_gmp.o .libs/tpl_mpc.o .libs/tpl_mpfr.o .libs/tpl_native.o 
libtool: link: ranlib .libs/libmpc-tests.a
libtool: link: ( cd ".libs" && rm -f "libmpc-tests.la" && ln -s "../libmpc-tests.la" "libmpc-tests.la" )
/bin/sh ../libtool  --tag=CC   --mode=link gcc  -g -O2 -no-install -L../src/.libs  -o tradius tradius.o libmpc-tests.la ../src/libmpc.la -lmpfr -lgmp -lm -lm 
/bin/sh ../libtool  --tag=CC   --mode=link gcc  -g -O2 -no-install -L../src/.libs  -o tballs tballs.o libmpc-tests.la ../src/libmpc.la -lmpfr -lgmp -lm -lm 
/bin/sh ../libtool  --tag=CC   --mode=link gcc  -g -O2 -no-install -L../src/.libs  -o teta teta.o libmpc-tests.la ../src/libmpc.la -lmpfr -lgmp -lm -lm 
/bin/sh ../libtool  --tag=CC   --mode=link gcc  -g -O2 -no-install -L../src/.libs  -o tabs tabs.o libmpc-tests.la ../src/libmpc.la -lmpfr -lgmp -lm -lm 
/bin/sh ../libtool  --tag=CC   --mode=link gcc  -g -O2 -no-install -L../src/.libs  -o tacos tacos.o libmpc-tests.la ../src/libmpc.la -lmpfr -lgmp -lm -lm 
/bin/sh ../libtool  --tag=CC   --mode=link gcc  -g -O2 -no-install -L../src/.libs  -o tacosh tacosh.o libmpc-tests.la ../src/libmpc.la -lmpfr -lgmp -lm -lm 
/bin/sh ../libtool  --tag=CC   --mode=link gcc  -g -O2 -no-install -L../src/.libs  -o tadd tadd.o libmpc-tests.la ../src/libmpc.la -lmpfr -lgmp -lm -lm 
/bin/sh ../libtool  --tag=CC   --mode=link gcc  -g -O2 -no-install -L../src/.libs  -o tadd_fr tadd_fr.o libmpc-tests.la ../src/libmpc.la -lmpfr -lgmp -lm -lm 
libtool: link: gcc -g -O2 -o teta teta.o  -L../src/.libs ./.libs/libmpc-tests.a ../src/.libs/libmpc.so /usr/lib/libmpfr.so /usr/lib/libgmp.so -lm -Wl,-rpath -Wl,/sources/mpc-1.3.1/src/.libs
libtool: link: gcc -g -O2 -o tacosh tacosh.o  -L../src/.libs ./.libs/libmpc-tests.a ../src/.libs/libmpc.so /usr/lib/libmpfr.so /usr/lib/libgmp.so -lm -Wl,-rpath -Wl,/sources/mpc-1.3.1/src/.libs
libtool: link: gcc -g -O2 -o tradius tradius.o  -L../src/.libs ./.libs/libmpc-tests.a ../src/.libs/libmpc.so /usr/lib/libmpfr.so /usr/lib/libgmp.so -lm -Wl,-rpath -Wl,/sources/mpc-1.3.1/src/.libs
libtool: link: gcc -g -O2 -o tabs tabs.o  -L../src/.libs ./.libs/libmpc-tests.a ../src/.libs/libmpc.so /usr/lib/libmpfr.so /usr/lib/libgmp.so -lm -Wl,-rpath -Wl,/sources/mpc-1.3.1/src/.libs
libtool: link: gcc -g -O2 -o tacos tacos.o  -L../src/.libs ./.libs/libmpc-tests.a ../src/.libs/libmpc.so /usr/lib/libmpfr.so /usr/lib/libgmp.so -lm -Wl,-rpath -Wl,/sources/mpc-1.3.1/src/.libs
libtool: link: gcc -g -O2 -o tballs tballs.o  -L../src/.libs ./.libs/libmpc-tests.a ../src/.libs/libmpc.so /usr/lib/libmpfr.so /usr/lib/libgmp.so -lm -Wl,-rpath -Wl,/sources/mpc-1.3.1/src/.libs
libtool: link: gcc -g -O2 -o tadd tadd.o  -L../src/.libs ./.libs/libmpc-tests.a ../src/.libs/libmpc.so /usr/lib/libmpfr.so /usr/lib/libgmp.so -lm -Wl,-rpath -Wl,/sources/mpc-1.3.1/src/.libs
libtool: link: gcc -g -O2 -o tadd_fr tadd_fr.o  -L../src/.libs ./.libs/libmpc-tests.a ../src/.libs/libmpc.so /usr/lib/libmpfr.so /usr/lib/libgmp.so -lm -Wl,-rpath -Wl,/sources/mpc-1.3.1/src/.libs
/bin/sh ../libtool  --tag=CC   --mode=link gcc  -g -O2 -no-install -L../src/.libs  -o tadd_si tadd_si.o libmpc-tests.la ../src/libmpc.la -lmpfr -lgmp -lm -lm 
/bin/sh ../libtool  --tag=CC   --mode=link gcc  -g -O2 -no-install -L../src/.libs  -o tadd_ui tadd_ui.o libmpc-tests.la ../src/libmpc.la -lmpfr -lgmp -lm -lm 
/bin/sh ../libtool  --tag=CC   --mode=link gcc  -g -O2 -no-install -L../src/.libs  -o targ targ.o libmpc-tests.la ../src/libmpc.la -lmpfr -lgmp -lm -lm 
/bin/sh ../libtool  --tag=CC   --mode=link gcc  -g -O2 -no-install -L../src/.libs  -o tagm tagm.o libmpc-tests.la ../src/libmpc.la -lmpfr -lgmp -lm -lm 
/bin/sh ../libtool  --tag=CC   --mode=link gcc  -g -O2 -no-install -L../src/.libs  -o tasin tasin.o libmpc-tests.la ../src/libmpc.la -lmpfr -lgmp -lm -lm 
/bin/sh ../libtool  --tag=CC   --mode=link gcc  -g -O2 -no-install -L../src/.libs  -o tasinh tasinh.o libmpc-tests.la ../src/libmpc.la -lmpfr -lgmp -lm -lm 
/bin/sh ../libtool  --tag=CC   --mode=link gcc  -g -O2 -no-install -L../src/.libs  -o tatan tatan.o libmpc-tests.la ../src/libmpc.la -lmpfr -lgmp -lm -lm 
/bin/sh ../libtool  --tag=CC   --mode=link gcc  -g -O2 -no-install -L../src/.libs  -o tatanh tatanh.o libmpc-tests.la ../src/libmpc.la -lmpfr -lgmp -lm -lm 
libtool: link: gcc -g -O2 -o tadd_si tadd_si.o  -L../src/.libs ./.libs/libmpc-tests.a ../src/.libs/libmpc.so /usr/lib/libmpfr.so /usr/lib/libgmp.so -lm -Wl,-rpath -Wl,/sources/mpc-1.3.1/src/.libs
libtool: link: gcc -g -O2 -o tasinh tasinh.o  -L../src/.libs ./.libs/libmpc-tests.a ../src/.libs/libmpc.so /usr/lib/libmpfr.so /usr/lib/libgmp.so -lm -Wl,-rpath -Wl,/sources/mpc-1.3.1/src/.libs
libtool: link: gcc -g -O2 -o tadd_ui tadd_ui.o  -L../src/.libs ./.libs/libmpc-tests.a ../src/.libs/libmpc.so /usr/lib/libmpfr.so /usr/lib/libgmp.so -lm -Wl,-rpath -Wl,/sources/mpc-1.3.1/src/.libs
libtool: link: gcc -g -O2 -o tagm tagm.o  -L../src/.libs ./.libs/libmpc-tests.a ../src/.libs/libmpc.so /usr/lib/libmpfr.so /usr/lib/libgmp.so -lm -Wl,-rpath -Wl,/sources/mpc-1.3.1/src/.libs
libtool: link: gcc -g -O2 -o targ targ.o  -L../src/.libs ./.libs/libmpc-tests.a ../src/.libs/libmpc.so /usr/lib/libmpfr.so /usr/lib/libgmp.so -lm -Wl,-rpath -Wl,/sources/mpc-1.3.1/src/.libs
libtool: link: gcc -g -O2 -o tatanh tatanh.o  -L../src/.libs ./.libs/libmpc-tests.a ../src/.libs/libmpc.so /usr/lib/libmpfr.so /usr/lib/libgmp.so -lm -Wl,-rpath -Wl,/sources/mpc-1.3.1/src/.libs
libtool: link: gcc -g -O2 -o tatan tatan.o  -L../src/.libs ./.libs/libmpc-tests.a ../src/.libs/libmpc.so /usr/lib/libmpfr.so /usr/lib/libgmp.so -lm -Wl,-rpath -Wl,/sources/mpc-1.3.1/src/.libs
libtool: link: gcc -g -O2 -o tasin tasin.o  -L../src/.libs ./.libs/libmpc-tests.a ../src/.libs/libmpc.so /usr/lib/libmpfr.so /usr/lib/libgmp.so -lm -Wl,-rpath -Wl,/sources/mpc-1.3.1/src/.libs
/bin/sh ../libtool  --tag=CC   --mode=link gcc  -g -O2 -no-install -L../src/.libs  -o tcmp_abs tcmp_abs.o libmpc-tests.la ../src/libmpc.la -lmpfr -lgmp -lm -lm 
/bin/sh ../libtool  --tag=CC   --mode=link gcc  -g -O2 -no-install -L../src/.libs  -o tconj tconj.o libmpc-tests.la ../src/libmpc.la -lmpfr -lgmp -lm -lm 
/bin/sh ../libtool  --tag=CC   --mode=link gcc  -g -O2 -no-install -L../src/.libs  -o tcos tcos.o libmpc-tests.la ../src/libmpc.la -lmpfr -lgmp -lm -lm 
/bin/sh ../libtool  --tag=CC   --mode=link gcc  -g -O2 -no-install -L../src/.libs  -o tcosh tcosh.o libmpc-tests.la ../src/libmpc.la -lmpfr -lgmp -lm -lm 
/bin/sh ../libtool  --tag=CC   --mode=link gcc  -g -O2 -no-install -L../src/.libs  -o tdiv tdiv.o libmpc-tests.la ../src/libmpc.la -lmpfr -lgmp -lm -lm 
/bin/sh ../libtool  --tag=CC   --mode=link gcc  -g -O2 -no-install -L../src/.libs  -o tdiv_2si tdiv_2si.o libmpc-tests.la ../src/libmpc.la -lmpfr -lgmp -lm -lm 
/bin/sh ../libtool  --tag=CC   --mode=link gcc  -g -O2 -no-install -L../src/.libs  -o tdiv_2ui tdiv_2ui.o libmpc-tests.la ../src/libmpc.la -lmpfr -lgmp -lm -lm 
/bin/sh ../libtool  --tag=CC   --mode=link gcc  -g -O2 -no-install -L../src/.libs  -o tdiv_fr tdiv_fr.o libmpc-tests.la ../src/libmpc.la -lmpfr -lgmp -lm -lm 
libtool: link: gcc -g -O2 -o tcmp_abs tcmp_abs.o  -L../src/.libs ./.libs/libmpc-tests.a ../src/.libs/libmpc.so /usr/lib/libmpfr.so /usr/lib/libgmp.so -lm -Wl,-rpath -Wl,/sources/mpc-1.3.1/src/.libs
libtool: link: gcc -g -O2 -o tcos tcos.o  -L../src/.libs ./.libs/libmpc-tests.a ../src/.libs/libmpc.so /usr/lib/libmpfr.so /usr/lib/libgmp.so -lm -Wl,-rpath -Wl,/sources/mpc-1.3.1/src/.libs
libtool: link: gcc -g -O2 -o tcosh tcosh.o  -L../src/.libs ./.libs/libmpc-tests.a ../src/.libs/libmpc.so /usr/lib/libmpfr.so /usr/lib/libgmp.so -lm -Wl,-rpath -Wl,/sources/mpc-1.3.1/src/.libs
libtool: link: gcc -g -O2 -o tconj tconj.o  -L../src/.libs ./.libs/libmpc-tests.a ../src/.libs/libmpc.so /usr/lib/libmpfr.so /usr/lib/libgmp.so -lm -Wl,-rpath -Wl,/sources/mpc-1.3.1/src/.libs
libtool: link: gcc -g -O2 -o tdiv tdiv.o  -L../src/.libs ./.libs/libmpc-tests.a ../src/.libs/libmpc.so /usr/lib/libmpfr.so /usr/lib/libgmp.so -lm -Wl,-rpath -Wl,/sources/mpc-1.3.1/src/.libs
libtool: link: gcc -g -O2 -o tdiv_2si tdiv_2si.o  -L../src/.libs ./.libs/libmpc-tests.a ../src/.libs/libmpc.so /usr/lib/libmpfr.so /usr/lib/libgmp.so -lm -Wl,-rpath -Wl,/sources/mpc-1.3.1/src/.libs
libtool: link: gcc -g -O2 -o tdiv_fr tdiv_fr.o  -L../src/.libs ./.libs/libmpc-tests.a ../src/.libs/libmpc.so /usr/lib/libmpfr.so /usr/lib/libgmp.so -lm -Wl,-rpath -Wl,/sources/mpc-1.3.1/src/.libs
libtool: link: gcc -g -O2 -o tdiv_2ui tdiv_2ui.o  -L../src/.libs ./.libs/libmpc-tests.a ../src/.libs/libmpc.so /usr/lib/libmpfr.so /usr/lib/libgmp.so -lm -Wl,-rpath -Wl,/sources/mpc-1.3.1/src/.libs
/bin/sh ../libtool  --tag=CC   --mode=link gcc  -g -O2 -no-install -L../src/.libs  -o tdiv_ui tdiv_ui.o libmpc-tests.la ../src/libmpc.la -lmpfr -lgmp -lm -lm 
/bin/sh ../libtool  --tag=CC   --mode=link gcc  -g -O2 -no-install -L../src/.libs  -o tdot tdot.o libmpc-tests.la ../src/libmpc.la -lmpfr -lgmp -lm -lm 
/bin/sh ../libtool  --tag=CC   --mode=link gcc  -g -O2 -no-install -L../src/.libs  -o texp texp.o libmpc-tests.la ../src/libmpc.la -lmpfr -lgmp -lm -lm 
/bin/sh ../libtool  --tag=CC   --mode=link gcc  -g -O2 -no-install -L../src/.libs  -o tfma tfma.o libmpc-tests.la ../src/libmpc.la -lmpfr -lgmp -lm -lm 
/bin/sh ../libtool  --tag=CC   --mode=link gcc  -g -O2 -no-install -L../src/.libs  -o tfr_div tfr_div.o libmpc-tests.la ../src/libmpc.la -lmpfr -lgmp -lm -lm 
/bin/sh ../libtool  --tag=CC   --mode=link gcc  -g -O2 -no-install -L../src/.libs  -o tfr_sub tfr_sub.o libmpc-tests.la ../src/libmpc.la -lmpfr -lgmp -lm -lm 
/bin/sh ../libtool  --tag=CC   --mode=link gcc  -g -O2 -no-install -L../src/.libs  -o timag timag.o libmpc-tests.la ../src/libmpc.la -lmpfr -lgmp -lm -lm 
/bin/sh ../libtool  --tag=CC   --mode=link gcc  -g -O2 -no-install -L../src/.libs  -o tio_str tio_str.o libmpc-tests.la ../src/libmpc.la -lmpfr -lgmp -lm -lm 
libtool: link: gcc -g -O2 -o tdot tdot.o  -L../src/.libs ./.libs/libmpc-tests.a ../src/.libs/libmpc.so /usr/lib/libmpfr.so /usr/lib/libgmp.so -lm -Wl,-rpath -Wl,/sources/mpc-1.3.1/src/.libs
libtool: link: gcc -g -O2 -o tfma tfma.o  -L../src/.libs ./.libs/libmpc-tests.a ../src/.libs/libmpc.so /usr/lib/libmpfr.so /usr/lib/libgmp.so -lm -Wl,-rpath -Wl,/sources/mpc-1.3.1/src/.libs
libtool: link: gcc -g -O2 -o texp texp.o  -L../src/.libs ./.libs/libmpc-tests.a ../src/.libs/libmpc.so /usr/lib/libmpfr.so /usr/lib/libgmp.so -lm -Wl,-rpath -Wl,/sources/mpc-1.3.1/src/.libs
libtool: link: gcc -g -O2 -o tdiv_ui tdiv_ui.o  -L../src/.libs ./.libs/libmpc-tests.a ../src/.libs/libmpc.so /usr/lib/libmpfr.so /usr/lib/libgmp.so -lm -Wl,-rpath -Wl,/sources/mpc-1.3.1/src/.libs
libtool: link: gcc -g -O2 -o tfr_div tfr_div.o  -L../src/.libs ./.libs/libmpc-tests.a ../src/.libs/libmpc.so /usr/lib/libmpfr.so /usr/lib/libgmp.so -lm -Wl,-rpath -Wl,/sources/mpc-1.3.1/src/.libs
libtool: link: gcc -g -O2 -o tfr_sub tfr_sub.o  -L../src/.libs ./.libs/libmpc-tests.a ../src/.libs/libmpc.so /usr/lib/libmpfr.so /usr/lib/libgmp.so -lm -Wl,-rpath -Wl,/sources/mpc-1.3.1/src/.libs
libtool: link: gcc -g -O2 -o timag timag.o  -L../src/.libs ./.libs/libmpc-tests.a ../src/.libs/libmpc.so /usr/lib/libmpfr.so /usr/lib/libgmp.so -lm -Wl,-rpath -Wl,/sources/mpc-1.3.1/src/.libs
/bin/sh ../libtool  --tag=CC   --mode=link gcc  -g -O2 -no-install -L../src/.libs  -o tlog tlog.o libmpc-tests.la ../src/libmpc.la -lmpfr -lgmp -lm -lm 
libtool: link: gcc -g -O2 -o tio_str tio_str.o  -L../src/.libs ./.libs/libmpc-tests.a ../src/.libs/libmpc.so /usr/lib/libmpfr.so /usr/lib/libgmp.so -lm -Wl,-rpath -Wl,/sources/mpc-1.3.1/src/.libs
/bin/sh ../libtool  --tag=CC   --mode=link gcc  -g -O2 -no-install -L../src/.libs  -o tlog10 tlog10.o libmpc-tests.la ../src/libmpc.la -lmpfr -lgmp -lm -lm 
/bin/sh ../libtool  --tag=CC   --mode=link gcc  -g -O2 -no-install -L../src/.libs  -o tmul tmul.o libmpc-tests.la ../src/libmpc.la -lmpfr -lgmp -lm -lm 
/bin/sh ../libtool  --tag=CC   --mode=link gcc  -g -O2 -no-install -L../src/.libs  -o tmul_2si tmul_2si.o libmpc-tests.la ../src/libmpc.la -lmpfr -lgmp -lm -lm 
/bin/sh ../libtool  --tag=CC   --mode=link gcc  -g -O2 -no-install -L../src/.libs  -o tmul_2ui tmul_2ui.o libmpc-tests.la ../src/libmpc.la -lmpfr -lgmp -lm -lm 
/bin/sh ../libtool  --tag=CC   --mode=link gcc  -g -O2 -no-install -L../src/.libs  -o tmul_fr tmul_fr.o libmpc-tests.la ../src/libmpc.la -lmpfr -lgmp -lm -lm 
/bin/sh ../libtool  --tag=CC   --mode=link gcc  -g -O2 -no-install -L../src/.libs  -o tmul_i tmul_i.o libmpc-tests.la ../src/libmpc.la -lmpfr -lgmp -lm -lm 
/bin/sh ../libtool  --tag=CC   --mode=link gcc  -g -O2 -no-install -L../src/.libs  -o tmul_si tmul_si.o libmpc-tests.la ../src/libmpc.la -lmpfr -lgmp -lm -lm 
libtool: link: gcc -g -O2 -o tlog tlog.o  -L../src/.libs ./.libs/libmpc-tests.a ../src/.libs/libmpc.so /usr/lib/libmpfr.so /usr/lib/libgmp.so -lm -Wl,-rpath -Wl,/sources/mpc-1.3.1/src/.libs
libtool: link: gcc -g -O2 -o tlog10 tlog10.o  -L../src/.libs ./.libs/libmpc-tests.a ../src/.libs/libmpc.so /usr/lib/libmpfr.so /usr/lib/libgmp.so -lm -Wl,-rpath -Wl,/sources/mpc-1.3.1/src/.libs
libtool: link: gcc -g -O2 -o tmul tmul.o  -L../src/.libs ./.libs/libmpc-tests.a ../src/.libs/libmpc.so /usr/lib/libmpfr.so /usr/lib/libgmp.so -lm -Wl,-rpath -Wl,/sources/mpc-1.3.1/src/.libs
libtool: link: gcc -g -O2 -o tmul_2si tmul_2si.o  -L../src/.libs ./.libs/libmpc-tests.a ../src/.libs/libmpc.so /usr/lib/libmpfr.so /usr/lib/libgmp.so -lm -Wl,-rpath -Wl,/sources/mpc-1.3.1/src/.libs
libtool: link: gcc -g -O2 -o tmul_i tmul_i.o  -L../src/.libs ./.libs/libmpc-tests.a ../src/.libs/libmpc.so /usr/lib/libmpfr.so /usr/lib/libgmp.so -lm -Wl,-rpath -Wl,/sources/mpc-1.3.1/src/.libs
libtool: link: gcc -g -O2 -o tmul_2ui tmul_2ui.o  -L../src/.libs ./.libs/libmpc-tests.a ../src/.libs/libmpc.so /usr/lib/libmpfr.so /usr/lib/libgmp.so -lm -Wl,-rpath -Wl,/sources/mpc-1.3.1/src/.libs
/bin/sh ../libtool  --tag=CC   --mode=link gcc  -g -O2 -no-install -L../src/.libs  -o tmul_ui tmul_ui.o libmpc-tests.la ../src/libmpc.la -lmpfr -lgmp -lm -lm 
/bin/sh ../libtool  --tag=CC   --mode=link gcc  -g -O2 -no-install -L../src/.libs  -o tneg tneg.o libmpc-tests.la ../src/libmpc.la -lmpfr -lgmp -lm -lm 
libtool: link: gcc -g -O2 -o tmul_fr tmul_fr.o  -L../src/.libs ./.libs/libmpc-tests.a ../src/.libs/libmpc.so /usr/lib/libmpfr.so /usr/lib/libgmp.so -lm -Wl,-rpath -Wl,/sources/mpc-1.3.1/src/.libs
libtool: link: gcc -g -O2 -o tmul_si tmul_si.o  -L../src/.libs ./.libs/libmpc-tests.a ../src/.libs/libmpc.so /usr/lib/libmpfr.so /usr/lib/libgmp.so -lm -Wl,-rpath -Wl,/sources/mpc-1.3.1/src/.libs
/bin/sh ../libtool  --tag=CC   --mode=link gcc  -g -O2 -no-install -L../src/.libs  -o tnorm tnorm.o libmpc-tests.la ../src/libmpc.la -lmpfr -lgmp -lm -lm 
/bin/sh ../libtool  --tag=CC   --mode=link gcc  -g -O2 -no-install -L../src/.libs  -o tpow tpow.o libmpc-tests.la ../src/libmpc.la -lmpfr -lgmp -lm -lm 
/bin/sh ../libtool  --tag=CC   --mode=link gcc  -g -O2 -no-install -L../src/.libs  -o tpow_d tpow_d.o libmpc-tests.la ../src/libmpc.la -lmpfr -lgmp -lm -lm 
/bin/sh ../libtool  --tag=CC   --mode=link gcc  -g -O2 -no-install -L../src/.libs  -o tpow_fr tpow_fr.o libmpc-tests.la ../src/libmpc.la -lmpfr -lgmp -lm -lm 
/bin/sh ../libtool  --tag=CC   --mode=link gcc  -g -O2 -no-install -L../src/.libs  -o tpow_ld tpow_ld.o libmpc-tests.la ../src/libmpc.la -lmpfr -lgmp -lm -lm 
/bin/sh ../libtool  --tag=CC   --mode=link gcc  -g -O2 -no-install -L../src/.libs  -o tpow_si tpow_si.o libmpc-tests.la ../src/libmpc.la -lmpfr -lgmp -lm -lm 
libtool: link: gcc -g -O2 -o tmul_ui tmul_ui.o  -L../src/.libs ./.libs/libmpc-tests.a ../src/.libs/libmpc.so /usr/lib/libmpfr.so /usr/lib/libgmp.so -lm -Wl,-rpath -Wl,/sources/mpc-1.3.1/src/.libs
libtool: link: gcc -g -O2 -o tneg tneg.o  -L../src/.libs ./.libs/libmpc-tests.a ../src/.libs/libmpc.so /usr/lib/libmpfr.so /usr/lib/libgmp.so -lm -Wl,-rpath -Wl,/sources/mpc-1.3.1/src/.libs
libtool: link: gcc -g -O2 -o tnorm tnorm.o  -L../src/.libs ./.libs/libmpc-tests.a ../src/.libs/libmpc.so /usr/lib/libmpfr.so /usr/lib/libgmp.so -lm -Wl,-rpath -Wl,/sources/mpc-1.3.1/src/.libs
libtool: link: gcc -g -O2 -o tpow tpow.o  -L../src/.libs ./.libs/libmpc-tests.a ../src/.libs/libmpc.so /usr/lib/libmpfr.so /usr/lib/libgmp.so -lm -Wl,-rpath -Wl,/sources/mpc-1.3.1/src/.libs
libtool: link: gcc -g -O2 -o tpow_fr tpow_fr.o  -L../src/.libs ./.libs/libmpc-tests.a ../src/.libs/libmpc.so /usr/lib/libmpfr.so /usr/lib/libgmp.so -lm -Wl,-rpath -Wl,/sources/mpc-1.3.1/src/.libs
libtool: link: gcc -g -O2 -o tpow_d tpow_d.o  -L../src/.libs ./.libs/libmpc-tests.a ../src/.libs/libmpc.so /usr/lib/libmpfr.so /usr/lib/libgmp.so -lm -Wl,-rpath -Wl,/sources/mpc-1.3.1/src/.libs
/bin/sh ../libtool  --tag=CC   --mode=link gcc  -g -O2 -no-install -L../src/.libs  -o tpow_ui tpow_ui.o libmpc-tests.la ../src/libmpc.la -lmpfr -lgmp -lm -lm 
/bin/sh ../libtool  --tag=CC   --mode=link gcc  -g -O2 -no-install -L../src/.libs  -o tpow_z tpow_z.o libmpc-tests.la ../src/libmpc.la -lmpfr -lgmp -lm -lm 
libtool: link: gcc -g -O2 -o tpow_ld tpow_ld.o  -L../src/.libs ./.libs/libmpc-tests.a ../src/.libs/libmpc.so /usr/lib/libmpfr.so /usr/lib/libgmp.so -lm -Wl,-rpath -Wl,/sources/mpc-1.3.1/src/.libs
/bin/sh ../libtool  --tag=CC   --mode=link gcc  -g -O2 -no-install -L../src/.libs  -o tprec tprec.o libmpc-tests.la ../src/libmpc.la -lmpfr -lgmp -lm -lm 
libtool: link: gcc -g -O2 -o tpow_si tpow_si.o  -L../src/.libs ./.libs/libmpc-tests.a ../src/.libs/libmpc.so /usr/lib/libmpfr.so /usr/lib/libgmp.so -lm -Wl,-rpath -Wl,/sources/mpc-1.3.1/src/.libs
/bin/sh ../libtool  --tag=CC   --mode=link gcc  -g -O2 -no-install -L../src/.libs  -o tproj tproj.o libmpc-tests.la ../src/libmpc.la -lmpfr -lgmp -lm -lm 
/bin/sh ../libtool  --tag=CC   --mode=link gcc  -g -O2 -no-install -L../src/.libs  -o treal treal.o libmpc-tests.la ../src/libmpc.la -lmpfr -lgmp -lm -lm 
/bin/sh ../libtool  --tag=CC   --mode=link gcc  -g -O2 -no-install -L../src/.libs  -o treimref treimref.o libmpc-tests.la ../src/libmpc.la -lmpfr -lgmp -lm -lm 
/bin/sh ../libtool  --tag=CC   --mode=link gcc  -g -O2 -no-install -L../src/.libs  -o trootofunity trootofunity.o libmpc-tests.la ../src/libmpc.la -lmpfr -lgmp -lm -lm 
/bin/sh ../libtool  --tag=CC   --mode=link gcc  -g -O2 -no-install -L../src/.libs  -o tset tset.o libmpc-tests.la ../src/libmpc.la -lmpfr -lgmp -lm -lm 
libtool: link: gcc -g -O2 -o tpow_ui tpow_ui.o  -L../src/.libs ./.libs/libmpc-tests.a ../src/.libs/libmpc.so /usr/lib/libmpfr.so /usr/lib/libgmp.so -lm -Wl,-rpath -Wl,/sources/mpc-1.3.1/src/.libs
libtool: link: gcc -g -O2 -o tpow_z tpow_z.o  -L../src/.libs ./.libs/libmpc-tests.a ../src/.libs/libmpc.so /usr/lib/libmpfr.so /usr/lib/libgmp.so -lm -Wl,-rpath -Wl,/sources/mpc-1.3.1/src/.libs
libtool: link: gcc -g -O2 -o tprec tprec.o  -L../src/.libs ./.libs/libmpc-tests.a ../src/.libs/libmpc.so /usr/lib/libmpfr.so /usr/lib/libgmp.so -lm -Wl,-rpath -Wl,/sources/mpc-1.3.1/src/.libs
libtool: link: gcc -g -O2 -o tproj tproj.o  -L../src/.libs ./.libs/libmpc-tests.a ../src/.libs/libmpc.so /usr/lib/libmpfr.so /usr/lib/libgmp.so -lm -Wl,-rpath -Wl,/sources/mpc-1.3.1/src/.libs
libtool: link: gcc -g -O2 -o treimref treimref.o  -L../src/.libs ./.libs/libmpc-tests.a ../src/.libs/libmpc.so /usr/lib/libmpfr.so /usr/lib/libgmp.so -lm -Wl,-rpath -Wl,/sources/mpc-1.3.1/src/.libs
libtool: link: gcc -g -O2 -o treal treal.o  -L../src/.libs ./.libs/libmpc-tests.a ../src/.libs/libmpc.so /usr/lib/libmpfr.so /usr/lib/libgmp.so -lm -Wl,-rpath -Wl,/sources/mpc-1.3.1/src/.libs
/bin/sh ../libtool  --tag=CC   --mode=link gcc  -g -O2 -no-install -L../src/.libs  -o tsin tsin.o libmpc-tests.la ../src/libmpc.la -lmpfr -lgmp -lm -lm 
/bin/sh ../libtool  --tag=CC   --mode=link gcc  -g -O2 -no-install -L../src/.libs  -o tsin_cos tsin_cos.o libmpc-tests.la ../src/libmpc.la -lmpfr -lgmp -lm -lm 
libtool: link: gcc -g -O2 -o trootofunity trootofunity.o  -L../src/.libs ./.libs/libmpc-tests.a ../src/.libs/libmpc.so /usr/lib/libmpfr.so /usr/lib/libgmp.so -lm -Wl,-rpath -Wl,/sources/mpc-1.3.1/src/.libs
/bin/sh ../libtool  --tag=CC   --mode=link gcc  -g -O2 -no-install -L../src/.libs  -o tsinh tsinh.o libmpc-tests.la ../src/libmpc.la -lmpfr -lgmp -lm -lm 
/bin/sh ../libtool  --tag=CC   --mode=link gcc  -g -O2 -no-install -L../src/.libs  -o tsqr tsqr.o libmpc-tests.la ../src/libmpc.la -lmpfr -lgmp -lm -lm 
/bin/sh ../libtool  --tag=CC   --mode=link gcc  -g -O2 -no-install -L../src/.libs  -o tsqrt tsqrt.o libmpc-tests.la ../src/libmpc.la -lmpfr -lgmp -lm -lm 
/bin/sh ../libtool  --tag=CC   --mode=link gcc  -g -O2 -no-install -L../src/.libs  -o tstrtoc tstrtoc.o libmpc-tests.la ../src/libmpc.la -lmpfr -lgmp -lm -lm 
libtool: link: gcc -g -O2 -o tset tset.o  -L../src/.libs ./.libs/libmpc-tests.a ../src/.libs/libmpc.so /usr/lib/libmpfr.so /usr/lib/libgmp.so -lm -Wl,-rpath -Wl,/sources/mpc-1.3.1/src/.libs
/bin/sh ../libtool  --tag=CC   --mode=link gcc  -g -O2 -no-install -L../src/.libs  -o tsub tsub.o libmpc-tests.la ../src/libmpc.la -lmpfr -lgmp -lm -lm 
/bin/sh ../libtool  --tag=CC   --mode=link gcc  -g -O2 -no-install -L../src/.libs  -o tsub_fr tsub_fr.o libmpc-tests.la ../src/libmpc.la -lmpfr -lgmp -lm -lm 
libtool: link: gcc -g -O2 -o tsin tsin.o  -L../src/.libs ./.libs/libmpc-tests.a ../src/.libs/libmpc.so /usr/lib/libmpfr.so /usr/lib/libgmp.so -lm -Wl,-rpath -Wl,/sources/mpc-1.3.1/src/.libs
libtool: link: gcc -g -O2 -o tsin_cos tsin_cos.o  -L../src/.libs ./.libs/libmpc-tests.a ../src/.libs/libmpc.so /usr/lib/libmpfr.so /usr/lib/libgmp.so -lm -Wl,-rpath -Wl,/sources/mpc-1.3.1/src/.libs
libtool: link: gcc -g -O2 -o tsinh tsinh.o  -L../src/.libs ./.libs/libmpc-tests.a ../src/.libs/libmpc.so /usr/lib/libmpfr.so /usr/lib/libgmp.so -lm -Wl,-rpath -Wl,/sources/mpc-1.3.1/src/.libs
libtool: link: gcc -g -O2 -o tsqr tsqr.o  -L../src/.libs ./.libs/libmpc-tests.a ../src/.libs/libmpc.so /usr/lib/libmpfr.so /usr/lib/libgmp.so -lm -Wl,-rpath -Wl,/sources/mpc-1.3.1/src/.libs
libtool: link: gcc -g -O2 -o tsqrt tsqrt.o  -L../src/.libs ./.libs/libmpc-tests.a ../src/.libs/libmpc.so /usr/lib/libmpfr.so /usr/lib/libgmp.so -lm -Wl,-rpath -Wl,/sources/mpc-1.3.1/src/.libs
libtool: link: gcc -g -O2 -o tstrtoc tstrtoc.o  -L../src/.libs ./.libs/libmpc-tests.a ../src/.libs/libmpc.so /usr/lib/libmpfr.so /usr/lib/libgmp.so -lm -Wl,-rpath -Wl,/sources/mpc-1.3.1/src/.libs
/bin/sh ../libtool  --tag=CC   --mode=link gcc  -g -O2 -no-install -L../src/.libs  -o tsub_ui tsub_ui.o libmpc-tests.la ../src/libmpc.la -lmpfr -lgmp -lm -lm 
/bin/sh ../libtool  --tag=CC   --mode=link gcc  -g -O2 -no-install -L../src/.libs  -o tsum tsum.o libmpc-tests.la ../src/libmpc.la -lmpfr -lgmp -lm -lm 
/bin/sh ../libtool  --tag=CC   --mode=link gcc  -g -O2 -no-install -L../src/.libs  -o tswap tswap.o libmpc-tests.la ../src/libmpc.la -lmpfr -lgmp -lm -lm 
libtool: link: gcc -g -O2 -o tsub tsub.o  -L../src/.libs ./.libs/libmpc-tests.a ../src/.libs/libmpc.so /usr/lib/libmpfr.so /usr/lib/libgmp.so -lm -Wl,-rpath -Wl,/sources/mpc-1.3.1/src/.libs
/bin/sh ../libtool  --tag=CC   --mode=link gcc  -g -O2 -no-install -L../src/.libs  -o ttan ttan.o libmpc-tests.la ../src/libmpc.la -lmpfr -lgmp -lm -lm 
/bin/sh ../libtool  --tag=CC   --mode=link gcc  -g -O2 -no-install -L../src/.libs  -o ttanh ttanh.o libmpc-tests.la ../src/libmpc.la -lmpfr -lgmp -lm -lm 
/bin/sh ../libtool  --tag=CC   --mode=link gcc  -g -O2 -no-install -L../src/.libs  -o tui_div tui_div.o libmpc-tests.la ../src/libmpc.la -lmpfr -lgmp -lm -lm 
libtool: link: gcc -g -O2 -o tsub_fr tsub_fr.o  -L../src/.libs ./.libs/libmpc-tests.a ../src/.libs/libmpc.so /usr/lib/libmpfr.so /usr/lib/libgmp.so -lm -Wl,-rpath -Wl,/sources/mpc-1.3.1/src/.libs
/bin/sh ../libtool  --tag=CC   --mode=link gcc  -g -O2 -no-install -L../src/.libs  -o tui_ui_sub tui_ui_sub.o libmpc-tests.la ../src/libmpc.la -lmpfr -lgmp -lm -lm 
/bin/sh ../libtool  --tag=CC   --mode=link gcc  -g -O2 -no-install -L../src/.libs  -o tget_version tget_version.o libmpc-tests.la ../src/libmpc.la -lmpfr -lgmp -lm -lm 
libtool: link: gcc -g -O2 -o tsub_ui tsub_ui.o  -L../src/.libs ./.libs/libmpc-tests.a ../src/.libs/libmpc.so /usr/lib/libmpfr.so /usr/lib/libgmp.so -lm -Wl,-rpath -Wl,/sources/mpc-1.3.1/src/.libs
libtool: link: gcc -g -O2 -o tsum tsum.o  -L../src/.libs ./.libs/libmpc-tests.a ../src/.libs/libmpc.so /usr/lib/libmpfr.so /usr/lib/libgmp.so -lm -Wl,-rpath -Wl,/sources/mpc-1.3.1/src/.libs
libtool: link: gcc -g -O2 -o ttanh ttanh.o  -L../src/.libs ./.libs/libmpc-tests.a ../src/.libs/libmpc.so /usr/lib/libmpfr.so /usr/lib/libgmp.so -lm -Wl,-rpath -Wl,/sources/mpc-1.3.1/src/.libs
libtool: link: gcc -g -O2 -o tui_div tui_div.o  -L../src/.libs ./.libs/libmpc-tests.a ../src/.libs/libmpc.so /usr/lib/libmpfr.so /usr/lib/libgmp.so -lm -Wl,-rpath -Wl,/sources/mpc-1.3.1/src/.libs
libtool: link: gcc -g -O2 -o ttan ttan.o  -L../src/.libs ./.libs/libmpc-tests.a ../src/.libs/libmpc.so /usr/lib/libmpfr.so /usr/lib/libgmp.so -lm -Wl,-rpath -Wl,/sources/mpc-1.3.1/src/.libs
libtool: link: gcc -g -O2 -o tswap tswap.o  -L../src/.libs ./.libs/libmpc-tests.a ../src/.libs/libmpc.so /usr/lib/libmpfr.so /usr/lib/libgmp.so -lm -Wl,-rpath -Wl,/sources/mpc-1.3.1/src/.libs
/bin/sh ../libtool  --tag=CC   --mode=link gcc  -g -O2 -no-install -L../src/.libs  -o texceptions texceptions.o libmpc-tests.la ../src/libmpc.la -lmpfr -lgmp -lm -lm 
make[2]: 'libmpc-tests.la' is up to date.
/bin/sh ../libtool  --tag=CC   --mode=link gcc  -g -O2 -no-install -L../src/.libs  -o tdummy tdummy.o libmpc-tests.la ../src/libmpc.la -lmpfr -lgmp -lm -lm 
libtool: link: gcc -g -O2 -o tui_ui_sub tui_ui_sub.o  -L../src/.libs ./.libs/libmpc-tests.a ../src/.libs/libmpc.so /usr/lib/libmpfr.so /usr/lib/libgmp.so -lm -Wl,-rpath -Wl,/sources/mpc-1.3.1/src/.libs
libtool: link: gcc -g -O2 -o tget_version tget_version.o  -L../src/.libs ./.libs/libmpc-tests.a ../src/.libs/libmpc.so /usr/lib/libmpfr.so /usr/lib/libgmp.so -lm -Wl,-rpath -Wl,/sources/mpc-1.3.1/src/.libs
libtool: link: gcc -g -O2 -o tdummy tdummy.o  -L../src/.libs ./.libs/libmpc-tests.a ../src/.libs/libmpc.so /usr/lib/libmpfr.so /usr/lib/libgmp.so -lm -Wl,-rpath -Wl,/sources/mpc-1.3.1/src/.libs
libtool: link: gcc -g -O2 -o texceptions texceptions.o  -L../src/.libs ./.libs/libmpc-tests.a ../src/.libs/libmpc.so /usr/lib/libmpfr.so /usr/lib/libgmp.so -lm -Wl,-rpath -Wl,/sources/mpc-1.3.1/src/.libs
make[2]: Leaving directory '/sources/mpc-1.3.1/tests'
make  check-TESTS
make[2]: Entering directory '/sources/mpc-1.3.1/tests'
make[3]: Entering directory '/sources/mpc-1.3.1/tests'
PASS: teta
PASS: tballs
PASS: tadd_fr
PASS: tadd
PASS: tabs
PASS: tadd_ui
PASS: tadd_si
PASS: targ
PASS: tradius
PASS: tcmp_abs
PASS: tconj
PASS: tacosh
PASS: tcos
PASS: tacos
PASS: tasinh
PASS: tdiv
PASS: tcosh
PASS: tdiv_ui
PASS: tdiv_fr
PASS: tdot
PASS: tasin
PASS: tfr_div
PASS: tfr_sub
PASS: timag
PASS: tdiv_2si
PASS: tatan
PASS: texp
PASS: tfma
PASS: tmul
PASS: tlog
PASS: tmul_fr
PASS: tmul_i
PASS: tmul_si
PASS: tmul_ui
PASS: tneg
PASS: tnorm
PASS: tlog10
PASS: tatanh
PASS: tmul_2si
PASS: tpow_ld
PASS: tdiv_2ui
PASS: tio_str
PASS: tpow_z
PASS: tprec
PASS: tproj
PASS: treal
PASS: treimref
PASS: tmul_2ui
PASS: tset
PASS: tpow_si
PASS: tpow_ui
PASS: tsin
PASS: tsqr
PASS: tsinh
PASS: tstrtoc
PASS: tsub
PASS: tsqrt
PASS: tsub_ui
PASS: tsub_fr
PASS: tswap
PASS: tsum
PASS: trootofunity
PASS: ttanh
PASS: tui_ui_sub
PASS: tget_version
PASS: tui_div
PASS: tdummy
PASS: ttan
PASS: texceptions
PASS: tsin_cos
PASS: tpow_d
PASS: tpow_fr
PASS: tpow
PASS: tagm
============================================================================
Testsuite summary for mpc 1.3.1
============================================================================
# TOTAL: 74
# PASS:  74
# SKIP:  0
# XFAIL: 0
# FAIL:  0
# XPASS: 0
# ERROR: 0
============================================================================
make[3]: Leaving directory '/sources/mpc-1.3.1/tests'
make[2]: Leaving directory '/sources/mpc-1.3.1/tests'
make[1]: Leaving directory '/sources/mpc-1.3.1/tests'
Making check in doc
make[1]: Entering directory '/sources/mpc-1.3.1/doc'
make[1]: Nothing to be done for 'check'.
make[1]: Leaving directory '/sources/mpc-1.3.1/doc'
Making check in tools
make[1]: Entering directory '/sources/mpc-1.3.1/tools'
Making check in bench
make[2]: Entering directory '/sources/mpc-1.3.1/tools/bench'
make[2]: Nothing to be done for 'check'.
make[2]: Leaving directory '/sources/mpc-1.3.1/tools/bench'
Making check in mpcheck
make[2]: Entering directory '/sources/mpc-1.3.1/tools/mpcheck'
make[2]: Nothing to be done for 'check'.
make[2]: Leaving directory '/sources/mpc-1.3.1/tools/mpcheck'
make[2]: Entering directory '/sources/mpc-1.3.1/tools'
make[2]: Nothing to be done for 'check-am'.
make[2]: Leaving directory '/sources/mpc-1.3.1/tools'
make[1]: Leaving directory '/sources/mpc-1.3.1/tools'
make[1]: Entering directory '/sources/mpc-1.3.1'
make[1]: Leaving directory '/sources/mpc-1.3.1'
Making install in src
make[1]: Entering directory '/sources/mpc-1.3.1/src'
make[2]: Entering directory '/sources/mpc-1.3.1/src'
make[2]: Nothing to be done for 'install-data-am'.
 /usr/bin/mkdir -p '/usr/lib'
 /bin/sh ../libtool   --mode=install /usr/bin/install -c   libmpc.la '/usr/lib'
libtool: install: /usr/bin/install -c .libs/libmpc.so.3.3.1 /usr/lib/libmpc.so.3.3.1
libtool: install: (cd /usr/lib && { ln -s -f libmpc.so.3.3.1 libmpc.so.3 || { rm -f libmpc.so.3 && ln -s libmpc.so.3.3.1 libmpc.so.3; }; })
libtool: install: (cd /usr/lib && { ln -s -f libmpc.so.3.3.1 libmpc.so || { rm -f libmpc.so && ln -s libmpc.so.3.3.1 libmpc.so; }; })
libtool: install: /usr/bin/install -c .libs/libmpc.lai /usr/lib/libmpc.la
libtool: finish: PATH="/usr/bin:/usr/sbin:/sbin" ldconfig -n /usr/lib
----------------------------------------------------------------------
Libraries have been installed in:
   /usr/lib

If you ever happen to want to link against installed libraries
in a given directory, LIBDIR, you must either use libtool, and
specify the full pathname of the library, or use the '-LLIBDIR'
flag during linking and do at least one of the following:
   - add LIBDIR to the 'LD_LIBRARY_PATH' environment variable
     during execution
   - add LIBDIR to the 'LD_RUN_PATH' environment variable
     during linking
   - use the '-Wl,-rpath -Wl,LIBDIR' linker flag
   - have your system administrator add LIBDIR to '/etc/ld.so.conf'

See any operating system documentation about shared libraries for
more information, such as the ld(1) and ld.so(8) manual pages.
----------------------------------------------------------------------
make[2]: Leaving directory '/sources/mpc-1.3.1/src'
make[1]: Leaving directory '/sources/mpc-1.3.1/src'
Making install in tests
make[1]: Entering directory '/sources/mpc-1.3.1/tests'
make[2]: Entering directory '/sources/mpc-1.3.1/tests'
make[2]: Nothing to be done for 'install-exec-am'.
make[2]: Nothing to be done for 'install-data-am'.
make[2]: Leaving directory '/sources/mpc-1.3.1/tests'
make[1]: Leaving directory '/sources/mpc-1.3.1/tests'
Making install in doc
make[1]: Entering directory '/sources/mpc-1.3.1/doc'
make[2]: Entering directory '/sources/mpc-1.3.1/doc'
make[2]: Nothing to be done for 'install-exec-am'.
 /usr/bin/mkdir -p '/usr/share/info'
 /usr/bin/install -c -m 644 ./mpc.info '/usr/share/info'
 install-info --info-dir='/usr/share/info' '/usr/share/info/mpc.info'
make[2]: Leaving directory '/sources/mpc-1.3.1/doc'
make[1]: Leaving directory '/sources/mpc-1.3.1/doc'
Making install in tools
make[1]: Entering directory '/sources/mpc-1.3.1/tools'
Making install in bench
make[2]: Entering directory '/sources/mpc-1.3.1/tools/bench'
make[3]: Entering directory '/sources/mpc-1.3.1/tools/bench'
make[3]: Nothing to be done for 'install-exec-am'.
make[3]: Nothing to be done for 'install-data-am'.
make[3]: Leaving directory '/sources/mpc-1.3.1/tools/bench'
make[2]: Leaving directory '/sources/mpc-1.3.1/tools/bench'
Making install in mpcheck
make[2]: Entering directory '/sources/mpc-1.3.1/tools/mpcheck'
make[3]: Entering directory '/sources/mpc-1.3.1/tools/mpcheck'
make[3]: Nothing to be done for 'install-exec-am'.
make[3]: Nothing to be done for 'install-data-am'.
make[3]: Leaving directory '/sources/mpc-1.3.1/tools/mpcheck'
make[2]: Leaving directory '/sources/mpc-1.3.1/tools/mpcheck'
make[2]: Entering directory '/sources/mpc-1.3.1/tools'
make[3]: Entering directory '/sources/mpc-1.3.1/tools'
make[3]: Nothing to be done for 'install-exec-am'.
make[3]: Nothing to be done for 'install-data-am'.
make[3]: Leaving directory '/sources/mpc-1.3.1/tools'
make[2]: Leaving directory '/sources/mpc-1.3.1/tools'
make[1]: Leaving directory '/sources/mpc-1.3.1/tools'
make[1]: Entering directory '/sources/mpc-1.3.1'
make[2]: Entering directory '/sources/mpc-1.3.1'
make[2]: Nothing to be done for 'install-exec-am'.
 /usr/bin/mkdir -p '/usr/include'
 /usr/bin/install -c -m 644 src/mpc.h '/usr/include'
make[2]: Leaving directory '/sources/mpc-1.3.1'
make[1]: Leaving directory '/sources/mpc-1.3.1'
Making install-html in src
make[1]: Entering directory '/sources/mpc-1.3.1/src'
make[1]: Nothing to be done for 'install-html'.
make[1]: Leaving directory '/sources/mpc-1.3.1/src'
Making install-html in tests
make[1]: Entering directory '/sources/mpc-1.3.1/tests'
make[1]: Nothing to be done for 'install-html'.
make[1]: Leaving directory '/sources/mpc-1.3.1/tests'
Making install-html in doc
make[1]: Entering directory '/sources/mpc-1.3.1/doc'
 /usr/bin/mkdir -p '/usr/share/doc/mpc-1.3.1'
 /usr/bin/mkdir -p '/usr/share/doc/mpc-1.3.1/mpc.html'
 /usr/bin/install -c -m 644 'mpc.html'/* '/usr/share/doc/mpc-1.3.1/mpc.html'
make[1]: Leaving directory '/sources/mpc-1.3.1/doc'
Making install-html in tools
make[1]: Entering directory '/sources/mpc-1.3.1/tools'
Making install-html in bench
make[2]: Entering directory '/sources/mpc-1.3.1/tools/bench'
make[2]: Nothing to be done for 'install-html'.
make[2]: Leaving directory '/sources/mpc-1.3.1/tools/bench'
Making install-html in mpcheck
make[2]: Entering directory '/sources/mpc-1.3.1/tools/mpcheck'
make[2]: Nothing to be done for 'install-html'.
make[2]: Leaving directory '/sources/mpc-1.3.1/tools/mpcheck'
make[2]: Entering directory '/sources/mpc-1.3.1/tools'
make[2]: Nothing to be done for 'install-html-am'.
make[2]: Leaving directory '/sources/mpc-1.3.1/tools'
make[1]: Leaving directory '/sources/mpc-1.3.1/tools'
make[1]: Entering directory '/sources/mpc-1.3.1'
make[1]: Nothing to be done for 'install-html-am'.
make[1]: Leaving directory '/sources/mpc-1.3.1'
