make  install-recursive
make[1]: Entering directory '/sources/sed-4.9'
Making install in po
make[2]: Entering directory '/sources/sed-4.9/po'
installing af.gmo as /usr/share/locale/af/LC_MESSAGES/sed.mo
installing ast.gmo as /usr/share/locale/ast/LC_MESSAGES/sed.mo
installing bg.gmo as /usr/share/locale/bg/LC_MESSAGES/sed.mo
installing ca.gmo as /usr/share/locale/ca/LC_MESSAGES/sed.mo
installing cs.gmo as /usr/share/locale/cs/LC_MESSAGES/sed.mo
installing da.gmo as /usr/share/locale/da/LC_MESSAGES/sed.mo
installing de.gmo as /usr/share/locale/de/LC_MESSAGES/sed.mo
installing el.gmo as /usr/share/locale/el/LC_MESSAGES/sed.mo
installing eo.gmo as /usr/share/locale/eo/LC_MESSAGES/sed.mo
installing es.gmo as /usr/share/locale/es/LC_MESSAGES/sed.mo
installing et.gmo as /usr/share/locale/et/LC_MESSAGES/sed.mo
installing eu.gmo as /usr/share/locale/eu/LC_MESSAGES/sed.mo
installing fi.gmo as /usr/share/locale/fi/LC_MESSAGES/sed.mo
installing fr.gmo as /usr/share/locale/fr/LC_MESSAGES/sed.mo
installing ga.gmo as /usr/share/locale/ga/LC_MESSAGES/sed.mo
installing gl.gmo as /usr/share/locale/gl/LC_MESSAGES/sed.mo
installing he.gmo as /usr/share/locale/he/LC_MESSAGES/sed.mo
installing hr.gmo as /usr/share/locale/hr/LC_MESSAGES/sed.mo
installing hu.gmo as /usr/share/locale/hu/LC_MESSAGES/sed.mo
installing id.gmo as /usr/share/locale/id/LC_MESSAGES/sed.mo
installing it.gmo as /usr/share/locale/it/LC_MESSAGES/sed.mo
installing ja.gmo as /usr/share/locale/ja/LC_MESSAGES/sed.mo
installing ka.gmo as /usr/share/locale/ka/LC_MESSAGES/sed.mo
installing ko.gmo as /usr/share/locale/ko/LC_MESSAGES/sed.mo
installing nb.gmo as /usr/share/locale/nb/LC_MESSAGES/sed.mo
installing nl.gmo as /usr/share/locale/nl/LC_MESSAGES/sed.mo
installing pl.gmo as /usr/share/locale/pl/LC_MESSAGES/sed.mo
installing pt.gmo as /usr/share/locale/pt/LC_MESSAGES/sed.mo
installing pt_BR.gmo as /usr/share/locale/pt_BR/LC_MESSAGES/sed.mo
installing ro.gmo as /usr/share/locale/ro/LC_MESSAGES/sed.mo
installing ru.gmo as /usr/share/locale/ru/LC_MESSAGES/sed.mo
installing sk.gmo as /usr/share/locale/sk/LC_MESSAGES/sed.mo
installing sl.gmo as /usr/share/locale/sl/LC_MESSAGES/sed.mo
installing sr.gmo as /usr/share/locale/sr/LC_MESSAGES/sed.mo
installing sv.gmo as /usr/share/locale/sv/LC_MESSAGES/sed.mo
installing tr.gmo as /usr/share/locale/tr/LC_MESSAGES/sed.mo
installing uk.gmo as /usr/share/locale/uk/LC_MESSAGES/sed.mo
installing vi.gmo as /usr/share/locale/vi/LC_MESSAGES/sed.mo
installing zh_CN.gmo as /usr/share/locale/zh_CN/LC_MESSAGES/sed.mo
installing zh_TW.gmo as /usr/share/locale/zh_TW/LC_MESSAGES/sed.mo
if test "sed" = "gettext-tools"; then \
  /usr/bin/mkdir -p /usr/share/gettext/po; \
  for file in Makefile.in.in remove-potcdate.sin quot.sed boldquot.sed en@quot.header en@boldquot.header insert-header.sin Rules-quot   Makevars.template; do \
    /usr/bin/install -c -m 644 ./$file \
		    /usr/share/gettext/po/$file; \
  done; \
  for file in Makevars; do \
    rm -f /usr/share/gettext/po/$file; \
  done; \
else \
  : ; \
fi
make[2]: Leaving directory '/sources/sed-4.9/po'
Making install in .
make[2]: Entering directory '/sources/sed-4.9'
make[3]: Entering directory '/sources/sed-4.9'
 /usr/bin/mkdir -p '/usr/bin'
 /usr/bin/mkdir -p '/usr/share/info'
 /usr/bin/mkdir -p '/usr/share/man/man1'
  /usr/bin/install -c sed/sed '/usr/bin'
 /usr/bin/install -c -m 644 ./doc/sed.info '/usr/share/info'
 /usr/bin/install -c -m 644 doc/sed.1 '/usr/share/man/man1'
 install-info --info-dir='/usr/share/info' '/usr/share/info/sed.info'
make[3]: Leaving directory '/sources/sed-4.9'
make[2]: Leaving directory '/sources/sed-4.9'
Making install in gnulib-tests
make[2]: Entering directory '/sources/sed-4.9/gnulib-tests'
make  install-recursive
make[3]: Entering directory '/sources/sed-4.9/gnulib-tests'
Making install in .
make[4]: Entering directory '/sources/sed-4.9/gnulib-tests'
make[5]: Entering directory '/sources/sed-4.9/gnulib-tests'
make[5]: Nothing to be done for 'install-exec-am'.
make[5]: Nothing to be done for 'install-data-am'.
make[5]: Leaving directory '/sources/sed-4.9/gnulib-tests'
make[4]: Leaving directory '/sources/sed-4.9/gnulib-tests'
make[3]: Leaving directory '/sources/sed-4.9/gnulib-tests'
make[2]: Leaving directory '/sources/sed-4.9/gnulib-tests'
make[1]: Leaving directory '/sources/sed-4.9'
