Making install in lib
make[1]: Entering directory '/sources/shadow-4.14.5/lib'
make[2]: Entering directory '/sources/shadow-4.14.5/lib'
make[2]: Nothing to be done for 'install-exec-am'.
make[2]: Nothing to be done for 'install-data-am'.
make[2]: Leaving directory '/sources/shadow-4.14.5/lib'
make[1]: Leaving directory '/sources/shadow-4.14.5/lib'
Making install in libsubid
make[1]: Entering directory '/sources/shadow-4.14.5/libsubid'
make[2]: Entering directory '/sources/shadow-4.14.5/libsubid'
 /usr/bin/mkdir -p '/usr/include/shadow'
 /usr/bin/mkdir -p '/usr/lib'
 /bin/sh ../libtool   --mode=install /usr/bin/install -c   libsubid.la '/usr/lib'
 /usr/bin/install -c -m 644 subid.h '/usr/include/shadow'
libtool: install: /usr/bin/install -c .libs/libsubid.so.4.0.0 /usr/lib/libsubid.so.4.0.0
libtool: install: (cd /usr/lib && { ln -s -f libsubid.so.4.0.0 libsubid.so.4 || { rm -f libsubid.so.4 && ln -s libsubid.so.4.0.0 libsubid.so.4; }; })
libtool: install: (cd /usr/lib && { ln -s -f libsubid.so.4.0.0 libsubid.so || { rm -f libsubid.so && ln -s libsubid.so.4.0.0 libsubid.so; }; })
libtool: install: /usr/bin/install -c .libs/libsubid.lai /usr/lib/libsubid.la
make[2]: Leaving directory '/sources/shadow-4.14.5/libsubid'
make[1]: Leaving directory '/sources/shadow-4.14.5/libsubid'
Making install in src
make[1]: Entering directory '/sources/shadow-4.14.5/src'
make  install-exec-am install-data-am
make[2]: Entering directory '/sources/shadow-4.14.5/src'
 /usr/bin/mkdir -p '/usr/bin'
 /usr/bin/mkdir -p '/usr/sbin'
 /usr/bin/mkdir -p '/usr/bin'
 /usr/bin/mkdir -p '/usr/sbin'
  /bin/sh ../libtool   --mode=install /usr/bin/install -c nologin '/usr/sbin'
  /bin/sh ../libtool   --mode=install /usr/bin/install -c login su getsubids '/usr/bin'
  /bin/sh ../libtool   --mode=install /usr/bin/install -c faillog chage chfn chsh expiry gpasswd newgrp passwd newgidmap newuidmap '/usr/bin'
  /bin/sh ../libtool   --mode=install /usr/bin/install -c chgpasswd chpasswd groupadd groupdel groupmems groupmod grpck grpconv grpunconv logoutd newusers pwck pwconv pwunconv useradd userdel usermod vipw '/usr/sbin'
libtool: install: /usr/bin/install -c nologin /usr/sbin/nologin
libtool: install: /usr/bin/install -c login /usr/bin/login
libtool: install: /usr/bin/install -c faillog /usr/bin/faillog
libtool: install: /usr/bin/install -c chgpasswd /usr/sbin/chgpasswd
libtool: install: /usr/bin/install -c su /usr/bin/su
libtool: install: /usr/bin/install -c chage /usr/bin/chage
libtool: install: /usr/bin/install -c chpasswd /usr/sbin/chpasswd
libtool: install: /usr/bin/install -c chfn /usr/bin/chfn
libtool: install: /usr/bin/install -c groupadd /usr/sbin/groupadd
libtool: install: /usr/bin/install -c .libs/getsubids /usr/bin/getsubids
libtool: install: /usr/bin/install -c chsh /usr/bin/chsh
libtool: install: /usr/bin/install -c groupdel /usr/sbin/groupdel
libtool: install: /usr/bin/install -c expiry /usr/bin/expiry
libtool: install: /usr/bin/install -c groupmems /usr/sbin/groupmems
libtool: install: /usr/bin/install -c gpasswd /usr/bin/gpasswd
libtool: install: /usr/bin/install -c groupmod /usr/sbin/groupmod
libtool: install: /usr/bin/install -c newgrp /usr/bin/newgrp
libtool: install: /usr/bin/install -c grpck /usr/sbin/grpck
libtool: install: /usr/bin/install -c passwd /usr/bin/passwd
libtool: install: /usr/bin/install -c grpconv /usr/sbin/grpconv
libtool: install: /usr/bin/install -c grpunconv /usr/sbin/grpunconv
libtool: install: /usr/bin/install -c newgidmap /usr/bin/newgidmap
libtool: install: /usr/bin/install -c logoutd /usr/sbin/logoutd
libtool: install: /usr/bin/install -c newuidmap /usr/bin/newuidmap
libtool: install: /usr/bin/install -c newusers /usr/sbin/newusers
libtool: install: /usr/bin/install -c pwck /usr/sbin/pwck
libtool: install: /usr/bin/install -c pwconv /usr/sbin/pwconv
libtool: install: /usr/bin/install -c pwunconv /usr/sbin/pwunconv
libtool: install: /usr/bin/install -c useradd /usr/sbin/useradd
libtool: install: /usr/bin/install -c userdel /usr/sbin/userdel
libtool: install: /usr/bin/install -c usermod /usr/sbin/usermod
libtool: install: /usr/bin/install -c vipw /usr/sbin/vipw
make[2]: Leaving directory '/sources/shadow-4.14.5/src'
ln -sf newgrp	/usr/bin/sg
ln -sf vipw	/usr/sbin/vigr
set -e; for i in su; do \
	chmod 4755 /usr/bin/$i; \
done
set -e; for i in chage chfn chsh expiry gpasswd newgrp passwd newgidmap newuidmap; do \
	chmod 4755 /usr/bin/$i; \
done
set -e; for i in ; do \
	chmod 4755 /usr/sbin/$i; \
done
make[1]: Leaving directory '/sources/shadow-4.14.5/src'
Making install in po
make[1]: Entering directory '/sources/shadow-4.14.5/po'
installing bs.gmo as /usr/share/locale/bs/LC_MESSAGES/shadow.mo
installing ca.gmo as /usr/share/locale/ca/LC_MESSAGES/shadow.mo
installing cs.gmo as /usr/share/locale/cs/LC_MESSAGES/shadow.mo
installing da.gmo as /usr/share/locale/da/LC_MESSAGES/shadow.mo
installing de.gmo as /usr/share/locale/de/LC_MESSAGES/shadow.mo
installing dz.gmo as /usr/share/locale/dz/LC_MESSAGES/shadow.mo
installing el.gmo as /usr/share/locale/el/LC_MESSAGES/shadow.mo
installing es.gmo as /usr/share/locale/es/LC_MESSAGES/shadow.mo
installing eu.gmo as /usr/share/locale/eu/LC_MESSAGES/shadow.mo
installing fi.gmo as /usr/share/locale/fi/LC_MESSAGES/shadow.mo
installing fr.gmo as /usr/share/locale/fr/LC_MESSAGES/shadow.mo
installing gl.gmo as /usr/share/locale/gl/LC_MESSAGES/shadow.mo
installing he.gmo as /usr/share/locale/he/LC_MESSAGES/shadow.mo
installing hu.gmo as /usr/share/locale/hu/LC_MESSAGES/shadow.mo
installing id.gmo as /usr/share/locale/id/LC_MESSAGES/shadow.mo
installing it.gmo as /usr/share/locale/it/LC_MESSAGES/shadow.mo
installing ja.gmo as /usr/share/locale/ja/LC_MESSAGES/shadow.mo
installing ka.gmo as /usr/share/locale/ka/LC_MESSAGES/shadow.mo
installing kk.gmo as /usr/share/locale/kk/LC_MESSAGES/shadow.mo
installing km.gmo as /usr/share/locale/km/LC_MESSAGES/shadow.mo
installing ko.gmo as /usr/share/locale/ko/LC_MESSAGES/shadow.mo
installing nb.gmo as /usr/share/locale/nb/LC_MESSAGES/shadow.mo
installing ne.gmo as /usr/share/locale/ne/LC_MESSAGES/shadow.mo
installing nl.gmo as /usr/share/locale/nl/LC_MESSAGES/shadow.mo
installing nn.gmo as /usr/share/locale/nn/LC_MESSAGES/shadow.mo
installing pl.gmo as /usr/share/locale/pl/LC_MESSAGES/shadow.mo
installing pt.gmo as /usr/share/locale/pt/LC_MESSAGES/shadow.mo
installing pt_BR.gmo as /usr/share/locale/pt_BR/LC_MESSAGES/shadow.mo
installing ro.gmo as /usr/share/locale/ro/LC_MESSAGES/shadow.mo
installing ru.gmo as /usr/share/locale/ru/LC_MESSAGES/shadow.mo
installing sk.gmo as /usr/share/locale/sk/LC_MESSAGES/shadow.mo
installing sq.gmo as /usr/share/locale/sq/LC_MESSAGES/shadow.mo
installing sv.gmo as /usr/share/locale/sv/LC_MESSAGES/shadow.mo
installing tl.gmo as /usr/share/locale/tl/LC_MESSAGES/shadow.mo
installing tr.gmo as /usr/share/locale/tr/LC_MESSAGES/shadow.mo
installing uk.gmo as /usr/share/locale/uk/LC_MESSAGES/shadow.mo
installing vi.gmo as /usr/share/locale/vi/LC_MESSAGES/shadow.mo
installing zh_CN.gmo as /usr/share/locale/zh_CN/LC_MESSAGES/shadow.mo
installing zh_TW.gmo as /usr/share/locale/zh_TW/LC_MESSAGES/shadow.mo
if test "shadow" = "gettext-tools"; then \
  /usr/bin/mkdir -p /usr/share/gettext/po; \
  for file in Makefile.in.in remove-potcdate.sin quot.sed boldquot.sed en@quot.header en@boldquot.header insert-header.sin Rules-quot   Makevars.template; do \
    /usr/bin/install -c -m 644 ./$file \
		    /usr/share/gettext/po/$file; \
  done; \
  for file in Makevars; do \
    rm -f /usr/share/gettext/po/$file; \
  done; \
else \
  : ; \
fi
make[1]: Leaving directory '/sources/shadow-4.14.5/po'
Making install in contrib
make[1]: Entering directory '/sources/shadow-4.14.5/contrib'
make[2]: Entering directory '/sources/shadow-4.14.5/contrib'
make[2]: Nothing to be done for 'install-exec-am'.
make[2]: Nothing to be done for 'install-data-am'.
make[2]: Leaving directory '/sources/shadow-4.14.5/contrib'
make[1]: Leaving directory '/sources/shadow-4.14.5/contrib'
Making install in doc
make[1]: Entering directory '/sources/shadow-4.14.5/doc'
make[2]: Entering directory '/sources/shadow-4.14.5/doc'
make[2]: Nothing to be done for 'install-exec-am'.
make[2]: Nothing to be done for 'install-data-am'.
make[2]: Leaving directory '/sources/shadow-4.14.5/doc'
make[1]: Leaving directory '/sources/shadow-4.14.5/doc'
Making install in etc
make[1]: Entering directory '/sources/shadow-4.14.5/etc'
Making install in pam.d
make[2]: Entering directory '/sources/shadow-4.14.5/etc/pam.d'
make[3]: Entering directory '/sources/shadow-4.14.5/etc/pam.d'
make[3]: Nothing to be done for 'install-exec-am'.
make[3]: Leaving directory '/sources/shadow-4.14.5/etc/pam.d'
make[2]: Leaving directory '/sources/shadow-4.14.5/etc/pam.d'
Making install in shadow-maint
make[2]: Entering directory '/sources/shadow-4.14.5/etc/shadow-maint'
make[3]: Entering directory '/sources/shadow-4.14.5/etc/shadow-maint'
make[3]: Nothing to be done for 'install-exec-am'.
make[3]: Nothing to be done for 'install-data-am'.
make[3]: Leaving directory '/sources/shadow-4.14.5/etc/shadow-maint'
make[2]: Leaving directory '/sources/shadow-4.14.5/etc/shadow-maint'
make[2]: Entering directory '/sources/shadow-4.14.5/etc'
make[3]: Entering directory '/sources/shadow-4.14.5/etc'
 /usr/bin/mkdir -p '/etc'
 /usr/bin/mkdir -p '/etc'
 /usr/bin/install -c -m 644 login.defs '/etc'
 /usr/bin/install -c -m 644 limits login.access '/etc'
make[3]: Leaving directory '/sources/shadow-4.14.5/etc'
make[2]: Leaving directory '/sources/shadow-4.14.5/etc'
make[1]: Leaving directory '/sources/shadow-4.14.5/etc'
make[1]: Entering directory '/sources/shadow-4.14.5'
make[2]: Entering directory '/sources/shadow-4.14.5'
make[2]: Nothing to be done for 'install-exec-am'.
make[2]: Nothing to be done for 'install-data-am'.
make[2]: Leaving directory '/sources/shadow-4.14.5'
make[1]: Leaving directory '/sources/shadow-4.14.5'
