gcc -c -I"." -I/sources/tcl8.6.13/unix -I/sources/tcl8.6.13/generic -I/sources/tcl8.6.13/libtommath -O2  -pipe  -Wall -Wpointer-arith -fPIC -DBUILD_tcl -DPACKAGE_NAME=\"tcl\" -DPACKAGE_TARNAME=\"tcl\" -DPACKAGE_VERSION=\"8.6\" -DPACKAGE_STRING=\"tcl\ 8.6\" -DPACKAGE_BUGREPORT=\"\" -DSTDC_HEADERS=1 -DHAVE_SYS_TYPES_H=1 -DHAVE_SYS_STAT_H=1 -DHAVE_STDLIB_H=1 -DHAVE_STRING_H=1 -DHAVE_MEMORY_H=1 -DHAVE_STRINGS_H=1 -DHAVE_INTTYPES_H=1 -DHAVE_STDINT_H=1 -DHAVE_UNISTD_H=1 -DHAVE_SYS_PARAM_H=1 -DUSE_THREAD_ALLOC=1 -D_REENTRANT=1 -D_THREAD_SAFE=1 -DHAVE_PTHREAD_ATTR_SETSTACKSIZE=1 -DHAVE_PTHREAD_ATFORK=1 -DTCL_THREADS=1 -DTCL_CFGVAL_ENCODING=\"iso8859-1\" -DHAVE_ZLIB=1 -DMODULE_SCOPE=extern\ __attribute__\(\(__visibility__\(\"hidden\"\)\)\) -DHAVE_HIDDEN=1 -DHAVE_CAST_TO_UNION=1 -DTCL_SHLIB_EXT=\".so\" -DNDEBUG=1 -DTCL_CFG_OPTIMIZED=1 -DTCL_TOMMATH=1 -DMP_PREC=4 -D_LARGEFILE64_SOURCE=1 -DTCL_WIDE_INT_IS_LONG=1 -DHAVE_GETCWD=1 -DHAVE_MKSTEMP=1 -DHAVE_OPENDIR=1 -DHAVE_STRTOL=1 -DHAVE_WAITPID=1 -DHAVE_GETNAMEINFO=1 -DHAVE_GETADDRINFO=1 -DHAVE_FREEADDRINFO=1 -DHAVE_GAI_STRERROR=1 -DHAVE_STRUCT_ADDRINFO=1 -DHAVE_STRUCT_IN6_ADDR=1 -DHAVE_STRUCT_SOCKADDR_IN6=1 -DHAVE_STRUCT_SOCKADDR_STORAGE=1 -DHAVE_GETPWUID_R_5=1 -DHAVE_GETPWUID_R=1 -DHAVE_GETPWNAM_R_5=1 -DHAVE_GETPWNAM_R=1 -DHAVE_GETGRGID_R_5=1 -DHAVE_GETGRGID_R=1 -DHAVE_GETGRNAM_R_5=1 -DHAVE_GETGRNAM_R=1 -DHAVE_DECL_GETHOSTBYNAME_R=1 -DHAVE_GETHOSTBYNAME_R_6=1 -DHAVE_GETHOSTBYNAME_R=1 -DHAVE_DECL_GETHOSTBYADDR_R=1 -DHAVE_GETHOSTBYADDR_R_8=1 -DHAVE_GETHOSTBYADDR_R=1 -DHAVE_TERMIOS_H=1 -DHAVE_SYS_IOCTL_H=1 -DHAVE_SYS_TIME_H=1 -DTIME_WITH_SYS_TIME=1 -DHAVE_GMTIME_R=1 -DHAVE_LOCALTIME_R=1 -DHAVE_MKTIME=1 -DHAVE_TM_GMTOFF=1 -DHAVE_TIMEZONE_VAR=1 -DHAVE_STRUCT_STAT_ST_BLOCKS=1 -DHAVE_STRUCT_STAT_ST_BLKSIZE=1 -DHAVE_BLKCNT_T=1 -DHAVE_INTPTR_T=1 -DHAVE_UINTPTR_T=1 -DNO_UNION_WAIT=1 -DHAVE_SIGNED_CHAR=1 -DHAVE_LANGINFO=1 -DHAVE_MKSTEMPS=1 -DHAVE_FTS=1 -DHAVE_SYS_IOCTL_H=1 -DTCL_UNLOAD_DLLS=1 -DHAVE_CPUID=1      -DMP_FIXED_CUTOFFS -DMP_NO_STDINT -DTCL_LIBRARY="\"/usr/lib/tcl8.6\"" -DTCL_PACKAGE_PATH="\"{/usr/lib} \"" /sources/tcl8.6.13/unix/tclUnixInit.c
gcc -c -I"." -I/sources/tcl8.6.13/unix -I/sources/tcl8.6.13/generic -I/sources/tcl8.6.13/libtommath -O2  -pipe  -Wall -Wpointer-arith -fPIC -DBUILD_tcl -DPACKAGE_NAME=\"tcl\" -DPACKAGE_TARNAME=\"tcl\" -DPACKAGE_VERSION=\"8.6\" -DPACKAGE_STRING=\"tcl\ 8.6\" -DPACKAGE_BUGREPORT=\"\" -DSTDC_HEADERS=1 -DHAVE_SYS_TYPES_H=1 -DHAVE_SYS_STAT_H=1 -DHAVE_STDLIB_H=1 -DHAVE_STRING_H=1 -DHAVE_MEMORY_H=1 -DHAVE_STRINGS_H=1 -DHAVE_INTTYPES_H=1 -DHAVE_STDINT_H=1 -DHAVE_UNISTD_H=1 -DHAVE_SYS_PARAM_H=1 -DUSE_THREAD_ALLOC=1 -D_REENTRANT=1 -D_THREAD_SAFE=1 -DHAVE_PTHREAD_ATTR_SETSTACKSIZE=1 -DHAVE_PTHREAD_ATFORK=1 -DTCL_THREADS=1 -DTCL_CFGVAL_ENCODING=\"iso8859-1\" -DHAVE_ZLIB=1 -DMODULE_SCOPE=extern\ __attribute__\(\(__visibility__\(\"hidden\"\)\)\) -DHAVE_HIDDEN=1 -DHAVE_CAST_TO_UNION=1 -DTCL_SHLIB_EXT=\".so\" -DNDEBUG=1 -DTCL_CFG_OPTIMIZED=1 -DTCL_TOMMATH=1 -DMP_PREC=4 -D_LARGEFILE64_SOURCE=1 -DTCL_WIDE_INT_IS_LONG=1 -DHAVE_GETCWD=1 -DHAVE_MKSTEMP=1 -DHAVE_OPENDIR=1 -DHAVE_STRTOL=1 -DHAVE_WAITPID=1 -DHAVE_GETNAMEINFO=1 -DHAVE_GETADDRINFO=1 -DHAVE_FREEADDRINFO=1 -DHAVE_GAI_STRERROR=1 -DHAVE_STRUCT_ADDRINFO=1 -DHAVE_STRUCT_IN6_ADDR=1 -DHAVE_STRUCT_SOCKADDR_IN6=1 -DHAVE_STRUCT_SOCKADDR_STORAGE=1 -DHAVE_GETPWUID_R_5=1 -DHAVE_GETPWUID_R=1 -DHAVE_GETPWNAM_R_5=1 -DHAVE_GETPWNAM_R=1 -DHAVE_GETGRGID_R_5=1 -DHAVE_GETGRGID_R=1 -DHAVE_GETGRNAM_R_5=1 -DHAVE_GETGRNAM_R=1 -DHAVE_DECL_GETHOSTBYNAME_R=1 -DHAVE_GETHOSTBYNAME_R_6=1 -DHAVE_GETHOSTBYNAME_R=1 -DHAVE_DECL_GETHOSTBYADDR_R=1 -DHAVE_GETHOSTBYADDR_R_8=1 -DHAVE_GETHOSTBYADDR_R=1 -DHAVE_TERMIOS_H=1 -DHAVE_SYS_IOCTL_H=1 -DHAVE_SYS_TIME_H=1 -DTIME_WITH_SYS_TIME=1 -DHAVE_GMTIME_R=1 -DHAVE_LOCALTIME_R=1 -DHAVE_MKTIME=1 -DHAVE_TM_GMTOFF=1 -DHAVE_TIMEZONE_VAR=1 -DHAVE_STRUCT_STAT_ST_BLOCKS=1 -DHAVE_STRUCT_STAT_ST_BLKSIZE=1 -DHAVE_BLKCNT_T=1 -DHAVE_INTPTR_T=1 -DHAVE_UINTPTR_T=1 -DNO_UNION_WAIT=1 -DHAVE_SIGNED_CHAR=1 -DHAVE_LANGINFO=1 -DHAVE_MKSTEMPS=1 -DHAVE_FTS=1 -DHAVE_SYS_IOCTL_H=1 -DTCL_UNLOAD_DLLS=1 -DHAVE_CPUID=1      -DMP_FIXED_CUTOFFS -DMP_NO_STDINT  /sources/tcl8.6.13/generic/tclTest.c
gcc -c -I"." -I/sources/tcl8.6.13/unix -I/sources/tcl8.6.13/generic -I/sources/tcl8.6.13/libtommath -O2  -pipe  -Wall -Wpointer-arith -fPIC -DBUILD_tcl -DPACKAGE_NAME=\"tcl\" -DPACKAGE_TARNAME=\"tcl\" -DPACKAGE_VERSION=\"8.6\" -DPACKAGE_STRING=\"tcl\ 8.6\" -DPACKAGE_BUGREPORT=\"\" -DSTDC_HEADERS=1 -DHAVE_SYS_TYPES_H=1 -DHAVE_SYS_STAT_H=1 -DHAVE_STDLIB_H=1 -DHAVE_STRING_H=1 -DHAVE_MEMORY_H=1 -DHAVE_STRINGS_H=1 -DHAVE_INTTYPES_H=1 -DHAVE_STDINT_H=1 -DHAVE_UNISTD_H=1 -DHAVE_SYS_PARAM_H=1 -DUSE_THREAD_ALLOC=1 -D_REENTRANT=1 -D_THREAD_SAFE=1 -DHAVE_PTHREAD_ATTR_SETSTACKSIZE=1 -DHAVE_PTHREAD_ATFORK=1 -DTCL_THREADS=1 -DTCL_CFGVAL_ENCODING=\"iso8859-1\" -DHAVE_ZLIB=1 -DMODULE_SCOPE=extern\ __attribute__\(\(__visibility__\(\"hidden\"\)\)\) -DHAVE_HIDDEN=1 -DHAVE_CAST_TO_UNION=1 -DTCL_SHLIB_EXT=\".so\" -DNDEBUG=1 -DTCL_CFG_OPTIMIZED=1 -DTCL_TOMMATH=1 -DMP_PREC=4 -D_LARGEFILE64_SOURCE=1 -DTCL_WIDE_INT_IS_LONG=1 -DHAVE_GETCWD=1 -DHAVE_MKSTEMP=1 -DHAVE_OPENDIR=1 -DHAVE_STRTOL=1 -DHAVE_WAITPID=1 -DHAVE_GETNAMEINFO=1 -DHAVE_GETADDRINFO=1 -DHAVE_FREEADDRINFO=1 -DHAVE_GAI_STRERROR=1 -DHAVE_STRUCT_ADDRINFO=1 -DHAVE_STRUCT_IN6_ADDR=1 -DHAVE_STRUCT_SOCKADDR_IN6=1 -DHAVE_STRUCT_SOCKADDR_STORAGE=1 -DHAVE_GETPWUID_R_5=1 -DHAVE_GETPWUID_R=1 -DHAVE_GETPWNAM_R_5=1 -DHAVE_GETPWNAM_R=1 -DHAVE_GETGRGID_R_5=1 -DHAVE_GETGRGID_R=1 -DHAVE_GETGRNAM_R_5=1 -DHAVE_GETGRNAM_R=1 -DHAVE_DECL_GETHOSTBYNAME_R=1 -DHAVE_GETHOSTBYNAME_R_6=1 -DHAVE_GETHOSTBYNAME_R=1 -DHAVE_DECL_GETHOSTBYADDR_R=1 -DHAVE_GETHOSTBYADDR_R_8=1 -DHAVE_GETHOSTBYADDR_R=1 -DHAVE_TERMIOS_H=1 -DHAVE_SYS_IOCTL_H=1 -DHAVE_SYS_TIME_H=1 -DTIME_WITH_SYS_TIME=1 -DHAVE_GMTIME_R=1 -DHAVE_LOCALTIME_R=1 -DHAVE_MKTIME=1 -DHAVE_TM_GMTOFF=1 -DHAVE_TIMEZONE_VAR=1 -DHAVE_STRUCT_STAT_ST_BLOCKS=1 -DHAVE_STRUCT_STAT_ST_BLKSIZE=1 -DHAVE_BLKCNT_T=1 -DHAVE_INTPTR_T=1 -DHAVE_UINTPTR_T=1 -DNO_UNION_WAIT=1 -DHAVE_SIGNED_CHAR=1 -DHAVE_LANGINFO=1 -DHAVE_MKSTEMPS=1 -DHAVE_FTS=1 -DHAVE_SYS_IOCTL_H=1 -DTCL_UNLOAD_DLLS=1 -DHAVE_CPUID=1      -DMP_FIXED_CUTOFFS -DMP_NO_STDINT  /sources/tcl8.6.13/generic/tclTestObj.c
gcc -c -I"." -I/sources/tcl8.6.13/unix -I/sources/tcl8.6.13/generic -I/sources/tcl8.6.13/libtommath -O2  -pipe  -Wall -Wpointer-arith -fPIC -DBUILD_tcl -DPACKAGE_NAME=\"tcl\" -DPACKAGE_TARNAME=\"tcl\" -DPACKAGE_VERSION=\"8.6\" -DPACKAGE_STRING=\"tcl\ 8.6\" -DPACKAGE_BUGREPORT=\"\" -DSTDC_HEADERS=1 -DHAVE_SYS_TYPES_H=1 -DHAVE_SYS_STAT_H=1 -DHAVE_STDLIB_H=1 -DHAVE_STRING_H=1 -DHAVE_MEMORY_H=1 -DHAVE_STRINGS_H=1 -DHAVE_INTTYPES_H=1 -DHAVE_STDINT_H=1 -DHAVE_UNISTD_H=1 -DHAVE_SYS_PARAM_H=1 -DUSE_THREAD_ALLOC=1 -D_REENTRANT=1 -D_THREAD_SAFE=1 -DHAVE_PTHREAD_ATTR_SETSTACKSIZE=1 -DHAVE_PTHREAD_ATFORK=1 -DTCL_THREADS=1 -DTCL_CFGVAL_ENCODING=\"iso8859-1\" -DHAVE_ZLIB=1 -DMODULE_SCOPE=extern\ __attribute__\(\(__visibility__\(\"hidden\"\)\)\) -DHAVE_HIDDEN=1 -DHAVE_CAST_TO_UNION=1 -DTCL_SHLIB_EXT=\".so\" -DNDEBUG=1 -DTCL_CFG_OPTIMIZED=1 -DTCL_TOMMATH=1 -DMP_PREC=4 -D_LARGEFILE64_SOURCE=1 -DTCL_WIDE_INT_IS_LONG=1 -DHAVE_GETCWD=1 -DHAVE_MKSTEMP=1 -DHAVE_OPENDIR=1 -DHAVE_STRTOL=1 -DHAVE_WAITPID=1 -DHAVE_GETNAMEINFO=1 -DHAVE_GETADDRINFO=1 -DHAVE_FREEADDRINFO=1 -DHAVE_GAI_STRERROR=1 -DHAVE_STRUCT_ADDRINFO=1 -DHAVE_STRUCT_IN6_ADDR=1 -DHAVE_STRUCT_SOCKADDR_IN6=1 -DHAVE_STRUCT_SOCKADDR_STORAGE=1 -DHAVE_GETPWUID_R_5=1 -DHAVE_GETPWUID_R=1 -DHAVE_GETPWNAM_R_5=1 -DHAVE_GETPWNAM_R=1 -DHAVE_GETGRGID_R_5=1 -DHAVE_GETGRGID_R=1 -DHAVE_GETGRNAM_R_5=1 -DHAVE_GETGRNAM_R=1 -DHAVE_DECL_GETHOSTBYNAME_R=1 -DHAVE_GETHOSTBYNAME_R_6=1 -DHAVE_GETHOSTBYNAME_R=1 -DHAVE_DECL_GETHOSTBYADDR_R=1 -DHAVE_GETHOSTBYADDR_R_8=1 -DHAVE_GETHOSTBYADDR_R=1 -DHAVE_TERMIOS_H=1 -DHAVE_SYS_IOCTL_H=1 -DHAVE_SYS_TIME_H=1 -DTIME_WITH_SYS_TIME=1 -DHAVE_GMTIME_R=1 -DHAVE_LOCALTIME_R=1 -DHAVE_MKTIME=1 -DHAVE_TM_GMTOFF=1 -DHAVE_TIMEZONE_VAR=1 -DHAVE_STRUCT_STAT_ST_BLOCKS=1 -DHAVE_STRUCT_STAT_ST_BLKSIZE=1 -DHAVE_BLKCNT_T=1 -DHAVE_INTPTR_T=1 -DHAVE_UINTPTR_T=1 -DNO_UNION_WAIT=1 -DHAVE_SIGNED_CHAR=1 -DHAVE_LANGINFO=1 -DHAVE_MKSTEMPS=1 -DHAVE_FTS=1 -DHAVE_SYS_IOCTL_H=1 -DTCL_UNLOAD_DLLS=1 -DHAVE_CPUID=1      -DMP_FIXED_CUTOFFS -DMP_NO_STDINT  /sources/tcl8.6.13/generic/tclTestProcBodyObj.c
gcc -c -I"." -I/sources/tcl8.6.13/unix -I/sources/tcl8.6.13/generic -I/sources/tcl8.6.13/libtommath -O2  -pipe  -Wall -Wpointer-arith -fPIC -DBUILD_tcl -DPACKAGE_NAME=\"tcl\" -DPACKAGE_TARNAME=\"tcl\" -DPACKAGE_VERSION=\"8.6\" -DPACKAGE_STRING=\"tcl\ 8.6\" -DPACKAGE_BUGREPORT=\"\" -DSTDC_HEADERS=1 -DHAVE_SYS_TYPES_H=1 -DHAVE_SYS_STAT_H=1 -DHAVE_STDLIB_H=1 -DHAVE_STRING_H=1 -DHAVE_MEMORY_H=1 -DHAVE_STRINGS_H=1 -DHAVE_INTTYPES_H=1 -DHAVE_STDINT_H=1 -DHAVE_UNISTD_H=1 -DHAVE_SYS_PARAM_H=1 -DUSE_THREAD_ALLOC=1 -D_REENTRANT=1 -D_THREAD_SAFE=1 -DHAVE_PTHREAD_ATTR_SETSTACKSIZE=1 -DHAVE_PTHREAD_ATFORK=1 -DTCL_THREADS=1 -DTCL_CFGVAL_ENCODING=\"iso8859-1\" -DHAVE_ZLIB=1 -DMODULE_SCOPE=extern\ __attribute__\(\(__visibility__\(\"hidden\"\)\)\) -DHAVE_HIDDEN=1 -DHAVE_CAST_TO_UNION=1 -DTCL_SHLIB_EXT=\".so\" -DNDEBUG=1 -DTCL_CFG_OPTIMIZED=1 -DTCL_TOMMATH=1 -DMP_PREC=4 -D_LARGEFILE64_SOURCE=1 -DTCL_WIDE_INT_IS_LONG=1 -DHAVE_GETCWD=1 -DHAVE_MKSTEMP=1 -DHAVE_OPENDIR=1 -DHAVE_STRTOL=1 -DHAVE_WAITPID=1 -DHAVE_GETNAMEINFO=1 -DHAVE_GETADDRINFO=1 -DHAVE_FREEADDRINFO=1 -DHAVE_GAI_STRERROR=1 -DHAVE_STRUCT_ADDRINFO=1 -DHAVE_STRUCT_IN6_ADDR=1 -DHAVE_STRUCT_SOCKADDR_IN6=1 -DHAVE_STRUCT_SOCKADDR_STORAGE=1 -DHAVE_GETPWUID_R_5=1 -DHAVE_GETPWUID_R=1 -DHAVE_GETPWNAM_R_5=1 -DHAVE_GETPWNAM_R=1 -DHAVE_GETGRGID_R_5=1 -DHAVE_GETGRGID_R=1 -DHAVE_GETGRNAM_R_5=1 -DHAVE_GETGRNAM_R=1 -DHAVE_DECL_GETHOSTBYNAME_R=1 -DHAVE_GETHOSTBYNAME_R_6=1 -DHAVE_GETHOSTBYNAME_R=1 -DHAVE_DECL_GETHOSTBYADDR_R=1 -DHAVE_GETHOSTBYADDR_R_8=1 -DHAVE_GETHOSTBYADDR_R=1 -DHAVE_TERMIOS_H=1 -DHAVE_SYS_IOCTL_H=1 -DHAVE_SYS_TIME_H=1 -DTIME_WITH_SYS_TIME=1 -DHAVE_GMTIME_R=1 -DHAVE_LOCALTIME_R=1 -DHAVE_MKTIME=1 -DHAVE_TM_GMTOFF=1 -DHAVE_TIMEZONE_VAR=1 -DHAVE_STRUCT_STAT_ST_BLOCKS=1 -DHAVE_STRUCT_STAT_ST_BLKSIZE=1 -DHAVE_BLKCNT_T=1 -DHAVE_INTPTR_T=1 -DHAVE_UINTPTR_T=1 -DNO_UNION_WAIT=1 -DHAVE_SIGNED_CHAR=1 -DHAVE_LANGINFO=1 -DHAVE_MKSTEMPS=1 -DHAVE_FTS=1 -DHAVE_SYS_IOCTL_H=1 -DTCL_UNLOAD_DLLS=1 -DHAVE_CPUID=1      -DMP_FIXED_CUTOFFS -DMP_NO_STDINT  /sources/tcl8.6.13/generic/tclThreadTest.c
gcc -c -I"." -I/sources/tcl8.6.13/unix -I/sources/tcl8.6.13/generic -I/sources/tcl8.6.13/libtommath -O2  -pipe  -Wall -Wpointer-arith -fPIC -DBUILD_tcl -DPACKAGE_NAME=\"tcl\" -DPACKAGE_TARNAME=\"tcl\" -DPACKAGE_VERSION=\"8.6\" -DPACKAGE_STRING=\"tcl\ 8.6\" -DPACKAGE_BUGREPORT=\"\" -DSTDC_HEADERS=1 -DHAVE_SYS_TYPES_H=1 -DHAVE_SYS_STAT_H=1 -DHAVE_STDLIB_H=1 -DHAVE_STRING_H=1 -DHAVE_MEMORY_H=1 -DHAVE_STRINGS_H=1 -DHAVE_INTTYPES_H=1 -DHAVE_STDINT_H=1 -DHAVE_UNISTD_H=1 -DHAVE_SYS_PARAM_H=1 -DUSE_THREAD_ALLOC=1 -D_REENTRANT=1 -D_THREAD_SAFE=1 -DHAVE_PTHREAD_ATTR_SETSTACKSIZE=1 -DHAVE_PTHREAD_ATFORK=1 -DTCL_THREADS=1 -DTCL_CFGVAL_ENCODING=\"iso8859-1\" -DHAVE_ZLIB=1 -DMODULE_SCOPE=extern\ __attribute__\(\(__visibility__\(\"hidden\"\)\)\) -DHAVE_HIDDEN=1 -DHAVE_CAST_TO_UNION=1 -DTCL_SHLIB_EXT=\".so\" -DNDEBUG=1 -DTCL_CFG_OPTIMIZED=1 -DTCL_TOMMATH=1 -DMP_PREC=4 -D_LARGEFILE64_SOURCE=1 -DTCL_WIDE_INT_IS_LONG=1 -DHAVE_GETCWD=1 -DHAVE_MKSTEMP=1 -DHAVE_OPENDIR=1 -DHAVE_STRTOL=1 -DHAVE_WAITPID=1 -DHAVE_GETNAMEINFO=1 -DHAVE_GETADDRINFO=1 -DHAVE_FREEADDRINFO=1 -DHAVE_GAI_STRERROR=1 -DHAVE_STRUCT_ADDRINFO=1 -DHAVE_STRUCT_IN6_ADDR=1 -DHAVE_STRUCT_SOCKADDR_IN6=1 -DHAVE_STRUCT_SOCKADDR_STORAGE=1 -DHAVE_GETPWUID_R_5=1 -DHAVE_GETPWUID_R=1 -DHAVE_GETPWNAM_R_5=1 -DHAVE_GETPWNAM_R=1 -DHAVE_GETGRGID_R_5=1 -DHAVE_GETGRGID_R=1 -DHAVE_GETGRNAM_R_5=1 -DHAVE_GETGRNAM_R=1 -DHAVE_DECL_GETHOSTBYNAME_R=1 -DHAVE_GETHOSTBYNAME_R_6=1 -DHAVE_GETHOSTBYNAME_R=1 -DHAVE_DECL_GETHOSTBYADDR_R=1 -DHAVE_GETHOSTBYADDR_R_8=1 -DHAVE_GETHOSTBYADDR_R=1 -DHAVE_TERMIOS_H=1 -DHAVE_SYS_IOCTL_H=1 -DHAVE_SYS_TIME_H=1 -DTIME_WITH_SYS_TIME=1 -DHAVE_GMTIME_R=1 -DHAVE_LOCALTIME_R=1 -DHAVE_MKTIME=1 -DHAVE_TM_GMTOFF=1 -DHAVE_TIMEZONE_VAR=1 -DHAVE_STRUCT_STAT_ST_BLOCKS=1 -DHAVE_STRUCT_STAT_ST_BLKSIZE=1 -DHAVE_BLKCNT_T=1 -DHAVE_INTPTR_T=1 -DHAVE_UINTPTR_T=1 -DNO_UNION_WAIT=1 -DHAVE_SIGNED_CHAR=1 -DHAVE_LANGINFO=1 -DHAVE_MKSTEMPS=1 -DHAVE_FTS=1 -DHAVE_SYS_IOCTL_H=1 -DTCL_UNLOAD_DLLS=1 -DHAVE_CPUID=1      -DMP_FIXED_CUTOFFS -DMP_NO_STDINT  /sources/tcl8.6.13/unix/tclUnixTest.c
cd dltest ; make
make[1]: Entering directory '/sources/tcl8.6.13/unix/dltest'
gcc -c -O2  -pipe  -I/sources/tcl8.6.13/unix/dltest/../../generic -DTCL_MEM_DEBUG -fPIC -DUSE_TCL_STUBS -DPACKAGE_NAME=\"tcl\" -DPACKAGE_TARNAME=\"tcl\" -DPACKAGE_VERSION=\"8.6\" -DPACKAGE_STRING=\"tcl\ 8.6\" -DPACKAGE_BUGREPORT=\"\" -DSTDC_HEADERS=1 -DHAVE_SYS_TYPES_H=1 -DHAVE_SYS_STAT_H=1 -DHAVE_STDLIB_H=1 -DHAVE_STRING_H=1 -DHAVE_MEMORY_H=1 -DHAVE_STRINGS_H=1 -DHAVE_INTTYPES_H=1 -DHAVE_STDINT_H=1 -DHAVE_UNISTD_H=1 -DHAVE_SYS_PARAM_H=1 -DUSE_THREAD_ALLOC=1 -D_REENTRANT=1 -D_THREAD_SAFE=1 -DHAVE_PTHREAD_ATTR_SETSTACKSIZE=1 -DHAVE_PTHREAD_ATFORK=1 -DTCL_THREADS=1 -DTCL_CFGVAL_ENCODING=\"iso8859-1\" -DHAVE_ZLIB=1 -DMODULE_SCOPE=extern\ __attribute__\(\(__visibility__\(\"hidden\"\)\)\) -DHAVE_HIDDEN=1 -DHAVE_CAST_TO_UNION=1 -DTCL_SHLIB_EXT=\".so\" -DNDEBUG=1 -DTCL_CFG_OPTIMIZED=1 -DTCL_TOMMATH=1 -DMP_PREC=4 -D_LARGEFILE64_SOURCE=1 -DTCL_WIDE_INT_IS_LONG=1 -DHAVE_GETCWD=1 -DHAVE_MKSTEMP=1 -DHAVE_OPENDIR=1 -DHAVE_STRTOL=1 -DHAVE_WAITPID=1 -DHAVE_GETNAMEINFO=1 -DHAVE_GETADDRINFO=1 -DHAVE_FREEADDRINFO=1 -DHAVE_GAI_STRERROR=1 -DHAVE_STRUCT_ADDRINFO=1 -DHAVE_STRUCT_IN6_ADDR=1 -DHAVE_STRUCT_SOCKADDR_IN6=1 -DHAVE_STRUCT_SOCKADDR_STORAGE=1 -DHAVE_GETPWUID_R_5=1 -DHAVE_GETPWUID_R=1 -DHAVE_GETPWNAM_R_5=1 -DHAVE_GETPWNAM_R=1 -DHAVE_GETGRGID_R_5=1 -DHAVE_GETGRGID_R=1 -DHAVE_GETGRNAM_R_5=1 -DHAVE_GETGRNAM_R=1 -DHAVE_DECL_GETHOSTBYNAME_R=1 -DHAVE_GETHOSTBYNAME_R_6=1 -DHAVE_GETHOSTBYNAME_R=1 -DHAVE_DECL_GETHOSTBYADDR_R=1 -DHAVE_GETHOSTBYADDR_R_8=1 -DHAVE_GETHOSTBYADDR_R=1 -DHAVE_TERMIOS_H=1 -DHAVE_SYS_IOCTL_H=1 -DHAVE_SYS_TIME_H=1 -DTIME_WITH_SYS_TIME=1 -DHAVE_GMTIME_R=1 -DHAVE_LOCALTIME_R=1 -DHAVE_MKTIME=1 -DHAVE_TM_GMTOFF=1 -DHAVE_TIMEZONE_VAR=1 -DHAVE_STRUCT_STAT_ST_BLOCKS=1 -DHAVE_STRUCT_STAT_ST_BLKSIZE=1 -DHAVE_BLKCNT_T=1 -DHAVE_INTPTR_T=1 -DHAVE_UINTPTR_T=1 -DNO_UNION_WAIT=1 -DHAVE_SIGNED_CHAR=1 -DHAVE_LANGINFO=1 -DHAVE_MKSTEMPS=1 -DHAVE_FTS=1 -DHAVE_SYS_IOCTL_H=1 -DTCL_UNLOAD_DLLS=1 -DHAVE_CPUID=1  /sources/tcl8.6.13/unix/dltest/pkga.c
Configuring package 'itcl4.2.3'
Configuring package 'sqlite3.40.0'
Configuring package 'tdbc1.1.5'
Configuring package 'tdbcmysql1.1.5'
Configuring package 'tdbcodbc1.1.5'
Configuring package 'tdbcpostgres1.1.5'
Configuring package 'tdbcsqlite3-1.1.5'
Configuring package 'thread2.8.8'
gcc -c -O2  -pipe  -I/sources/tcl8.6.13/unix/dltest/../../generic -DTCL_MEM_DEBUG -fPIC -DUSE_TCL_STUBS -DPACKAGE_NAME=\"tcl\" -DPACKAGE_TARNAME=\"tcl\" -DPACKAGE_VERSION=\"8.6\" -DPACKAGE_STRING=\"tcl\ 8.6\" -DPACKAGE_BUGREPORT=\"\" -DSTDC_HEADERS=1 -DHAVE_SYS_TYPES_H=1 -DHAVE_SYS_STAT_H=1 -DHAVE_STDLIB_H=1 -DHAVE_STRING_H=1 -DHAVE_MEMORY_H=1 -DHAVE_STRINGS_H=1 -DHAVE_INTTYPES_H=1 -DHAVE_STDINT_H=1 -DHAVE_UNISTD_H=1 -DHAVE_SYS_PARAM_H=1 -DUSE_THREAD_ALLOC=1 -D_REENTRANT=1 -D_THREAD_SAFE=1 -DHAVE_PTHREAD_ATTR_SETSTACKSIZE=1 -DHAVE_PTHREAD_ATFORK=1 -DTCL_THREADS=1 -DTCL_CFGVAL_ENCODING=\"iso8859-1\" -DHAVE_ZLIB=1 -DMODULE_SCOPE=extern\ __attribute__\(\(__visibility__\(\"hidden\"\)\)\) -DHAVE_HIDDEN=1 -DHAVE_CAST_TO_UNION=1 -DTCL_SHLIB_EXT=\".so\" -DNDEBUG=1 -DTCL_CFG_OPTIMIZED=1 -DTCL_TOMMATH=1 -DMP_PREC=4 -D_LARGEFILE64_SOURCE=1 -DTCL_WIDE_INT_IS_LONG=1 -DHAVE_GETCWD=1 -DHAVE_MKSTEMP=1 -DHAVE_OPENDIR=1 -DHAVE_STRTOL=1 -DHAVE_WAITPID=1 -DHAVE_GETNAMEINFO=1 -DHAVE_GETADDRINFO=1 -DHAVE_FREEADDRINFO=1 -DHAVE_GAI_STRERROR=1 -DHAVE_STRUCT_ADDRINFO=1 -DHAVE_STRUCT_IN6_ADDR=1 -DHAVE_STRUCT_SOCKADDR_IN6=1 -DHAVE_STRUCT_SOCKADDR_STORAGE=1 -DHAVE_GETPWUID_R_5=1 -DHAVE_GETPWUID_R=1 -DHAVE_GETPWNAM_R_5=1 -DHAVE_GETPWNAM_R=1 -DHAVE_GETGRGID_R_5=1 -DHAVE_GETGRGID_R=1 -DHAVE_GETGRNAM_R_5=1 -DHAVE_GETGRNAM_R=1 -DHAVE_DECL_GETHOSTBYNAME_R=1 -DHAVE_GETHOSTBYNAME_R_6=1 -DHAVE_GETHOSTBYNAME_R=1 -DHAVE_DECL_GETHOSTBYADDR_R=1 -DHAVE_GETHOSTBYADDR_R_8=1 -DHAVE_GETHOSTBYADDR_R=1 -DHAVE_TERMIOS_H=1 -DHAVE_SYS_IOCTL_H=1 -DHAVE_SYS_TIME_H=1 -DTIME_WITH_SYS_TIME=1 -DHAVE_GMTIME_R=1 -DHAVE_LOCALTIME_R=1 -DHAVE_MKTIME=1 -DHAVE_TM_GMTOFF=1 -DHAVE_TIMEZONE_VAR=1 -DHAVE_STRUCT_STAT_ST_BLOCKS=1 -DHAVE_STRUCT_STAT_ST_BLKSIZE=1 -DHAVE_BLKCNT_T=1 -DHAVE_INTPTR_T=1 -DHAVE_UINTPTR_T=1 -DNO_UNION_WAIT=1 -DHAVE_SIGNED_CHAR=1 -DHAVE_LANGINFO=1 -DHAVE_MKSTEMPS=1 -DHAVE_FTS=1 -DHAVE_SYS_IOCTL_H=1 -DTCL_UNLOAD_DLLS=1 -DHAVE_CPUID=1  /sources/tcl8.6.13/unix/dltest/pkgb.c
gcc -c -O2  -pipe  -I/sources/tcl8.6.13/unix/dltest/../../generic -DTCL_MEM_DEBUG -fPIC -DUSE_TCL_STUBS -DPACKAGE_NAME=\"tcl\" -DPACKAGE_TARNAME=\"tcl\" -DPACKAGE_VERSION=\"8.6\" -DPACKAGE_STRING=\"tcl\ 8.6\" -DPACKAGE_BUGREPORT=\"\" -DSTDC_HEADERS=1 -DHAVE_SYS_TYPES_H=1 -DHAVE_SYS_STAT_H=1 -DHAVE_STDLIB_H=1 -DHAVE_STRING_H=1 -DHAVE_MEMORY_H=1 -DHAVE_STRINGS_H=1 -DHAVE_INTTYPES_H=1 -DHAVE_STDINT_H=1 -DHAVE_UNISTD_H=1 -DHAVE_SYS_PARAM_H=1 -DUSE_THREAD_ALLOC=1 -D_REENTRANT=1 -D_THREAD_SAFE=1 -DHAVE_PTHREAD_ATTR_SETSTACKSIZE=1 -DHAVE_PTHREAD_ATFORK=1 -DTCL_THREADS=1 -DTCL_CFGVAL_ENCODING=\"iso8859-1\" -DHAVE_ZLIB=1 -DMODULE_SCOPE=extern\ __attribute__\(\(__visibility__\(\"hidden\"\)\)\) -DHAVE_HIDDEN=1 -DHAVE_CAST_TO_UNION=1 -DTCL_SHLIB_EXT=\".so\" -DNDEBUG=1 -DTCL_CFG_OPTIMIZED=1 -DTCL_TOMMATH=1 -DMP_PREC=4 -D_LARGEFILE64_SOURCE=1 -DTCL_WIDE_INT_IS_LONG=1 -DHAVE_GETCWD=1 -DHAVE_MKSTEMP=1 -DHAVE_OPENDIR=1 -DHAVE_STRTOL=1 -DHAVE_WAITPID=1 -DHAVE_GETNAMEINFO=1 -DHAVE_GETADDRINFO=1 -DHAVE_FREEADDRINFO=1 -DHAVE_GAI_STRERROR=1 -DHAVE_STRUCT_ADDRINFO=1 -DHAVE_STRUCT_IN6_ADDR=1 -DHAVE_STRUCT_SOCKADDR_IN6=1 -DHAVE_STRUCT_SOCKADDR_STORAGE=1 -DHAVE_GETPWUID_R_5=1 -DHAVE_GETPWUID_R=1 -DHAVE_GETPWNAM_R_5=1 -DHAVE_GETPWNAM_R=1 -DHAVE_GETGRGID_R_5=1 -DHAVE_GETGRGID_R=1 -DHAVE_GETGRNAM_R_5=1 -DHAVE_GETGRNAM_R=1 -DHAVE_DECL_GETHOSTBYNAME_R=1 -DHAVE_GETHOSTBYNAME_R_6=1 -DHAVE_GETHOSTBYNAME_R=1 -DHAVE_DECL_GETHOSTBYADDR_R=1 -DHAVE_GETHOSTBYADDR_R_8=1 -DHAVE_GETHOSTBYADDR_R=1 -DHAVE_TERMIOS_H=1 -DHAVE_SYS_IOCTL_H=1 -DHAVE_SYS_TIME_H=1 -DTIME_WITH_SYS_TIME=1 -DHAVE_GMTIME_R=1 -DHAVE_LOCALTIME_R=1 -DHAVE_MKTIME=1 -DHAVE_TM_GMTOFF=1 -DHAVE_TIMEZONE_VAR=1 -DHAVE_STRUCT_STAT_ST_BLOCKS=1 -DHAVE_STRUCT_STAT_ST_BLKSIZE=1 -DHAVE_BLKCNT_T=1 -DHAVE_INTPTR_T=1 -DHAVE_UINTPTR_T=1 -DNO_UNION_WAIT=1 -DHAVE_SIGNED_CHAR=1 -DHAVE_LANGINFO=1 -DHAVE_MKSTEMPS=1 -DHAVE_FTS=1 -DHAVE_SYS_IOCTL_H=1 -DTCL_UNLOAD_DLLS=1 -DHAVE_CPUID=1  /sources/tcl8.6.13/unix/dltest/pkgc.c
gcc -c -O2  -pipe  -I/sources/tcl8.6.13/unix/dltest/../../generic -DTCL_MEM_DEBUG -fPIC -DUSE_TCL_STUBS -DPACKAGE_NAME=\"tcl\" -DPACKAGE_TARNAME=\"tcl\" -DPACKAGE_VERSION=\"8.6\" -DPACKAGE_STRING=\"tcl\ 8.6\" -DPACKAGE_BUGREPORT=\"\" -DSTDC_HEADERS=1 -DHAVE_SYS_TYPES_H=1 -DHAVE_SYS_STAT_H=1 -DHAVE_STDLIB_H=1 -DHAVE_STRING_H=1 -DHAVE_MEMORY_H=1 -DHAVE_STRINGS_H=1 -DHAVE_INTTYPES_H=1 -DHAVE_STDINT_H=1 -DHAVE_UNISTD_H=1 -DHAVE_SYS_PARAM_H=1 -DUSE_THREAD_ALLOC=1 -D_REENTRANT=1 -D_THREAD_SAFE=1 -DHAVE_PTHREAD_ATTR_SETSTACKSIZE=1 -DHAVE_PTHREAD_ATFORK=1 -DTCL_THREADS=1 -DTCL_CFGVAL_ENCODING=\"iso8859-1\" -DHAVE_ZLIB=1 -DMODULE_SCOPE=extern\ __attribute__\(\(__visibility__\(\"hidden\"\)\)\) -DHAVE_HIDDEN=1 -DHAVE_CAST_TO_UNION=1 -DTCL_SHLIB_EXT=\".so\" -DNDEBUG=1 -DTCL_CFG_OPTIMIZED=1 -DTCL_TOMMATH=1 -DMP_PREC=4 -D_LARGEFILE64_SOURCE=1 -DTCL_WIDE_INT_IS_LONG=1 -DHAVE_GETCWD=1 -DHAVE_MKSTEMP=1 -DHAVE_OPENDIR=1 -DHAVE_STRTOL=1 -DHAVE_WAITPID=1 -DHAVE_GETNAMEINFO=1 -DHAVE_GETADDRINFO=1 -DHAVE_FREEADDRINFO=1 -DHAVE_GAI_STRERROR=1 -DHAVE_STRUCT_ADDRINFO=1 -DHAVE_STRUCT_IN6_ADDR=1 -DHAVE_STRUCT_SOCKADDR_IN6=1 -DHAVE_STRUCT_SOCKADDR_STORAGE=1 -DHAVE_GETPWUID_R_5=1 -DHAVE_GETPWUID_R=1 -DHAVE_GETPWNAM_R_5=1 -DHAVE_GETPWNAM_R=1 -DHAVE_GETGRGID_R_5=1 -DHAVE_GETGRGID_R=1 -DHAVE_GETGRNAM_R_5=1 -DHAVE_GETGRNAM_R=1 -DHAVE_DECL_GETHOSTBYNAME_R=1 -DHAVE_GETHOSTBYNAME_R_6=1 -DHAVE_GETHOSTBYNAME_R=1 -DHAVE_DECL_GETHOSTBYADDR_R=1 -DHAVE_GETHOSTBYADDR_R_8=1 -DHAVE_GETHOSTBYADDR_R=1 -DHAVE_TERMIOS_H=1 -DHAVE_SYS_IOCTL_H=1 -DHAVE_SYS_TIME_H=1 -DTIME_WITH_SYS_TIME=1 -DHAVE_GMTIME_R=1 -DHAVE_LOCALTIME_R=1 -DHAVE_MKTIME=1 -DHAVE_TM_GMTOFF=1 -DHAVE_TIMEZONE_VAR=1 -DHAVE_STRUCT_STAT_ST_BLOCKS=1 -DHAVE_STRUCT_STAT_ST_BLKSIZE=1 -DHAVE_BLKCNT_T=1 -DHAVE_INTPTR_T=1 -DHAVE_UINTPTR_T=1 -DNO_UNION_WAIT=1 -DHAVE_SIGNED_CHAR=1 -DHAVE_LANGINFO=1 -DHAVE_MKSTEMPS=1 -DHAVE_FTS=1 -DHAVE_SYS_IOCTL_H=1 -DTCL_UNLOAD_DLLS=1 -DHAVE_CPUID=1  /sources/tcl8.6.13/unix/dltest/pkgd.c
gcc -c -O2  -pipe  -I/sources/tcl8.6.13/unix/dltest/../../generic -DTCL_MEM_DEBUG -fPIC -DUSE_TCL_STUBS -DPACKAGE_NAME=\"tcl\" -DPACKAGE_TARNAME=\"tcl\" -DPACKAGE_VERSION=\"8.6\" -DPACKAGE_STRING=\"tcl\ 8.6\" -DPACKAGE_BUGREPORT=\"\" -DSTDC_HEADERS=1 -DHAVE_SYS_TYPES_H=1 -DHAVE_SYS_STAT_H=1 -DHAVE_STDLIB_H=1 -DHAVE_STRING_H=1 -DHAVE_MEMORY_H=1 -DHAVE_STRINGS_H=1 -DHAVE_INTTYPES_H=1 -DHAVE_STDINT_H=1 -DHAVE_UNISTD_H=1 -DHAVE_SYS_PARAM_H=1 -DUSE_THREAD_ALLOC=1 -D_REENTRANT=1 -D_THREAD_SAFE=1 -DHAVE_PTHREAD_ATTR_SETSTACKSIZE=1 -DHAVE_PTHREAD_ATFORK=1 -DTCL_THREADS=1 -DTCL_CFGVAL_ENCODING=\"iso8859-1\" -DHAVE_ZLIB=1 -DMODULE_SCOPE=extern\ __attribute__\(\(__visibility__\(\"hidden\"\)\)\) -DHAVE_HIDDEN=1 -DHAVE_CAST_TO_UNION=1 -DTCL_SHLIB_EXT=\".so\" -DNDEBUG=1 -DTCL_CFG_OPTIMIZED=1 -DTCL_TOMMATH=1 -DMP_PREC=4 -D_LARGEFILE64_SOURCE=1 -DTCL_WIDE_INT_IS_LONG=1 -DHAVE_GETCWD=1 -DHAVE_MKSTEMP=1 -DHAVE_OPENDIR=1 -DHAVE_STRTOL=1 -DHAVE_WAITPID=1 -DHAVE_GETNAMEINFO=1 -DHAVE_GETADDRINFO=1 -DHAVE_FREEADDRINFO=1 -DHAVE_GAI_STRERROR=1 -DHAVE_STRUCT_ADDRINFO=1 -DHAVE_STRUCT_IN6_ADDR=1 -DHAVE_STRUCT_SOCKADDR_IN6=1 -DHAVE_STRUCT_SOCKADDR_STORAGE=1 -DHAVE_GETPWUID_R_5=1 -DHAVE_GETPWUID_R=1 -DHAVE_GETPWNAM_R_5=1 -DHAVE_GETPWNAM_R=1 -DHAVE_GETGRGID_R_5=1 -DHAVE_GETGRGID_R=1 -DHAVE_GETGRNAM_R_5=1 -DHAVE_GETGRNAM_R=1 -DHAVE_DECL_GETHOSTBYNAME_R=1 -DHAVE_GETHOSTBYNAME_R_6=1 -DHAVE_GETHOSTBYNAME_R=1 -DHAVE_DECL_GETHOSTBYADDR_R=1 -DHAVE_GETHOSTBYADDR_R_8=1 -DHAVE_GETHOSTBYADDR_R=1 -DHAVE_TERMIOS_H=1 -DHAVE_SYS_IOCTL_H=1 -DHAVE_SYS_TIME_H=1 -DTIME_WITH_SYS_TIME=1 -DHAVE_GMTIME_R=1 -DHAVE_LOCALTIME_R=1 -DHAVE_MKTIME=1 -DHAVE_TM_GMTOFF=1 -DHAVE_TIMEZONE_VAR=1 -DHAVE_STRUCT_STAT_ST_BLOCKS=1 -DHAVE_STRUCT_STAT_ST_BLKSIZE=1 -DHAVE_BLKCNT_T=1 -DHAVE_INTPTR_T=1 -DHAVE_UINTPTR_T=1 -DNO_UNION_WAIT=1 -DHAVE_SIGNED_CHAR=1 -DHAVE_LANGINFO=1 -DHAVE_MKSTEMPS=1 -DHAVE_FTS=1 -DHAVE_SYS_IOCTL_H=1 -DTCL_UNLOAD_DLLS=1 -DHAVE_CPUID=1  /sources/tcl8.6.13/unix/dltest/pkge.c
Building package 'itcl4.2.3'
make[1]: Entering directory '/sources/tcl8.6.13/unix/pkgs/itcl4.2.3'
make[1]: Nothing to be done for 'all'.
make[1]: Leaving directory '/sources/tcl8.6.13/unix/pkgs/itcl4.2.3'
Building package 'sqlite3.40.0'
make[1]: Entering directory '/sources/tcl8.6.13/unix/pkgs/sqlite3.40.0'
If you have documentation to create, place the commands to
build the docs in the 'doc:' target.  For example:
        xml2nroff sample.xml > sample.n
        xml2html sample.xml > sample.html
make[1]: Leaving directory '/sources/tcl8.6.13/unix/pkgs/sqlite3.40.0'
Building package 'tdbc1.1.5'
make[1]: Entering directory '/sources/tcl8.6.13/unix/pkgs/tdbc1.1.5'
make[1]: Nothing to be done for 'all'.
make[1]: Leaving directory '/sources/tcl8.6.13/unix/pkgs/tdbc1.1.5'
Building package 'tdbcmysql1.1.5'
rm -f libtcl8.6.so
make[1]: Entering directory '/sources/tcl8.6.13/unix/pkgs/tdbcmysql1.1.5'
make[1]: Nothing to be done for 'all'.
make[1]: Leaving directory '/sources/tcl8.6.13/unix/pkgs/tdbcmysql1.1.5'
Building package 'tdbcodbc1.1.5'
gcc -O2  -pipe    -Wl,--export-dynamic  -shared -o libtcl8.6.so regcomp.o regexec.o regfree.o regerror.o tclAlloc.o tclAssembly.o tclAsync.o tclBasic.o tclBinary.o tclCkalloc.o tclClock.o tclCmdAH.o tclCmdIL.o tclCmdMZ.o tclCompCmds.o tclCompCmdsGR.o tclCompCmdsSZ.o tclCompExpr.o tclCompile.o tclConfig.o tclDate.o tclDictObj.o tclDisassemble.o tclEncoding.o tclEnsemble.o tclEnv.o tclEvent.o tclExecute.o tclFCmd.o tclFileName.o tclGet.o tclHash.o tclHistory.o tclIndexObj.o tclInterp.o tclIO.o tclIOCmd.o tclIORChan.o tclIORTrans.o tclIOGT.o tclIOSock.o tclIOUtil.o tclLink.o tclListObj.o tclLiteral.o tclLoad.o tclMain.o tclNamesp.o tclNotify.o tclObj.o tclOptimize.o tclPanic.o tclParse.o tclPathObj.o tclPipe.o tclPkg.o tclPkgConfig.o tclPosixStr.o tclPreserve.o tclProc.o tclRegexp.o tclResolve.o tclResult.o tclScan.o tclStringObj.o tclStrToD.o tclThread.o tclThreadAlloc.o tclThreadJoin.o tclThreadStorage.o tclStubInit.o tclTimer.o tclTrace.o tclUtf.o tclUtil.o tclVar.o tclZlib.o tclTomMathInterface.o tclUnixChan.o tclUnixEvent.o tclUnixFCmd.o tclUnixFile.o tclUnixPipe.o tclUnixSock.o tclUnixTime.o tclUnixInit.o tclUnixThrd.o tclUnixCompat.o tclUnixNotfy.o  tclOO.o tclOOBasic.o tclOOCall.o tclOODefineCmds.o tclOOInfo.o tclOOMethod.o tclOOStubInit.o tclLoadDl.o    bn_s_mp_reverse.o bn_s_mp_mul_digs_fast.o bn_s_mp_sqr_fast.o bn_mp_add.o bn_mp_and.o bn_mp_add_d.o bn_mp_clamp.o bn_mp_clear.o bn_mp_clear_multi.o bn_mp_cmp.o bn_mp_cmp_d.o bn_mp_cmp_mag.o bn_mp_cnt_lsb.o bn_mp_copy.o bn_mp_count_bits.o bn_mp_div.o bn_mp_div_d.o bn_mp_div_2.o bn_mp_div_2d.o bn_mp_div_3.o bn_mp_exch.o bn_mp_expt_u32.o bn_mp_grow.o bn_mp_init.o bn_mp_init_copy.o bn_mp_init_multi.o bn_mp_init_set.o bn_mp_init_size.o bn_s_mp_karatsuba_mul.o bn_s_mp_karatsuba_sqr.o bn_s_mp_balance_mul.o bn_mp_lshd.o bn_mp_mod.o bn_mp_mod_2d.o bn_mp_mul.o bn_mp_mul_2.o bn_mp_mul_2d.o bn_mp_mul_d.o bn_mp_neg.o bn_mp_or.o bn_mp_radix_size.o bn_mp_radix_smap.o bn_mp_read_radix.o bn_mp_rshd.o bn_mp_set.o bn_mp_shrink.o bn_mp_sqr.o bn_mp_sqrt.o bn_mp_sub.o bn_mp_sub_d.o bn_mp_signed_rsh.o bn_mp_to_ubin.o bn_s_mp_toom_mul.o bn_s_mp_toom_sqr.o bn_mp_to_radix.o bn_mp_ubin_size.o bn_mp_xor.o bn_mp_zero.o bn_s_mp_add.o bn_s_mp_mul_digs.o bn_s_mp_sqr.o bn_s_mp_sub.o   -Wl,--export-dynamic  -ldl -lz  -lpthread -lm   "-Wl,-rpath,/usr/lib"
make[1]: Entering directory '/sources/tcl8.6.13/unix/pkgs/tdbcodbc1.1.5'
make[1]: Nothing to be done for 'all'.
make[1]: Leaving directory '/sources/tcl8.6.13/unix/pkgs/tdbcodbc1.1.5'
gcc -c -O2  -pipe  -I/sources/tcl8.6.13/unix/dltest/../../generic -DTCL_MEM_DEBUG -fPIC -DUSE_TCL_STUBS -DPACKAGE_NAME=\"tcl\" -DPACKAGE_TARNAME=\"tcl\" -DPACKAGE_VERSION=\"8.6\" -DPACKAGE_STRING=\"tcl\ 8.6\" -DPACKAGE_BUGREPORT=\"\" -DSTDC_HEADERS=1 -DHAVE_SYS_TYPES_H=1 -DHAVE_SYS_STAT_H=1 -DHAVE_STDLIB_H=1 -DHAVE_STRING_H=1 -DHAVE_MEMORY_H=1 -DHAVE_STRINGS_H=1 -DHAVE_INTTYPES_H=1 -DHAVE_STDINT_H=1 -DHAVE_UNISTD_H=1 -DHAVE_SYS_PARAM_H=1 -DUSE_THREAD_ALLOC=1 -D_REENTRANT=1 -D_THREAD_SAFE=1 -DHAVE_PTHREAD_ATTR_SETSTACKSIZE=1 -DHAVE_PTHREAD_ATFORK=1 -DTCL_THREADS=1 -DTCL_CFGVAL_ENCODING=\"iso8859-1\" -DHAVE_ZLIB=1 -DMODULE_SCOPE=extern\ __attribute__\(\(__visibility__\(\"hidden\"\)\)\) -DHAVE_HIDDEN=1 -DHAVE_CAST_TO_UNION=1 -DTCL_SHLIB_EXT=\".so\" -DNDEBUG=1 -DTCL_CFG_OPTIMIZED=1 -DTCL_TOMMATH=1 -DMP_PREC=4 -D_LARGEFILE64_SOURCE=1 -DTCL_WIDE_INT_IS_LONG=1 -DHAVE_GETCWD=1 -DHAVE_MKSTEMP=1 -DHAVE_OPENDIR=1 -DHAVE_STRTOL=1 -DHAVE_WAITPID=1 -DHAVE_GETNAMEINFO=1 -DHAVE_GETADDRINFO=1 -DHAVE_FREEADDRINFO=1 -DHAVE_GAI_STRERROR=1 -DHAVE_STRUCT_ADDRINFO=1 -DHAVE_STRUCT_IN6_ADDR=1 -DHAVE_STRUCT_SOCKADDR_IN6=1 -DHAVE_STRUCT_SOCKADDR_STORAGE=1 -DHAVE_GETPWUID_R_5=1 -DHAVE_GETPWUID_R=1 -DHAVE_GETPWNAM_R_5=1 -DHAVE_GETPWNAM_R=1 -DHAVE_GETGRGID_R_5=1 -DHAVE_GETGRGID_R=1 -DHAVE_GETGRNAM_R_5=1 -DHAVE_GETGRNAM_R=1 -DHAVE_DECL_GETHOSTBYNAME_R=1 -DHAVE_GETHOSTBYNAME_R_6=1 -DHAVE_GETHOSTBYNAME_R=1 -DHAVE_DECL_GETHOSTBYADDR_R=1 -DHAVE_GETHOSTBYADDR_R_8=1 -DHAVE_GETHOSTBYADDR_R=1 -DHAVE_TERMIOS_H=1 -DHAVE_SYS_IOCTL_H=1 -DHAVE_SYS_TIME_H=1 -DTIME_WITH_SYS_TIME=1 -DHAVE_GMTIME_R=1 -DHAVE_LOCALTIME_R=1 -DHAVE_MKTIME=1 -DHAVE_TM_GMTOFF=1 -DHAVE_TIMEZONE_VAR=1 -DHAVE_STRUCT_STAT_ST_BLOCKS=1 -DHAVE_STRUCT_STAT_ST_BLKSIZE=1 -DHAVE_BLKCNT_T=1 -DHAVE_INTPTR_T=1 -DHAVE_UINTPTR_T=1 -DNO_UNION_WAIT=1 -DHAVE_SIGNED_CHAR=1 -DHAVE_LANGINFO=1 -DHAVE_MKSTEMPS=1 -DHAVE_FTS=1 -DHAVE_SYS_IOCTL_H=1 -DTCL_UNLOAD_DLLS=1 -DHAVE_CPUID=1  /sources/tcl8.6.13/unix/dltest/pkgua.c
gcc -c -O2  -pipe  -I/sources/tcl8.6.13/unix/dltest/../../generic -DTCL_MEM_DEBUG -fPIC -DUSE_TCL_STUBS -DPACKAGE_NAME=\"tcl\" -DPACKAGE_TARNAME=\"tcl\" -DPACKAGE_VERSION=\"8.6\" -DPACKAGE_STRING=\"tcl\ 8.6\" -DPACKAGE_BUGREPORT=\"\" -DSTDC_HEADERS=1 -DHAVE_SYS_TYPES_H=1 -DHAVE_SYS_STAT_H=1 -DHAVE_STDLIB_H=1 -DHAVE_STRING_H=1 -DHAVE_MEMORY_H=1 -DHAVE_STRINGS_H=1 -DHAVE_INTTYPES_H=1 -DHAVE_STDINT_H=1 -DHAVE_UNISTD_H=1 -DHAVE_SYS_PARAM_H=1 -DUSE_THREAD_ALLOC=1 -D_REENTRANT=1 -D_THREAD_SAFE=1 -DHAVE_PTHREAD_ATTR_SETSTACKSIZE=1 -DHAVE_PTHREAD_ATFORK=1 -DTCL_THREADS=1 -DTCL_CFGVAL_ENCODING=\"iso8859-1\" -DHAVE_ZLIB=1 -DMODULE_SCOPE=extern\ __attribute__\(\(__visibility__\(\"hidden\"\)\)\) -DHAVE_HIDDEN=1 -DHAVE_CAST_TO_UNION=1 -DTCL_SHLIB_EXT=\".so\" -DNDEBUG=1 -DTCL_CFG_OPTIMIZED=1 -DTCL_TOMMATH=1 -DMP_PREC=4 -D_LARGEFILE64_SOURCE=1 -DTCL_WIDE_INT_IS_LONG=1 -DHAVE_GETCWD=1 -DHAVE_MKSTEMP=1 -DHAVE_OPENDIR=1 -DHAVE_STRTOL=1 -DHAVE_WAITPID=1 -DHAVE_GETNAMEINFO=1 -DHAVE_GETADDRINFO=1 -DHAVE_FREEADDRINFO=1 -DHAVE_GAI_STRERROR=1 -DHAVE_STRUCT_ADDRINFO=1 -DHAVE_STRUCT_IN6_ADDR=1 -DHAVE_STRUCT_SOCKADDR_IN6=1 -DHAVE_STRUCT_SOCKADDR_STORAGE=1 -DHAVE_GETPWUID_R_5=1 -DHAVE_GETPWUID_R=1 -DHAVE_GETPWNAM_R_5=1 -DHAVE_GETPWNAM_R=1 -DHAVE_GETGRGID_R_5=1 -DHAVE_GETGRGID_R=1 -DHAVE_GETGRNAM_R_5=1 -DHAVE_GETGRNAM_R=1 -DHAVE_DECL_GETHOSTBYNAME_R=1 -DHAVE_GETHOSTBYNAME_R_6=1 -DHAVE_GETHOSTBYNAME_R=1 -DHAVE_DECL_GETHOSTBYADDR_R=1 -DHAVE_GETHOSTBYADDR_R_8=1 -DHAVE_GETHOSTBYADDR_R=1 -DHAVE_TERMIOS_H=1 -DHAVE_SYS_IOCTL_H=1 -DHAVE_SYS_TIME_H=1 -DTIME_WITH_SYS_TIME=1 -DHAVE_GMTIME_R=1 -DHAVE_LOCALTIME_R=1 -DHAVE_MKTIME=1 -DHAVE_TM_GMTOFF=1 -DHAVE_TIMEZONE_VAR=1 -DHAVE_STRUCT_STAT_ST_BLOCKS=1 -DHAVE_STRUCT_STAT_ST_BLKSIZE=1 -DHAVE_BLKCNT_T=1 -DHAVE_INTPTR_T=1 -DHAVE_UINTPTR_T=1 -DNO_UNION_WAIT=1 -DHAVE_SIGNED_CHAR=1 -DHAVE_LANGINFO=1 -DHAVE_MKSTEMPS=1 -DHAVE_FTS=1 -DHAVE_SYS_IOCTL_H=1 -DTCL_UNLOAD_DLLS=1 -DHAVE_CPUID=1  /sources/tcl8.6.13/unix/dltest/pkgooa.c
Building package 'tdbcpostgres1.1.5'
make[1]: Entering directory '/sources/tcl8.6.13/unix/pkgs/tdbcpostgres1.1.5'
make[1]: Nothing to be done for 'all'.
make[1]: Leaving directory '/sources/tcl8.6.13/unix/pkgs/tdbcpostgres1.1.5'
Building package 'tdbcsqlite3-1.1.5'
make[1]: Entering directory '/sources/tcl8.6.13/unix/pkgs/tdbcsqlite3-1.1.5'
make[1]: Nothing to be done for 'all'.
make[1]: Leaving directory '/sources/tcl8.6.13/unix/pkgs/tdbcsqlite3-1.1.5'
Building package 'thread2.8.8'
make[1]: Entering directory '/sources/tcl8.6.13/unix/pkgs/thread2.8.8'
make[1]: Nothing to be done for 'all'.
make[1]: Leaving directory '/sources/tcl8.6.13/unix/pkgs/thread2.8.8'
gcc -O2  -pipe    -Wl,--export-dynamic  -shared -o pkga.so pkga.o -L/sources/tcl8.6.13/unix -ltclstub8.6 -ldl -lz  -lpthread -lm
gcc -O2  -pipe    -Wl,--export-dynamic  -shared -o pkgb.so pkgb.o -L/sources/tcl8.6.13/unix -ltclstub8.6 -ldl -lz  -lpthread -lm
gcc -O2  -pipe    -Wl,--export-dynamic  -shared -o pkgc.so pkgc.o -L/sources/tcl8.6.13/unix -ltclstub8.6 -ldl -lz  -lpthread -lm
gcc -O2  -pipe    -Wl,--export-dynamic  -shared -o pkgd.so pkgd.o -L/sources/tcl8.6.13/unix -ltclstub8.6 -ldl -lz  -lpthread -lm
gcc -O2  -pipe    -Wl,--export-dynamic  -shared -o pkge.so pkge.o -L/sources/tcl8.6.13/unix -ltclstub8.6 -ldl -lz  -lpthread -lm
gcc -O2  -pipe    -Wl,--export-dynamic  -shared -o pkgua.so pkgua.o -L/sources/tcl8.6.13/unix -ltclstub8.6 -ldl -lz  -lpthread -lm
gcc -O2  -pipe    -Wl,--export-dynamic  -shared -o pkgooa.so pkgooa.o -L/sources/tcl8.6.13/unix -ltclstub8.6 -ldl -lz  -lpthread -lm
gcc -O2  -pipe    -Wl,--export-dynamic  tclAppInit.o \
	-L/sources/tcl8.6.13/unix -ltcl8.6 libtclstub8.6.a -ldl -lz  -lpthread -lm  \
	"-Wl,-rpath,/usr/lib" -o tclsh
make[1]: Leaving directory '/sources/tcl8.6.13/unix/dltest'
gcc -c -I"." -I/sources/tcl8.6.13/unix -I/sources/tcl8.6.13/generic -I/sources/tcl8.6.13/libtommath -O2  -pipe  -Wall -Wpointer-arith -fPIC -DBUILD_tcl -DPACKAGE_NAME=\"tcl\" -DPACKAGE_TARNAME=\"tcl\" -DPACKAGE_VERSION=\"8.6\" -DPACKAGE_STRING=\"tcl\ 8.6\" -DPACKAGE_BUGREPORT=\"\" -DSTDC_HEADERS=1 -DHAVE_SYS_TYPES_H=1 -DHAVE_SYS_STAT_H=1 -DHAVE_STDLIB_H=1 -DHAVE_STRING_H=1 -DHAVE_MEMORY_H=1 -DHAVE_STRINGS_H=1 -DHAVE_INTTYPES_H=1 -DHAVE_STDINT_H=1 -DHAVE_UNISTD_H=1 -DHAVE_SYS_PARAM_H=1 -DUSE_THREAD_ALLOC=1 -D_REENTRANT=1 -D_THREAD_SAFE=1 -DHAVE_PTHREAD_ATTR_SETSTACKSIZE=1 -DHAVE_PTHREAD_ATFORK=1 -DTCL_THREADS=1 -DTCL_CFGVAL_ENCODING=\"iso8859-1\" -DHAVE_ZLIB=1 -DMODULE_SCOPE=extern\ __attribute__\(\(__visibility__\(\"hidden\"\)\)\) -DHAVE_HIDDEN=1 -DHAVE_CAST_TO_UNION=1 -DTCL_SHLIB_EXT=\".so\" -DNDEBUG=1 -DTCL_CFG_OPTIMIZED=1 -DTCL_TOMMATH=1 -DMP_PREC=4 -D_LARGEFILE64_SOURCE=1 -DTCL_WIDE_INT_IS_LONG=1 -DHAVE_GETCWD=1 -DHAVE_MKSTEMP=1 -DHAVE_OPENDIR=1 -DHAVE_STRTOL=1 -DHAVE_WAITPID=1 -DHAVE_GETNAMEINFO=1 -DHAVE_GETADDRINFO=1 -DHAVE_FREEADDRINFO=1 -DHAVE_GAI_STRERROR=1 -DHAVE_STRUCT_ADDRINFO=1 -DHAVE_STRUCT_IN6_ADDR=1 -DHAVE_STRUCT_SOCKADDR_IN6=1 -DHAVE_STRUCT_SOCKADDR_STORAGE=1 -DHAVE_GETPWUID_R_5=1 -DHAVE_GETPWUID_R=1 -DHAVE_GETPWNAM_R_5=1 -DHAVE_GETPWNAM_R=1 -DHAVE_GETGRGID_R_5=1 -DHAVE_GETGRGID_R=1 -DHAVE_GETGRNAM_R_5=1 -DHAVE_GETGRNAM_R=1 -DHAVE_DECL_GETHOSTBYNAME_R=1 -DHAVE_GETHOSTBYNAME_R_6=1 -DHAVE_GETHOSTBYNAME_R=1 -DHAVE_DECL_GETHOSTBYADDR_R=1 -DHAVE_GETHOSTBYADDR_R_8=1 -DHAVE_GETHOSTBYADDR_R=1 -DHAVE_TERMIOS_H=1 -DHAVE_SYS_IOCTL_H=1 -DHAVE_SYS_TIME_H=1 -DTIME_WITH_SYS_TIME=1 -DHAVE_GMTIME_R=1 -DHAVE_LOCALTIME_R=1 -DHAVE_MKTIME=1 -DHAVE_TM_GMTOFF=1 -DHAVE_TIMEZONE_VAR=1 -DHAVE_STRUCT_STAT_ST_BLOCKS=1 -DHAVE_STRUCT_STAT_ST_BLKSIZE=1 -DHAVE_BLKCNT_T=1 -DHAVE_INTPTR_T=1 -DHAVE_UINTPTR_T=1 -DNO_UNION_WAIT=1 -DHAVE_SIGNED_CHAR=1 -DHAVE_LANGINFO=1 -DHAVE_MKSTEMPS=1 -DHAVE_FTS=1 -DHAVE_SYS_IOCTL_H=1 -DTCL_UNLOAD_DLLS=1 -DHAVE_CPUID=1      -DMP_FIXED_CUTOFFS -DMP_NO_STDINT  \
	-DTCL_BUILDTIME_LIBRARY="\"/sources/tcl8.6.13/library\"" \
	-DTCL_TEST /sources/tcl8.6.13/unix/tclAppInit.c
mv tclAppInit.o tclTestInit.o
make tcltest-real LIB_RUNTIME_DIR="`pwd`"
make[1]: Entering directory '/sources/tcl8.6.13/unix'
gcc -O2  -pipe    -Wl,--export-dynamic  tclTestInit.o tclTest.o tclTestObj.o tclTestProcBodyObj.o tclThreadTest.o tclUnixTest.o \
	-L/sources/tcl8.6.13/unix -ltcl8.6 libtclstub8.6.a -ldl -lz  -lpthread -lm  \
	"-Wl,-rpath,/sources/tcl8.6.13/unix" -o tcltest
make[1]: Leaving directory '/sources/tcl8.6.13/unix'
LD_LIBRARY_PATH=`pwd`: TCLLIBPATH="/sources/tcl8.6.13/unix/pkgs" TCL_LIBRARY="/sources/tcl8.6.13/library" ./tcltest /sources/tcl8.6.13/tests/all.tcl 
Testing package 'itcl4.2.3'
make[1]: Entering directory '/sources/tcl8.6.13/unix/pkgs/itcl4.2.3'
TCL_LIBRARY=`echo /sources/tcl8.6.13/library` LD_LIBRARY_PATH="/sources/tcl8.6.13/unix/pkgs/itcl4.2.3:/sources/tcl8.6.13/unix:../..:" PATH="/sources/tcl8.6.13/unix/pkgs/itcl4.2.3:/sources/tcl8.6.13/unix:/usr/bin:/usr/sbin" ITCL_LIBRARY=`echo /sources/tcl8.6.13/pkgs/itcl4.2.3/library` TCLLIBPATH="../../pkgs" ../../tcltest `echo /sources/tcl8.6.13/pkgs/itcl4.2.3/tests/all.tcl`  -load "if {[catch {package present itcl}]} {package forget itcl}; package ifneeded itcl 4.2.3 [list load `echo /sources/tcl8.6.13/unix/pkgs/itcl4.2.3/libitcl4.2.3.so` [string totitle itcl]]"
Tests running in interp:  /sources/tcl8.6.13/unix/tcltest
Tests located in:  /sources/tcl8.6.13/tests
Tests running in:  /sources/tcl8.6.13/unix
Temporary files stored in /sources/tcl8.6.13/unix
Test files run in separate interpreters
Running tests that match:  *
Skipping test files that match:  l.*.test
Only running test files that match:  *.test
Tests running in interp:  /sources/tcl8.6.13/unix/pkgs/itcl4.2.3/../../tcltest
Tests located in:  /sources/tcl8.6.13/pkgs/itcl4.2.3/tests
Tests running in:  /sources/tcl8.6.13/unix/pkgs/itcl4.2.3
Temporary files stored in /sources/tcl8.6.13/unix/pkgs/itcl4.2.3
Test files run in separate interpreters
Running tests that match:  *
Skipping test files that match:  l.*.test
Only running test files that match:  *.test
Tests began at Sun Aug 25 14:22:15 AWST 2024
Tests began at Sun Aug 25 14:22:15 AWST 2024
basic.test
aaa_exit.test
body.test
append.test
chain.test
appendComp.test
delete.test
apply.test
eclasscomponent.test
assemble.test
ensemble.test
general1.test
import.test
assocd.test
info.test
inherit.test
async.test
interp.test
local.test
methods.test
mkindex.test
namespace.test
protection.test
scope.test
sfbugs.test
typeclass.test
typedelegation.test
typefunction.test
typeinfo.test
typeoption.test
typevariable.test
widgetadaptor.test
widgetclass.test

Tests ended at Sun Aug 25 14:22:16 AWST 2024
all.tcl:	Total	792	Passed	726	Skipped	66	Failed	0
Sourced 26 Test Files.
Number of tests skipped for each constraint:
	1	knownBug
	4	needs_frq_1773103
	2	only_working_in_itcl3.4
	59	tk
make[1]: Leaving directory '/sources/tcl8.6.13/unix/pkgs/itcl4.2.3'
Testing package 'sqlite3.40.0'
make[1]: Entering directory '/sources/tcl8.6.13/unix/pkgs/sqlite3.40.0'
TCL_LIBRARY=`echo /sources/tcl8.6.13/library` LD_LIBRARY_PATH="/sources/tcl8.6.13/unix/pkgs/sqlite3.40.0:/sources/tcl8.6.13/unix:../..:" PATH="/sources/tcl8.6.13/unix/pkgs/sqlite3.40.0:/sources/tcl8.6.13/unix:/usr/bin:/usr/sbin" TCLLIBPATH="../../pkgs" ../../tcltest `echo /sources/tcl8.6.13/pkgs/sqlite3.40.0/tests/all.tcl`  \
	-load "package ifneeded sqlite3 3.40.0 \
		[list load `echo libsqlite3.40.0.so` [string totitle sqlite]3]"
Tests running in interp:  /sources/tcl8.6.13/unix/pkgs/sqlite3.40.0/../../tcltest
Tests located in:  /sources/tcl8.6.13/pkgs/sqlite3.40.0/tests
Tests running in:  /sources/tcl8.6.13/unix/pkgs/sqlite3.40.0
Temporary files stored in /sources/tcl8.6.13/unix/pkgs/sqlite3.40.0
Test files run in separate interpreters
Running tests that match:  *
Skipping test files that match:  l.*.test
Only running test files that match:  *.test
Tests began at Sun Aug 25 14:22:16 AWST 2024
leapsecond.test

Tests ended at Sun Aug 25 14:22:16 AWST 2024
all.tcl:	Total	1	Passed	1	Skipped	0	Failed	0
Sourced 1 Test Files.
make[1]: Leaving directory '/sources/tcl8.6.13/unix/pkgs/sqlite3.40.0'
Testing package 'tdbc1.1.5'
make[1]: Entering directory '/sources/tcl8.6.13/unix/pkgs/tdbc1.1.5'
TCL_LIBRARY=`echo /sources/tcl8.6.13/library` LD_LIBRARY_PATH="/sources/tcl8.6.13/unix/pkgs/tdbc1.1.5:/sources/tcl8.6.13/unix:../..:" PATH="/sources/tcl8.6.13/unix/pkgs/tdbc1.1.5:/sources/tcl8.6.13/unix:/usr/bin:/usr/sbin" TDBC_LIBRARY=`echo /sources/tcl8.6.13/pkgs/tdbc1.1.5/library` TCLLIBPATH="../../pkgs" ../../tcltest `echo /sources/tcl8.6.13/pkgs/tdbc1.1.5/tests/all.tcl`  \
    -load "package ifneeded tdbc 1.1.5 \
	[list load `echo libtdbc1.1.5.so` [string totitle tdbc]]"
Tests running in interp:  /sources/tcl8.6.13/unix/pkgs/tdbc1.1.5/../../tcltest
Tests located in:  /sources/tcl8.6.13/pkgs/tdbc1.1.5/tests
Tests running in:  /sources/tcl8.6.13/unix/pkgs/tdbc1.1.5
Temporary files stored in /sources/tcl8.6.13/unix/pkgs/tdbc1.1.5
Test files run in separate interpreters
Running tests that match:  *
Skipping test files that match:  l.*.test
Only running test files that match:  *.test
Tests began at Sun Aug 25 14:22:16 AWST 2024
tdbc.test
tokenize.test

Tests ended at Sun Aug 25 14:22:16 AWST 2024
all.tcl:	Total	13	Passed	13	Skipped	0	Failed	0
Sourced 2 Test Files.
make[1]: Leaving directory '/sources/tcl8.6.13/unix/pkgs/tdbc1.1.5'
Testing package 'tdbcmysql1.1.5'
make[1]: Entering directory '/sources/tcl8.6.13/unix/pkgs/tdbcmysql1.1.5'
Tests running in interp:  /sources/tcl8.6.13/unix/pkgs/tdbcmysql1.1.5/../../tcltest
Tests located in:  /sources/tcl8.6.13/pkgs/tdbcmysql1.1.5/tests
Tests running in:  /sources/tcl8.6.13/unix/pkgs/tdbcmysql1.1.5
Temporary files stored in /sources/tcl8.6.13/unix/pkgs/tdbcmysql1.1.5
Test files run in separate interpreters
Running tests that match:  *
Skipping test files that match:  l.*.test
Only running test files that match:  *.test
Tests began at Sun Aug 25 14:22:16 AWST 2024
tdbcmysql.test
Test file error: couldn't load file "libmysql.so.15": libmysql.so.15: cannot open shared object file: No such file or directory
    while executing
"load libtdbcmysql1.1.5.so Tdbcmysql"
    ("package ifneeded tdbc::mysql 1.1.5" script)
    invoked from within
"package require tdbc::mysql"
    (file "/sources/tcl8.6.13/pkgs/tdbcmysql1.1.5/tests/tdbcmysql.test" line 17)

Tests ended at Sun Aug 25 14:22:16 AWST 2024
all.tcl:	Total	0	Passed	0	Skipped	0	Failed	0
Sourced 1 Test Files.

Test files exiting with errors:  

  tdbcmysql.test

make[1]: Leaving directory '/sources/tcl8.6.13/unix/pkgs/tdbcmysql1.1.5'
Testing package 'tdbcodbc1.1.5'
make[1]: Entering directory '/sources/tcl8.6.13/unix/pkgs/tdbcodbc1.1.5'
testing tdbcodbc against SQL Server
testing tdbcodbc against SQLite
TDBCODBC_TEST_TYPE=sqlserver \
	TCL_LIBRARY=`echo /sources/tcl8.6.13/library` LD_LIBRARY_PATH="/sources/tcl8.6.13/unix/pkgs/tdbcodbc1.1.5:/sources/tcl8.6.13/unix:../..:" PATH="/sources/tcl8.6.13/unix/pkgs/tdbcodbc1.1.5:/sources/tcl8.6.13/unix:/usr/bin:/usr/sbin" TDBCODBC_LIBRARY=`echo /sources/tcl8.6.13/pkgs/tdbcodbc1.1.5/library` TDBC_LIBRARY=`echo /sources/tcl8.6.13/pkgs/tdbc1.1.5/library` TCLLIBPATH="../../pkgs" ../../tcltest `echo /sources/tcl8.6.13/pkgs/tdbcodbc1.1.5/tests/all.tcl`  \
	-load "package ifneeded tdbc::odbc 1.1.5 \
		[list source `echo /sources/tcl8.6.13/pkgs/tdbcodbc1.1.5/library/tdbcodbc.tcl`]\;[list load `echo libtdbcodbc1.1.5.so` [string totitle tdbcodbc]]"
testing tdbcodbc against Jet
TDBCODBC_TEST_TYPE=sqlite \
	TCL_LIBRARY=`echo /sources/tcl8.6.13/library` LD_LIBRARY_PATH="/sources/tcl8.6.13/unix/pkgs/tdbcodbc1.1.5:/sources/tcl8.6.13/unix:../..:" PATH="/sources/tcl8.6.13/unix/pkgs/tdbcodbc1.1.5:/sources/tcl8.6.13/unix:/usr/bin:/usr/sbin" TDBCODBC_LIBRARY=`echo /sources/tcl8.6.13/pkgs/tdbcodbc1.1.5/library` TDBC_LIBRARY=`echo /sources/tcl8.6.13/pkgs/tdbc1.1.5/library` TCLLIBPATH="../../pkgs" ../../tcltest `echo /sources/tcl8.6.13/pkgs/tdbcodbc1.1.5/tests/all.tcl`  \
	-load "package ifneeded tdbc::odbc 1.1.5 \
		[list source `echo /sources/tcl8.6.13/pkgs/tdbcodbc1.1.5/library/tdbcodbc.tcl`]\;[list load `echo libtdbcodbc1.1.5.so` [string totitle tdbcodbc]]"
TDBCODBC_TEST_TYPE=jet \
	TCL_LIBRARY=`echo /sources/tcl8.6.13/library` LD_LIBRARY_PATH="/sources/tcl8.6.13/unix/pkgs/tdbcodbc1.1.5:/sources/tcl8.6.13/unix:../..:" PATH="/sources/tcl8.6.13/unix/pkgs/tdbcodbc1.1.5:/sources/tcl8.6.13/unix:/usr/bin:/usr/sbin" TDBCODBC_LIBRARY=`echo /sources/tcl8.6.13/pkgs/tdbcodbc1.1.5/library` TDBC_LIBRARY=`echo /sources/tcl8.6.13/pkgs/tdbc1.1.5/library` TCLLIBPATH="../../pkgs" ../../tcltest `echo /sources/tcl8.6.13/pkgs/tdbcodbc1.1.5/tests/all.tcl`  \
	-load "package ifneeded tdbc::odbc 1.1.5 \
		[list source `echo /sources/tcl8.6.13/pkgs/tdbcodbc1.1.5/library/tdbcodbc.tcl`]\;[list load `echo libtdbcodbc1.1.5.so` [string totitle tdbcodbc]]"
Tests running in interp:  /sources/tcl8.6.13/unix/pkgs/tdbcodbc1.1.5/../../tcltest
Tests located in:  /sources/tcl8.6.13/pkgs/tdbcodbc1.1.5/tests
Tests running in:  /sources/tcl8.6.13/unix/pkgs/tdbcodbc1.1.5
Temporary files stored in /sources/tcl8.6.13/unix/pkgs/tdbcodbc1.1.5
Test files run in separate interpreters
Running tests that match:  *
Skipping test files that match:  l.*.test
Only running test files that match:  *.test
Tests running in interp:  /sources/tcl8.6.13/unix/pkgs/tdbcodbc1.1.5/../../tcltest
Tests located in:  /sources/tcl8.6.13/pkgs/tdbcodbc1.1.5/tests
Tests running in:  /sources/tcl8.6.13/unix/pkgs/tdbcodbc1.1.5
Temporary files stored in /sources/tcl8.6.13/unix/pkgs/tdbcodbc1.1.5
Test files run in separate interpreters
Running tests that match:  *
Skipping test files that match:  l.*.test
Only running test files that match:  *.test
Tests running in interp:  /sources/tcl8.6.13/unix/pkgs/tdbcodbc1.1.5/../../tcltest
Tests located in:  /sources/tcl8.6.13/pkgs/tdbcodbc1.1.5/tests
Tests running in:  /sources/tcl8.6.13/unix/pkgs/tdbcodbc1.1.5
Temporary files stored in /sources/tcl8.6.13/unix/pkgs/tdbcodbc1.1.5
Test files run in separate interpreters
Running tests that match:  *
Skipping test files that match:  l.*.test
Only running test files that match:  *.test
Tests began at Sun Aug 25 14:22:17 AWST 2024
tdbcodbc.test
Tests began at Sun Aug 25 14:22:17 AWST 2024
tdbcodbc.test
Tests began at Sun Aug 25 14:22:17 AWST 2024
tdbcodbc.test
Test file error: couldn't load file "libiodbc.so": libiodbc.so: cannot open shared object file: No such file or directory
    while executing
"load libtdbcodbc1.1.5.so Tdbcodbc"
    ("package ifneeded tdbc::odbc 1.1.5" script)
    invoked from within
"package require tdbc::odbc"
    (file "/sources/tcl8.6.13/pkgs/tdbcodbc1.1.5/tests/tdbcodbc.test" line 16)Test file error: couldn't load file "libiodbc.so": libiodbc.so: cannot open shared object file: No such file or directory
    while executing
"load libtdbcodbc1.1.5.so Tdbcodbc"
    ("package ifneeded tdbc::odbc 1.1.5" script)
    invoked from within
"package require tdbc::odbc"
    (file "/sources/tcl8.6.13/pkgs/tdbcodbc1.1.5/tests/tdbcodbc.test" line 16)


Tests ended at Sun Aug 25 14:22:17 AWST 2024
Tests ended at Sun Aug 25 14:22:17 AWST 2024

all.tcl:	Total	0	Passed	0	Skipped	0	Failed	0
all.tcl:	Total	0	Passed	0	Skipped	0	Failed	0
Sourced 1 Test Files.
Sourced 1 Test Files.

Test files exiting with errors:  

Test files exiting with errors:  


  tdbcodbc.test

  tdbcodbc.test

Test file error: couldn't load file "libiodbc.so": libiodbc.so: cannot open shared object file: No such file or directory
    while executing
"load libtdbcodbc1.1.5.so Tdbcodbc"
    ("package ifneeded tdbc::odbc 1.1.5" script)
    invoked from within
"package require tdbc::odbc"
    (file "/sources/tcl8.6.13/pkgs/tdbcodbc1.1.5/tests/tdbcodbc.test" line 16)

Tests ended at Sun Aug 25 14:22:17 AWST 2024
all.tcl:	Total	0	Passed	0	Skipped	0	Failed	0
Sourced 1 Test Files.

Test files exiting with errors:  

  tdbcodbc.test

make[1]: Leaving directory '/sources/tcl8.6.13/unix/pkgs/tdbcodbc1.1.5'
Testing package 'tdbcpostgres1.1.5'
make[1]: Entering directory '/sources/tcl8.6.13/unix/pkgs/tdbcpostgres1.1.5'
TCL_LIBRARY=`echo /sources/tcl8.6.13/library` LD_LIBRARY_PATH="/sources/tcl8.6.13/unix/pkgs/tdbcpostgres1.1.5:/sources/tcl8.6.13/unix:../..:" PATH="/sources/tcl8.6.13/unix/pkgs/tdbcpostgres1.1.5:/sources/tcl8.6.13/unix:/usr/bin:/usr/sbin" TDBCPOSTGRES_LIBRARY=`echo /sources/tcl8.6.13/pkgs/tdbcpostgres1.1.5/library` TDBC_LIBRARY=`echo /sources/tcl8.6.13/pkgs/tdbc1.1.5/library` TCLLIBPATH="../../pkgs" ../../tcltest `echo /sources/tcl8.6.13/pkgs/tdbcpostgres1.1.5/tests/all.tcl`  \
	-load "package ifneeded tdbc::postgres 1.1.5 \
		[list source `echo /sources/tcl8.6.13/pkgs/tdbcpostgres1.1.5/library/tdbcpostgres.tcl`]\;[list load `echo libtdbcpostgres1.1.5.so` [string totitle tdbcpostgres]]"
Tests running in interp:  /sources/tcl8.6.13/unix/pkgs/tdbcpostgres1.1.5/../../tcltest
Tests located in:  /sources/tcl8.6.13/pkgs/tdbcpostgres1.1.5/tests
Tests running in:  /sources/tcl8.6.13/unix/pkgs/tdbcpostgres1.1.5
Temporary files stored in /sources/tcl8.6.13/unix/pkgs/tdbcpostgres1.1.5
Test files run in separate interpreters
Running tests that match:  *
Skipping test files that match:  l.*.test
Only running test files that match:  *.test
Tests began at Sun Aug 25 14:22:17 AWST 2024
tdbcpostgres.test
Test file error: couldn't load file "libpq.so.5": libpq.so.5: cannot open shared object file: No such file or directory
    while executing
"load libtdbcpostgres1.1.5.so Tdbcpostgres"
    ("package ifneeded tdbc::postgres 1.1.5" script)
    invoked from within
"package require tdbc::postgres"
    (file "/sources/tcl8.6.13/pkgs/tdbcpostgres1.1.5/tests/tdbcpostgres.test" line 15)

Tests ended at Sun Aug 25 14:22:17 AWST 2024
all.tcl:	Total	0	Passed	0	Skipped	0	Failed	0
Sourced 1 Test Files.

Test files exiting with errors:  

  tdbcpostgres.test

make[1]: Leaving directory '/sources/tcl8.6.13/unix/pkgs/tdbcpostgres1.1.5'
Testing package 'tdbcsqlite3-1.1.5'
make[1]: Entering directory '/sources/tcl8.6.13/unix/pkgs/tdbcsqlite3-1.1.5'
TCL_LIBRARY=`echo /sources/tcl8.6.13/library` LD_LIBRARY_PATH="/sources/tcl8.6.13/unix/pkgs/tdbcsqlite3-1.1.5:/sources/tcl8.6.13/unix:../..:" PATH="/sources/tcl8.6.13/unix/pkgs/tdbcsqlite3-1.1.5:/sources/tcl8.6.13/unix:/usr/bin:/usr/sbin" TDBC_LIBRARY=`echo /sources/tcl8.6.13/pkgs/tdbc1.1.5/library` TCLLIBPATH="../../pkgs" ../../tcltest `echo /sources/tcl8.6.13/pkgs/tdbcsqlite3-1.1.5/tests/all.tcl`  \
    -load "package ifneeded tdbc::sqlite3 1.1.5 \
	[list source `echo /sources/tcl8.6.13/pkgs/tdbcsqlite3-1.1.5/library/tdbcsqlite3.tcl`]"
Tests running in interp:       /sources/tcl8.6.13/unix/pkgs/tdbcsqlite3-1.1.5/../../tcltest
Tests running with pwd:        /sources/tcl8.6.13/unix/pkgs/tdbcsqlite3-1.1.5
Tests running in working dir:  /sources/tcl8.6.13/pkgs/tdbcsqlite3-1.1.5/tests
Only running tests that match:        *
Skipping test files that match:       l.*.test
Only sourcing test files that match:  *.test
Tests began at Sun Aug 25 14:22:17 AWST 2024
tdbcsqlite3.test
autoMkindex.test
basic.test
binary.test
case.test
chan.test
chanio.test

Tests ended at Sun Aug 25 14:22:26 AWST 2024
all.tcl:	Total	161	Passed	158	Skipped	3	Failed	0
Sourced 0 Test Files.
Number of tests skipped for each constraint:
	3	knownBug
make[1]: Leaving directory '/sources/tcl8.6.13/unix/pkgs/tdbcsqlite3-1.1.5'
Testing package 'thread2.8.8'
make[1]: Entering directory '/sources/tcl8.6.13/unix/pkgs/thread2.8.8'
TCL_LIBRARY=`echo /sources/tcl8.6.13/library` TCL_THREAD_LIBRARY=`echo /sources/tcl8.6.13/pkgs/thread2.8.8/lib` LD_LIBRARY_PATH=".:/sources/tcl8.6.13/unix:../..:" PATH=".:/sources/tcl8.6.13/unix:/usr/bin:/usr/sbin" TCLLIBPATH="../../pkgs ./../lib" ../../tcltest `echo /sources/tcl8.6.13/pkgs/thread2.8.8/tests/all.tcl`  \
	-load "package ifneeded Thread 2.8.8 \
		[list load `echo libthread2.8.8.so` [string totitle thread]]"
Tcl 8.6.13 tests running in interp:  /sources/tcl8.6.13/unix/pkgs/thread2.8.8/../../tcltest
Tests running in working dir:  /sources/tcl8.6.13/pkgs/thread2.8.8/tests
Only running tests that match:  *
Skipping test files that match:  l.*.test
Only sourcing test files that match:  *.test
Tests began at Sun Aug 25 14:22:26 AWST 2024
Thread 2.8.8
Mainthread id is tid0x7fd9772db080
thread.test
tkt-84be1b5a73.test
tpool.test
tsv.test
ttrace.test

Tests ended at Sun Aug 25 14:22:41 AWST 2024
all.tcl:	Total	138	Passed	122	Skipped	16	Failed	0
Sourced 0 Test Files.
Number of tests skipped for each constraint:
	8	have_gdbm
	8	have_lmdb
make[1]: Leaving directory '/sources/tcl8.6.13/unix/pkgs/thread2.8.8'
clock.test
cmdAH.test
cmdIL.test
WARNING: testWithLimit: wrong limit, result: 4000000

cmdInfo.test
cmdMZ.test
compExpr-old.test
compExpr.test
compile.test
concat.test
config.test
coroutine.test
dcall.test
dict.test
dstring.test
encoding.test
env.test
error.test
eval.test
event.test
exec.test
execute.test
expr-old.test
expr.test
fCmd.test
fileName.test
fileSystem.test
fileSystemEncoding.test
for-old.test
for.test
foreach.test
format.test
get.test
history.test
http.test
Running httpd in thread tid0x7fef5e4e26c0
http11.test
httpPipeline.test
httpold.test
if-old.test
if.test
incr-old.test
incr.test
indexObj.test
info.test
init.test
interp.test
io.test
ioCmd.test
ioTrans.test
iogt.test
join.test
lindex.test
link.test
linsert.test
list.test
listObj.test
llength.test
lmap.test
load.test
lrange.test
lrepeat.test
lreplace.test
lsearch.test
lset.test
lsetComp.test
macOSXFCmd.test
macOSXLoad.test
main.test
mathop.test
misc.test
msgcat.test
namespace-old.test
namespace.test
notify.test
nre.test
obj.test
oo.test
ooNext2.test
opt.test
package.test
parse.test
parseExpr.test
parseOld.test
pid.test
pkgMkIndex.test
platform.test
proc-old.test
proc.test
pwd.test
reg.test
regexp.test
regexpComp.test
registry.test
rename.test
resolver.test
result.test
safe-stock.test
safe.test
scan.test
security.test
set-old.test
set.test
socket.test
source.test
split.test
stack.test
string.test
stringComp.test
stringObj.test
subst.test
switch.test
tailcall.test
tcltest.test
thread.test
timer.test
tm.test
trace.test
unixFCmd.test
unixFile.test
unixForkEvent.test
unixInit.test
unixNotfy.test
unknown.test
unload.test
uplevel.test
upvar.test
utf.test
util.test
var.test
while-old.test
while.test
winConsole.test
winDde.test
winFCmd.test
winFile.test
winNotify.test
winPipe.test
winTime.test
zlib.test

Tests ended at Sun Aug 25 14:26:47 AWST 2024
all.tcl:	Total	34591	Passed	31165	Skipped	3426	Failed	0
Sourced 151 Test Files.
Number of tests skipped for each constraint:
	9	!ieeeFloatingPoint
	3	asyncPipeChan
	76	bigEndian
	5	bug-3057639
	49	dde
	1	dontCopyLinks
	62	emptyTest
	58	fullutf
	2	hasIsoLocale
	1	knownBadTest
	42	knownBug
	100	localeRegexp
	9	localhost_v6
	48	longIs32bit
	14	macosxFileAttr
	85	memory
	43	nonPortable
	258	notRoot
	1	notValgrind
	4	nt
	1	pairsTo4bytes
	2	pre388
	1996	serverNeeded
	1	testWithLimit
	1	testexprparser && !ieeeFloatingPoint
	1	testwinclock
	2	unthreaded
	17	utf16
	21	utf32
	2	wideBiggerThanInt
	494	win
	1	winLessThan10
	4	winVista
	2	xdev
Making directory /usr/lib/tcl8.6
Making directory /usr/lib/tcl8.6/msgs
Making directory /usr/share/man/mann
Installing libtcl8.6.so to /usr/lib/
Installing header files to /usr/include/
Configuring package 'itcl4.2.3'
Configuring package 'sqlite3.40.0'
Configuring package 'tdbc1.1.5'
Configuring package 'tdbcmysql1.1.5'
Making directory /usr/lib/tcl8.6/../tcl8
Configuring package 'tdbcodbc1.1.5'
Installing and cross-linking top-level (.1) docs to /usr/share/man/man1/
Installing message catalog files to /usr/lib/tcl8.6/msgs/
Configuring package 'tdbcpostgres1.1.5'
Configuring package 'tdbcsqlite3-1.1.5'
Installing tclsh as /usr/bin/tclsh8.6
Configuring package 'thread2.8.8'
Building package 'itcl4.2.3'
Making directory /usr/lib/tcl8.6/opt0.4
Installing and cross-linking C API (.3) docs to /usr/share/man/man3/
make[1]: Entering directory '/sources/tcl8.6.13/unix/pkgs/itcl4.2.3'
make[1]: Nothing to be done for 'all'.
make[1]: Leaving directory '/sources/tcl8.6.13/unix/pkgs/itcl4.2.3'
Building package 'sqlite3.40.0'
Installing tclConfig.sh to /usr/lib/
make[1]: Entering directory '/sources/tcl8.6.13/unix/pkgs/sqlite3.40.0'
If you have documentation to create, place the commands to
build the docs in the 'doc:' target.  For example:
        xml2nroff sample.xml > sample.n
        xml2html sample.xml > sample.html
make[1]: Leaving directory '/sources/tcl8.6.13/unix/pkgs/sqlite3.40.0'
Building package 'tdbc1.1.5'
Making directory /usr/lib/tcl8.6/http1.0
Installing tclooConfig.sh to /usr/lib/
make[1]: Entering directory '/sources/tcl8.6.13/unix/pkgs/tdbc1.1.5'
make[1]: Nothing to be done for 'all'.
make[1]: Leaving directory '/sources/tcl8.6.13/unix/pkgs/tdbc1.1.5'
Building package 'tdbcmysql1.1.5'
make[1]: Entering directory '/sources/tcl8.6.13/unix/pkgs/tdbcmysql1.1.5'
make[1]: Nothing to be done for 'all'.
make[1]: Leaving directory '/sources/tcl8.6.13/unix/pkgs/tdbcmysql1.1.5'
Building package 'tdbcodbc1.1.5'
Installing libtclstub8.6.a to /usr/lib/
make[1]: Entering directory '/sources/tcl8.6.13/unix/pkgs/tdbcodbc1.1.5'
make[1]: Nothing to be done for 'all'.
make[1]: Leaving directory '/sources/tcl8.6.13/unix/pkgs/tdbcodbc1.1.5'
Building package 'tdbcpostgres1.1.5'
Making directory /usr/lib/tcl8.6/encoding
make[1]: Entering directory '/sources/tcl8.6.13/unix/pkgs/tdbcpostgres1.1.5'
make[1]: Nothing to be done for 'all'.
make[1]: Leaving directory '/sources/tcl8.6.13/unix/pkgs/tdbcpostgres1.1.5'
Building package 'tdbcsqlite3-1.1.5'
Installing pkg-config file to /usr/lib/pkgconfig/
make[1]: Entering directory '/sources/tcl8.6.13/unix/pkgs/tdbcsqlite3-1.1.5'
make[1]: Nothing to be done for 'all'.
make[1]: Leaving directory '/sources/tcl8.6.13/unix/pkgs/tdbcsqlite3-1.1.5'
Building package 'thread2.8.8'
make[1]: Entering directory '/sources/tcl8.6.13/unix/pkgs/thread2.8.8'
make[1]: Nothing to be done for 'all'.
make[1]: Leaving directory '/sources/tcl8.6.13/unix/pkgs/thread2.8.8'
Installing package 'itcl4.2.3'
Making directory /usr/lib/tcl8.6/../tcl8/8.4
make[1]: Entering directory '/sources/tcl8.6.13/unix/pkgs/itcl4.2.3'
Installing header files in /usr/include
Installing /sources/tcl8.6.13/pkgs/itcl4.2.3/generic/itcl.h
Installing documentation in /usr/share/man
Making directory /usr/lib/tcl8.6/../tcl8/8.4/platform
Installing body.n
Installing /sources/tcl8.6.13/pkgs/itcl4.2.3/generic/itclDecls.h
 /bin/sh /sources/tcl8.6.13/pkgs/itcl4.2.3/tclconfig/install-sh -c  -m 644 libitcl4.2.3.so /usr/lib/itcl4.2.3/libitcl4.2.3.so
Installing /sources/tcl8.6.13/pkgs/itcl4.2.3/generic/itclInt.h
Installing class.n
Making directory /usr/lib/tcl8.6/../tcl8/8.5
Installing /sources/tcl8.6.13/pkgs/itcl4.2.3/generic/itclMigrate2TclCore.h
 /bin/sh /sources/tcl8.6.13/pkgs/itcl4.2.3/tclconfig/install-sh -c  -m 644 libitclstub4.2.3.a /usr/lib/itcl4.2.3/libitclstub4.2.3.a
Installing /sources/tcl8.6.13/pkgs/itcl4.2.3/generic/itclTclIntStubsFcn.h
Making directory /usr/lib/tcl8.6/../tcl8/8.6
Installing code.n
 Install itcl.tcl /usr/lib/itcl4.2.3/itcl.tcl
Installing /sources/tcl8.6.13/pkgs/itcl4.2.3/generic/itcl2TclOO.h
Installing configbody.n
Installing library files to /usr/lib/tcl8.6/
Installing /sources/tcl8.6.13/pkgs/itcl4.2.3/generic/itclIntDecls.h
 Install itclWidget.tcl /usr/lib/itcl4.2.3/itclWidget.tcl
Installing delete.n
 Install itclHullCmds.tcl /usr/lib/itcl4.2.3/itclHullCmds.tcl
Installing ensemble.n
 Install pkgIndex.tcl /usr/lib/itcl4.2.3
Installing find.n
/bin/sh /sources/tcl8.6.13/pkgs/itcl4.2.3/tclconfig/install-sh -c  -m 644 itclConfig.sh "/usr/lib/itcl4.2.3"
Installing is.n
Installing itcl.n
Installing itclcomponent.n
Installing itcldelegate.n
Installing itclextendedclass.n
Installing package http1.0 files to /usr/lib/tcl8.6/http1.0/
Installing itcloption.n
Installing package http 2.9.8 as a Tcl Module
Installing itclvars.n
Installing package opt0.4 files to /usr/lib/tcl8.6/opt0.4/
Installing itclwidget.n
Installing local.n
Installing package msgcat 1.6.1 as a Tcl Module
Installing scope.n
Installing package tcltest 2.5.5 as a Tcl Module
make[1]: Leaving directory '/sources/tcl8.6.13/unix/pkgs/itcl4.2.3'
Installing package 'sqlite3.40.0'
Installing package platform 1.0.19 as a Tcl Module
make[1]: Entering directory '/sources/tcl8.6.13/unix/pkgs/sqlite3.40.0'
If you have documentation to create, place the commands to
build the docs in the 'doc:' target.  For example:
 /bin/sh /sources/tcl8.6.13/pkgs/sqlite3.40.0/tclconfig/install-sh -c  -m 644 libsqlite3.40.0.so /usr/lib/sqlite3.40.0/libsqlite3.40.0.so
        xml2nroff sample.xml > sample.n
/bin/sh /sources/tcl8.6.13/pkgs/sqlite3.40.0/tclconfig/install-sh -c  -m 755 /sources/tcl8.6.13/pkgs/sqlite3.40.0/compat/sqlite3/spaceanal.tcl "/usr/bin/sqlite3_analyzer"
        xml2html sample.xml > sample.html
Installing header files in /usr/include
Installing package platform::shell 1.1.4 as a Tcl Module
Installing documentation in /usr/share/man
Installing /sources/tcl8.6.13/pkgs/sqlite3.40.0/doc/sqlite3.n
 : /usr/lib/sqlite3.40.0/libsqlite3.40.0.so
Installing encoding files to /usr/lib/tcl8.6/encoding/
 Install pkgIndex.tcl /usr/lib/sqlite3.40.0
make[1]: Leaving directory '/sources/tcl8.6.13/unix/pkgs/sqlite3.40.0'
Installing package 'tdbc1.1.5'
make[1]: Entering directory '/sources/tcl8.6.13/unix/pkgs/tdbc1.1.5'
Installing header files in /usr/include
Installing documentation in /usr/share/man
Installing /sources/tcl8.6.13/pkgs/tdbc1.1.5/generic/tdbc.h
Installing /sources/tcl8.6.13/pkgs/tdbc1.1.5/doc/Tdbc_Init.3
Installing /sources/tcl8.6.13/pkgs/tdbc1.1.5/generic/tdbcInt.h
 /bin/sh /sources/tcl8.6.13/pkgs/tdbc1.1.5/tclconfig/install-sh -c  -m 644 libtdbc1.1.5.so /usr/lib/tdbc1.1.5/libtdbc1.1.5.so
Installing /sources/tcl8.6.13/pkgs/tdbc1.1.5/doc/tdbc.n
Installing /sources/tcl8.6.13/pkgs/tdbc1.1.5/generic/tdbcDecls.h
Installing /sources/tcl8.6.13/pkgs/tdbc1.1.5/doc/tdbc_connection.n
 /bin/sh /sources/tcl8.6.13/pkgs/tdbc1.1.5/tclconfig/install-sh -c  -m 644 libtdbcstub1.1.5.a /usr/lib/tdbc1.1.5/libtdbcstub1.1.5.a
Installing /sources/tcl8.6.13/pkgs/tdbc1.1.5/doc/tdbc_mapSqlState.n
 Install tdbc.tcl /usr/lib/tdbc1.1.5/tdbc.tcl
Installing /sources/tcl8.6.13/pkgs/tdbc1.1.5/doc/tdbc_resultset.n
Installing /sources/tcl8.6.13/pkgs/tdbc1.1.5/doc/tdbc_statement.n
 Install pkgIndex.tcl /usr/lib/tdbc1.1.5
Installing /sources/tcl8.6.13/pkgs/tdbc1.1.5/doc/tdbc_tokenize.n
 Install tdbcConfig.sh /usr/lib/tdbc1.1.5
make[1]: Leaving directory '/sources/tcl8.6.13/unix/pkgs/tdbc1.1.5'
Installing package 'tdbcmysql1.1.5'
make[1]: Entering directory '/sources/tcl8.6.13/unix/pkgs/tdbcmysql1.1.5'
Installing header files in /usr/include
Installing documentation in /usr/share/man
Installing /sources/tcl8.6.13/pkgs/tdbcmysql1.1.5/generic/fakemysql.h
Installing /sources/tcl8.6.13/pkgs/tdbcmysql1.1.5/doc/tdbc_mysql.n
 /bin/sh /sources/tcl8.6.13/pkgs/tdbcmysql1.1.5/tclconfig/install-sh -c  -m 644 libtdbcmysql1.1.5.so /usr/lib/tdbcmysql1.1.5/libtdbcmysql1.1.5.so
Installing /sources/tcl8.6.13/pkgs/tdbcmysql1.1.5/generic/mysqlStubs.h
 Install tdbcmysql.tcl /usr/lib/tdbcmysql1.1.5/tdbcmysql.tcl
 Install pkgIndex.tcl /usr/lib/tdbcmysql1.1.5
make[1]: Leaving directory '/sources/tcl8.6.13/unix/pkgs/tdbcmysql1.1.5'
Installing package 'tdbcodbc1.1.5'
make[1]: Entering directory '/sources/tcl8.6.13/unix/pkgs/tdbcodbc1.1.5'
Installing header files in /usr/include
Installing documentation in /usr/share/man
Installing /sources/tcl8.6.13/pkgs/tdbcodbc1.1.5/generic/fakesql.h
Installing /sources/tcl8.6.13/pkgs/tdbcodbc1.1.5/doc/tdbc_odbc.n
 /bin/sh /sources/tcl8.6.13/pkgs/tdbcodbc1.1.5/tclconfig/install-sh -c  -m 644 libtdbcodbc1.1.5.so /usr/lib/tdbcodbc1.1.5/libtdbcodbc1.1.5.so
Installing /sources/tcl8.6.13/pkgs/tdbcodbc1.1.5/generic/odbcStubs.h
 Install tdbcodbc.tcl /usr/lib/tdbcodbc1.1.5/tdbcodbc.tcl
 Install pkgIndex.tcl /usr/lib/tdbcodbc1.1.5
make[1]: Leaving directory '/sources/tcl8.6.13/unix/pkgs/tdbcodbc1.1.5'
Installing package 'tdbcpostgres1.1.5'
make[1]: Entering directory '/sources/tcl8.6.13/unix/pkgs/tdbcpostgres1.1.5'
Installing header files in /usr/include
Installing /sources/tcl8.6.13/pkgs/tdbcpostgres1.1.5/generic/fakepq.h
Installing documentation in /usr/share/man
Installing /sources/tcl8.6.13/pkgs/tdbcpostgres1.1.5/doc/tdbc_postgres.n
 /bin/sh /sources/tcl8.6.13/pkgs/tdbcpostgres1.1.5/tclconfig/install-sh -c  -m 644 libtdbcpostgres1.1.5.so /usr/lib/tdbcpostgres1.1.5/libtdbcpostgres1.1.5.so
Installing /sources/tcl8.6.13/pkgs/tdbcpostgres1.1.5/generic/pqStubs.h
 Install tdbcpostgres.tcl /usr/lib/tdbcpostgres1.1.5/tdbcpostgres.tcl
 Install pkgIndex.tcl /usr/lib/tdbcpostgres1.1.5
make[1]: Leaving directory '/sources/tcl8.6.13/unix/pkgs/tdbcpostgres1.1.5'
Installing package 'tdbcsqlite3-1.1.5'
make[1]: Entering directory '/sources/tcl8.6.13/unix/pkgs/tdbcsqlite3-1.1.5'
Installing documentation in /usr/share/man
Installing /sources/tcl8.6.13/pkgs/tdbcsqlite3-1.1.5/doc/tdbc_sqlite3.n
/bin/sh /sources/tcl8.6.13/pkgs/tdbcsqlite3-1.1.5/tclconfig/install-sh -c  -m 644 /sources/tcl8.6.13/pkgs/tdbcsqlite3-1.1.5/library/tdbcsqlite3.tcl \
    /usr/lib/tcl8/8.6/`echo tdbcsqlite3 | sed s=tdbc=tdbc/=`-1.1.5.tm
make[1]: Leaving directory '/sources/tcl8.6.13/unix/pkgs/tdbcsqlite3-1.1.5'
Installing package 'thread2.8.8'
make[1]: Entering directory '/sources/tcl8.6.13/unix/pkgs/thread2.8.8'
Installing documentation in /usr/share/man
Installing header files in /usr/include
Installing /sources/tcl8.6.13/pkgs/thread2.8.8/doc/man/thread.n
Installing /sources/tcl8.6.13/pkgs/thread2.8.8/generic/tclThread.h
Installing /sources/tcl8.6.13/pkgs/thread2.8.8/doc/man/tpool.n
 /bin/sh /sources/tcl8.6.13/pkgs/thread2.8.8/tclconfig/install-sh -c  -m 644 libthread2.8.8.so /usr/lib/thread2.8.8/libthread2.8.8.so
Installing /sources/tcl8.6.13/pkgs/thread2.8.8/doc/man/tsv.n
 : /usr/lib/thread2.8.8/libthread2.8.8.so
Installing /sources/tcl8.6.13/pkgs/thread2.8.8/doc/man/ttrace.n
 Install ttrace.tcl /usr/lib/thread2.8.8/ttrace.tcl
 Install pkgIndex.tcl /usr/lib/thread2.8.8
make[1]: Leaving directory '/sources/tcl8.6.13/unix/pkgs/thread2.8.8'
Installing and cross-linking command (.n) docs to /usr/share/man/mann/
