Starting make in the src directory.
If there are problems, cd to the src directory and run make there
cd src && make install
make[1]: Entering directory '/sources/vim-9.1.0041/src'
if test -f /usr/bin/vim; then \
  mv -f /usr/bin/vim /usr/bin/vim.rm; \
  rm -f /usr/bin/vim.rm; \
fi
cp vimtutor /usr/bin/vimtutor
/bin/sh install-sh -c -d /usr/share/vim
/bin/sh install-sh -c -d /usr/share/vim/vim91
/bin/sh install-sh -c -d /usr/share/vim/vim91/doc
/bin/sh install-sh -c -d /usr/share/vim/vim91/print
/bin/sh install-sh -c -d /usr/share/vim/vim91/colors
chmod 755 /usr/bin/vimtutor
/bin/sh install-sh -c -d /usr/share/vim/vim91/syntax
cp vim /usr/bin
/bin/sh install-sh -c -d /usr/share/vim/vim91/syntax/modula2
chmod 755 /usr/share/vim
chmod 755 /usr/share/vim/vim91
chmod 755 /usr/share/vim/vim91/doc
chmod 755 /usr/share/vim/vim91/print
chmod 755 /usr/share/vim/vim91/colors
/bin/sh install-sh -c -d /usr/share/vim/vim91/syntax/modula2/opt
/bin/sh install-sh -c -d /usr/share/vim/vim91/syntax/shared
chmod 755 /usr/share/vim/vim91/syntax
/bin/sh install-sh -c -d /usr/share/vim/vim91/indent
/bin/sh install-sh -c -d /usr/share/vim/vim91/ftplugin
/bin/sh install-sh -c -d /usr/share/vim/vim91/autoload
/bin/sh install-sh -c -d /usr/share/vim/vim91/autoload/dist
chmod 755 /usr/share/vim/vim91/syntax/modula2
chmod 755 /usr/share/vim/vim91/syntax/shared
/bin/sh install-sh -c -d /usr/share/vim/vim91/autoload/xml
strip /usr/bin/vim
/bin/sh install-sh -c -d /usr/share/vim/vim91/autoload/zig
chmod 755 /usr/share/vim/vim91/indent
/bin/sh install-sh -c -d /usr/share/vim/vim91/import
chmod 755 /usr/share/vim/vim91/ftplugin
chmod 755 /usr/share/vim/vim91/autoload
chmod 755 /usr/share/vim/vim91/syntax/modula2/opt
/bin/sh install-sh -c -d /usr/share/vim/vim91/import/dist
/bin/sh install-sh -c -d /usr/share/vim/vim91/plugin
/bin/sh install-sh -c -d /usr/share/vim/vim91/tutor
chmod 755 /usr/share/vim/vim91/autoload/dist
/bin/sh install-sh -c -d /usr/share/vim/vim91/spell
chmod 755 /usr/share/vim/vim91/autoload/xml
/bin/sh install-sh -c -d /usr/share/vim/vim91/compiler
chmod 755 /usr/share/vim/vim91/autoload/zig
/bin/sh install-sh -c -d /usr/share/vim/vim91/macros
chmod 755 /usr/share/vim/vim91/import
/bin/sh install-sh -c -d /usr/share/vim/vim91/pack
chmod 755 /usr/share/vim/vim91/plugin
chmod 755 /usr/share/vim/vim91/import/dist
chmod 755 /usr/share/vim/vim91/tutor
cd /usr/bin; ln -s vim ex
chmod 755 /usr/share/vim/vim91/spell
cd /usr/bin; ln -s vim view
cd /usr/bin; ln -s vim rvim
cd /usr/bin; ln -s vim rview
cd /usr/bin; ln -s vim vimdiff
/bin/sh ./installml.sh install "" \
	/usr/share/man/man1 vim vimdiff evim ex view rvim rview gvim gview rgvim rgview gvimdiff eview
/bin/sh install-sh -c -d /usr/share/vim/vim91/tools
/bin/sh ./installman.sh xxd /usr/share/man/da/man1 "-da" /usr/share/vim /usr/share/vim/vim91 /usr/share/vim ../runtime/doc 644 vim vimdiff evim
chmod 755 /usr/share/vim/vim91/compiler
/bin/sh install-sh -c -d /usr/share/vim/vim91/lang
chmod 755 /usr/share/vim/vim91/macros
/bin/sh install-sh -c -d /usr/share/vim/vim91/keymap
if test -n ""; then \
	/bin/sh install-sh -c -d /usr/share/icons/hicolor/48x48/apps /usr/share/icons/locolor/32x32/apps \
	/usr/share/icons/locolor/16x16/apps /usr/share/applications; \
fi
chmod 755 /usr/share/vim/vim91/pack
/bin/sh ./installman.sh install /usr/share/man/man1 "" /usr/share/vim /usr/share/vim/vim91 /usr/share/vim ../runtime/doc 644 vim vimdiff evim
if test -d /usr/share/icons/hicolor/48x48/apps -a -w /usr/share/icons/hicolor/48x48/apps \
	-a ! -f /usr/share/icons/hicolor/48x48/apps/gvim.png; then \
   cp ../runtime/vim48x48.png /usr/share/icons/hicolor/48x48/apps/gvim.png; \
   if test -z "" -a -x "" \
	   -a -w /usr/share/icons/hicolor \
	   -a -f /usr/share/icons/hicolor/index.theme; then \
	 -q /usr/share/icons/hicolor; \
   fi \
fi
make[2]: Entering directory '/sources/vim-9.1.0041/src/po'
make[2]: Nothing to be done for 'first'.
make[2]: Leaving directory '/sources/vim-9.1.0041/src/po'
if test -d /usr/share/icons/locolor/32x32/apps -a -w /usr/share/icons/locolor/32x32/apps \
	-a ! -f /usr/share/icons/locolor/32x32/apps/gvim.png; then \
   cp ../runtime/vim32x32.png /usr/share/icons/locolor/32x32/apps/gvim.png; \
fi
installing /usr/share/man/man1/vim.1
if test -d /usr/share/icons/locolor/16x16/apps -a -w /usr/share/icons/locolor/16x16/apps \
	-a ! -f /usr/share/icons/locolor/16x16/apps/gvim.png; then \
   cp ../runtime/vim16x16.png /usr/share/icons/locolor/16x16/apps/gvim.png; \
fi
if test -d /usr/share/applications -a -w /usr/share/applications; then \
   if test -f po/vim.desktop -a -f po/gvim.desktop; then \
	cp po/vim.desktop po/gvim.desktop \
		/usr/share/applications; \
   else \
	cp ../runtime/vim.desktop \
		../runtime/gvim.desktop \
		/usr/share/applications; \
   fi; \
   if test -z "" -a -x ""; then \
       -q /usr/share/applications; \
   fi \
fi
make[2]: Entering directory '/sources/vim-9.1.0041/src/po'
make[2]: Nothing to be done for 'converted'.
make[2]: Leaving directory '/sources/vim-9.1.0041/src/po'
cp -r ../runtime/macros/* /usr/share/vim/vim91/macros
chmod 755 /usr/share/vim/vim91/tools
cp -r ../runtime/pack/* /usr/share/vim/vim91/pack
installing /usr/share/man/man1/vimtutor.1
cp ../runtime/tutor/README* ../runtime/tutor/tutor* /usr/share/vim/vim91/tutor
/bin/sh ./installman.sh xxd /usr/share/man/da.ISO8859-1/man1 "-da" /usr/share/vim /usr/share/vim/vim91 /usr/share/vim ../runtime/doc 644 vim vimdiff evim
chmod 755 /usr/share/vim/vim91/lang
chmod 755 /usr/share/vim/vim91/keymap
if test -f ../runtime/spell/en.latin1.spl; then \
  cp ../runtime/spell/*.spl ../runtime/spell/*.sug ../runtime/spell/*.vim /usr/share/vim/vim91/spell; \
  chmod 644 /usr/share/vim/vim91/spell/*.spl /usr/share/vim/vim91/spell/*.sug /usr/share/vim/vim91/spell/*.vim; \
fi
installing /usr/share/man/man1/vimdiff.1
/bin/sh ./installman.sh install /usr/share/man/da/man1 "-da" /usr/share/vim /usr/share/vim/vim91 /usr/share/vim ../runtime/doc 644 vim vimdiff evim
creating /usr/share/man/da.ISO8859-1/man1
installing /usr/share/man/man1/evim.1
installing /usr/share/man/da/man1/vim.1
cd ../runtime/doc; if test -z "" -a -f tags; then \
	mv -f tags tags.dist; fi
generating help tags
# We can assume Vim was build, but it may not have been installed,
# thus use the executable in the current directory.
installing /usr/share/man/da/man1/vimtutor.1
make[2]: Entering directory '/sources/vim-9.1.0041/runtime/doc'
installing /usr/share/man/da/man1/vimdiff.1
chmod 755 `find /usr/share/vim/vim91/macros -type d -print`
/bin/sh ./installman.sh xxd /usr/share/man/da.UTF-8/man1 "-da.UTF-8" /usr/share/vim /usr/share/vim/vim91 /usr/share/vim ../runtime/doc 644 vim vimdiff evim
/bin/sh ./installman.sh install /usr/share/man/da.ISO8859-1/man1 "-da" /usr/share/vim /usr/share/vim/vim91 /usr/share/vim ../runtime/doc 644 vim vimdiff evim
chmod 644 `find /usr/share/vim/vim91/macros -type f -print`
creating /usr/share/man/da.UTF-8/man1
installing /usr/share/man/da.ISO8859-1/man1/vim.1
chmod 755 `find /usr/share/vim/vim91/pack -type d -print`
chmod 755 /usr/share/vim/vim91/macros/less.sh
cvs=`find /usr/share/vim/vim91/macros \( -name CVS -o -name AAPDIR -o -name "*.info" \) -print`; \
      if test -n "$cvs"; then \
	 rm -rf $cvs; \
      fi
installing /usr/share/man/da.ISO8859-1/man1/vimtutor.1
rm -f /usr/share/vim/vim91/tutor/*.info
chmod 644 `find /usr/share/vim/vim91/pack -type f -print`
installing /usr/share/man/da.ISO8859-1/man1/vimdiff.1
chmod 644 /usr/share/vim/vim91/tutor/*
/bin/sh ./installman.sh install /usr/share/man/da.UTF-8/man1 "-da.UTF-8" /usr/share/vim /usr/share/vim/vim91 /usr/share/vim ../runtime/doc 644 vim vimdiff evim
installing /usr/share/man/da.UTF-8/man1/vim.1
/bin/sh ./installman.sh xxd /usr/share/man/de/man1 "-de" /usr/share/vim /usr/share/vim/vim91 /usr/share/vim ../runtime/doc 644 vim vimdiff evim
installing /usr/share/man/da.UTF-8/man1/vimtutor.1
installing /usr/share/man/da.UTF-8/man1/vimdiff.1
/bin/sh ./installman.sh xxd /usr/share/man/de.ISO8859-1/man1 "-de" /usr/share/vim /usr/share/vim/vim91 /usr/share/vim ../runtime/doc 644 vim vimdiff evim
/bin/sh ./installman.sh install /usr/share/man/de/man1 "-de" /usr/share/vim /usr/share/vim/vim91 /usr/share/vim ../runtime/doc 644 vim vimdiff evim
creating /usr/share/man/de.ISO8859-1/man1
installing /usr/share/man/de/man1/vim.1
make[2]: Leaving directory '/sources/vim-9.1.0041/runtime/doc'
cd ../runtime/doc; \
	files=`ls *.txt tags`; \
	files="$files `ls *.??x tags-?? 2>/dev/null || true`"; \
	cp $files  /usr/share/vim/vim91/doc; \
	cd /usr/share/vim/vim91/doc; \
	chmod 644 $files
/bin/sh ./installman.sh install /usr/share/man/de.ISO8859-1/man1 "-de" /usr/share/vim /usr/share/vim/vim91 /usr/share/vim ../runtime/doc 644 vim vimdiff evim
/bin/sh ./installman.sh xxd /usr/share/man/de.UTF-8/man1 "-de.UTF-8" /usr/share/vim /usr/share/vim/vim91 /usr/share/vim ../runtime/doc 644 vim vimdiff evim
installing /usr/share/man/de.ISO8859-1/man1/vim.1
creating /usr/share/man/de.UTF-8/man1
/bin/sh ./installman.sh install /usr/share/man/de.UTF-8/man1 "-de.UTF-8" /usr/share/vim /usr/share/vim/vim91 /usr/share/vim ../runtime/doc 644 vim vimdiff evim
creating /usr/share/man/de.UTF-8/man1
/bin/sh ./installman.sh xxd /usr/share/man/fr/man1 "-fr" /usr/share/vim /usr/share/vim/vim91 /usr/share/vim ../runtime/doc 644 vim vimdiff evim
installing /usr/share/man/de.UTF-8/man1/vim.1
installing /usr/share/man/fr/man1/xxd.1
cp  ../runtime/doc/*.pl /usr/share/vim/vim91/doc
/bin/sh ./installman.sh install /usr/share/man/fr/man1 "-fr" /usr/share/vim /usr/share/vim/vim91 /usr/share/vim ../runtime/doc 644 vim vimdiff evim
chmod 755 /usr/share/vim/vim91/doc/*.pl
installing /usr/share/man/fr/man1/vim.1
cd ../runtime/doc; if test -f tags.dist; then mv -f tags.dist tags; fi
/bin/sh ./installman.sh xxd /usr/share/man/fr.ISO8859-1/man1 "-fr" /usr/share/vim /usr/share/vim/vim91 /usr/share/vim ../runtime/doc 644 vim vimdiff evim
cp ../runtime/menu.vim /usr/share/vim/vim91/menu.vim
creating /usr/share/man/fr.ISO8859-1/man1
chmod 644 /usr/share/vim/vim91/menu.vim
installing /usr/share/man/fr/man1/vimtutor.1
cp ../runtime/synmenu.vim /usr/share/vim/vim91/synmenu.vim
chmod 644 /usr/share/vim/vim91/synmenu.vim
cp ../runtime/delmenu.vim /usr/share/vim/vim91/delmenu.vim
installing /usr/share/man/fr/man1/vimdiff.1
chmod 644 /usr/share/vim/vim91/delmenu.vim
cp ../runtime/defaults.vim /usr/share/vim/vim91/defaults.vim
chmod 644 /usr/share/vim/vim91/defaults.vim
installing /usr/share/man/fr/man1/evim.1
cp ../runtime/evim.vim /usr/share/vim/vim91/evim.vim
chmod 644 /usr/share/vim/vim91/evim.vim
cp ../runtime/mswin.vim /usr/share/vim/vim91/mswin.vim
chmod 644 /usr/share/vim/vim91/mswin.vim
/bin/sh ./installman.sh install /usr/share/man/fr.ISO8859-1/man1 "-fr" /usr/share/vim /usr/share/vim/vim91 /usr/share/vim ../runtime/doc 644 vim vimdiff evim
cp ../runtime/bugreport.vim /usr/share/vim/vim91/bugreport.vim
chmod 644 /usr/share/vim/vim91/bugreport.vim
cp ../runtime/vimrc_example.vim /usr/share/vim/vim91
installing /usr/share/man/fr.ISO8859-1/man1/vim.1
chmod 644 /usr/share/vim/vim91/vimrc_example.vim
installing /usr/share/man/fr.ISO8859-1/man1/xxd.1
cp ../runtime/gvimrc_example.vim /usr/share/vim/vim91
chmod 644 /usr/share/vim/vim91/gvimrc_example.vim
cp ../runtime/filetype.vim /usr/share/vim/vim91/filetype.vim
/bin/sh ./installman.sh xxd /usr/share/man/fr.UTF-8/man1 "-fr.UTF-8" /usr/share/vim /usr/share/vim/vim91 /usr/share/vim ../runtime/doc 644 vim vimdiff evim
chmod 644 /usr/share/vim/vim91/filetype.vim
installing /usr/share/man/fr.ISO8859-1/man1/vimtutor.1
cp ../runtime/ftoff.vim /usr/share/vim/vim91/ftoff.vim
chmod 644 /usr/share/vim/vim91/ftoff.vim
creating /usr/share/man/fr.UTF-8/man1
cp ../runtime/scripts.vim /usr/share/vim/vim91/scripts.vim
installing /usr/share/man/fr.ISO8859-1/man1/vimdiff.1
chmod 644 /usr/share/vim/vim91/scripts.vim
cp ../runtime/ftplugin.vim /usr/share/vim/vim91/ftplugin.vim
chmod 644 /usr/share/vim/vim91/ftplugin.vim
installing /usr/share/man/fr.ISO8859-1/man1/evim.1
cp ../runtime/ftplugof.vim /usr/share/vim/vim91/ftplugof.vim
chmod 644 /usr/share/vim/vim91/ftplugof.vim
cp ../runtime/indent.vim /usr/share/vim/vim91/indent.vim
/bin/sh ./installman.sh install /usr/share/man/fr.UTF-8/man1 "-fr.UTF-8" /usr/share/vim /usr/share/vim/vim91 /usr/share/vim ../runtime/doc 644 vim vimdiff evim
chmod 644 /usr/share/vim/vim91/indent.vim
cp ../runtime/indoff.vim /usr/share/vim/vim91/indoff.vim
chmod 755 /usr/bin/vim
chmod 644 /usr/share/vim/vim91/indoff.vim
cp ../runtime/optwin.vim /usr/share/vim/vim91/optwin.vim
creating /usr/share/man/fr.UTF-8/man1
chmod 644 /usr/share/vim/vim91/optwin.vim
cd ../runtime/print; cp *.ps /usr/share/vim/vim91/print
installing /usr/share/man/fr.UTF-8/man1/xxd.1
cd /usr/share/vim/vim91/print; chmod 644 *.ps
/bin/sh ./installman.sh xxd /usr/share/man/it/man1 "-it" /usr/share/vim /usr/share/vim/vim91 /usr/share/vim ../runtime/doc 644 vim vimdiff evim
cd ../runtime/colors; cp -r *.vim lists tools README.txt /usr/share/vim/vim91/colors
creating /usr/share/man/it/man1
installing /usr/share/man/fr.UTF-8/man1/vim.1
cd /usr/share/vim/vim91/colors; chmod 755 lists tools
cd /usr/share/vim/vim91/colors; chmod 644 *.vim README.txt lists/*.vim tools/*.vim
cd ../runtime/syntax; cp *.vim README.txt /usr/share/vim/vim91/syntax
installing /usr/share/man/fr.UTF-8/man1/vimtutor.1
installing /usr/share/man/fr.UTF-8/man1/vimdiff.1
installing /usr/share/man/fr.UTF-8/man1/evim.1
installing /usr/share/man/it/man1/xxd.1
/bin/sh ./installman.sh install /usr/share/man/it/man1 "-it" /usr/share/vim /usr/share/vim/vim91 /usr/share/vim ../runtime/doc 644 vim vimdiff evim
/bin/sh ./installman.sh xxd /usr/share/man/it.ISO8859-1/man1 "-it" /usr/share/vim /usr/share/vim/vim91 /usr/share/vim ../runtime/doc 644 vim vimdiff evim
creating /usr/share/man/it.ISO8859-1/man1
installing /usr/share/man/it/man1/vim.1
installing /usr/share/man/it/man1/vimtutor.1
installing /usr/share/man/it/man1/vimdiff.1
installing /usr/share/man/it/man1/evim.1
installing /usr/share/man/it.ISO8859-1/man1/xxd.1
/bin/sh ./installman.sh install /usr/share/man/it.ISO8859-1/man1 "-it" /usr/share/vim /usr/share/vim/vim91 /usr/share/vim ../runtime/doc 644 vim vimdiff evim
/bin/sh ./installman.sh xxd /usr/share/man/it.UTF-8/man1 "-it.UTF-8" /usr/share/vim /usr/share/vim/vim91 /usr/share/vim ../runtime/doc 644 vim vimdiff evim
installing /usr/share/man/it.ISO8859-1/man1/vim.1
creating /usr/share/man/it.UTF-8/man1
installing /usr/share/man/it.ISO8859-1/man1/vimtutor.1
installing /usr/share/man/it.ISO8859-1/man1/vimdiff.1
installing /usr/share/man/it.ISO8859-1/man1/evim.1
/bin/sh ./installman.sh install /usr/share/man/it.UTF-8/man1 "-it.UTF-8" /usr/share/vim /usr/share/vim/vim91 /usr/share/vim ../runtime/doc 644 vim vimdiff evim
installing /usr/share/man/it.UTF-8/man1/xxd.1
installing /usr/share/man/it.UTF-8/man1/vim.1
/bin/sh ./installman.sh xxd /usr/share/man/ja/man1 "-ja.UTF-8" /usr/share/vim /usr/share/vim/vim91 /usr/share/vim ../runtime/doc 644 vim vimdiff evim
cd /usr/share/vim/vim91/syntax; chmod 644 *.vim README.txt
creating /usr/share/man/ja/man1
installing /usr/share/man/it.UTF-8/man1/vimtutor.1
installing /usr/share/man/it.UTF-8/man1/vimdiff.1
cd ../runtime/syntax/shared; cp *.vim README.txt /usr/share/vim/vim91/syntax/shared
installing /usr/share/man/it.UTF-8/man1/evim.1
cd /usr/share/vim/vim91/syntax/shared; chmod 644 *.vim README.txt
/bin/sh ./installman.sh install /usr/share/man/ja/man1 "-ja.UTF-8" /usr/share/vim /usr/share/vim/vim91 /usr/share/vim ../runtime/doc 644 vim vimdiff evim
cd ../runtime/syntax/modula2/opt; cp *.vim /usr/share/vim/vim91/syntax/modula2/opt
installing /usr/share/man/ja/man1/vim.1
cd /usr/share/vim/vim91/syntax/modula2/opt; chmod 644 *.vim
installing /usr/share/man/ja/man1/xxd.1
cd ../runtime/indent; cp *.vim README.txt /usr/share/vim/vim91/indent
/bin/sh ./installman.sh xxd /usr/share/man/pl/man1 "-pl" /usr/share/vim /usr/share/vim/vim91 /usr/share/vim ../runtime/doc 644 vim vimdiff evim
installing /usr/share/man/ja/man1/vimtutor.1
installing /usr/share/man/ja/man1/vimdiff.1
creating /usr/share/man/pl/man1
installing /usr/share/man/ja/man1/evim.1
cd /usr/share/vim/vim91/indent; chmod 644 *.vim README.txt
/bin/sh ./installman.sh install /usr/share/man/pl/man1 "-pl" /usr/share/vim /usr/share/vim/vim91 /usr/share/vim ../runtime/doc 644 vim vimdiff evim
cd ../runtime/autoload; cp *.vim README.txt /usr/share/vim/vim91/autoload
creating /usr/share/man/pl/man1
installing /usr/share/man/pl/man1/xxd.1
cd /usr/share/vim/vim91/autoload; chmod 644 *.vim README.txt
/bin/sh ./installman.sh xxd /usr/share/man/pl.ISO8859-2/man1 "-pl" /usr/share/vim /usr/share/vim/vim91 /usr/share/vim ../runtime/doc 644 vim vimdiff evim
cd ../runtime/autoload/dist; cp *.vim /usr/share/vim/vim91/autoload/dist
creating /usr/share/man/pl.ISO8859-2/man1
cd /usr/share/vim/vim91/autoload/dist; chmod 644 *.vim
cd ../runtime/autoload/xml; cp *.vim /usr/share/vim/vim91/autoload/xml
installing /usr/share/man/pl/man1/vim.1
cd /usr/share/vim/vim91/autoload/xml; chmod 644 *.vim
installing /usr/share/man/pl/man1/vimtutor.1
cd ../runtime/autoload/zig; cp *.vim /usr/share/vim/vim91/autoload/zig
installing /usr/share/man/pl/man1/vimdiff.1
cd /usr/share/vim/vim91/autoload/zig; chmod 644 *.vim
installing /usr/share/man/pl/man1/evim.1
cd ../runtime/import/dist; cp *.vim /usr/share/vim/vim91/import/dist
installing /usr/share/man/pl.ISO8859-2/man1/xxd.1
cd /usr/share/vim/vim91/import/dist; chmod 644 *.vim
/bin/sh ./installman.sh xxd /usr/share/man/pl.UTF-8/man1 "-pl.UTF-8" /usr/share/vim /usr/share/vim/vim91 /usr/share/vim ../runtime/doc 644 vim vimdiff evim
/bin/sh ./installman.sh install /usr/share/man/pl.ISO8859-2/man1 "-pl" /usr/share/vim /usr/share/vim/vim91 /usr/share/vim ../runtime/doc 644 vim vimdiff evim
cd ../runtime/plugin; cp *.vim README.txt /usr/share/vim/vim91/plugin
creating /usr/share/man/pl.UTF-8/man1
installing /usr/share/man/pl.ISO8859-2/man1/vim.1
cd /usr/share/vim/vim91/plugin; chmod 644 *.vim README.txt
cd ../runtime/ftplugin; cp *.vim README.txt logtalk.dict /usr/share/vim/vim91/ftplugin
installing /usr/share/man/pl.ISO8859-2/man1/vimtutor.1
installing /usr/share/man/pl.ISO8859-2/man1/vimdiff.1
installing /usr/share/man/pl.ISO8859-2/man1/evim.1
/bin/sh ./installman.sh install /usr/share/man/pl.UTF-8/man1 "-pl.UTF-8" /usr/share/vim /usr/share/vim/vim91 /usr/share/vim ../runtime/doc 644 vim vimdiff evim
installing /usr/share/man/pl.UTF-8/man1/vim.1
installing /usr/share/man/pl.UTF-8/man1/xxd.1
/bin/sh ./installman.sh xxd /usr/share/man/ru.KOI8-R/man1 "-ru" /usr/share/vim /usr/share/vim/vim91 /usr/share/vim ../runtime/doc 644 vim vimdiff evim
installing /usr/share/man/pl.UTF-8/man1/vimtutor.1
creating /usr/share/man/ru.KOI8-R/man1
installing /usr/share/man/pl.UTF-8/man1/vimdiff.1
installing /usr/share/man/pl.UTF-8/man1/evim.1
cd /usr/share/vim/vim91/ftplugin; chmod 644 *.vim README.txt logtalk.dict
/bin/sh ./installman.sh install /usr/share/man/ru.KOI8-R/man1 "-ru" /usr/share/vim /usr/share/vim/vim91 /usr/share/vim ../runtime/doc 644 vim vimdiff evim
creating /usr/share/man/ru.KOI8-R/man1
cd ../runtime/compiler; cp *.vim README.txt /usr/share/vim/vim91/compiler
installing /usr/share/man/ru.KOI8-R/man1/xxd.1
/bin/sh ./installman.sh xxd /usr/share/man/ru.UTF-8/man1 "-ru.UTF-8" /usr/share/vim /usr/share/vim/vim91 /usr/share/vim ../runtime/doc 644 vim vimdiff evim
cd /usr/share/vim/vim91/compiler; chmod 644 *.vim README.txt
creating /usr/share/man/ru.UTF-8/man1
installing /usr/share/man/ru.KOI8-R/man1/vim.1
installing /usr/share/man/ru.KOI8-R/man1/vimtutor.1
installing /usr/share/man/ru.KOI8-R/man1/vimdiff.1
installing /usr/share/man/ru.KOI8-R/man1/evim.1
installing /usr/share/man/ru.UTF-8/man1/xxd.1
/bin/sh ./installman.sh xxd /usr/share/man/tr/man1 "-tr" /usr/share/vim /usr/share/vim/vim91 /usr/share/vim ../runtime/doc 644 vim vimdiff evim
/bin/sh ./installman.sh install /usr/share/man/ru.UTF-8/man1 "-ru.UTF-8" /usr/share/vim /usr/share/vim/vim91 /usr/share/vim ../runtime/doc 644 vim vimdiff evim
installing /usr/share/man/ru.UTF-8/man1/vim.1
creating /usr/share/man/tr/man1
installing /usr/share/man/ru.UTF-8/man1/vimtutor.1
installing /usr/share/man/ru.UTF-8/man1/vimdiff.1
installing /usr/share/man/ru.UTF-8/man1/evim.1
/bin/sh ./installman.sh install /usr/share/man/tr/man1 "-tr" /usr/share/vim /usr/share/vim/vim91 /usr/share/vim ../runtime/doc 644 vim vimdiff evim
/bin/sh ./installman.sh xxd /usr/share/man/tr.ISO8859-9/man1 "-tr" /usr/share/vim /usr/share/vim/vim91 /usr/share/vim ../runtime/doc 644 vim vimdiff evim
installing /usr/share/man/tr/man1/vim.1
creating /usr/share/man/tr.ISO8859-9/man1
installing /usr/share/man/tr/man1/vimtutor.1
installing /usr/share/man/tr/man1/vimdiff.1
installing /usr/share/man/tr/man1/evim.1
/bin/sh ./installman.sh install /usr/share/man/tr.ISO8859-9/man1 "-tr" /usr/share/vim /usr/share/vim/vim91 /usr/share/vim ../runtime/doc 644 vim vimdiff evim
/bin/sh ./installman.sh xxd /usr/share/man/tr.UTF-8/man1 "-tr.UTF-8" /usr/share/vim /usr/share/vim/vim91 /usr/share/vim ../runtime/doc 644 vim vimdiff evim
installing /usr/share/man/tr.ISO8859-9/man1/vim.1
creating /usr/share/man/tr.UTF-8/man1
installing /usr/share/man/tr.ISO8859-9/man1/vimtutor.1
installing /usr/share/man/tr.ISO8859-9/man1/vimdiff.1
installing /usr/share/man/tr.ISO8859-9/man1/evim.1
/bin/sh ./installman.sh install /usr/share/man/tr.UTF-8/man1 "-tr.UTF-8" /usr/share/vim /usr/share/vim/vim91 /usr/share/vim ../runtime/doc 644 vim vimdiff evim
if test -f /usr/bin/xxd; then \
  mv -f /usr/bin/xxd /usr/bin/xxd.rm; \
  rm -f /usr/bin/xxd.rm; \
fi
installing /usr/share/man/tr.UTF-8/man1/vim.1
cp xxd/xxd /usr/bin
strip /usr/bin/xxd
chmod 755 /usr/bin/xxd
installing /usr/share/man/tr.UTF-8/man1/vimtutor.1
/bin/sh ./installman.sh xxd /usr/share/man/man1 "" /usr/share/vim /usr/share/vim/vim91 /usr/share/vim ../runtime/doc 644 vim vimdiff evim
installing /usr/share/man/tr.UTF-8/man1/vimdiff.1
installing /usr/share/man/man1/xxd.1
installing /usr/share/man/tr.UTF-8/man1/evim.1
cp -r ../runtime/tools/* /usr/share/vim/vim91/tools
/bin/sh ./installml.sh install "" \
	/usr/share/man/da/man1 vim vimdiff evim ex view rvim rview gvim gview rgvim rgview gvimdiff eview
cvs=`find /usr/share/vim/vim91/tools \( -name CVS -o -name AAPDIR \) -print`; \
      if test -n "$cvs"; then \
	 rm -rf $cvs; \
      fi
creating link /usr/share/man/da/man1/ex.1
chmod 644 /usr/share/vim/vim91/tools/*
creating link /usr/share/man/da/man1/view.1
creating link /usr/share/man/da/man1/rvim.1
perlpath=`./which.sh perl` && sed -e "s+/usr/bin/perl+$perlpath+" ../runtime/tools/efm_perl.pl >/usr/share/vim/vim91/tools/efm_perl.pl
creating link /usr/share/man/da/man1/rview.1
/bin/sh ./installml.sh install "" \
	/usr/share/man/da.ISO8859-1/man1 vim vimdiff evim ex view rvim rview gvim gview rgvim rgview gvimdiff eview
creating link /usr/share/man/da.ISO8859-1/man1/ex.1
awkpath=`./which.sh nawk` && sed -e "s+/usr/bin/nawk+$awkpath+" ../runtime/tools/mve.awk >/usr/share/vim/vim91/tools/mve.awk; if test -z "$awkpath"; then \
	awkpath=`./which.sh gawk` && sed -e "s+/usr/bin/nawk+$awkpath+" ../runtime/tools/mve.awk >/usr/share/vim/vim91/tools/mve.awk; if test -z "$awkpath"; then \
	awkpath=`./which.sh awk` && sed -e "s+/usr/bin/nawk+$awkpath+" ../runtime/tools/mve.awk >/usr/share/vim/vim91/tools/mve.awk; fi; fi
creating link /usr/share/man/da.ISO8859-1/man1/view.1
creating link /usr/share/man/da.ISO8859-1/man1/rvim.1
creating link /usr/share/man/da.ISO8859-1/man1/rview.1
/bin/sh ./installml.sh install "" \
	/usr/share/man/da.UTF-8/man1 vim vimdiff evim ex view rvim rview gvim gview rgvim rgview gvimdiff eview
creating link /usr/share/man/da.UTF-8/man1/ex.1
chmod 755 `grep -l "^#!" /usr/share/vim/vim91/tools/*`
creating link /usr/share/man/da.UTF-8/man1/view.1
creating link /usr/share/man/da.UTF-8/man1/rvim.1
creating link /usr/share/man/da.UTF-8/man1/rview.1
/bin/sh ./installml.sh install "" \
	/usr/share/man/de/man1 vim vimdiff evim ex view rvim rview gvim gview rgvim rgview gvimdiff eview
creating link /usr/share/man/de/man1/ex.1
creating link /usr/share/man/de/man1/view.1
creating link /usr/share/man/de/man1/rvim.1
creating link /usr/share/man/de/man1/rview.1
/bin/sh ./installml.sh install "" \
	/usr/share/man/de.ISO8859-1/man1 vim vimdiff evim ex view rvim rview gvim gview rgvim rgview gvimdiff eview
creating link /usr/share/man/de.ISO8859-1/man1/ex.1
creating link /usr/share/man/de.ISO8859-1/man1/view.1
creating link /usr/share/man/de.ISO8859-1/man1/rvim.1
creating link /usr/share/man/de.ISO8859-1/man1/rview.1
/bin/sh ./installml.sh install "" \
	/usr/share/man/de.UTF-8/man1 vim vimdiff evim ex view rvim rview gvim gview rgvim rgview gvimdiff eview
creating link /usr/share/man/de.UTF-8/man1/ex.1
creating link /usr/share/man/de.UTF-8/man1/view.1
creating link /usr/share/man/de.UTF-8/man1/rvim.1
creating link /usr/share/man/de.UTF-8/man1/rview.1
/bin/sh ./installml.sh install "" \
	/usr/share/man/fr/man1 vim vimdiff evim ex view rvim rview gvim gview rgvim rgview gvimdiff eview
creating link /usr/share/man/fr/man1/ex.1
creating link /usr/share/man/fr/man1/view.1
creating link /usr/share/man/fr/man1/rvim.1
creating link /usr/share/man/fr/man1/rview.1
/bin/sh ./installml.sh install "" \
	/usr/share/man/fr.ISO8859-1/man1 vim vimdiff evim ex view rvim rview gvim gview rgvim rgview gvimdiff eview
creating link /usr/share/man/fr.ISO8859-1/man1/ex.1
creating link /usr/share/man/fr.ISO8859-1/man1/view.1
creating link /usr/share/man/fr.ISO8859-1/man1/rvim.1
creating link /usr/share/man/fr.ISO8859-1/man1/rview.1
/bin/sh ./installml.sh install "" \
	/usr/share/man/fr.UTF-8/man1 vim vimdiff evim ex view rvim rview gvim gview rgvim rgview gvimdiff eview
creating link /usr/share/man/fr.UTF-8/man1/ex.1
creating link /usr/share/man/fr.UTF-8/man1/view.1
creating link /usr/share/man/fr.UTF-8/man1/rvim.1
creating link /usr/share/man/fr.UTF-8/man1/rview.1
/bin/sh ./installml.sh install "" \
	/usr/share/man/it/man1 vim vimdiff evim ex view rvim rview gvim gview rgvim rgview gvimdiff eview
creating link /usr/share/man/it/man1/ex.1
creating link /usr/share/man/it/man1/view.1
creating link /usr/share/man/it/man1/rvim.1
creating link /usr/share/man/it/man1/rview.1
/bin/sh ./installml.sh install "" \
	/usr/share/man/it.ISO8859-1/man1 vim vimdiff evim ex view rvim rview gvim gview rgvim rgview gvimdiff eview
creating link /usr/share/man/it.ISO8859-1/man1/ex.1
creating link /usr/share/man/it.ISO8859-1/man1/view.1
creating link /usr/share/man/it.ISO8859-1/man1/rvim.1
creating link /usr/share/man/it.ISO8859-1/man1/rview.1
/bin/sh ./installml.sh install "" \
	/usr/share/man/it.UTF-8/man1 vim vimdiff evim ex view rvim rview gvim gview rgvim rgview gvimdiff eview
creating link /usr/share/man/it.UTF-8/man1/ex.1
creating link /usr/share/man/it.UTF-8/man1/view.1
creating link /usr/share/man/it.UTF-8/man1/rvim.1
creating link /usr/share/man/it.UTF-8/man1/rview.1
/bin/sh ./installml.sh install "" \
	/usr/share/man/ja/man1 vim vimdiff evim ex view rvim rview gvim gview rgvim rgview gvimdiff eview
creating link /usr/share/man/ja/man1/ex.1
creating link /usr/share/man/ja/man1/view.1
creating link /usr/share/man/ja/man1/rvim.1
creating link /usr/share/man/ja/man1/rview.1
/bin/sh ./installml.sh install "" \
	/usr/share/man/pl/man1 vim vimdiff evim ex view rvim rview gvim gview rgvim rgview gvimdiff eview
creating link /usr/share/man/pl/man1/ex.1
creating link /usr/share/man/pl/man1/view.1
creating link /usr/share/man/pl/man1/rvim.1
creating link /usr/share/man/pl/man1/rview.1
/bin/sh ./installml.sh install "" \
	/usr/share/man/pl.ISO8859-2/man1 vim vimdiff evim ex view rvim rview gvim gview rgvim rgview gvimdiff eview
creating link /usr/share/man/pl.ISO8859-2/man1/ex.1
creating link /usr/share/man/pl.ISO8859-2/man1/view.1
creating link /usr/share/man/pl.ISO8859-2/man1/rvim.1
creating link /usr/share/man/pl.ISO8859-2/man1/rview.1
/bin/sh ./installml.sh install "" \
	/usr/share/man/pl.UTF-8/man1 vim vimdiff evim ex view rvim rview gvim gview rgvim rgview gvimdiff eview
creating link /usr/share/man/pl.UTF-8/man1/ex.1
creating link /usr/share/man/pl.UTF-8/man1/view.1
creating link /usr/share/man/pl.UTF-8/man1/rvim.1
creating link /usr/share/man/pl.UTF-8/man1/rview.1
/bin/sh ./installml.sh install "" \
	/usr/share/man/ru.KOI8-R/man1 vim vimdiff evim ex view rvim rview gvim gview rgvim rgview gvimdiff eview
creating link /usr/share/man/ru.KOI8-R/man1/ex.1
creating link /usr/share/man/ru.KOI8-R/man1/view.1
creating link /usr/share/man/ru.KOI8-R/man1/rvim.1
creating link /usr/share/man/ru.KOI8-R/man1/rview.1
/bin/sh ./installml.sh install "" \
	/usr/share/man/ru.UTF-8/man1 vim vimdiff evim ex view rvim rview gvim gview rgvim rgview gvimdiff eview
creating link /usr/share/man/ru.UTF-8/man1/ex.1
creating link /usr/share/man/ru.UTF-8/man1/view.1
creating link /usr/share/man/ru.UTF-8/man1/rvim.1
creating link /usr/share/man/ru.UTF-8/man1/rview.1
/bin/sh ./installml.sh install "" \
	/usr/share/man/tr/man1 vim vimdiff evim ex view rvim rview gvim gview rgvim rgview gvimdiff eview
creating link /usr/share/man/tr/man1/ex.1
creating link /usr/share/man/tr/man1/view.1
creating link /usr/share/man/tr/man1/rvim.1
creating link /usr/share/man/tr/man1/rview.1
/bin/sh ./installml.sh install "" \
	/usr/share/man/tr.ISO8859-9/man1 vim vimdiff evim ex view rvim rview gvim gview rgvim rgview gvimdiff eview
creating link /usr/share/man/tr.ISO8859-9/man1/ex.1
creating link /usr/share/man/tr.ISO8859-9/man1/view.1
creating link /usr/share/man/tr.ISO8859-9/man1/rvim.1
creating link /usr/share/man/tr.ISO8859-9/man1/rview.1
/bin/sh ./installml.sh install "" \
	/usr/share/man/tr.UTF-8/man1 vim vimdiff evim ex view rvim rview gvim gview rgvim rgview gvimdiff eview
creating link /usr/share/man/tr.UTF-8/man1/ex.1
creating link /usr/share/man/tr.UTF-8/man1/view.1
creating link /usr/share/man/tr.UTF-8/man1/rvim.1
creating link /usr/share/man/tr.UTF-8/man1/rview.1
if test -n "yes" -a -f po/Makefile; then \
   cd po; make prefix=/usr LOCALEDIR=/usr/share/vim/vim91/lang \
   INSTALL_DATA=cp FILEMOD=644 install; \
fi
make[2]: Entering directory '/sources/vim-9.1.0041/src/po'
make[3]: Entering directory '/sources/vim-9.1.0041/src/po'
make[3]: Leaving directory '/sources/vim-9.1.0041/src/po'
for lang in af ca cs cs.cp1250 da de en_GB eo es fi fr ga hu it ja ja.euc-jp ja.sjis ko ko.UTF-8 lv nb nl no pl pl.UTF-8 pl.cp1250 pt_BR ru ru.cp1251 sk sk.cp1250 sr sv tr uk uk.cp1251 vi zh_CN zh_CN.UTF-8 zh_CN.cp936 zh_TW zh_TW.UTF-8 ; do \
  dir=/usr/share/vim/vim91/lang/$lang/; \
  if test ! -x "$dir"; then \
    mkdir $dir; chmod 755 $dir; \
  fi; \
  dir=/usr/share/vim/vim91/lang/$lang/LC_MESSAGES; \
  if test ! -x "$dir"; then \
    mkdir $dir; chmod 755 $dir; \
  fi; \
  if test -r $lang.mo; then \
    cp $lang.mo $dir/vim.mo; \
    chmod 644 $dir/vim.mo; \
  fi; \
done
make[2]: Leaving directory '/sources/vim-9.1.0041/src/po'
if test -d ../runtime/lang; then \
   cp ../runtime/lang/README.txt ../runtime/lang/*.vim /usr/share/vim/vim91/lang; \
   chmod 644 /usr/share/vim/vim91/lang/README.txt /usr/share/vim/vim91/lang/*.vim; \
fi
if test -d ../runtime/keymap; then \
   cp ../runtime/keymap/README.txt ../runtime/keymap/*.vim /usr/share/vim/vim91/keymap; \
   chmod 644 /usr/share/vim/vim91/keymap/README.txt /usr/share/vim/vim91/keymap/*.vim; \
fi
make[1]: Leaving directory '/sources/vim-9.1.0041/src'
