Starting make in the src directory.
If there are problems, cd to the src directory and run make there
cd src && make first
make[1]: Entering directory '/sources/vim-9.1.0041/src'
/bin/sh install-sh -c -d objects
CC="gcc -Iproto -DHAVE_CONFIG_H       " srcdir=. sh ./osdef.sh
creating auto/pathdef.c
cd xxd; CC="gcc" CFLAGS=" -g -O2 -D_REENTRANT -U_FORTIFY_SOURCE -D_FORTIFY_SOURCE=1" LDFLAGS="-L/usr/local/lib -Wl,--as-needed" \
	make -f Makefile
make[2]: Entering directory '/sources/vim-9.1.0041/src/xxd'
gcc  -g -O2 -D_REENTRANT -U_FORTIFY_SOURCE -D_FORTIFY_SOURCE=1  -L/usr/local/lib -Wl,--as-needed -DUNIX -o xxd xxd.c 
make[2]: Entering directory '/sources/vim-9.1.0041/src/po'
OLD_PO_FILE_INPUT=yes msgfmt -v -o af.mo af.po
OLD_PO_FILE_INPUT=yes msgfmt -v -o ca.mo ca.po
OLD_PO_FILE_INPUT=yes msgfmt -v -o cs.mo cs.po
OLD_PO_FILE_INPUT=yes msgfmt -v -o da.mo da.po
touch objects/.dirstamp
OLD_PO_FILE_INPUT=yes msgfmt -v -o de.mo de.po
gcc -c -I. -Ilibvterm/include -Iproto -DHAVE_CONFIG_H     -g -O2 -D_REENTRANT -U_FORTIFY_SOURCE -D_FORTIFY_SOURCE=1        -DINLINE="" -DVSNPRINTF=vim_vsnprintf -DSNPRINTF=vim_snprintf -DIS_COMBINING_FUNCTION=utf_iscomposing_uint -DWCWIDTH_FUNCTION=utf_uint2cells -o objects/vterm_encoding.o libvterm/src/encoding.c
OLD_PO_FILE_INPUT=yes msgfmt -v -o en_GB.mo en_GB.po
gcc -c -I. -Ilibvterm/include -Iproto -DHAVE_CONFIG_H     -g -O2 -D_REENTRANT -U_FORTIFY_SOURCE -D_FORTIFY_SOURCE=1        -DINLINE="" -DVSNPRINTF=vim_vsnprintf -DSNPRINTF=vim_snprintf -DIS_COMBINING_FUNCTION=utf_iscomposing_uint -DWCWIDTH_FUNCTION=utf_uint2cells -o objects/vterm_keyboard.o libvterm/src/keyboard.c
OLD_PO_FILE_INPUT=yes msgfmt -v -o eo.mo eo.po
gcc -c -I. -Ilibvterm/include -Iproto -DHAVE_CONFIG_H     -g -O2 -D_REENTRANT -U_FORTIFY_SOURCE -D_FORTIFY_SOURCE=1        -DINLINE="" -DVSNPRINTF=vim_vsnprintf -DSNPRINTF=vim_snprintf -DIS_COMBINING_FUNCTION=utf_iscomposing_uint -DWCWIDTH_FUNCTION=utf_uint2cells -o objects/vterm_mouse.o libvterm/src/mouse.c
OLD_PO_FILE_INPUT=yes msgfmt -v -o es.mo es.po
OLD_PO_FILE_INPUT=yes msgfmt -v -o fi.mo fi.po
OLD_PO_FILE_INPUT=yes msgfmt -v -o fr.mo fr.po
OLD_PO_FILE_INPUT=yes msgfmt -v -o ga.mo ga.po
gcc -c -I. -Ilibvterm/include -Iproto -DHAVE_CONFIG_H     -g -O2 -D_REENTRANT -U_FORTIFY_SOURCE -D_FORTIFY_SOURCE=1        -DINLINE="" -DVSNPRINTF=vim_vsnprintf -DSNPRINTF=vim_snprintf -DIS_COMBINING_FUNCTION=utf_iscomposing_uint -DWCWIDTH_FUNCTION=utf_uint2cells -o objects/vterm_parser.o libvterm/src/parser.c
OLD_PO_FILE_INPUT=yes msgfmt -v -o hu.mo hu.po
gcc -c -I. -Ilibvterm/include -Iproto -DHAVE_CONFIG_H     -g -O2 -D_REENTRANT -U_FORTIFY_SOURCE -D_FORTIFY_SOURCE=1        -DINLINE="" -DVSNPRINTF=vim_vsnprintf -DSNPRINTF=vim_snprintf -DIS_COMBINING_FUNCTION=utf_iscomposing_uint -DWCWIDTH_FUNCTION=utf_uint2cells -o objects/vterm_pen.o libvterm/src/pen.c
OLD_PO_FILE_INPUT=yes msgfmt -v -o it.mo it.po
OLD_PO_FILE_INPUT=yes msgfmt -v -o ja.mo ja.po
gcc -c -I. -Ilibvterm/include -Iproto -DHAVE_CONFIG_H     -g -O2 -D_REENTRANT -U_FORTIFY_SOURCE -D_FORTIFY_SOURCE=1        -DINLINE="" -DVSNPRINTF=vim_vsnprintf -DSNPRINTF=vim_snprintf -DIS_COMBINING_FUNCTION=utf_iscomposing_uint -DWCWIDTH_FUNCTION=utf_uint2cells -o objects/vterm_screen.o libvterm/src/screen.c
gcc -c -I. -Ilibvterm/include -Iproto -DHAVE_CONFIG_H     -g -O2 -D_REENTRANT -U_FORTIFY_SOURCE -D_FORTIFY_SOURCE=1        -DINLINE="" -DVSNPRINTF=vim_vsnprintf -DSNPRINTF=vim_snprintf -DIS_COMBINING_FUNCTION=utf_iscomposing_uint -DWCWIDTH_FUNCTION=utf_uint2cells -o objects/vterm_state.o libvterm/src/state.c
gcc -c -I. -Ilibvterm/include -Iproto -DHAVE_CONFIG_H     -g -O2 -D_REENTRANT -U_FORTIFY_SOURCE -D_FORTIFY_SOURCE=1        -DINLINE="" -DVSNPRINTF=vim_vsnprintf -DSNPRINTF=vim_snprintf -DIS_COMBINING_FUNCTION=utf_iscomposing_uint -DWCWIDTH_FUNCTION=utf_uint2cells -o objects/vterm_unicode.o libvterm/src/unicode.c
OLD_PO_FILE_INPUT=yes msgfmt -v -o ko.UTF-8.mo ko.UTF-8.po
OLD_PO_FILE_INPUT=yes msgfmt -v -o lv.mo lv.po
OLD_PO_FILE_INPUT=yes msgfmt -v -o nb.mo nb.po
gcc -c -I. -Ilibvterm/include -Iproto -DHAVE_CONFIG_H     -g -O2 -D_REENTRANT -U_FORTIFY_SOURCE -D_FORTIFY_SOURCE=1        -DINLINE="" -DVSNPRINTF=vim_vsnprintf -DSNPRINTF=vim_snprintf -DIS_COMBINING_FUNCTION=utf_iscomposing_uint -DWCWIDTH_FUNCTION=utf_uint2cells -o objects/vterm_vterm.o libvterm/src/vterm.c
OLD_PO_FILE_INPUT=yes msgfmt -v -o nl.mo nl.po
OLD_PO_FILE_INPUT=yes msgfmt -v -o no.mo no.po
OLD_PO_FILE_INPUT=yes msgfmt -v -o pl.mo pl.po
gcc -c -I. -Iproto -DHAVE_CONFIG_H     -g -O2 -D_REENTRANT -U_FORTIFY_SOURCE -D_FORTIFY_SOURCE=1        -o objects/netbeans.o netbeans.c
OLD_PO_FILE_INPUT=yes msgfmt -v -o pt_BR.mo pt_BR.po
OLD_PO_FILE_INPUT=yes msgfmt -v -o ru.mo ru.po
OLD_PO_FILE_INPUT=yes msgfmt -v -o sk.mo sk.po
OLD_PO_FILE_INPUT=yes msgfmt -v -o sr.mo sr.po
gcc -c -I. -Iproto -DHAVE_CONFIG_H     -g -O2 -D_REENTRANT -U_FORTIFY_SOURCE -D_FORTIFY_SOURCE=1        -o objects/job.o job.c
OLD_PO_FILE_INPUT=yes msgfmt -v -o sv.mo sv.po
OLD_PO_FILE_INPUT=yes msgfmt -v -o tr.mo tr.po
OLD_PO_FILE_INPUT=yes msgfmt -v -o uk.mo uk.po
OLD_PO_FILE_INPUT=yes msgfmt -v -o vi.mo vi.po
OLD_PO_FILE_INPUT=yes msgfmt -v -o zh_CN.UTF-8.mo zh_CN.UTF-8.po
OLD_PO_FILE_INPUT=yes msgfmt -v -o zh_TW.UTF-8.mo zh_TW.UTF-8.po
OLD_PO_FILE_INPUT=yes msgfmt -v -o cs.cp1250.mo cs.cp1250.po
OLD_PO_FILE_INPUT=yes msgfmt -v -o ja.euc-jp.mo ja.euc-jp.po
OLD_PO_FILE_INPUT=yes msgfmt -v -o ja.sjis.mo ja.sjis.po
gcc -c -I. -Iproto -DHAVE_CONFIG_H     -g -O2 -D_REENTRANT -U_FORTIFY_SOURCE -D_FORTIFY_SOURCE=1        -o objects/channel.o channel.c
OLD_PO_FILE_INPUT=yes msgfmt -v -o ko.mo ko.po
OLD_PO_FILE_INPUT=yes msgfmt -v -o pl.UTF-8.mo pl.UTF-8.po
OLD_PO_FILE_INPUT=yes msgfmt -v -o pl.cp1250.mo pl.cp1250.po
gcc -c -I. -Iproto -DHAVE_CONFIG_H     -g -O2 -D_REENTRANT -U_FORTIFY_SOURCE -D_FORTIFY_SOURCE=1        -o objects/xdiffi.o xdiff/xdiffi.c
OLD_PO_FILE_INPUT=yes msgfmt -v -o ru.cp1251.mo ru.cp1251.po
OLD_PO_FILE_INPUT=yes msgfmt -v -o sk.cp1250.mo sk.cp1250.po
OLD_PO_FILE_INPUT=yes msgfmt -v -o uk.cp1251.mo uk.cp1251.po
OLD_PO_FILE_INPUT=yes msgfmt -v -o zh_CN.mo zh_CN.po
OLD_PO_FILE_INPUT=yes msgfmt -v -o zh_CN.cp936.mo zh_CN.cp936.po
make[2]: Leaving directory '/sources/vim-9.1.0041/src/xxd'
gcc -c -I. -Iproto -DHAVE_CONFIG_H     -g -O2 -D_REENTRANT -U_FORTIFY_SOURCE -D_FORTIFY_SOURCE=1        -o objects/xemit.o xdiff/xemit.c
OLD_PO_FILE_INPUT=yes msgfmt -v -o zh_TW.mo zh_TW.po
echo af ca cs cs.cp1250 da de en_GB eo es fi fr ga hu it ja ja.euc-jp ja.sjis ko ko.UTF-8 lv nb nl no pl pl.UTF-8 pl.cp1250 pt_BR ru ru.cp1251 sk sk.cp1250 sr sv tr uk uk.cp1251 vi zh_CN zh_CN.UTF-8 zh_CN.cp936 zh_TW zh_TW.UTF-8  | tr " " "\n" |LANG=C sed -e '/\./d' | sort > LINGUAS
msgfmt --desktop -d . --template vim.desktop.in -o tmp_vim.desktop
gcc -c -I. -Iproto -DHAVE_CONFIG_H     -g -O2 -D_REENTRANT -U_FORTIFY_SOURCE -D_FORTIFY_SOURCE=1        -o objects/xprepare.o xdiff/xprepare.c
gcc -c -I. -Iproto -DHAVE_CONFIG_H     -g -O2 -D_REENTRANT -U_FORTIFY_SOURCE -D_FORTIFY_SOURCE=1        -o objects/xutils.o xdiff/xutils.c
gcc -c -I. -Iproto -DHAVE_CONFIG_H     -g -O2 -D_REENTRANT -U_FORTIFY_SOURCE -D_FORTIFY_SOURCE=1        -o objects/xhistogram.o xdiff/xhistogram.c
gcc -c -I. -Iproto -DHAVE_CONFIG_H     -g -O2 -D_REENTRANT -U_FORTIFY_SOURCE -D_FORTIFY_SOURCE=1        -o objects/xpatience.o xdiff/xpatience.c
gcc -c -I. -Iproto -DHAVE_CONFIG_H     -g -O2 -D_REENTRANT -U_FORTIFY_SOURCE -D_FORTIFY_SOURCE=1        -o objects/charset.o charset.c
rm -f LINGUAS
if command -v desktop-file-validate; then desktop-file-validate tmp_vim.desktop; fi
mv tmp_vim.desktop vim.desktop
echo af ca cs cs.cp1250 da de en_GB eo es fi fr ga hu it ja ja.euc-jp ja.sjis ko ko.UTF-8 lv nb nl no pl pl.UTF-8 pl.cp1250 pt_BR ru ru.cp1251 sk sk.cp1250 sr sv tr uk uk.cp1251 vi zh_CN zh_CN.UTF-8 zh_CN.cp936 zh_TW zh_TW.UTF-8  | tr " " "\n" |LANG=C sed -e '/\./d' | sort > LINGUAS
msgfmt --desktop -d . --template gvim.desktop.in -o tmp_gvim.desktop
gcc -c -I. -Iproto -DHAVE_CONFIG_H     -g -O2 -D_REENTRANT -U_FORTIFY_SOURCE -D_FORTIFY_SOURCE=1        -o objects/json.o json.c
gcc -c -I. -Iproto -DHAVE_CONFIG_H     -g -O2 -D_REENTRANT -U_FORTIFY_SOURCE -D_FORTIFY_SOURCE=1        -o objects/main.o main.c
gcc -c -I. -Iproto -DHAVE_CONFIG_H     -g -O2 -D_REENTRANT -U_FORTIFY_SOURCE -D_FORTIFY_SOURCE=1        -o objects/memfile.o memfile.c
gcc -c -I. -Iproto -DHAVE_CONFIG_H     -g -O2 -D_REENTRANT -U_FORTIFY_SOURCE -D_FORTIFY_SOURCE=1        -o objects/message.o message.c
gcc -c -I. -Iproto -DHAVE_CONFIG_H     -g -O2 -D_REENTRANT -U_FORTIFY_SOURCE -D_FORTIFY_SOURCE=1        -o objects/alloc.o alloc.c
gcc -c -I. -Iproto -DHAVE_CONFIG_H     -g -O2 -D_REENTRANT -U_FORTIFY_SOURCE -D_FORTIFY_SOURCE=1        -o objects/arabic.o arabic.c
rm -f LINGUAS
if command -v desktop-file-validate; then desktop-file-validate tmp_gvim.desktop; fi
mv tmp_gvim.desktop gvim.desktop
make[2]: Leaving directory '/sources/vim-9.1.0041/src/po'
make[2]: Entering directory '/sources/vim-9.1.0041/src/po'
make[2]: Nothing to be done for 'converted'.
make[2]: Leaving directory '/sources/vim-9.1.0041/src/po'
gcc -c -I. -Iproto -DHAVE_CONFIG_H     -g -O2 -D_REENTRANT -U_FORTIFY_SOURCE -D_FORTIFY_SOURCE=1        -o objects/arglist.o arglist.c
gcc -c -I. -Iproto -DHAVE_CONFIG_H     -g -O2 -D_REENTRANT -U_FORTIFY_SOURCE -D_FORTIFY_SOURCE=1        -o objects/autocmd.o autocmd.c
gcc -c -I. -Iproto -DHAVE_CONFIG_H     -g -O2 -D_REENTRANT -U_FORTIFY_SOURCE -D_FORTIFY_SOURCE=1        -o objects/beval.o beval.c
gcc -c -I. -Iproto -DHAVE_CONFIG_H     -g -O2 -D_REENTRANT -U_FORTIFY_SOURCE -D_FORTIFY_SOURCE=1        -o objects/buffer.o buffer.c
gcc -c -I. -Iproto -DHAVE_CONFIG_H     -g -O2 -D_REENTRANT -U_FORTIFY_SOURCE -D_FORTIFY_SOURCE=1        -o objects/change.o change.c
gcc -c -I. -Iproto -DHAVE_CONFIG_H     -g -O2 -D_REENTRANT -U_FORTIFY_SOURCE -D_FORTIFY_SOURCE=1        -o objects/blob.o blob.c
gcc -c -I. -Iproto -DHAVE_CONFIG_H     -g -O2 -D_REENTRANT -U_FORTIFY_SOURCE -D_FORTIFY_SOURCE=1        -o objects/blowfish.o blowfish.c
gcc -c -I. -Iproto -DHAVE_CONFIG_H     -g -O2 -D_REENTRANT -U_FORTIFY_SOURCE -D_FORTIFY_SOURCE=1        -o objects/cindent.o cindent.c
gcc -c -I. -Iproto -DHAVE_CONFIG_H     -g -O2 -D_REENTRANT -U_FORTIFY_SOURCE -D_FORTIFY_SOURCE=1        -o objects/clientserver.o clientserver.c
gcc -c -I. -Iproto -DHAVE_CONFIG_H     -g -O2 -D_REENTRANT -U_FORTIFY_SOURCE -D_FORTIFY_SOURCE=1        -o objects/clipboard.o clipboard.c
gcc -c -I. -Iproto -DHAVE_CONFIG_H     -g -O2 -D_REENTRANT -U_FORTIFY_SOURCE -D_FORTIFY_SOURCE=1        -o objects/cmdexpand.o cmdexpand.c
gcc -c -I. -Iproto -DHAVE_CONFIG_H     -g -O2 -D_REENTRANT -U_FORTIFY_SOURCE -D_FORTIFY_SOURCE=1        -o objects/cmdhist.o cmdhist.c
gcc -c -I. -Iproto -DHAVE_CONFIG_H     -g -O2 -D_REENTRANT -U_FORTIFY_SOURCE -D_FORTIFY_SOURCE=1        -o objects/crypt.o crypt.c
gcc -c -I. -Iproto -DHAVE_CONFIG_H     -g -O2 -D_REENTRANT -U_FORTIFY_SOURCE -D_FORTIFY_SOURCE=1        -o objects/crypt_zip.o crypt_zip.c
gcc -c -I. -Iproto -DHAVE_CONFIG_H     -g -O2 -D_REENTRANT -U_FORTIFY_SOURCE -D_FORTIFY_SOURCE=1        -o objects/debugger.o debugger.c
gcc -c -I. -Iproto -DHAVE_CONFIG_H     -g -O2 -D_REENTRANT -U_FORTIFY_SOURCE -D_FORTIFY_SOURCE=1        -o objects/dict.o dict.c
gcc -c -I. -Iproto -DHAVE_CONFIG_H     -g -O2 -D_REENTRANT -U_FORTIFY_SOURCE -D_FORTIFY_SOURCE=1        -o objects/diff.o diff.c
gcc -c -I. -Iproto -DHAVE_CONFIG_H     -g -O2 -D_REENTRANT -U_FORTIFY_SOURCE -D_FORTIFY_SOURCE=1        -o objects/digraph.o digraph.c
gcc -c -I. -Iproto -DHAVE_CONFIG_H     -g -O2 -D_REENTRANT -U_FORTIFY_SOURCE -D_FORTIFY_SOURCE=1        -o objects/drawline.o drawline.c
gcc -c -I. -Iproto -DHAVE_CONFIG_H     -g -O2 -D_REENTRANT -U_FORTIFY_SOURCE -D_FORTIFY_SOURCE=1        -o objects/drawscreen.o drawscreen.c
gcc -c -I. -Iproto -DHAVE_CONFIG_H     -g -O2 -D_REENTRANT -U_FORTIFY_SOURCE -D_FORTIFY_SOURCE=1        -o objects/edit.o edit.c
gcc -c -I. -Iproto -DHAVE_CONFIG_H     -g -O2 -D_REENTRANT -U_FORTIFY_SOURCE -D_FORTIFY_SOURCE=1        -o objects/eval.o eval.c
gcc -c -I. -Iproto -DHAVE_CONFIG_H     -g -O2 -D_REENTRANT -U_FORTIFY_SOURCE -D_FORTIFY_SOURCE=1        -o objects/evalbuffer.o evalbuffer.c
gcc -c -I. -Iproto -DHAVE_CONFIG_H     -g -O2 -D_REENTRANT -U_FORTIFY_SOURCE -D_FORTIFY_SOURCE=1        -o objects/evalfunc.o evalfunc.c
gcc -c -I. -Iproto -DHAVE_CONFIG_H     -g -O2 -D_REENTRANT -U_FORTIFY_SOURCE -D_FORTIFY_SOURCE=1        -o objects/evalvars.o evalvars.c
gcc -c -I. -Iproto -DHAVE_CONFIG_H     -g -O2 -D_REENTRANT -U_FORTIFY_SOURCE -D_FORTIFY_SOURCE=1        -o objects/evalwindow.o evalwindow.c
gcc -c -I. -Iproto -DHAVE_CONFIG_H     -g -O2 -D_REENTRANT -U_FORTIFY_SOURCE -D_FORTIFY_SOURCE=1        -o objects/ex_cmds.o ex_cmds.c
gcc -c -I. -Iproto -DHAVE_CONFIG_H     -g -O2 -D_REENTRANT -U_FORTIFY_SOURCE -D_FORTIFY_SOURCE=1        -o objects/ex_cmds2.o ex_cmds2.c
gcc -c -I. -Iproto -DHAVE_CONFIG_H     -g -O2 -D_REENTRANT -U_FORTIFY_SOURCE -D_FORTIFY_SOURCE=1        -o objects/ex_docmd.o ex_docmd.c
gcc -c -I. -Iproto -DHAVE_CONFIG_H     -g -O2 -D_REENTRANT -U_FORTIFY_SOURCE -D_FORTIFY_SOURCE=1        -o objects/ex_eval.o ex_eval.c
gcc -c -I. -Iproto -DHAVE_CONFIG_H     -g -O2 -D_REENTRANT -U_FORTIFY_SOURCE -D_FORTIFY_SOURCE=1        -o objects/ex_getln.o ex_getln.c
gcc -c -I. -Iproto -DHAVE_CONFIG_H     -g -O2 -D_REENTRANT -U_FORTIFY_SOURCE -D_FORTIFY_SOURCE=1        -o objects/fileio.o fileio.c
gcc -c -I. -Iproto -DHAVE_CONFIG_H     -g -O2 -D_REENTRANT -U_FORTIFY_SOURCE -D_FORTIFY_SOURCE=1        -o objects/filepath.o filepath.c
gcc -c -I. -Iproto -DHAVE_CONFIG_H     -g -O2 -D_REENTRANT -U_FORTIFY_SOURCE -D_FORTIFY_SOURCE=1        -o objects/findfile.o findfile.c
gcc -c -I. -Iproto -DHAVE_CONFIG_H     -g -O2 -D_REENTRANT -U_FORTIFY_SOURCE -D_FORTIFY_SOURCE=1        -o objects/float.o float.c
gcc -c -I. -Iproto -DHAVE_CONFIG_H     -g -O2 -D_REENTRANT -U_FORTIFY_SOURCE -D_FORTIFY_SOURCE=1        -o objects/fold.o fold.c
gcc -c -I. -Iproto -DHAVE_CONFIG_H     -g -O2 -D_REENTRANT -U_FORTIFY_SOURCE -D_FORTIFY_SOURCE=1        -o objects/getchar.o getchar.c
gcc -c -I. -Iproto -DHAVE_CONFIG_H     -g -O2 -D_REENTRANT -U_FORTIFY_SOURCE -D_FORTIFY_SOURCE=1        -o objects/gui_xim.o gui_xim.c
gcc -c -I. -Iproto -DHAVE_CONFIG_H     -g -O2 -D_REENTRANT -U_FORTIFY_SOURCE -D_FORTIFY_SOURCE=1        -o objects/hardcopy.o hardcopy.c
gcc -c -I. -Iproto -DHAVE_CONFIG_H     -g -O2 -D_REENTRANT -U_FORTIFY_SOURCE -D_FORTIFY_SOURCE=1        -o objects/hashtab.o hashtab.c
gcc -c -I. -Iproto -DHAVE_CONFIG_H     -g -O2 -D_REENTRANT -U_FORTIFY_SOURCE -D_FORTIFY_SOURCE=1        -o objects/help.o help.c
gcc -c -I. -Iproto -DHAVE_CONFIG_H     -g -O2 -D_REENTRANT -U_FORTIFY_SOURCE -D_FORTIFY_SOURCE=1        -o objects/highlight.o highlight.c
gcc -c -I. -Iproto -DHAVE_CONFIG_H     -g -O2 -D_REENTRANT -U_FORTIFY_SOURCE -D_FORTIFY_SOURCE=1        -o objects/if_cscope.o if_cscope.c
gcc -c -I. -Iproto -DHAVE_CONFIG_H     -g -O2 -D_REENTRANT -U_FORTIFY_SOURCE -D_FORTIFY_SOURCE=1        -o objects/if_xcmdsrv.o if_xcmdsrv.c
gcc -c -I. -Iproto -DHAVE_CONFIG_H     -g -O2 -D_REENTRANT -U_FORTIFY_SOURCE -D_FORTIFY_SOURCE=1        -o objects/indent.o indent.c
gcc -c -I. -Iproto -DHAVE_CONFIG_H     -g -O2 -D_REENTRANT -U_FORTIFY_SOURCE -D_FORTIFY_SOURCE=1        -o objects/insexpand.o insexpand.c
gcc -c -I. -Iproto -DHAVE_CONFIG_H     -g -O2 -D_REENTRANT -U_FORTIFY_SOURCE -D_FORTIFY_SOURCE=1        -o objects/list.o list.c
gcc -c -I. -Iproto -DHAVE_CONFIG_H     -g -O2 -D_REENTRANT -U_FORTIFY_SOURCE -D_FORTIFY_SOURCE=1        -o objects/locale.o locale.c
gcc -c -I. -Iproto -DHAVE_CONFIG_H     -g -O2 -D_REENTRANT -U_FORTIFY_SOURCE -D_FORTIFY_SOURCE=1        -o objects/logfile.o logfile.c
gcc -c -I. -Iproto -DHAVE_CONFIG_H     -g -O2 -D_REENTRANT -U_FORTIFY_SOURCE -D_FORTIFY_SOURCE=1        -o objects/map.o map.c
gcc -c -I. -Iproto -DHAVE_CONFIG_H     -g -O2 -D_REENTRANT -U_FORTIFY_SOURCE -D_FORTIFY_SOURCE=1        -o objects/mark.o mark.c
gcc -c -I. -Iproto -DHAVE_CONFIG_H     -g -O2 -D_REENTRANT -U_FORTIFY_SOURCE -D_FORTIFY_SOURCE=1        -o objects/match.o match.c
gcc -c -I. -Iproto -DHAVE_CONFIG_H     -g -O2 -D_REENTRANT -U_FORTIFY_SOURCE -D_FORTIFY_SOURCE=1        -o objects/mbyte.o mbyte.c
gcc -c -I. -Iproto -DHAVE_CONFIG_H     -g -O2 -D_REENTRANT -U_FORTIFY_SOURCE -D_FORTIFY_SOURCE=1        -o objects/memline.o memline.c
gcc -c -I. -Iproto -DHAVE_CONFIG_H     -g -O2 -D_REENTRANT -U_FORTIFY_SOURCE -D_FORTIFY_SOURCE=1        -o objects/menu.o menu.c
gcc -c -I. -Iproto -DHAVE_CONFIG_H     -g -O2 -D_REENTRANT -U_FORTIFY_SOURCE -D_FORTIFY_SOURCE=1        -o objects/misc1.o misc1.c
gcc -c -I. -Iproto -DHAVE_CONFIG_H     -g -O2 -D_REENTRANT -U_FORTIFY_SOURCE -D_FORTIFY_SOURCE=1        -o objects/misc2.o misc2.c
gcc -c -I. -Iproto -DHAVE_CONFIG_H     -g -O2 -D_REENTRANT -U_FORTIFY_SOURCE -D_FORTIFY_SOURCE=1        -o objects/mouse.o mouse.c
gcc -c -I. -Iproto -DHAVE_CONFIG_H     -g -O2 -D_REENTRANT -U_FORTIFY_SOURCE -D_FORTIFY_SOURCE=1        -o objects/move.o move.c
gcc -c -I. -Iproto -DHAVE_CONFIG_H     -g -O2 -D_REENTRANT -U_FORTIFY_SOURCE -D_FORTIFY_SOURCE=1        -o objects/normal.o normal.c
gcc -c -I. -Iproto -DHAVE_CONFIG_H     -g -O2 -D_REENTRANT -U_FORTIFY_SOURCE -D_FORTIFY_SOURCE=1        -o objects/ops.o ops.c
gcc -c -I.       -Iproto -DHAVE_CONFIG_H     -g -O2 -D_REENTRANT -U_FORTIFY_SOURCE -D_FORTIFY_SOURCE=1              -o objects/option.o option.c
gcc -c -I.       -Iproto -DHAVE_CONFIG_H     -g -O2 -D_REENTRANT -U_FORTIFY_SOURCE -D_FORTIFY_SOURCE=1              -o objects/optionstr.o optionstr.c
gcc -c -I. -Iproto -DHAVE_CONFIG_H     -g -O2 -D_REENTRANT -U_FORTIFY_SOURCE -D_FORTIFY_SOURCE=1        -o objects/os_unix.o os_unix.c
gcc -c -I. -Iproto -DHAVE_CONFIG_H     -g -O2 -D_REENTRANT -U_FORTIFY_SOURCE -D_FORTIFY_SOURCE=1        -o objects/pathdef.o auto/pathdef.c
gcc -c -I. -Iproto -DHAVE_CONFIG_H     -g -O2 -D_REENTRANT -U_FORTIFY_SOURCE -D_FORTIFY_SOURCE=1        -o objects/popupmenu.o popupmenu.c
gcc -c -I. -Iproto -DHAVE_CONFIG_H     -g -O2 -D_REENTRANT -U_FORTIFY_SOURCE -D_FORTIFY_SOURCE=1        -o objects/popupwin.o popupwin.c
gcc -c -I. -Iproto -DHAVE_CONFIG_H     -g -O2 -D_REENTRANT -U_FORTIFY_SOURCE -D_FORTIFY_SOURCE=1        -o objects/profiler.o profiler.c
gcc -c -I. -Iproto -DHAVE_CONFIG_H     -g -O2 -D_REENTRANT -U_FORTIFY_SOURCE -D_FORTIFY_SOURCE=1        -o objects/pty.o pty.c
gcc -c -I. -Iproto -DHAVE_CONFIG_H     -g -O2 -D_REENTRANT -U_FORTIFY_SOURCE -D_FORTIFY_SOURCE=1        -o objects/quickfix.o quickfix.c
gcc -c -I. -Iproto -DHAVE_CONFIG_H     -g -O2 -D_REENTRANT -U_FORTIFY_SOURCE -D_FORTIFY_SOURCE=1        -o objects/regexp.o regexp.c
gcc -c -I. -Iproto -DHAVE_CONFIG_H     -g -O2 -D_REENTRANT -U_FORTIFY_SOURCE -D_FORTIFY_SOURCE=1        -o objects/register.o register.c
gcc -c -I. -Iproto -DHAVE_CONFIG_H     -g -O2 -D_REENTRANT -U_FORTIFY_SOURCE -D_FORTIFY_SOURCE=1        -o objects/screen.o screen.c
gcc -c -I. -Iproto -DHAVE_CONFIG_H     -g -O2 -D_REENTRANT -U_FORTIFY_SOURCE -D_FORTIFY_SOURCE=1        -o objects/scriptfile.o scriptfile.c
gcc -c -I. -Iproto -DHAVE_CONFIG_H     -g -O2 -D_REENTRANT -U_FORTIFY_SOURCE -D_FORTIFY_SOURCE=1        -o objects/search.o search.c
gcc -c -I. -Iproto -DHAVE_CONFIG_H     -g -O2 -D_REENTRANT -U_FORTIFY_SOURCE -D_FORTIFY_SOURCE=1        -o objects/session.o session.c
gcc -c -I. -Iproto -DHAVE_CONFIG_H     -g -O2 -D_REENTRANT -U_FORTIFY_SOURCE -D_FORTIFY_SOURCE=1        -o objects/sha256.o sha256.c
gcc -c -I. -Iproto -DHAVE_CONFIG_H     -g -O2 -D_REENTRANT -U_FORTIFY_SOURCE -D_FORTIFY_SOURCE=1        -o objects/sign.o sign.c
gcc -c -I. -Iproto -DHAVE_CONFIG_H     -g -O2 -D_REENTRANT -U_FORTIFY_SOURCE -D_FORTIFY_SOURCE=1        -o objects/sound.o sound.c
gcc -c -I. -Iproto -DHAVE_CONFIG_H     -g -O2 -D_REENTRANT -U_FORTIFY_SOURCE -D_FORTIFY_SOURCE=1        -o objects/spell.o spell.c
gcc -c -I. -Iproto -DHAVE_CONFIG_H     -g -O2 -D_REENTRANT -U_FORTIFY_SOURCE -D_FORTIFY_SOURCE=1        -o objects/spellfile.o spellfile.c
gcc -c -I. -Iproto -DHAVE_CONFIG_H     -g -O2 -D_REENTRANT -U_FORTIFY_SOURCE -D_FORTIFY_SOURCE=1        -o objects/spellsuggest.o spellsuggest.c
gcc -c -I. -Iproto -DHAVE_CONFIG_H     -g -O2 -D_REENTRANT -U_FORTIFY_SOURCE -D_FORTIFY_SOURCE=1        -o objects/strings.o strings.c
gcc -c -I. -Iproto -DHAVE_CONFIG_H     -g -O2 -D_REENTRANT -U_FORTIFY_SOURCE -D_FORTIFY_SOURCE=1        -o objects/syntax.o syntax.c
gcc -c -I. -Iproto -DHAVE_CONFIG_H     -g -O2 -D_REENTRANT -U_FORTIFY_SOURCE -D_FORTIFY_SOURCE=1        -o objects/tag.o tag.c
gcc -c -I. -Iproto -DHAVE_CONFIG_H     -g -O2 -D_REENTRANT -U_FORTIFY_SOURCE -D_FORTIFY_SOURCE=1        -o objects/term.o term.c
gcc -c -I. -Iproto -DHAVE_CONFIG_H     -g -O2 -D_REENTRANT -U_FORTIFY_SOURCE -D_FORTIFY_SOURCE=1        -o objects/terminal.o terminal.c
gcc -c -I. -Iproto -DHAVE_CONFIG_H     -g -O2 -D_REENTRANT -U_FORTIFY_SOURCE -D_FORTIFY_SOURCE=1        -o objects/testing.o testing.c
gcc -c -I. -Iproto -DHAVE_CONFIG_H     -g -O2 -D_REENTRANT -U_FORTIFY_SOURCE -D_FORTIFY_SOURCE=1        -o objects/textformat.o textformat.c
gcc -c -I. -Iproto -DHAVE_CONFIG_H     -g -O2 -D_REENTRANT -U_FORTIFY_SOURCE -D_FORTIFY_SOURCE=1        -o objects/textobject.o textobject.c
gcc -c -I. -Iproto -DHAVE_CONFIG_H     -g -O2 -D_REENTRANT -U_FORTIFY_SOURCE -D_FORTIFY_SOURCE=1        -o objects/textprop.o textprop.c
gcc -c -I. -Iproto -DHAVE_CONFIG_H     -g -O2 -D_REENTRANT -U_FORTIFY_SOURCE -D_FORTIFY_SOURCE=1        -o objects/time.o time.c
gcc -c -I. -Iproto -DHAVE_CONFIG_H     -g -O2 -D_REENTRANT -U_FORTIFY_SOURCE -D_FORTIFY_SOURCE=1        -o objects/typval.o typval.c
gcc -c -I. -Iproto -DHAVE_CONFIG_H     -g -O2 -D_REENTRANT -U_FORTIFY_SOURCE -D_FORTIFY_SOURCE=1        -o objects/ui.o ui.c
gcc -c -I. -Iproto -DHAVE_CONFIG_H     -g -O2 -D_REENTRANT -U_FORTIFY_SOURCE -D_FORTIFY_SOURCE=1        -o objects/undo.o undo.c
gcc -c -I. -Iproto -DHAVE_CONFIG_H     -g -O2 -D_REENTRANT -U_FORTIFY_SOURCE -D_FORTIFY_SOURCE=1        -o objects/usercmd.o usercmd.c
gcc -c -I. -Iproto -DHAVE_CONFIG_H     -g -O2 -D_REENTRANT -U_FORTIFY_SOURCE -D_FORTIFY_SOURCE=1        -o objects/userfunc.o userfunc.c
gcc -c -I. -Iproto -DHAVE_CONFIG_H     -g -O2 -D_REENTRANT -U_FORTIFY_SOURCE -D_FORTIFY_SOURCE=1        -o objects/version.o version.c
gcc -c -I. -Iproto -DHAVE_CONFIG_H     -g -O2 -D_REENTRANT -U_FORTIFY_SOURCE -D_FORTIFY_SOURCE=1        -o objects/vim9class.o vim9class.c
gcc -c -I. -Iproto -DHAVE_CONFIG_H     -g -O2 -D_REENTRANT -U_FORTIFY_SOURCE -D_FORTIFY_SOURCE=1        -o objects/vim9cmds.o vim9cmds.c
gcc -c -I. -Iproto -DHAVE_CONFIG_H     -g -O2 -D_REENTRANT -U_FORTIFY_SOURCE -D_FORTIFY_SOURCE=1        -o objects/vim9compile.o vim9compile.c
gcc -c -I. -Iproto -DHAVE_CONFIG_H     -g -O2 -D_REENTRANT -U_FORTIFY_SOURCE -D_FORTIFY_SOURCE=1        -o objects/vim9execute.o vim9execute.c
gcc -c -I. -Iproto -DHAVE_CONFIG_H     -g -O2 -D_REENTRANT -U_FORTIFY_SOURCE -D_FORTIFY_SOURCE=1        -o objects/vim9expr.o vim9expr.c
gcc -c -I. -Iproto -DHAVE_CONFIG_H     -g -O2 -D_REENTRANT -U_FORTIFY_SOURCE -D_FORTIFY_SOURCE=1        -o objects/vim9instr.o vim9instr.c
gcc -c -I. -Iproto -DHAVE_CONFIG_H     -g -O2 -D_REENTRANT -U_FORTIFY_SOURCE -D_FORTIFY_SOURCE=1        -o objects/vim9script.o vim9script.c
gcc -c -I. -Iproto -DHAVE_CONFIG_H     -g -O2 -D_REENTRANT -U_FORTIFY_SOURCE -D_FORTIFY_SOURCE=1        -o objects/vim9type.o vim9type.c
gcc -c -I. -Iproto -DHAVE_CONFIG_H     -g -O2 -D_REENTRANT -U_FORTIFY_SOURCE -D_FORTIFY_SOURCE=1        -o objects/viminfo.o viminfo.c
gcc -c -I. -Iproto -DHAVE_CONFIG_H     -g -O2 -D_REENTRANT -U_FORTIFY_SOURCE -D_FORTIFY_SOURCE=1        -o objects/window.o window.c
gcc -c -I. -Iproto -DHAVE_CONFIG_H     -g -O2 -D_REENTRANT -U_FORTIFY_SOURCE -D_FORTIFY_SOURCE=1        -o objects/bufwrite.o bufwrite.c
link.sh: $LINK_AS_NEEDED set to 'yes': invoking linker directly.
  gcc   -L/usr/local/lib -Wl,--as-needed 	-o vim objects/alloc.o objects/arabic.o objects/arglist.o objects/autocmd.o objects/beval.o objects/buffer.o objects/change.o objects/blob.o objects/blowfish.o objects/cindent.o objects/clientserver.o objects/clipboard.o objects/cmdexpand.o objects/cmdhist.o objects/crypt.o objects/crypt_zip.o objects/debugger.o objects/dict.o objects/diff.o objects/digraph.o objects/drawline.o objects/drawscreen.o objects/edit.o objects/eval.o objects/evalbuffer.o objects/evalfunc.o objects/evalvars.o objects/evalwindow.o objects/ex_cmds.o objects/ex_cmds2.o objects/ex_docmd.o objects/ex_eval.o objects/ex_getln.o objects/fileio.o objects/filepath.o objects/findfile.o objects/float.o objects/fold.o objects/getchar.o objects/gui_xim.o objects/hardcopy.o objects/hashtab.o objects/help.o objects/highlight.o objects/if_cscope.o objects/if_xcmdsrv.o objects/indent.o objects/insexpand.o objects/list.o objects/locale.o objects/logfile.o objects/map.o objects/mark.o objects/match.o objects/mbyte.o objects/memline.o objects/menu.o objects/misc1.o objects/misc2.o objects/mouse.o objects/move.o objects/normal.o objects/ops.o objects/option.o objects/optionstr.o objects/os_unix.o objects/pathdef.o objects/popupmenu.o objects/popupwin.o objects/profiler.o objects/pty.o objects/quickfix.o objects/regexp.o objects/register.o objects/screen.o objects/scriptfile.o objects/search.o objects/session.o objects/sha256.o objects/sign.o objects/sound.o objects/spell.o objects/spellfile.o objects/spellsuggest.o objects/strings.o objects/syntax.o objects/tag.o objects/term.o objects/terminal.o objects/testing.o objects/textformat.o objects/textobject.o objects/textprop.o objects/time.o objects/typval.o objects/ui.o objects/undo.o objects/usercmd.o objects/userfunc.o objects/version.o objects/vim9class.o objects/vim9cmds.o objects/vim9compile.o objects/vim9execute.o objects/vim9expr.o objects/vim9instr.o objects/vim9script.o objects/vim9type.o objects/viminfo.o objects/window.o objects/bufwrite.o  objects/vterm_encoding.o objects/vterm_keyboard.o objects/vterm_mouse.o objects/vterm_parser.o objects/vterm_pen.o objects/vterm_screen.o objects/vterm_state.o objects/vterm_unicode.o objects/vterm_vterm.o         objects/netbeans.o objects/job.o objects/channel.o objects/xdiffi.o objects/xemit.o objects/xprepare.o objects/xutils.o objects/xhistogram.o objects/xpatience.o  objects/charset.o objects/json.o objects/main.o objects/memfile.o objects/message.o        -lm -lncurses -lelf  -lacl -lattr           
link.sh: Linked fine
make[1]: Leaving directory '/sources/vim-9.1.0041/src'
